Loading cuda/11.6.2/gcc/9.4.0/zen2
  Loading requirement: gcc/9.4.0
Loading cuda/11.6.2/gcc/9.4.0/zen2
  Loading requirement: gcc/9.4.0
modules importedmodules importedmodules imported

modules imported
modules imported
tensor(99)  tensor(99)
 ensor(99) tensor(98) ensor(99)
tensor(99) tensor(98)
ensor(99)tensor(99)tensor(98)tensor(98)
tensor(99) tensor(98)
tensor(99) tensor(99) tensor(98)
tensor(98)
tensor(99) tensor(98)
tensor(98)tensor(98) tensor(98ttensor(97)tensor(97)
ensor(97)
tensor(97) tensor(96)
tensor(97) tensor(96)
tensor(97) tensor(96)
tensor(97) tensor(96)
tensor(97) tensor(96)
ensor(97) tensor(96)
ensor(96)
tensor(97)tensor(97) ensor(96)ttensor(96)
tensor(97) tensor(96)
tensor(97) tensor(97) tensor(96)tensor(96)
tensor(97) tensor(96)
tensor(96) tensor(95)
tensor(96) tensor(95)tensor(96) ensor(96) tensor(95)
ensor(95)
tensor(96) tensor(95)
tensor(96)tensor(96) ensor(95)
tensor(95)tensor(96) tensor(95)
ensor(95)
tensor(96) tensor(95)
tensor(96) tensor(95) tensor(95)
tensor(96) tensor(95)
tensor(96) tensor(95)
tensor(95) tensor(94)
tensor(95) tensor(94)
tensor(95) tensor(94)
tensor(95) tensor(94)
tensor(95) tensor(94)
tensor(95) tensor(94)
tensor(95)  tensor(94)
ensor(94)
tensor(95) tensor(94)
tensor(95) tensor(94)
tensor(95) tensor(94)
tensor(95) tensor(94)
tensor(95) tensor(94)
tensor(95) tensor(94)
tensor(94) tensor(94)
ensor(94)tensor(94) ensor(94)tensor(93)tensor(94) ensor(94)ttensor(93
tensor(93)
ensor(93)
ensor(93)
ttensor(94
 tensor(93)
tensor(93) tensor(92)
tensor(93) tensor(92)
tensor(93) tensor(92)
tensor(93) tensor(92)
tensor(93) tensor(92)
tensor(93) tensor(92)
tensor(93) ensor(93) tensor(92)
ensor(92)
tensor(93) tensor(92)
tensor(93)tensor(93)tensor(92)tensor(92)
tensor(93) tensor(92)
tensor(93) tensor(92)
tensor(93) tensor(92)
tensor(92) tensor(91)
tensor(92) tensor(91)
tensor(92) tensor(92) tensor(91)
tensor(92) tensor(91)
tensor(92) tensor(91)
tensor(92) tensor(91)
tensor(92) tensor(91)
tensor(92) tensor(91)
tensor(92) tensor(91)
tensor(92) tensor(91)
tensor(92) tensor(91)
tensor(92)tensor(92)tensor(91)
ensor(91)
tensor(91) tensor(90)
tensor(91) tensor(90)
tensor(91) tensor(90)
tensor(91) tensor(90)
tensor(91) tensor(90)
tensor(91) tensor(90)
tensor(91) tensor(90)
tensor(91) tensor(90)
tensor(91) tensor(90)
tensor(91) tensor(90)
tensor(91) tensor(90)
tensor(91) tensor(90)
tensor(91) tensor(90)
tensor(91) tensor(90)
tensor(90) tensor(89)
tensor(90) tensor(89)
tensor(90) tensor(89)
tensor(90) tensor(89)
tensor(90) tensor(89)
tensor(90) tensor(89)
tensor(90) tensor(89)
tensor(90) tensor(89)
tensor(90) tensor(89)
tensor(90) tensor(89)
tensor(90) tensor(89)
tensor(90) tensor(89)
tensor(90) tensor(89)
tensor(90) tensor(89)
tensor(89) tensor(88)
tensor(89) tensor(88)
tensor(89) tensor(88)
tensor(89) tensor(89)tensor(89)tensor(88)tensor(88)
tensor(89) tensor(88)
tensor(89) tensor(88)
tensor(89) tensor(88)
tensor(89) tensor(88)
tensor(89) tensor(88)
tensor(89) tensor(88)
tensor(89) tensor(88)
tensor(89) tensor(88)
tensor(88) tensor(87)
tensor(88) tensor(87)
tensor(88) tensor(87)
tensor(88)tensor(88) ensor(87)
tensor(87)
tensor(88) tensor(87)
tensor(88) tensor(87)
tensor(88) tensor(87)
tensor(88) tensor(87)
tensor(88) tensor(87)
tensor(88) tensor(87)
tensor(88) tensor(87)
tensor(88) tensor(87)
tensor(88) tensor(87)
tensor(87) tensor(86)
tensor(87) tensor(86)
tensor(87)ttensor(86 tensor(86)tensor(86)tensor(86)
tensor(87) tensor(86)
tensor(87) tensor(86)
tensor(87) tensor(86)
tensor(87) tensor(86)
tensor(87) tensor(86)
tensor(87) tensor(86)
tensor(87) tensor(86)
tensor(86) tensor(85)
tensor(86) tensor(85)
tensor(86) tensor(85)
tensor(86) ensor(86) tensor(85)
tensor(86) tensor(85)
tensor(86) tensor(85)
tensor(86) tensor(85)
tensor(86) tensor(85)
tensor(86) tensor(85)
tensor(86) tensor(85)
tensor(86) tensor(85)
tensor(86) tensor(85)
tensor(86) tensor(85)
tensor(85) tensor(84)
tensor(85) tensor(84)
tensor(85) tensor(84)
tensor(85) tensor(84)
tensor(85) tensor(84)
tensor(85) tensor(84)
tensor(85) tensor(84)
tensor(85) tensor(84)
tensor(85) tensor(84)
tensor(85) tensor(84)
tensor(85) tensor(84)
tensor(85) tensor(84)
tensor(85) tensor(84)
tensor(85) tensor(84)
tensor(84) tensor(83)
tensor(84) tensor(83)
tensor(84) tensor(84)
 tensor(83)
tensor(84) tensor(83)
tensor(84) tensor(83)
tensor(84) tensor(83)
tensor(84) tensor(83)
tensor(84) tensor(83)
tensor(84) tensor(83)
tensor(84) tensor(83)
tensor(84) tensor(83)
tensor(84) tensor(83)
tensor(84) tensor(83)
tensor(83) tensor(82)
tensor(83) tensor(82)
tensor(83) tensor(83)
 tensor(82)
tensor(83) tensor(82)
tensor(83) tensor(82)
tensor(83) tensor(82)
tensor(83) tensor(82)
tensor(83) tensor(82)
tensor(83) tensor(82)
tensor(83) tensor(82)
tensor(83) tensor(82)
tensor(83) tensor(82)
tensor(83) tensor(82)
tensor(82) tensor(81)
tensor(82) tensor(81)
tensor(82) tensor(81)
ensor(82) tensor(81)
tensor(82) tensor(81)
tensor(82) tensor(81)
tensor(82) tensor(81)
tensor(82) tensor(81)
tensor(82) tensor(81)
tensor(82) tensor(81)
tensor(82) tensor(81)
tensor(82) tensor(81)
tensor(82) tensor(81)
tensor(82) tensor(81)
tensor(81) tensor(80)
tensor(81) tensor(80)
tensor(81) tensor(80)
tensor(81) tensor(80)
tensor(81) tensor(80)
tensor(81) tensor(80)
tensor(81) tensor(80)
tensor(81) tensor(80)
tensor(81) tensor(80)
tensor(81) tensor(80)
tensor(81) tensor(80)
tensor(81) tensor(80)
tensor(81) tensor(80)
tensor(81) tensor(80)
tensor(80) tensor(79)
tensor(80) tensor(79)
tensor(80) tensor(79)
tensor(80) tensor(79)
tensor(80) tensor(79)
tensor(80) tensor(79)
tensor(80) tensor(79)
tensor(80) tensor(79)
tensor(80) tensor(79)
ensor(80) tensor(79)
tensor(80) tensor(79)
tensor(80) tensor(79)
tensor(80) tensor(79)
tensor(80) tensor(79)
tensor(79) tensor(78)
tensor(79) tensor(78)
tensor(79) tensor(79)
 tensor(78)
tensor(79) tensor(78)
tensor(79) tensor(78)
tensor(79) ensor(79) tensor(78)
ensor(78)tensor(79) tensor(78)
tensor(79) tensor(78)
tensor(79) tensor(78)
tensor(79) tensor(78)
tensor(79) tensor(78)
tensor(79) tensor(78)
tensor(78) tensor(77)
tensor(78) tensor(77)
tensor(78) tensor(77)
tensor(78) tensor(77)
tensor(78) tensor(77)
tensor(78) tensor(77)
tensor(78) tensor(77)
tensor(78) tensor(77)
tensor(78) tensor(77)
tensor(78) tensor(77)
tensor(78) tensor(77)
tensor(78) tensor(77)
tensor(78) tensor(77)
tensor(77) tensor(76)
tensor(77) tensor(76)
tensor(77) tensor(76)
tensor(77) tensor(76)
tensor(77) tensor(76)
tensor(77) tensor(76)
tensor(77) tensor(76)tensor(77) tensor(76)
tensor(77) tensor(76)
tensor(77) tensor(76)
tensor(77) tensor(76)
tensor(77) tensor(76)
tensor(77) tensor(76)
tensor(77) tensor(76)
tensor(76) tensor(75)
tensor(76) tensor(75)
tensor(76) tensor(75)
tensor(76) tensor(75)
tensor(76) tensor(75)
tensor(76) tensor(75)
tensor(76) tensor(75)
tensor(76) tensor(75)
tensor(76) tensor(75)
tensor(76) tensor(75)
tensor(76) tensor(75)
tensor(76) tensor(75)
tensor(76) tensor(75)
tensor(76) tensor(75)
tensor(75) tensor(74)
tensor(75) tensor(74)
tensor(75) tensor(74)
tensor(75) tensor(74)
tensor(75) tensor(74)
tensor(75) tensor(74)
tensor(75) tensor(74)
tensor(75) tensor(74)
tensor(75) tensor(74)
tensor(75) tensor(74)
tensor(75) tensor(74)
tensor(75) tensor(74)
tensor(75) tensor(74)
tensor(75) tensor(74)
tensor(74) tensor(73)
tensor(74) tensor(73)
tensor(74) tensor(73)
tensor(74) tensor(73)
tensor(74) tensor(73)
tensor(74) tensor(73)
tensor(74) tensor(73)
tensor(74) tensor(73)
tensor(74) tensor(73)
tensor(74) tensor(73)
tensor(74) tensor(73)
tensor(74) tensor(73)
tensor(74) tensor(73)
tensor(74) tensor(73)
tensor(73) tensor(72)
tensor(73) tensor(72)
tensor(73) tensor(72)
tensor(73) tensor(72)
tensor(73) tensor(72)
tensor(73) tensor(72)
tensor(73) tensor(72)
tensor(73) tensor(72)
tensor(73) tensor(72)
tensor(73) tensor(72)
tensor(73) tensor(72)
tensor(73) tensor(72)
tensor(73) tensor(72)
tensor(73) tensor(72)
tensor(72) tensor(71)
tensor(72) tensor(71)
tensor(72) tensor(71)
tensor(72) tensor(71)
tensor(72) tensor(71)
tensor(72) tensor(71)
tensor(72) tensor(71)
tensor(72) tensor(71)
tensor(72) tensor(71)
tensor(72) tensor(71)
tensor(72) tensor(71)
tensor(72) tensor(71)
tensor(72) tensor(71)
tensor(72) tensor(71)
tensor(71) tensor(70)
tensor(71) tensor(70)
tensor(71) tensor(70)
tensor(71) tensor(70)
tensor(71)tensor(71) ensor(70)tensor(70)
tensor(71) tensor(70)
tensor(71) tensor(70)
tensor(71) tensor(70)
tensor(71) tensor(70)
tensor(71) tensor(70)
tensor(71) tensor(70)
tensor(71) tensor(70)
tensor(71) tensor(70)
tensor(70) tensor(69)
tensor(70) tensor(69)
tensor(70) tensor(69)
tensor(70) tensor(69)
tensor(70) tensor(69)
tensor(70) tensor(69)
tensor(70) tensor(69)
tensor(70) tensor(69)
tensor(70) tensor(69)
tensor(70) tensor(69)
tensor(70) tensor(69)
tensor(70) tensor(69)
tensor(70) tensor(69)
tensor(70) tensor(69)
tensor(69) tensor(68)
tensor(69) tensor(68)
tensor(69) tensor(68)
tensor(69) tensor(68)
tensor(69) tensor(68)
tensor(69) tensor(68)
tensor(69) tensor(68)
tensor(69) tensor(68)
tensor(69) tensor(68)
tensor(69) tensor(68)
tensor(69) tensor(68)
tensor(69) tensor(68)
tensor(69) tensor(68)
tensor(69) tensor(68)
tensor(68) tensor(67)
tensor(68) tensor(67)
tensor(68) tensor(67)
tensor(68) tensor(67)
tensor(68) tensor(67)
tensor(68) tensor(67)
tensor(68) tensor(67)
tensor(68) tensor(67)tensor(67)
tensor(68) tensor(67)
tensor(68) tensor(67)
tensor(68) tensor(67)
tensor(68) tensor(67)
tensor(68) tensor(67)
tensor(67) tensor(66)
tensor(67) tensor(66)
tensor(67) tensor(66)
tensor(67) tensor(66)
tensor(67) tensor(66)
tensor(67) tensor(66)
tensor(67) tensor(66)
tensor(67) tensor(66)
tensor(67) tensor(66)
tensor(67) tensor(66)
tensor(67) tensor(66)
tensor(67) tensor(66)
tensor(67) tensor(66)
tensor(67) tensor(66)
tensor(66) tensor(65)
tensor(66) tensor(65)
tensor(66) tensor(65)
tensor(66) tensor(65)
tensor(66) tensor(65)
tensor(66) tensor(65)
tensor(66) tensor(65)
tensor(66) tensor(65)
tensor(66) tensor(65)
tensor(66) tensor(65)
tensor(66) tensor(65)
tensor(66) tensor(65)
tensor(66) tensor(65)
tensor(66) tensor(65)
tensor(65) tensor(64)
tensor(65) tensor(64)
tensor(65) tensor(64)
tensor(65) tensor(64)
tensor(65) tensor(64)
tensor(65) tensor(64)
tensor(65) tensor(64)
tensor(65) tensor(64)
tensor(65) tensor(64)
tensor(65) tensor(64)
tensor(65) tensor(64)
tensor(65) tensor(64)
tensor(65) tensor(64)
tensor(65) tensor(64)
tensor(64) tensor(63)
tensor(64) tensor(63)
tensor(64) tensor(63)
tensor(64) tensor(63)
tensor(64) tensor(63)
tensor(64) tensor(63)
tensor(64) tensor(63)
tensor(64) tensor(63)
tensor(64) tensor(63)
tensor(64) tensor(63)
tensor(64) tensor(63)
tensor(64) tensor(63)
tensor(64) tensor(63)
tensor(64) tensor(63)
tensor(63) tensor(62)
tensor(63) tensor(62)
tensor(63) tensor(62)
tensor(63) tensor(62)
tensor(63) tensor(62)
tensor(63) tensor(62)
tensor(63) tensor(62)
tensor(63) tensor(62)
tensor(63) tensor(62)
tensor(63) tensor(62)
tensor(63) tensor(62)
tensor(63) tensor(62)
tensor(63) tensor(62)
tensor(63) tensor(62)
tensor(62) tensor(61)
tensor(62) tensor(61)
tensor(62) tensor(61)
tensor(62) tensor(61)
tensor(62) tensor(61)
tensor(62) tensor(61)
tensor(62) tensor(61)
tensor(62) tensor(61)
tensor(62) tensor(61)
tensor(62) tensor(61)
tensor(62) tensor(61)
tensor(62) tensor(61)
tensor(62) tensor(61)
tensor(62) tensor(61)
tensor(61) tensor(60)
tensor(61) tensor(60)
tensor(61) tensor(60)
tensor(61) tensor(60)
tensor(61) tensor(60)
tensor(61) tensor(60)
tensor(61) tensor(60)
tensor(61) tensor(60)
tensor(61)tensor(61)tensor(60)tensor(60)
tensor(61) tensor(60)
tensor(61) tensor(60)
tensor(61) tensor(60)
tensor(61) tensor(60)
tensor(60) tensor(59)
tensor(60) tensor(59)
tensor(60) tensor(59)
tensor(60) tensor(59)
tensor(60) tensor(59)
tensor(60) tensor(59)
tensor(60) tensor(59)
tensor(60) tensor(59)
tensor(60) tensor(59)
tensor(60) tensor(59)
tensor(60) tensor(59)
tensor(60) tensor(59)
tensor(60) tensor(59)
tensor(60) tensor(59)
tensor(59) tensor(59) tensor(58)
tensor(59) tensor(58)
tensor(59) tensor(58)
tensor(59) tensor(58)
tensor(59) tensor(58)
tensor(59) tensor(58)
tensor(59) tensor(58)
tensor(59) tensor(58)
tensor(59) tensor(58)
tensor(59) tensor(58)
tensor(59) tensor(58)
tensor(59) tensor(58)
tensor(59) tensor(58)
tensor(58) tensor(57)
tensor(58) tensor(57)
ensor(58) tensor(57)
tensor(58) tensor(57)
tensor(58) tensor(57)
tensor(58) tensor(57)
tensor(58) tensor(57)
tensor(58) tensor(57)
tensor(58) tensor(57)
tensor(58) tensor(57)
tensor(58) tensor(57)
tensor(58) tensor(57)
tensor(58) tensor(57)
tensor(58) tensor(57)
tensor(57) tensor(56)
tensor(57) tensor(56)
tensor(57) tensor(56)
tensor(57) tensor(56)
tensor(57) tensor(56)
tensor(57) tensor(56)
tensor(57) tensor(56)
tensor(57) tensor(56)
tensor(57) tensor(56)
tensor(57) tensor(56)
tensor(57) tensor(56)
tensor(57) tensor(56)
tensor(57) tensor(56)
tensor(57) tensor(56)
tensor(56) tensor(55)
tensor(56) tensor(55)
tensor(56)ttensor(55 
ensor(55)
tensor(56) tensor(55)
tensor(56) tensor(55)
tensor(56) tensor(55)
tensor(56) tensor(55)
tensor(56) tensor(55)
tensor(56) tensor(55)
tensor(56) tensor(55)
tensor(56) tensor(55)
tensor(56) tensor(55)
tensor(56) tensor(55)
tensor(55) tensor(54)
tensor(55) tensor(54)
tensor(55) tensor(54)
tensor(55) tensor(54)
tensor(55) tensor(54)
tensor(55) tensor(54)
tensor(55) tensor(54)
tensor(55) tensor(54)
tensor(55) tensor(54)
tensor(55) tensor(54)
tensor(55) tensor(54)
tensor(55) tensor(54)
tensor(55) tensor(54)
tensor(55) tensor(54)
tensor(54) tensor(53)
tensor(54) tensor(53)
tensor(54) tensor(53)
tensor(54) tensor(53)
tensor(54) tensor(53)
tensor(54) tensor(53)
tensor(54) tensor(53)
tensor(54) tensor(53)
tensor(54) tensor(53)
tensor(54) tensor(53)
tensor(54) tensor(53)
tensor(54) tensor(53)
tensor(54) tensor(53)
tensor(54) tensor(53)
tensor(53) tensor(52)
tensor(53) tensor(52)
tensor(53) tensor(52)
tensor(53) tensor(52)
tensor(53) tensor(52)
tensor(53) tensor(52)
tensor(53) tensor(52)
tensor(53) tensor(52)
tensor(53) tensor(52)
tensor(53) tensor(52)
tensor(53) tensor(52)
tensor(53) tensor(52)
tensor(53) tensor(52)
tensor(53) tensor(52)
tensor(52) tensor(51)
tensor(52) tensor(51)
tensor(52) tensor(51)
tensor(52) tensor(51)
tensor(52) tensor(51)
tensor(52) tensor(51)
tensor(52) tensor(51)
tensor(52) tensor(51)
tensor(52) tensor(51)
tensor(52) tensor(51)
tensor(52) tensor(51)
tensor(52) tensor(51)
tensor(52) tensor(51)
tensor(52) tensor(51)
tensor(51) tensor(50)
tensor(51) tensor(50)
tensor(51) tensor(50)
tensor(51) tensor(50)
tensor(51) tensor(50)
tensor(51) tensor(50)
tensor(51) tensor(50)
tensor(51) tensor(50)
tensor(51) tensor(50)
tensor(51) tensor(50)
tensor(51) tensor(51) tensor(50)
tensor(51) tensor(50)
tensor(51) tensor(50)
tensor(50) tensor(49)
tensor(50) tensor(49)
tensor(50) tensor(49)
tensor(50) tensor(49)
tensor(50) tensor(49)
tensor(50) tensor(49)
tensor(50) tensor(49)
tensor(50) tensor(49)
tensor(50) tensor(49)
tensor(50) tensor(49)
tensor(50) tensor(49)
tensor(50) tensor(49)
tensor(50) tensor(49)
tensor(50) tensor(49)
tensor(49) tensor(48)
tensor(49) tensor(48)
tensor(49) tensor(48)
tensor(49) tensor(48)
tensor(49) tensor(48)
tensor(49) tensor(48)
tensor(49) tensor(48)
tensor(49) tensor(48)
tensor(49) tensor(48)
tensor(49) tensor(48)
tensor(49) tensor(48)
tensor(49) tensor(48)
tensor(49) tensor(48)
tensor(49) tensor(48)
tensor(48) tensor(47)
tensor(48) tensor(47)
tensor(48) tensor(47)
tensor(48) tensor(47)
tensor(48) tensor(47)
tensor(48) tensor(47)
tensor(48) tensor(47)
tensor(48) tensor(47)
tensor(48) tensor(47)
tensor(48) tensor(47)
tensor(48) tensor(47)tensor(47)
tensor(48) tensor(47)
tensor(48) tensor(47)
tensor(47) tensor(46)
tensor(47) tensor(46)
tensor(47) tensor(46)
tensor(47) tensor(46)
tensor(47) tensor(46)
tensor(47) tensor(46)
tensor(47) tensor(46)
tensor(47) tensor(46)
tensor(47) tensor(46)
tensor(47) tensor(46)
tensor(47) tensor(46)
tensor(47) tensor(46)
tensor(47) tensor(46)
tensor(47) tensor(46)
tensor(46) tensor(45)
tensor(46) tensor(45)
tensor(46) tensor(45)
tensor(46) tensor(45)
tensor(46) tensor(45)
tensor(46) tensor(45)
tensor(46) tensor(45)
tensor(46) tensor(45)
tensor(46) tensor(45)
tensor(46) tensor(45)
tensor(46) tensor(45)
tensor(46) tensor(45)
tensor(46) tensor(45)
tensor(46) tensor(45)
tensor(45) tensor(44)
tensor(45) tensor(44)
tensor(45) tensor(44)
tensor(45) tensor(44)
tensor(45) tensor(44)
tensor(45) tensor(44)
tensor(45) tensor(44)
tensor(45) tensor(44)
tensor(45) tensor(44)
tensor(45) tensor(44)
tensor(45) tensor(44)
tensor(45) tensor(44)
tensor(45) tensor(44)
tensor(45) tensor(44)
tensor(44) tensor(43)
tensor(44) tensor(43)
tensor(44) tensor(43)
tensor(44) tensor(43)
tensor(44) tensor(43)
tensor(44) tensor(43)
tensor(44) tensor(43)
tensor(44) tensor(43)
tensor(44) tensor(43)
tensor(44) tensor(43)
tensor(44) tensor(43)
tensor(44) tensor(43)
tensor(44) tensor(43)
tensor(44) tensor(43)
tensor(43) tensor(42)
tensor(43) tensor(42)
tensor(43) tensor(42)
tensor(43) tensor(42)
tensor(43) tensor(42)
tensor(43) tensor(42)
tensor(43) tensor(42)
tensor(43) tensor(42)
tensor(43) tensor(42)
tensor(43) tensor(42)
tensor(43) tensor(42)
tensor(43) tensor(42)
tensor(43) tensor(42)
tensor(43) tensor(42)
tensor(42) tensor(41)
tensor(42) tensor(41)
tensor(42) tensor(41)
tensor(42) tensor(41)
tensor(42) tensor(41)
tensor(42) tensor(41)
tensor(42) tensor(41)
tensor(42) tensor(41)
tensor(42) tensor(41)
tensor(42) tensor(41)
tensor(42) tensor(41)
tensor(42) tensor(41)
tensor(42) tensor(41)
tensor(42) tensor(41)
tensor(41) tensor(40)
tensor(41) tensor(40)
tensor(41) tensor(40)
tensor(41) tensor(40)
tensor(41) tensor(40)
tensor(41) tensor(40)
tensor(41) tensor(40)
tensor(41) tensor(40)
tensor(41) tensor(40)
tensor(41) tensor(40)
tensor(41) tensor(40)
tensor(41) tensor(40)
tensor(41) tensor(40)
tensor(41) tensor(40)
tensor(40) tensor(39)
tensor(40) tensor(39)
tensor(40) tensor(39)
tensor(40) tensor(39)
tensor(40) tensor(39)
tensor(40) tensor(39)
tensor(40) tensor(39)
tensor(40) tensor(39)
tensor(40) tensor(39)
tensor(40) tensor(39)
tensor(40) tensor(39)
tensor(40) tensor(39)
tensor(40) tensor(39)
tensor(40) tensor(39)
tensor(39) tensor(38)
tensor(39) tensor(38)
tensor(39) tensor(38)
tensor(39) tensor(38)
tensor(39) tensor(38)
tensor(39) tensor(38)
tensor(39) tensor(38)
tensor(39) tensor(38)
tensor(39) tensor(38)
tensor(39) tensor(38)
tensor(39) tensor(38)
tensor(39) tensor(38)
tensor(39) tensor(38)
tensor(39) tensor(38)
tensor(38) tensor(37)
tensor(38) tensor(37)
tensor(38) tensor(37)
tensor(38) tensor(37)
tensor(38) tensor(37)
tensor(38) tensor(37)
tensor(38) tensor(37)
tensor(38) tensor(37)
tensor(38) tensor(37)
tensor(38) tensor(37)
tensor(38) tensor(37)
tensor(38) tensor(37)
tensor(38) tensor(37)
tensor(38) tensor(37)
tensor(37) tensor(36)
tensor(37) tensor(36)
tensor(37) tensor(36)
tensor(37) tensor(36)
tensor(37) tensor(36)
tensor(37) tensor(36)
tensor(37) tensor(36)
tensor(37) tensor(36)
tensor(37) tensor(36)
tensor(37) tensor(36)
tensor(37) tensor(36)
tensor(37) tensor(36)
tensor(37) tensor(36)
tensor(37) tensor(36)
tensor(36) tensor(35)
tensor(36) tensor(35)
tensor(36) tensor(35)
tensor(36) tensor(35)
tensor(36) tensor(35)
tensor(36) tensor(35)
tensor(36) tensor(35)
tensor(36) tensor(35)
tensor(36) tensor(35)
tensor(36) tensor(35)
tensor(36) tensor(35)
tensor(36) tensor(35)
tensor(36) tensor(35)
tensor(36) tensor(35)
tensor(35) tensor(34)
tensor(35) tensor(34)
tensor(35) tensor(34)
tensor(35) tensor(34)
tensor(35) tensor(34)
tensor(35) tensor(34)
tensor(35) tensor(34)
tensor(35) tensor(34)
tensor(35) tensor(34)
tensor(35) tensor(34)
tensor(35) tensor(34)
tensor(35) tensor(34)
tensor(35) tensor(34)
tensor(35) tensor(34)
tensor(34) tensor(33)
tensor(34) tensor(33)
tensor(34) tensor(33)
tensor(34) tensor(33)
tensor(34) tensor(33)
tensor(34) tensor(33)
tensor(34) tensor(33)
tensor(34)  tensor(33)
ensor(33)
tensor(34) tensor(33)
tensor(34) tensor(33)
tensor(34) tensor(33)
tensor(34) tensor(33)
tensor(34) tensor(33)
tensor(33) tensor(32)
tensor(33) tensor(32)
tensor(33) tensor(32)
tensor(33) tensor(32)
tensor(33) tensor(32)
tensor(33) tensor(32)
tensor(33) tensor(32)
tensor(33) tensor(32)
tensor(33) tensor(32)
tensor(33) tensor(32)
tensor(33) tensor(32)
tensor(33) tensor(32)
tensor(33) tensor(32)
tensor(33) tensor(32)
tensor(32) tensor(31)
tensor(32) tensor(31)
tensor(32) tensor(31)
tensor(32) tensor(31)
tensor(32) tensor(31)
tensor(32) tensor(31)
tensor(32) tensor(31)
tensor(32) tensor(31)
tensor(32) tensor(31)
tensor(32) tensor(31)
tensor(32) tensor(31)
tensor(32) tensor(31)
tensor(32) tensor(31)
tensor(32) tensor(31)
tensor(31) tensor(30)
tensor(31) tensor(30)
tensor(31) tensor(30)
tensor(31) tensor(30)
tensor(31) tensor(30)
tensor(31) tensor(30)
tensor(31) tensor(30)
tensor(31) tensor(30)
tensor(31) tensor(30)
tensor(31) tensor(30)
tensor(31) tensor(30)
tensor(31) tensor(30)
tensor(31) tensor(30)
tensor(31) tensor(30)
tensor(30) tensor(29)
tensor(30) tensor(29)
tensor(30) tensor(29)
tensor(30) tensor(29)
tensor(30) tensor(29)
tensor(30) tensor(29)
tensor(30) tensor(29)
tensor(30) tensor(29)
tensor(30) tensor(29)
tensor(30) tensor(29)
tensor(30) tensor(29)
tensor(30) tensor(29)
tensor(30) tensor(29)
tensor(30) tensor(29)
tensor(29) tensor(28)
tensor(29) tensor(28)
tensor(29) tensor(28)
tensor(29) tensor(28)
tensor(29) tensor(28)
tensor(29) tensor(28)
tensor(29) tensor(28)
tensor(29) tensor(28)
tensor(29) tensor(28)
tensor(29) tensor(28)
tensor(29) tensor(28)
tensor(29) tensor(28)
tensor(29) tensor(28)
tensor(29) tensor(28)
tensor(28) tensor(27)
tensor(28) tensor(27)
tensor(28) tensor(27)
tensor(28) tensor(27)
tensor(28) tensor(27)
tensor(28) tensor(27)
tensor(28) tensor(27)
tensor(28) tensor(27)
tensor(28) tensor(27)
tensor(28) tensor(27)
tensor(28) tensor(27)
tensor(28) tensor(27)
tensor(28) tensor(27)
tensor(28) tensor(27)
tensor(27) tensor(26)
tensor(27) tensor(26)
tensor(27) tensor(26)
tensor(27) tensor(26)
tensor(27) tensor(26)
tensor(27) tensor(26)
tensor(27) tensor(26)
tensor(27) tensor(26)
tensor(27) tensor(26)
tensor(27) tensor(26)
tensor(27) tensor(26)
tensor(27) tensor(26)
tensor(27) tensor(26)
tensor(27) tensor(26)
tensor(26) tensor(25)
tensor(26) tensor(25)
tensor(26) tensor(25)
tensor(26) tensor(25)
tensor(26) tensor(25)
tensor(26) tensor(25)
tensor(26) tensor(25)
tensor(26) tensor(25)
tensor(26) tensor(25)
tensor(26) tensor(25)
tensor(26) tensor(25)
tensor(26) tensor(25)
tensor(26) tensor(25)
tensor(25) tensor(24)
tensor(26) tensor(25)
tensor(25) tensor(24)
tensor(25) tensor(24)
tensor(25) tensor(24)
tensor(25) tensor(24)
tensor(25) tensor(24)
tensor(25) tensor(24)
tensor(25) tensor(24)
tensor(25) tensor(24)
tensor(25) tensor(24)
tensor(25) tensor(24)
tensor(25) tensor(24)
tensor(25) tensor(24)
tensor(24) tensor(23)
tensor(25) tensor(24)
tensor(24) tensor(23)
tensor(24) tensor(23)
tensor(24) tensor(23)
tensor(24) tensor(23)
tensor(24) tensor(23)
tensor(24) tensor(23)
tensor(24) tensor(23)
tensor(24) tensor(23)
tensor(24) tensor(23)
tensor(24) tensor(23)
tensor(24) tensor(23)
tensor(24) tensor(23)
tensor(23) tensor(22)
tensor(24) tensor(23)
tensor(23) tensor(22)
tensor(23) tensor(22)
tensor(23) tensor(22)
tensor(23) tensor(22)
tensor(23) tensor(22)
tensor(23) tensor(22)
tensor(23) tensor(22)
tensor(23) tensor(22)
tensor(23) tensor(22)
tensor(23) tensor(22)
tensor(23) tensor(22)
tensor(23) tensor(22)
tensor(22) tensor(21)
tensor(23) tensor(22)
tensor(22) tensor(21)
tensor(22) tensor(21)
tensor(22) tensor(21)
tensor(22) tensor(21)
tensor(22) tensor(21)
tensor(22) tensor(21)
tensor(22) tensor(21)
tensor(22) tensor(21)
tensor(22) tensor(21)
tensor(22) tensor(21)
tensor(22) tensor(21)
tensor(22) tensor(21)
tensor(21) tensor(20)
tensor(22) tensor(21)
tensor(21) tensor(20)
tensor(21) tensor(20)
tensor(21) tensor(20)
tensor(21) tensor(20)
tensor(21) tensor(20)
tensor(21) tensor(20)
tensor(21) tensor(20)
tensor(21) tensor(20)
tensor(21) tensor(20)
tensor(21) tensor(20)
tensor(21) tensor(20)
tensor(21) tensor(20)
tensor(20) tensor(19)
tensor(21) tensor(20)
tensor(20) tensor(19)
tensor(20) tensor(19)
tensor(20) tensor(19)
tensor(20) tensor(19)
tensor(20) tensor(19)
tensor(20) tensor(19)
tensor(20) tensor(19)
tensor(20) tensor(19)
tensor(20) tensor(19)
tensor(20) tensor(19)
tensor(20) tensor(19)
tensor(20) tensor(19)
tensor(19) tensor(18)
tensor(20) tensor(19)
tensor(19) tensor(18)
tensor(19) tensor(18)
tensor(19) tensor(18)
tensor(19) tensor(18)
tensor(19) tensor(18)
tensor(19) tensor(18)
tensor(19) tensor(18)
tensor(19) tensor(18)
tensor(19) tensor(18)
tensor(19) tensor(18)
tensor(19) tensor(18)
tensor(19) tensor(18)
tensor(18) tensor(17)
tensor(19) tensor(18)
tensor(18) tensor(17)
tensor(18) tensor(17)
tensor(18) tensor(17)
tensor(18) tensor(17)
tensor(18) tensor(17)
tensor(18) tensor(17)
tensor(18) tensor(17)
tensor(18) tensor(17)
tensor(18) tensor(17)
tensor(18) tensor(17)
tensor(18) tensor(17)
tensor(18) tensor(17)
tensor(17) tensor(16)
tensor(18) tensor(17)
tensor(17) tensor(16)
tensor(17) tensor(16)
tensor(17) tensor(16)
tensor(17) tensor(16)
tensor(17) tensor(16)
tensor(17) tensor(16)
tensor(17) tensor(16)
tensor(17) tensor(16)
tensor(17) tensor(16)
tensor(17) tensor(16)
tensor(17) tensor(16)
tensor(17) tensor(16)
tensor(16) tensor(15)
tensor(17) tensor(16)
tensor(16) tensor(15)
tensor(16) tensor(15)
tensor(16) tensor(15)
tensor(16) tensor(15)
tensor(16) tensor(15)
tensor(16) tensor(15)
tensor(16) tensor(15)
tensor(16) tensor(15)
tensor(16) tensor(15)
tensor(16) tensor(15)
tensor(16) tensor(15)
tensor(16) tensor(15)
tensor(15) tensor(14)
tensor(16) tensor(15)
tensor(15) tensor(14)
tensor(15) tensor(14)
tensor(15) tensor(14)
tensor(15) tensor(14)
tensor(15) tensor(14)
tensor(15) tensor(14)
tensor(15) tensor(14)
tensor(15) tensor(14)
tensor(15) tensor(14)
tensor(15) tensor(14)
tensor(15) tensor(14)
tensor(15) tensor(14)
tensor(14) tensor(13)
tensor(14) tensor(13)
tensor(15) tensor(14)
tensor(14) tensor(13)
tensor(14) tensor(13)
tensor(14) tensor(13)
tensor(14) tensor(13)
tensor(14) tensor(13)
tensor(14) tensor(13)
tensor(14) tensor(13)
tensor(14) tensor(13)
tensor(14) tensor(13)
tensor(14) tensor(13)
tensor(14) tensor(13)
tensor(13) tensor(12)
tensor(13) tensor(12)
tensor(14) tensor(13)
tensor(13) tensor(12)
tensor(13) tensor(12)
tensor(13) tensor(12)
tensor(13) tensor(12)
tensor(13) tensor(12)
tensor(13) tensor(12)
tensor(13) tensor(12)
tensor(13) tensor(12)
tensor(13) tensor(12)
tensor(13) tensor(12)
tensor(13) tensor(12)
tensor(12) tensor(11)
tensor(12) tensor(11)
tensor(13) tensor(12)
tensor(12) tensor(11)
tensor(12) tensor(11)
tensor(12) tensor(11)
tensor(12) tensor(11)
tensor(12) tensor(11)
tensor(12) tensor(11)
tensor(12) tensor(11)
tensor(12) tensor(11)
tensor(12) tensor(11)
tensor(12) tensor(11)
tensor(12) tensor(11)
tensor(11) tensor(10)
tensor(11) tensor(10)
tensor(11) tensor(10)
tensor(11)  tensor(11)tensor(10)
tensor(11) tensor(10)
tensor(11) tensor(10)
tensor(11) tensor(11) ensor(10)
tensor(10)
tensor(11) tensor(10)
tensor(11) tensor(10)
tensor(11) tensor(10)
tensor(11) tensor(10)
tensor(11) tensor(10)
tensor(10) tensor(9)
tensor(10) tensor(9)
tensor(10) tensor(9)
tensor(10) tensor(9)
tensor(11) tensor(10)
tensor(10) tensor(9)
tensor(10) tensor(9)
tensor(10) tensor(9)
tensor(10) tensor(9)
tensor(10) tensor(9)
tensor(10) tensor(9)
tensor(10) tensor(9)
tensor(10) tensor(9)
tensor(10) tensor(9)
tensor(9) tensor(8)
tensor(9) tensor(8)
tensor(9) tensor(8)
tensor(9) tensor(8)
tensor(10) tensor(9)
tensor(9) tensor(8)
tensor(9) tensor(8)
tensor(9) tensor(8)
tensor(9) tensor(8)
tensor(9) tensor(8)
tensor(9) tensor(8)
tensor(9) tensor(8)
tensor(9) tensor(8)
tensor(9) tensor(8)
tensor(8) tensor(7)
tensor(8) tensor(7)
tensor(8) tensor(7)
tensor(8) tensor(7)
tensor(8) tensor(7)
tensor(9) tensor(8)
tensor(8) tensor(7)
tensor(8) tensor(7)
tensor(8) tensor(7)
tensor(8) tensor(7)
tensor(8) tensor(7)
tensor(8) tensor(7)
tensor(8) tensor(7)
tensor(8) tensor(7)
tensor(7) tensor(6)
tensor(7) tensor(6)
tensor(7) tensor(6)
tensor(7) tensor(6)
tensor(7) tensor(6)
tensor(8) tensor(7)
tensor(7) tensor(6)
tensor(7) tensor(6)tensor(6)
tensor(7) tensor(6)
tensor(7) tensor(6)
tensor(7) tensor(6)
tensor(7) tensor(6)
tensor(6) tensor(5)tensor(7)
tensor(6)
tensor(6) tensor(5)
tensor(6) tensor(5)
tensor(6) tensor(5)
tensor(6) tensor(5)
tensor(7) tensor(6)
tensor(6) tensor(5)
tensor(6) tensor(6)
 tensor(5)
tensor(6) tensor(5)
tensor(6) tensor(5)
tensor(6) tensor(5)
tensor(6) tensor(5)
tensor(5) tensor(4)
tensor(6) tensor(5)
tensor(5) tensor(4)
tensor(5) tensor(4)
tensor(5) tensor(4)
tensor(5) tensor(4)
tensor(6) tensor(5)
tensor(5) tensor(4)
tensor(5) tensor(4)
tensor(5) tensor(4)
tensor(5) tensor(4)
tensor(5) tensor(4)
tensor(5) tensor(4)
tensor(4) tensor(3)
tensor(5) tensor(4)
tensor(4) tensor(3)
tensor(4) tensor(3)
tensor(4) tensor(3)
tensor(4) tensor(3)
tensor(5) tensor(4)
tensor(4) tensor(3)
tensor(4) tensor(3)
tensor(4) tensor(3)
tensor(4) tensor(3)
tensor(4) tensor(3)
tensor(4) tensor(3)
tensor(4) tensor(3)
tensor(3) tensor(2)
tensor(4) tensor(3)
tensor(3) tensor(2)
tensor(3) tensor(2)
tensor(3) tensor(2)
tensor(3) tensor(2)
tensor(3) tensor(2)
tensor(3) tensor(2)
tensor(4) tensor(3)
tensor(3) tensor(2)
tensor(3) tensor(2)
tensor(3) tensor(2)
tensor(3) tensor(2)
tensor(3) tensor(2)
tensor(3) tensor(2)
tensor(2) tensor(1)
tensor(2) tensor(1)
tensor(2) tensor(1)
tensor(2) tensor(1)
tensor(2) tensor(1)
tensor(2) tensor(1)
tensor(2) tensor(1)
tensor(3) tensor(2)
tensor(2) tensor(1)
tensor(2) tensor(1)
tensor(2) tensor(1)
tensor(2) tensor(1)
tensor(2) tensor(1)
tensor(2) tensor(1)
tensor(1) tensor(0)
tensor(1) tensor(0)
tensor(1) tensor(0)
tensor(1) tensor(0)
tensor(1) tensor(0)
tensor(1) tensor(0)
tensor(1) tensor(0)
tensor(2) tensor(1)
tensor(1) tensor(0)
tensor(1) tensor(0)
tensor(1) tensor(0)
tensor(1) tensor(0)
tensor(1) tensor(0)
tensor(1) tensor(0)
tensor(0) ensor(0)ttensor(0

tensor(0) tensor(0)
tensor(0) tensor(0)
tensor(0) tensor(0)
tensor(0) tensor(0)
tensor(0) tensor(0)
tensor(0) tensor(0)
tensor(1) tensor(0)
tensor(0) tensor(0)
tensor(0) tensor(0)
tensor(0) tensor(0)
tensor(0) tensor(0)
tensor(0) tensor(0)
tensor(0) tensor(0)
tensor(99) tensor(98)
tensor(99) tensor(98)
tensor(99) tensor(98)
tensor(99) tensor(98)
tensor(99) tensor(98)
tensor(99) tensor(98)
tensor(99) tensor(98)
tensor(99) tensor(98)
tensor(99) tensor(98)
tensor(99) tensor(98)
tensor(99) tensor(98)
tensor(99) tensor(98)
tensor(98) tensor(97)
tensor(98) tensor(97)
tensor(98) tensor(97)
tensor(99) tensor(98)
tensor(98) tensor(97)
tensor(98) tensor(97)
tensor(99) tensor(98)
tensor(98) tensor(97)
tensor(98) tensor(97)
tensor(98)tensor(98) ensor(97)tensor(97)
tensor(98) tensor(97)
tensor(98) tensor(97)
tensor(98) tensor(97)
tensor(97) tensor(96)
tensor(97) tensor(96)
tensor(97) tensor(96)
tensor(97) tensor(96)
tensor(98) tensor(97)
tensor(97) tensor(96)
tensor(98) tensor(97)
tensor(97) tensor(96)
tensor(97) tensor(96)
tensor(97) tensor(96)
tensor(97) tensor(96)
tensor(97) tensor(96)
tensor(97) tensor(96)
tensor(97) tensor(96)
tensor(96) tensor(95)
tensor(96) tensor(95)
tensor(96) tensor(95)
tensor(96) tensor(95)
tensor(97) tensor(96)
tensor(96) tensor(95)
tensor(96) tensor(95)
tensor(97) tensor(96)
tensor(96) tensor(95)
tensor(96) tensor(95)
tensor(96) tensor(95)
tensor(96) tensor(95)
tensor(96) tensor(95)
tensor(96) tensor(95)
tensor(95) tensor(94)
tensor(95) tensor(94)
tensor(95) tensor(94)
tensor(95) tensor(94)
tensor(96) tensor(95)
tensor(95) tensor(94)
tensor(95) tensor(94)
tensor(96) tensor(95)
tensor(95) tensor(94)
tensor(95) tensor(94)
tensor(95) tensor(94)
tensor(95) tensor(94)
tensor(95) tensor(94)
tensor(95) tensor(94)
tensor(94) tensor(93)
tensor(94) tensor(93)
tensor(94) tensor(93)
tensor(94) tensor(93)
tensor(95) tensor(94)
tensor(94) tensor(93)
tensor(94) tensor(93)
tensor(95) tensor(94)
tensor(94) tensor(93)
tensor(94) tensor(93)
tensor(94) tensor(93)
tensor(94) tensor(93)
tensor(94) tensor(93)
tensor(94) tensor(93)
tensor(93) tensor(92)
tensor(93) tensor(92)
tensor(93) tensor(92)
tensor(93) tensor(92)
tensor(93) tensor(92)
tensor(94) tensor(93)
tensor(93) tensor(92)
tensor(94) tensor(93)
tensor(93) tensor(92)
tensor(93) tensor(92)
tensor(93) tensor(92)
tensor(93) tensor(92)
tensor(93) tensor(92)
tensor(93) tensor(92)
tensor(92) tensor(91)
tensor(92) tensor(91)
tensor(92) tensor(91)
tensor(92) tensor(91)
tensor(92) tensor(91)
tensor(93) tensor(92)
tensor(92) tensor(91)
tensor(93) tensor(92)
tensor(92) tensor(91)
tensor(92) ensor(92)tensor(91)tensor(91)
tensor(92) tensor(91)
tensor(92) tensor(91)
tensor(92) tensor(91)
tensor(91) tensor(90)
tensor(91) tensor(90)
tensor(91) tensor(90)
tensor(91) tensor(90)
tensor(91) tensor(90)
tensor(92) tensor(91)
tensor(91) tensor(90)
tensor(92) tensor(91)
tensor(91) tensor(90)
tensor(91) tensor(90)
tensor(91) tensor(90)
tensor(91) tensor(90)
tensor(91) tensor(90)
tensor(91) tensor(90)
tensor(90) tensor(89)
tensor(90) tensor(89)
tensor(90) tensor(89)
tensor(90) tensor(89)
tensor(90) tensor(89)
tensor(91) tensor(90)
tensor(90) tensor(89)
tensor(91) tensor(90)
tensor(90) tensor(89)
tensor(90) tensor(89)
tensor(90) tensor(89)
tensor(90) tensor(89)
tensor(90) tensor(89)
tensor(90) tensor(89)
tensor(89) tensor(88)tensor(89) tensor(88)
tensor(89) tensor(88)
tensor(89) tensor(88)
tensor(90) tensor(88)tensor(89)
tensor(89) tensor(88)
tensor(90) tensor(89)
tensor(89) tensor(88)
tensor(89) tensor(88)
tensor(89) tensor(88)
tensor(89) tensor(88)
tensor(89) tensor(88)
tensor(89) tensor(88)
tensor(88) tensor(87)
tensor(88) tensor(87)
tensor(88) tensor(87)
tensor(88) tensor(87)
tensor(88) tensor(87)
tensor(89) tensor(88)
tensor(88) tensor(87)
tensor(89) tensor(88)
tensor(88) tensor(87)
tensor(88) tensor(87)
tensor(88) tensor(87)
tensor(88) tensor(87)
tensor(88) tensor(87)
tensor(88) tensor(87)
tensor(87) tensor(86)
tensor(87) tensor(86)
tensor(87) tensor(86)
tensor(87) tensor(86)
tensor(88) tensor(87)tensor(87)
tensor(86)
tensor(87) tensor(86)
tensor(88) tensor(87)
tensor(87) tensor(86)
tensor(87) tensor(86)
tensor(87) tensor(86)
tensor(87) tensor(86)
tensor(87) tensor(86)
tensor(86) tensor(85)
tensor(87) tensor(86)
tensor(86) tensor(85)
tensor(86) tensor(85)
tensor(86) tensor(85)
tensor(87) tensor(86)
tensor(86) tensor(85)
tensor(86) tensor(85)
tensor(87) tensor(86)
tensor(86) tensor(85)
tensor(86) tensor(85)
tensor(86) tensor(85)
tensor(86) tensor(85)
tensor(86) tensor(85)
tensor(85) tensor(84)
tensor(85) tensor(84)
tensor(86) tensor(85)
tensor(85) tensor(84)
tensor(85) tensor(84)
tensor(86) tensor(85)
tensor(85) tensor(84)
tensor(85) tensor(84)
tensor(86) tensor(85)
tensor(85) tensor(84)
tensor(85) tensor(84)
tensor(85) tensor(84)
tensor(85) tensor(84)
tensor(85) tensor(84)
tensor(84) tensor(83)
tensor(84) tensor(83)
tensor(85) tensor(84)
tensor(84) tensor(83)
tensor(84) tensor(83)
tensor(85) tensor(84)
tensor(84) tensor(83)
tensor(84) tensor(83)
tensor(85) tensor(84)
tensor(84) tensor(83)
tensor(84) tensor(83)
tensor(84) tensor(83)
tensor(84) tensor(83)
tensor(84) tensor(83)
tensor(83) tensor(82)
tensor(83) tensor(82)
tensor(84) tensor(83)
tensor(83) tensor(82)
tensor(83) tensor(82)
tensor(84) tensor(83)
tensor(83) tensor(82)
tensor(83) tensor(82)
tensor(84) tensor(83)
tensor(83) tensor(82)
tensor(83) tensor(82)
tensor(83) tensor(82)
tensor(83) tensor(82)
tensor(83) tensor(82)
tensor(82) tensor(81)
tensor(82) tensor(81)
tensor(83) tensor(82)
tensor(82) tensor(81)
tensor(82) tensor(81)
tensor(83) tensor(82)
tensor(82) tensor(81)
tensor(82) tensor(81)
tensor(83) tensor(82)
tensor(82) tensor(81)
tensor(82) tensor(81)
tensor(82) tensor(81)
tensor(82) tensor(81)
tensor(82) tensor(81)
tensor(81) tensor(80)
tensor(81) tensor(80)
tensor(82) tensor(81)
tensor(81) tensor(80)
tensor(81) tensor(80)
tensor(82) tensor(81)
tensor(81) tensor(80)
tensor(81) tensor(80)
tensor(82) tensor(81)
tensor(81) tensor(80)
tensor(81) tensor(80)
tensor(81) tensor(80)
tensor(81) tensor(80)
tensor(81) tensor(80)
tensor(80) tensor(79)
tensor(80) tensor(79)
tensor(81) tensor(80)
tensor(80) tensor(79)
tensor(80) tensor(79)
tensor(81) tensor(80)
tensor(80) tensor(79)
tensor(80) tensor(79)
tensor(81) tensor(80)
tensor(80) tensor(79)
tensor(80) tensor(79)
tensor(80) tensor(79)
tensor(80) tensor(79)
tensor(80) tensor(79)
tensor(79) tensor(78)
tensor(79) tensor(78)
tensor(80) tensor(79)
tensor(79) tensor(78)
tensor(79) tensor(78)
tensor(79) tensor(78)
tensor(80) tensor(79)
tensor(79) tensor(78)
tensor(80) tensor(79)
tensor(79) tensor(78)
tensor(79) tensor(78)
tensor(79) tensor(78)
tensor(79) tensor(78)
tensor(79) tensor(78)
tensor(78) tensor(77)
tensor(78) tensor(77)
tensor(79) tensor(78)
tensor(78) tensor(77)
tensor(78) tensor(77)
tensor(78) tensor(77)
tensor(78) tensor(77)
tensor(79) tensor(78)
tensor(79) tensor(78)
tensor(78)tensor(78)tensor(77)tensor(77)
tensor(78) tensor(77)
tensor(78) tensor(77)
tensor(78) tensor(77)
tensor(77) tensor(76)
tensor(77) tensor(76)
tensor(77) tensor(76)
tensor(78) tensor(77)
tensor(77) tensor(76)
tensor(77) tensor(76)
tensor(78) tensor(77)
tensor(77) tensor(76)
tensor(78) tensor(77)
tensor(77) tensor(76)
tensor(77) tensor(76)
tensor(77) tensor(76)
tensor(77) tensor(76)
tensor(77) tensor(76)
tensor(76) tensor(75)
tensor(76) tensor(75)
tensor(76) tensor(75)
tensor(77) tensor(76)
tensor(76) tensor(75)
tensor(76) tensor(75)
tensor(77) tensor(76)
tensor(76) tensor(75)
tensor(76) tensor(75)
tensor(77) tensor(76)
tensor(76) tensor(75)
tensor(76) tensor(75)
tensor(76) tensor(75)
tensor(76) tensor(75)
tensor(75) tensor(74)
tensor(75) tensor(74)
tensor(75) tensor(74)
tensor(75) tensor(74)
tensor(76) tensor(75)
tensor(75) tensor(74)
tensor(76) tensor(75)
tensor(75) tensor(74)
tensor(75) tensor(74)
tensor(75) tensor(74)
tensor(76) tensor(75)
tensor(75) tensor(74)
tensor(75) tensor(74)
tensor(75) tensor(74)
tensor(74) tensor(73)
tensor(74) tensor(73)
tensor(74) tensor(73)
tensor(74) tensor(73)
tensor(75) tensor(74)
tensor(74) tensor(73)
tensor(75) tensor(74)
tensor(74) tensor(73)
tensor(74) tensor(73)
tensor(74) tensor(73)
tensor(75) tensor(74)
tensor(74) tensor(73)
tensor(74) tensor(73)
tensor(74) tensor(73)
tensor(73) tensor(72)
tensor(73) tensor(72)
tensor(73) tensor(72)
tensor(73) tensor(72)
tensor(74) tensor(73)
tensor(73) tensor(72)
tensor(74) tensor(73)
tensor(73) tensor(72)
tensor(73) tensor(72)
tensor(73) tensor(72)
tensor(74) tensor(73)
tensor(73) tensor(72)
tensor(73) tensor(72)
tensor(73) tensor(72)
tensor(72) tensor(71)
tensor(72) tensor(71)
tensor(72) tensor(71)
tensor(72) tensor(71)
tensor(73) tensor(72)
tensor(72) tensor(71)
tensor(73) tensor(72)
tensor(72) tensor(71)
tensor(72) tensor(71)
tensor(72) tensor(71)
tensor(73) tensor(72)
tensor(72) tensor(71)
tensor(72) tensor(71)
tensor(72) tensor(71)
tensor(71) tensor(70)
tensor(71) tensor(70)
tensor(71) tensor(70)
tensor(71) tensor(70)
tensor(72) tensor(71)
tensor(71) tensor(70)
tensor(72) tensor(71)
tensor(71) tensor(70)
tensor(71) tensor(70)
tensor(71) tensor(70)
tensor(72) tensor(71)
tensor(71) tensor(70)
tensor(71) tensor(70)
tensor(71) tensor(70)
tensor(70) tensor(69)
tensor(70) tensor(69)
tensor(70) tensor(69)
tensor(70) tensor(69)
tensor(71) tensor(70)
tensor(70) tensor(69)
tensor(70) tensor(69)
tensor(71) tensor(70)
tensor(70) tensor(69)
tensor(70) tensor(69)
tensor(71) tensor(70)
tensor(70) tensor(69)
tensor(70) tensor(69)
tensor(70) tensor(69)
tensor(69) tensor(68)
tensor(69) tensor(68)
tensor(69) tensor(68)
tensor(69) tensor(68)
tensor(70) tensor(69)
tensor(69) tensor(68)
tensor(69) tensor(68)
tensor(70) tensor(69)
tensor(69) tensor(68)
tensor(69) tensor(68)
tensor(70) tensor(69)
tensor(69) tensor(68)
tensor(69) tensor(68)
tensor(69) tensor(68)
tensor(68) tensor(67)
tensor(68) tensor(67)
tensor(68) tensor(67)
tensor(68) tensor(67)
tensor(69) tensor(68)
tensor(68) tensor(67)
tensor(68) tensor(67)
tensor(69) tensor(68)
tensor(68) tensor(67)
tensor(68) tensor(67)
tensor(69) tensor(68)
tensor(68) tensor(67)
tensor(68) tensor(67)
tensor(68) tensor(67)
tensor(67) tensor(66)
tensor(67) tensor(66)
tensor(67) tensor(66)
tensor(67) tensor(66)
tensor(68) tensor(67)
tensor(67) tensor(66)
tensor(67) tensor(66)
tensor(68) tensor(67)
tensor(67) tensor(66)
tensor(67) tensor(66)
tensor(68) tensor(67)
tensor(67) tensor(66)
tensor(67) tensor(66)
tensor(67) tensor(66)
tensor(66) tensor(65)
tensor(66) tensor(65)
tensor(66) tensor(65)
tensor(67) tensor(66)
tensor(66) tensor(65)
tensor(66) tensor(65)
tensor(66) tensor(65)
tensor(67) tensor(66)
tensor(66) tensor(65)
tensor(66) tensor(65)
tensor(67) tensor(66)
tensor(66) tensor(65)
tensor(66) tensor(65)
tensor(66) tensor(65)
tensor(65) tensor(64)
tensor(65) tensor(64)
tensor(65) tensor(64)
tensor(66) tensor(65)
tensor(65) tensor(64)
tensor(65) tensor(64)
tensor(65) tensor(64)
tensor(66) tensor(65)
tensor(65) tensor(64)
tensor(65) tensor(64)
tensor(66) tensor(65)
tensor(65) tensor(64)
tensor(65) tensor(64)
tensor(65) tensor(64)
tensor(64) tensor(63)
tensor(64) tensor(63)
tensor(64) tensor(63)
tensor(65) tensor(64)
tensor(64) tensor(63)
tensor(64) tensor(63)
tensor(64) tensor(63)
tensor(65) tensor(64)
tensor(64) tensor(63)
tensor(64) tensor(63)
tensor(65) tensor(64)
tensor(64) tensor(63)
tensor(64) tensor(63)
tensor(64) tensor(63)
tensor(63) tensor(62)
tensor(63) tensor(62)
tensor(63) tensor(62)
tensor(64) tensor(63)
tensor(63) tensor(62)
tensor(63) tensor(62)
tensor(63) tensor(62)
tensor(64) tensor(63)
tensor(63) tensor(62)
tensor(63) tensor(62)
tensor(63) tensor(62)
tensor(64) tensor(63)
tensor(63) tensor(62)
tensor(63) tensor(62)
tensor(62) tensor(61)
tensor(62) tensor(61)
tensor(62) tensor(61)
tensor(63) tensor(62)
tensor(62) tensor(61)
tensor(62) tensor(61)
tensor(62) tensor(61)
tensor(63) tensor(62)
tensor(62) tensor(61)
tensor(62) tensor(61)
tensor(62) tensor(61)
tensor(63) tensor(62)
tensor(62) tensor(61)
tensor(62) tensor(61)
tensor(61) tensor(60)
tensor(61) tensor(60)
tensor(61) tensor(60)
tensor(62) tensor(61)
tensor(61) tensor(60)
tensor(61) tensor(60)
tensor(61) tensor(60)
tensor(62) tensor(61)
tensor(61) tensor(60)
tensor(61) tensor(60)
tensor(61) tensor(60)
tensor(62) tensor(61)
tensor(61) tensor(60)
tensor(61) tensor(60)
tensor(60) tensor(59)
tensor(60) tensor(59)
tensor(60) tensor(59)
tensor(60) tensor(59)
tensor(61) tensor(60)
tensor(60) tensor(59)
tensor(60) tensor(59)
tensor(60) tensor(59)
tensor(61) tensor(60)
tensor(60) tensor(59)
tensor(60) tensor(59)
tensor(61) tensor(60)
tensor(60) tensor(59)
tensor(60) tensor(59)
tensor(59) tensor(58)
tensor(59) tensor(58)
tensor(59) tensor(58)
tensor(59) tensor(58)
tensor(60) tensor(59)
tensor(59) tensor(58)
tensor(59) tensor(58)
tensor(59) tensor(58)
tensor(60) tensor(59)
tensor(59) tensor(58)
tensor(59) tensor(58)
tensor(60) tensor(59)
tensor(59) tensor(58)
tensor(59) tensor(58)
tensor(58) tensor(57)
tensor(58) tensor(57)
tensor(58) tensor(57)
tensor(58) tensor(57)
tensor(59) tensor(58)
tensor(58) tensor(57)
tensor(58) tensor(57)
tensor(58) tensor(57)
tensor(59) tensor(58)
tensor(58) tensor(57)
tensor(58) tensor(57)
tensor(59) tensor(58)
tensor(58) tensor(57)
tensor(57) tensor(56)
tensor(58) tensor(57)
tensor(57) tensor(56)
tensor(57) tensor(56)
tensor(57) tensor(56)
tensor(58) tensor(57)
tensor(57) tensor(56)
tensor(57) tensor(56)
tensor(57) tensor(56)
tensor(58) tensor(57)
tensor(57) tensor(56)
tensor(57) tensor(56)
tensor(58) tensor(57)
tensor(57) tensor(56)
tensor(56) tensor(55)
tensor(57) tensor(56)
tensor(56) tensor(55)
tensor(56) tensor(55)
tensor(56) tensor(55)
tensor(57) tensor(56)
tensor(56) tensor(55)
tensor(56) tensor(55)
tensor(56) tensor(55)
tensor(57) tensor(56)
tensor(56) tensor(55)
tensor(56) tensor(55)
tensor(57) tensor(56)
tensor(56) tensor(55)
tensor(55) tensor(54)
tensor(56) tensor(55)
tensor(55) tensor(54)
tensor(55) tensor(54)
tensor(55) tensor(54)
tensor(56) tensor(55)
tensor(55) tensor(54)
tensor(55) tensor(54)
tensor(55) tensor(54)
tensor(56) tensor(55)
tensor(55) tensor(54)
tensor(55) tensor(54)
tensor(56) tensor(55)
tensor(55) tensor(54)
tensor(54) tensor(53)
tensor(55) tensor(54)
tensor(54) tensor(53)
tensor(54) tensor(53)
tensor(54) tensor(53)
tensor(55) tensor(54)
tensor(54) tensor(53)
tensor(54) tensor(53)
tensor(54) tensor(53)
tensor(55) tensor(54)
tensor(54) tensor(53)
tensor(54) tensor(53)
tensor(55) tensor(54)
tensor(54) tensor(53)
tensor(53) tensor(52)
tensor(54) tensor(53)
tensor(53) tensor(52)
tensor(53) tensor(52)
tensor(53) tensor(52)
tensor(54) tensor(53)
tensor(53) tensor(52)
tensor(53) tensor(52)
tensor(53) tensor(52)
tensor(54) tensor(53)
tensor(53) tensor(52)
tensor(53) tensor(52)
tensor(54) tensor(53)
tensor(53) tensor(52)
tensor(52) tensor(51)
tensor(53) tensor(52)
tensor(52) tensor(51)
tensor(52) tensor(51)
tensor(52) tensor(51)
tensor(53) tensor(52)
tensor(52) tensor(51)
tensor(52) tensor(51)
tensor(52) tensor(51)
tensor(53) tensor(52)
tensor(52) tensor(51)
tensor(52) tensor(51)
tensor(53) tensor(52)
tensor(52) tensor(51)
tensor(51) tensor(50)
tensor(52) tensor(51)
tensor(51) tensor(50)
tensor(51) tensor(50)
tensor(51) tensor(50)
tensor(52) tensor(51)
tensor(51) tensor(50)
tensor(51) tensor(50)
tensor(51) tensor(50)
tensor(52) tensor(51)
tensor(51) tensor(50)
tensor(51) tensor(50)
tensor(52) tensor(51)
tensor(51) tensor(50)
tensor(50) tensor(49)
tensor(51) tensor(50)
tensor(50) tensor(49)
tensor(50) tensor(49)
tensor(50) tensor(49)
tensor(51) tensor(50)
tensor(50) tensor(49)
tensor(50) tensor(49)
tensor(50) tensor(49)
tensor(51) tensor(50)
tensor(50) tensor(49)
tensor(50) tensor(49)
tensor(51) tensor(50)
tensor(50) tensor(49)
tensor(49) tensor(48)
tensor(50) tensor(49)
tensor(49) tensor(48)
tensor(49) tensor(48)
tensor(49) tensor(48)
tensor(50) tensor(49)
tensor(49) tensor(48)
tensor(49) tensor(48)
tensor(49) tensor(48)
tensor(50) tensor(49)
tensor(49) tensor(48)
tensor(49) tensor(48)
tensor(50) tensor(49)
tensor(49) tensor(48)
tensor(48) tensor(47)
tensor(49) tensor(48)
tensor(48) tensor(47)
tensor(48) tensor(47)
tensor(48) tensor(47)
tensor(49) tensor(48)
tensor(48) tensor(47)
tensor(48) tensor(47)
tensor(48) tensor(47)
tensor(49) tensor(48)
tensor(48) tensor(47)
tensor(48) tensor(47)
tensor(49) tensor(48)
tensor(48) tensor(47)
tensor(47) tensor(46)
tensor(48) tensor(47)
tensor(47) tensor(46)
tensor(47) tensor(46)
tensor(47) tensor(46)
tensor(48) tensor(47)
tensor(47) tensor(46)
tensor(47) tensor(46)
tensor(47) tensor(46)
tensor(48) tensor(47)
tensor(47) tensor(46)
tensor(47) tensor(46)
tensor(47) tensor(46)
tensor(48) tensor(47)
tensor(46) tensor(45)
tensor(47) tensor(46)
tensor(46) tensor(45)
tensor(46) tensor(45)
tensor(46) tensor(45)
tensor(47) tensor(46)
tensor(46) tensor(45)
tensor(46) tensor(45)
tensor(46) tensor(45)
tensor(47) tensor(46)
tensor(46) tensor(45)
tensor(46) tensor(45)
tensor(46) tensor(45)
tensor(45) tensor(44)
tensor(47) tensor(46)
tensor(46) tensor(45)
tensor(45) tensor(44)
tensor(45) tensor(44)
tensor(46) tensor(45)tensor(45) tensor(44)
tensor(45) tensor(44)
tensor(45) tensor(44)
tensor(45) tensor(44)
tensor(46) tensor(45)
tensor(45) tensor(44)
tensor(45) tensor(44)
tensor(45) tensor(44)
tensor(44) tensor(43)
tensor(46) tensor(45)
tensor(45) tensor(44)
tensor(44) tensor(43)
tensor(44) tensor(43)
tensor(45) tensor(44)
tensor(44) tensor(43)
tensor(44) tensor(43)
tensor(44) tensor(43)
tensor(44) tensor(43)
tensor(45) tensor(44)
tensor(44) tensor(43)
tensor(44) tensor(43)
tensor(43) tensor(42)
tensor(44) tensor(43)
tensor(45) tensor(44)
tensor(44) tensor(43)
tensor(43) tensor(42)
tensor(43) tensor(42)
tensor(44) tensor(43)
tensor(43) tensor(42)
tensor(43) tensor(42)
tensor(43) tensor(42)
tensor(44) tensor(43)
tensor(43) tensor(42)
tensor(43) tensor(42)
tensor(42) tensor(41)
tensor(43) tensor(42)
tensor(44) tensor(43)
tensor(43) tensor(42)
tensor(42) tensor(41)
tensor(42) tensor(41)
tensor(43) tensor(42)
tensor(42) tensor(41)
tensor(42) tensor(41)
tensor(42) tensor(41)
tensor(42) tensor(41)
tensor(43) tensor(42)
tensor(42) tensor(41)
tensor(42) tensor(41)
tensor(41) tensor(40)
tensor(42) tensor(41)
tensor(43) tensor(42)
tensor(42) tensor(41)
tensor(41) tensor(40)
tensor(41) tensor(40)
tensor(42) tensor(41)
tensor(41) tensor(40)
tensor(41) tensor(40)
tensor(41) tensor(40)
tensor(41) tensor(40)
tensor(42) tensor(41)
tensor(41) tensor(40)
tensor(41) tensor(40)
tensor(40) tensor(39)
tensor(41) tensor(40)
tensor(41) tensor(40)
tensor(42) tensor(41)
tensor(40) tensor(39)
tensor(40) tensor(39)
tensor(41) tensor(40)
tensor(40) tensor(39)
tensor(40) tensor(39)
tensor(40) tensor(39)
tensor(40) tensor(39)
tensor(41) tensor(40)
tensor(40) tensor(39)
tensor(40) tensor(39)
tensor(39) tensor(38)
tensor(40) tensor(39)
tensor(40) tensor(39)
tensor(41) tensor(40)
tensor(39) tensor(38)
tensor(39) tensor(38)
tensor(40) tensor(39)
tensor(39) tensor(38)
tensor(39) tensor(38)
tensor(39) tensor(38)
tensor(39) tensor(38)
tensor(40) tensor(39)
tensor(39) tensor(38)
tensor(39) tensor(38)
tensor(38) tensor(37)
tensor(39) tensor(38)
tensor(39) tensor(38)
tensor(40) tensor(39)
tensor(38) tensor(37)
tensor(38) tensor(37)
tensor(39) tensor(38)
tensor(38) tensor(37)
tensor(38) tensor(37)
tensor(38) tensor(37)
tensor(38) tensor(37)
tensor(39) tensor(38)
tensor(38) tensor(37)
tensor(38) tensor(37)
tensor(37) tensor(36)
tensor(38) tensor(37)
tensor(38) tensor(37)
tensor(39) tensor(38)
tensor(37) tensor(36)
tensor(37) tensor(36)
tensor(38) tensor(37)
tensor(37) tensor(36)
tensor(37) tensor(36)
tensor(37) tensor(36)
tensor(37) tensor(36)
tensor(38) tensor(37)
tensor(37) tensor(36)
tensor(37) tensor(36)
tensor(36) tensor(35)
tensor(37) tensor(36)
tensor(37) tensor(36)
tensor(38) tensor(37)
tensor(36) tensor(35)
tensor(36) tensor(35)
tensor(37) tensor(36)
tensor(36) tensor(35)
tensor(36) tensor(35)
tensor(36) tensor(35)
tensor(36) tensor(35)
tensor(37) tensor(36)
tensor(36) tensor(35)
tensor(36) tensor(35)
tensor(35) tensor(34)
tensor(36) tensor(35)
tensor(36) tensor(35)
tensor(37) tensor(36)
tensor(35) tensor(34)
tensor(35) tensor(34)
tensor(36) tensor(35)
tensor(35) tensor(34)
tensor(35) tensor(34)
tensor(35) tensor(34)
tensor(35) tensor(34)
tensor(36) tensor(35)
tensor(35) tensor(34)
tensor(35) tensor(34)
tensor(34) tensor(33)
tensor(35) tensor(34)
tensor(35) tensor(34)
tensor(36) tensor(35)
tensor(34) tensor(33)
tensor(34) tensor(33)
tensor(35) tensor(34)
tensor(34) tensor(33)
tensor(34) tensor(33)
tensor(34) tensor(33)
tensor(34) tensor(33)
tensor(35) tensor(34)
tensor(34) tensor(33)
tensor(34) tensor(33)
tensor(33) tensor(32)
tensor(34) tensor(33)
tensor(34) tensor(33)
tensor(35) tensor(34)
tensor(33) tensor(32)
tensor(33) tensor(32)
tensor(34) tensor(33)
tensor(33) tensor(32)
tensor(33) tensor(32)
tensor(33) tensor(32)
tensor(33) tensor(32)
tensor(34) tensor(33)
tensor(33) tensor(32)
tensor(33) tensor(32)
tensor(32) tensor(31)
tensor(33) tensor(32)
tensor(33) tensor(32)
tensor(34) tensor(33)
tensor(32) tensor(31)
tensor(32) tensor(31)
tensor(33) tensor(32)
tensor(32) tensor(31)
tensor(32) tensor(31)
tensor(32) tensor(31)
tensor(32) tensor(31)
tensor(33) tensor(32)
tensor(32) tensor(31)
tensor(32) tensor(31)
tensor(31) tensor(30)
tensor(32) tensor(31)
tensor(32) tensor(31)
tensor(33) tensor(32)
tensor(31) tensor(30)
tensor(31) tensor(30)
tensor(32) tensor(31)
tensor(31) tensor(30)
tensor(31) tensor(30)
tensor(31) tensor(30)
tensor(31) tensor(30)
tensor(32) tensor(31)
tensor(31) tensor(30)
tensor(31) tensor(30)
tensor(30) tensor(29)
tensor(31) tensor(30)
tensor(31) tensor(30)
tensor(32) tensor(31)
tensor(30) tensor(29)
tensor(30) tensor(29)
tensor(31) tensor(30)
tensor(30) tensor(29)
tensor(30) tensor(29)
tensor(30) tensor(29)
tensor(30) tensor(29)
tensor(31) tensor(30)
tensor(30) tensor(29)
tensor(30) tensor(29)
tensor(29) tensor(28)
tensor(30) tensor(29)
tensor(30) tensor(29)
tensor(31) tensor(30)
tensor(29) tensor(28)
tensor(29) tensor(28)
tensor(30) tensor(29)
tensor(29) tensor(28)
tensor(29) tensor(28)
tensor(29) tensor(28)
tensor(29) tensor(28)
tensor(30) tensor(29)
tensor(29) tensor(28)
tensor(29) tensor(28)
tensor(29) tensor(28)
tensor(28) tensor(27)
tensor(29) tensor(28)
tensor(28) tensor(27)
tensor(30) tensor(29)
tensor(28) tensor(27)
tensor(29) tensor(28)
tensor(28) tensor(27)
tensor(28) tensor(27)
tensor(28) tensor(27)
tensor(28) tensor(27)
tensor(29) tensor(28)
tensor(28) tensor(27)
tensor(28) tensor(27)
tensor(28) tensor(27)
tensor(27) tensor(26)
tensor(28) tensor(27)
tensor(27) tensor(26)
tensor(29) tensor(28)
tensor(27) tensor(26)
tensor(28) tensor(27)
tensor(27) tensor(26)
tensor(27) tensor(26)
tensor(27) tensor(26)
tensor(27) tensor(26)
tensor(28) tensor(27)
tensor(27) tensor(26)
tensor(27) tensor(26)
tensor(27) tensor(26)
tensor(27) tensor(26)
tensor(26) tensor(25)
tensor(26) tensor(25)
tensor(28) tensor(25) tensor(27)
tensor(27) tensor(26)
tensor(26) tensor(25)
tensor(26) tensor(25)
tensor(26) tensor(25)
tensor(26) tensor(25)
tensor(27) tensor(26)
tensor(26) tensor(25)
tensor(26) tensor(25)
tensor(26) tensor(25)
tensor(26) tensor(25)
tensor(25) tensor(24)
tensor(25) tensor(24)
tensor(25) tensor(24)
tensor(27) tensor(26)
tensor(26) tensor(25)
tensor(25) tensor(24)
tensor(25) tensor(24)
tensor(25) tensor(24)
tensor(25) tensor(24)
tensor(26) tensor(25)
tensor(25) tensor(24)
tensor(25) tensor(24)
tensor(25) tensor(24)
tensor(25) tensor(24)
tensor(24) tensor(23)
tensor(24) tensor(23)
tensor(24) tensor(23)
tensor(26) tensor(25)
tensor(25) tensor(24)
tensor(24) tensor(23)
tensor(24) tensor(23)
tensor(24) tensor(23)
tensor(24) tensor(23)
tensor(25) tensor(24)
tensor(24) tensor(23)
tensor(24) tensor(23)
tensor(24) tensor(23)
tensor(24) tensor(23)
tensor(23) tensor(22)
tensor(23) tensor(22)
tensor(23) tensor(22)
tensor(25) tensor(24)
tensor(24) tensor(23)
tensor(23) tensor(22)
tensor(23) tensor(22)
tensor(23) tensor(22)
tensor(23) tensor(22)
tensor(24) tensor(23)
tensor(23) tensor(22)
tensor(23) tensor(22)
tensor(23) tensor(22)
tensor(23) tensor(22)
tensor(22) tensor(21)
tensor(22) tensor(21)
tensor(22) tensor(21)
tensor(24) tensor(23)
tensor(23) tensor(22)
tensor(22) tensor(21)
tensor(22) tensor(21)
tensor(22) tensor(21)
tensor(22) tensor(21)
tensor(23) tensor(22)
tensor(22) tensor(21)
tensor(22) tensor(21)
tensor(22) tensor(21)
tensor(22) tensor(21)
tensor(21) tensor(20)
tensor(21) tensor(20)
tensor(21) tensor(20)
tensor(23) tensor(22)
tensor(22) tensor(21)
tensor(21) tensor(20)
tensor(21) tensor(20)
tensor(21) tensor(20)
tensor(21) tensor(20)
tensor(22) tensor(21)
tensor(21) tensor(20)
tensor(21) tensor(20)
tensor(21) tensor(20)
tensor(21) tensor(20)
tensor(20) tensor(19)
tensor(20) tensor(19)
tensor(20) tensor(19)
tensor(21) tensor(20)
tensor(22) tensor(21)
tensor(20) tensor(19)
tensor(20) tensor(19)
tensor(20) tensor(19)
tensor(20) tensor(19)
tensor(21) tensor(20)
tensor(20) tensor(19)
tensor(20) tensor(19)
tensor(20) tensor(19)
tensor(20) tensor(19)
tensor(19) tensor(18)
tensor(19) tensor(18)
tensor(19) tensor(18)
tensor(20) tensor(19)
tensor(21) tensor(20)
tensor(19) tensor(18)
tensor(19) tensor(18)
tensor(19) tensor(18)
tensor(19) tensor(18)
tensor(20) tensor(19)
tensor(19) tensor(18)
tensor(19) tensor(18)
tensor(19) tensor(18)
tensor(19) tensor(18)
tensor(18) tensor(17)
tensor(18) tensor(17)
tensor(18) tensor(17)
tensor(19) tensor(18)
tensor(20) tensor(19)
tensor(18) tensor(17)
tensor(18) tensor(17)
tensor(18) tensor(17)
tensor(18) tensor(17)
tensor(19) tensor(18)
tensor(18) tensor(17)
tensor(18) tensor(17)
tensor(18) tensor(17)
tensor(18) tensor(17)
tensor(17) tensor(16)
tensor(17) tensor(16)
tensor(17) tensor(16)
tensor(18) tensor(17)
tensor(19) tensor(17)
tensor(17)tensor(16)tensor(16)
tensor(17) tensor(16)
tensor(17) tensor(16)
tensor(18) tensor(17)
tensor(17) tensor(16)
tensor(17) tensor(16)
tensor(17) tensor(16)
tensor(17) tensor(16)
tensor(16) tensor(15)
tensor(16) tensor(15)
tensor(16) tensor(15)
tensor(17) tensor(16)
tensor(16) tensor(15)
tensor(16) tensor(15)
tensor(18) tensor(17)
tensor(16) tensor(15)
tensor(16) tensor(15)
tensor(17) tensor(16)
tensor(16) tensor(15)
tensor(16) tensor(15)
tensor(16) tensor(15)
tensor(16) tensor(15)
tensor(15) tensor(14)
tensor(15) tensor(14)
tensor(15) tensor(14)
tensor(16) tensor(15)
tensor(15) tensor(14)
tensor(15) tensor(14)
tensor(17) tensor(16)
tensor(15) tensor(14)
tensor(15) tensor(14)
tensor(16) tensor(15)
tensor(15) tensor(14)
tensor(15) tensor(14)
tensor(15) tensor(14)
tensor(15) tensor(14)
tensor(14) tensor(13)
tensor(14) tensor(13)
tensor(14) tensor(13)
tensor(15) tensor(14)
tensor(14) tensor(13)
tensor(14) tensor(13)
tensor(16) tensor(15)
tensor(14) tensor(13)
tensor(14) tensor(13)
tensor(15) tensor(14)
tensor(14) tensor(13)
tensor(14) tensor(13)
tensor(14) tensor(13)
tensor(14) tensor(13)
tensor(13) tensor(12)
tensor(13) tensor(12)
tensor(13) tensor(12)
tensor(14) tensor(13)
tensor(13) tensor(12)
tensor(13) tensor(12)
tensor(15) tensor(14)
tensor(13) tensor(12)
tensor(13) tensor(12)
tensor(14) tensor(13)
tensor(13) tensor(12)
tensor(13) tensor(12)
tensor(13) tensor(12)
tensor(13) tensor(12)
tensor(12) tensor(11)
tensor(12) tensor(11)
tensor(12) tensor(11)
tensor(12) tensor(11)tensor(12) ensor(13)ttensor(12

tensor(14) tensor(13)
tensor(12) tensor(11)
tensor(12) tensor(11)
tensor(12) tensor(11)
tensor(13) tensor(12)
tensor(12) tensor(11)
tensor(12) tensor(11)
tensor(12) tensor(11)
tensor(11) tensor(10)
tensor(11) tensor(10)
tensor(11) tensor(10)
tensor(11) tensor(10)
tensor(11) tensor(10)
tensor(12) tensor(11)
tensor(11) tensor(10)
tensor(13) tensor(12)
tensor(11) tensor(10)
tensor(11) tensor(10)
tensor(12) tensor(11)
tensor(11) tensor(10)
tensor(11) tensor(10)
tensor(11) tensor(10)
tensor(10) tensor(9)
tensor(10) tensor(9)
tensor(10) tensor(9)
tensor(10) tensor(9)
tensor(10) tensor(9)
tensor(11) tensor(10)
tensor(10) tensor(9)
tensor(12) tensor(11)
tensor(10) tensor(9)
tensor(10) tensor(9)
tensor(11) tensor(10)
tensor(10) tensor(9)
tensor(10) tensor(9)
tensor(9) tensor(8)
tensor(10) tensor(9)
tensor(9) tensor(8)
tensor(9) tensor(8)
tensor(9) tensor(8)
tensor(9) tensor(8)
tensor(10) tensor(9)
tensor(9) tensor(8)
tensor(11) tensor(10)
tensor(9) tensor(8)
tensor(9) tensor(8)
tensor(10) tensor(9)
tensor(9) tensor(8)
tensor(9) tensor(8)
tensor(8) tensor(7)
tensor(9) tensor(8)
tensor(8) tensor(7)
tensor(8) tensor(7)
tensor(8)  tensor(7)
ensor(7)
tensor(9) tensor(8)
tensor(8) tensor(7)
tensor(10) tensor(9)
tensor(8) tensor(7)
tensor(8) tensor(7)
tensor(9) tensor(8)
tensor(8) tensor(7)
tensor(8) tensor(7)
tensor(7) tensor(6)
tensor(8) tensor(7)
tensor(7) tensor(6)
tensor(7) tensor(6)
tensor(7) tensor(6)
tensor(7) tensor(6)
tensor(8) tensor(7)
tensor(7) tensor(6)
tensor(9) tensor(8)
tensor(7) tensor(6)
tensor(7) tensor(6)
tensor(8) tensor(7)
tensor(7) tensor(6)
tensor(7) tensor(6)
tensor(6) tensor(5)
tensor(7) tensor(6)
tensor(6) tensor(5)
tensor(6) tensor(5)
tensor(6) tensor(5)
tensor(6) tensor(5)
tensor(7) tensor(6)
tensor(6) tensor(5)
tensor(8) tensor(7)
tensor(6) tensor(5)
tensor(6) tensor(5)
tensor(7) tensor(6)
tensor(6) tensor(5)
tensor(6) tensor(5)
tensor(5) tensor(4)
tensor(6) tensor(5)
tensor(5) tensor(4)
tensor(5) tensor(4)
tensor(5) tensor(4)
tensor(5) tensor(4)
tensor(6) tensor(5)
tensor(5) tensor(4)
tensor(7) tensor(6)
tensor(5) tensor(4)
tensor(5) tensor(4)
tensor(6) tensor(5)
tensor(5) tensor(4)
tensor(5) tensor(4)
tensor(4) tensor(3)
tensor(5) tensor(4)
tensor(4) tensor(3)
tensor(4) tensor(3)
tensor(4) tensor(3)
tensor(4) tensor(3)
tensor(4) tensor(3)
tensor(5) tensor(4)
tensor(6) tensor(5)
tensor(4) tensor(3)
tensor(4) tensor(3)
tensor(5) tensor(4)
tensor(4) tensor(3)
tensor(4) tensor(3)
tensor(3) tensor(2)
tensor(4) tensor(3)
tensor(3) tensor(2)
tensor(3) tensor(2)
tensor(3) tensor(2)
tensor(3) tensor(2)
tensor(3) tensor(2)
tensor(4) tensor(3)
tensor(5) tensor(4)
tensor(3) tensor(2)
tensor(3) tensor(2)
tensor(4) tensor(3)
tensor(3) tensor(2)
tensor(3) tensor(2)
tensor(2) tensor(1)
tensor(3) tensor(2)
tensor(2) tensor(1)
tensor(2) tensor(1)
tensor(2) tensor(1)
tensor(2) tensor(1)
tensor(2) tensor(1)
tensor(3) tensor(2)
tensor(4) tensor(3)
tensor(2) tensor(1)
tensor(2) tensor(1)
tensor(3) tensor(2)
tensor(2) tensor(1)
tensor(2) tensor(1)
tensor(1) tensor(0)
tensor(2) tensor(1)
tensor(1) tensor(0)
tensor(1) tensor(0)
tensor(1) tensor(0)
tensor(1) tensor(0)
tensor(1) tensor(0)
tensor(2) tensor(1)
tensor(1) tensor(0)
tensor(3) tensor(2)
tensor(1) tensor(0)
tensor(2) tensor(1)
tensor(1) tensor(0)
tensor(1) tensor(0)
tensor(0) tensor(0)
tensor(1) tensor(0)
tensor(0) tensor(0)
tensor(0) tensor(0)
tensor(0) tensor(0)
tensor(0) tensor(0)
tensor(0) tensor(0)
tensor(1) tensor(0)
tensor(0) tensor(0)
tensor(2) tensor(1)
tensor(0) tensor(0)
tensor(1) tensor(0)
tensor(0) tensor(0)
tensor(0) tensor(0)
tensor(0) tensor(0)
tensor(0) tensor(0)
tensor(1) tensor(0)
tensor(0) tensor(0)
tensor(0) tensor(0)
