Loading cuda/11.6.2/gcc/9.4.0/zen2
  Loading requirement: gcc/9.4.0
modules imported
step: 0, loss 84.492
step: 100, loss 80.084
step: 200, loss 78.243
step: 300, loss 77.722
step: 400, loss 77.338
step: 500, loss 77.083
step: 600, loss 78.754
step: 700, loss 77.531
step: 800, loss 77.119
step: 900, loss 78.154
step: 1000, loss 80.146
step: 1100, loss 77.139
step: 1200, loss 78.215
step: 1300, loss 77.560
step: 1400, loss 75.800
step: 1500, loss 76.524
epoch: 0
Traceback (most recent call last):
  File "/scratch/zt1/project/tiwary-prj/user/lherron/repos/thermodyanmic-diffusion/scripts/train.py", line 65, in <module>
    trainer.train(100, loss_type="l2", batch_size=64, print_freq=100)
  File "/home/lherron/scratch/repos/thermodyanmic-diffusion/thermodiff/DiffusionModel.py", line 191, in train
    self.BB.save_state(self.directory, epoch)
  File "/home/lherron/scratch/repos/thermodyanmic-diffusion/thermodiff/Backbone.py", line 66, in save_state
    save_path = get_model_path(directory, epoch)
NameError: name 'get_model_path' is not defined
