Loading cuda/11.6.2/gcc/9.4.0/zen2
  Loading requirement: gcc/9.4.0
modules imported
step: 0, loss 84.494
step: 100, loss 113.892
step: 200, loss 71.584
step: 300, loss 65.840
step: 400, loss 58.482
step: 500, loss 48.385
step: 600, loss 40.166
step: 700, loss 41.340
step: 800, loss 40.026
step: 900, loss 40.416
step: 1000, loss 33.200
step: 1100, loss 37.184
step: 1200, loss 33.752
step: 1300, loss 34.694
step: 1400, loss 35.289
step: 1500, loss 33.771
epoch: 0
step: 0, loss 35.270
step: 100, loss 37.834
step: 200, loss 35.625
step: 300, loss 31.533
step: 400, loss 33.188
step: 500, loss 34.936
step: 600, loss 35.120
step: 700, loss 28.879
step: 800, loss 29.528
step: 900, loss 25.723
step: 1000, loss 27.423
step: 1100, loss 25.570
step: 1200, loss 31.321
step: 1300, loss 20.064
step: 1400, loss 29.253
step: 1500, loss 24.522
epoch: 1
step: 0, loss 19.907
step: 100, loss 16.819
step: 200, loss 26.297
step: 300, loss 23.030
step: 400, loss 22.818
step: 500, loss 24.612
step: 600, loss 21.313
step: 700, loss 21.041
step: 800, loss 20.474
step: 900, loss 24.778
step: 1000, loss 19.402
step: 1100, loss 20.067
step: 1200, loss 24.013
step: 1300, loss 22.604
step: 1400, loss 18.757
step: 1500, loss 21.996
epoch: 2
step: 0, loss 23.887
step: 100, loss 20.391
step: 200, loss 21.937
step: 300, loss 23.024
step: 400, loss 22.438
step: 500, loss 19.417
step: 600, loss 20.122
step: 700, loss 20.251
step: 800, loss 22.640
step: 900, loss 20.944
step: 1000, loss 19.524
step: 1100, loss 21.214
step: 1200, loss 17.541
step: 1300, loss 16.883
step: 1400, loss 20.712
step: 1500, loss 18.329
epoch: 3
step: 0, loss 19.641
step: 100, loss 19.860
step: 200, loss 17.000
step: 300, loss 17.310
step: 400, loss 19.341
step: 500, loss 19.550
step: 600, loss 19.953
step: 700, loss 21.054
step: 800, loss 21.839
step: 900, loss 23.218
step: 1000, loss 20.453
step: 1100, loss 19.723
step: 1200, loss 22.041
step: 1300, loss 15.189
step: 1400, loss 18.260
step: 1500, loss 19.129
epoch: 4
step: 0, loss 20.397
step: 100, loss 22.504
step: 200, loss 21.363
step: 300, loss 17.221
step: 400, loss 20.147
step: 500, loss 19.415
step: 600, loss 18.125
step: 700, loss 16.854
step: 800, loss 18.190
step: 900, loss 16.252
step: 1000, loss 18.684
step: 1100, loss 16.391
step: 1200, loss 19.115
step: 1300, loss 19.806
step: 1400, loss 15.551
step: 1500, loss 19.734
epoch: 5
step: 0, loss 17.668
step: 100, loss 17.963
step: 200, loss 16.443
step: 300, loss 23.256
step: 400, loss 21.300
step: 500, loss 17.654
step: 600, loss 17.564
step: 700, loss 20.167
step: 800, loss 20.298
step: 900, loss 17.036
step: 1000, loss 19.532
step: 1100, loss 20.387
step: 1200, loss 16.964
step: 1300, loss 20.801
step: 1400, loss 18.879
step: 1500, loss 17.627
epoch: 6
step: 0, loss 19.089
step: 100, loss 17.701
step: 200, loss 18.139
step: 300, loss 22.504
step: 400, loss 17.871
step: 500, loss 16.305
step: 600, loss 16.854
step: 700, loss 15.631
step: 800, loss 17.659
step: 900, loss 16.627
step: 1000, loss 16.813
step: 1100, loss 14.783
step: 1200, loss 15.121
step: 1300, loss 16.339
step: 1400, loss 17.670
step: 1500, loss 18.416
epoch: 7
step: 0, loss 17.598
step: 100, loss 19.540
step: 200, loss 16.199
step: 300, loss 17.002
step: 400, loss 17.333
step: 500, loss 17.621
step: 600, loss 16.581
step: 700, loss 16.239
step: 800, loss 17.401
step: 900, loss 15.802
step: 1000, loss 18.107
step: 1100, loss 16.551
step: 1200, loss 15.391
step: 1300, loss 13.268
step: 1400, loss 15.185
step: 1500, loss 16.835
epoch: 8
step: 0, loss 17.705
step: 100, loss 16.585
step: 200, loss 21.254
step: 300, loss 16.274
step: 400, loss 14.374
step: 500, loss 15.808
step: 600, loss 16.050
step: 700, loss 17.886
step: 800, loss 16.413
step: 900, loss 17.739
step: 1000, loss 15.109
step: 1100, loss 16.353
step: 1200, loss 17.881
step: 1300, loss 19.454
step: 1400, loss 16.341
step: 1500, loss 17.097
epoch: 9
step: 0, loss 18.212
step: 100, loss 14.985
step: 200, loss 15.116
step: 300, loss 18.754
step: 400, loss 16.459
step: 500, loss 16.594
step: 600, loss 18.851
step: 700, loss 15.478
step: 800, loss 18.426
step: 900, loss 13.994
step: 1000, loss 14.111
step: 1100, loss 14.354
step: 1200, loss 16.916
step: 1300, loss 16.054
step: 1400, loss 17.411
step: 1500, loss 16.903
epoch: 10
step: 0, loss 19.973
step: 100, loss 16.939
step: 200, loss 17.651
step: 300, loss 16.330
step: 400, loss 15.089
step: 500, loss 15.106
step: 600, loss 15.105
step: 700, loss 16.763
step: 800, loss 16.162
step: 900, loss 13.142
step: 1000, loss 13.643
step: 1100, loss 13.418
step: 1200, loss 13.691
step: 1300, loss 17.635
step: 1400, loss 16.169
step: 1500, loss 14.002
epoch: 11
step: 0, loss 13.844
step: 100, loss 15.266
step: 200, loss 13.725
step: 300, loss 16.722
step: 400, loss 16.897
step: 500, loss 13.895
step: 600, loss 16.387
step: 700, loss 15.730
step: 800, loss 16.631
step: 900, loss 12.065
step: 1000, loss 13.126
step: 1100, loss 13.620
step: 1200, loss 12.270
step: 1300, loss 17.298
step: 1400, loss 17.115
step: 1500, loss 13.587
epoch: 12
step: 0, loss 14.103
step: 100, loss 12.386
step: 200, loss 15.067
step: 300, loss 14.565
step: 400, loss 14.975
step: 500, loss 14.469
step: 600, loss 15.213
step: 700, loss 14.800
step: 800, loss 14.889
step: 900, loss 13.152
step: 1000, loss 15.943
step: 1100, loss 13.849
step: 1200, loss 13.453
step: 1300, loss 14.607
step: 1400, loss 15.395
step: 1500, loss 14.806
epoch: 13
step: 0, loss 12.907
step: 100, loss 13.475
step: 200, loss 14.330
step: 300, loss 15.217
step: 400, loss 13.764
step: 500, loss 12.817
step: 600, loss 13.076
step: 700, loss 14.060
step: 800, loss 14.277
step: 900, loss 14.098
step: 1000, loss 14.909
step: 1100, loss 15.522
step: 1200, loss 13.188
step: 1300, loss 13.877
step: 1400, loss 14.858
step: 1500, loss 14.316
epoch: 14
step: 0, loss 16.173
step: 100, loss 10.800
step: 200, loss 14.910
step: 300, loss 13.247
step: 400, loss 14.449
step: 500, loss 11.982
step: 600, loss 12.828
step: 700, loss 13.334
step: 800, loss 12.005
step: 900, loss 13.218
step: 1000, loss 11.855
step: 1100, loss 15.615
step: 1200, loss 14.928
step: 1300, loss 13.619
step: 1400, loss 13.773
step: 1500, loss 16.660
epoch: 15
step: 0, loss 12.664
step: 100, loss 14.725
step: 200, loss 15.248
step: 300, loss 15.759
step: 400, loss 14.708
step: 500, loss 11.606
step: 600, loss 13.643
step: 700, loss 14.001
step: 800, loss 13.479
step: 900, loss 15.173
step: 1000, loss 14.910
step: 1100, loss 15.370
step: 1200, loss 14.051
step: 1300, loss 14.302
step: 1400, loss 12.829
step: 1500, loss 13.054
epoch: 16
step: 0, loss 12.806
step: 100, loss 14.026
step: 200, loss 13.225
step: 300, loss 12.524
step: 400, loss 14.818
step: 500, loss 13.649
step: 600, loss 13.937
step: 700, loss 14.423
step: 800, loss 12.629
step: 900, loss 14.618
step: 1000, loss 12.970
step: 1100, loss 14.702
step: 1200, loss 13.607
step: 1300, loss 14.827
step: 1400, loss 13.866
step: 1500, loss 13.500
epoch: 17
step: 0, loss 12.577
step: 100, loss 12.638
step: 200, loss 15.752
step: 300, loss 11.840
step: 400, loss 14.255
step: 500, loss 15.830
step: 600, loss 14.251
step: 700, loss 13.058
step: 800, loss 12.472
step: 900, loss 14.381
step: 1000, loss 12.489
step: 1100, loss 12.690
step: 1200, loss 13.075
step: 1300, loss 13.265
step: 1400, loss 12.288
step: 1500, loss 14.634
epoch: 18
step: 0, loss 14.335
step: 100, loss 12.879
step: 200, loss 13.114
step: 300, loss 14.020
step: 400, loss 12.293
step: 500, loss 14.092
step: 600, loss 14.522
step: 700, loss 12.483
step: 800, loss 12.273
step: 900, loss 12.777
step: 1000, loss 12.047
step: 1100, loss 13.875
step: 1200, loss 12.164
step: 1300, loss 13.548
step: 1400, loss 11.474
step: 1500, loss 12.737
epoch: 19
step: 0, loss 13.405
step: 100, loss 12.653
step: 200, loss 11.400
step: 300, loss 12.005
step: 400, loss 14.165
step: 500, loss 12.745
step: 600, loss 11.688
step: 700, loss 15.337
step: 800, loss 13.758
step: 900, loss 11.818
step: 1000, loss 12.836
step: 1100, loss 14.233
step: 1200, loss 14.896
step: 1300, loss 12.936
step: 1400, loss 11.780
step: 1500, loss 11.298
epoch: 20
step: 0, loss 14.065
step: 100, loss 11.097
step: 200, loss 12.396
step: 300, loss 13.024
step: 400, loss 10.860
step: 500, loss 13.993
step: 600, loss 14.906
step: 700, loss 11.336
step: 800, loss 12.931
step: 900, loss 11.376
step: 1000, loss 11.482
step: 1100, loss 15.400
step: 1200, loss 11.731
step: 1300, loss 11.455
step: 1400, loss 11.429
step: 1500, loss 10.978
epoch: 21
step: 0, loss 11.622
step: 100, loss 12.531
step: 200, loss 13.042
step: 300, loss 11.972
step: 400, loss 14.225
step: 500, loss 14.516
step: 600, loss 11.281
step: 700, loss 11.427
step: 800, loss 12.276
step: 900, loss 11.786
step: 1000, loss 12.750
step: 1100, loss 11.582
step: 1200, loss 12.555
step: 1300, loss 11.995
step: 1400, loss 12.886
step: 1500, loss 11.798
epoch: 22
step: 0, loss 11.707
step: 100, loss 9.424
step: 200, loss 10.372
step: 300, loss 12.569
step: 400, loss 11.702
step: 500, loss 12.746
step: 600, loss 10.939
step: 700, loss 10.614
step: 800, loss 13.070
step: 900, loss 12.206
step: 1000, loss 13.180
step: 1100, loss 11.608
step: 1200, loss 12.945
step: 1300, loss 13.174
step: 1400, loss 10.085
step: 1500, loss 13.861
epoch: 23
step: 0, loss 10.764
step: 100, loss 12.460
step: 200, loss 13.097
step: 300, loss 10.261
step: 400, loss 12.888
step: 500, loss 14.253
step: 600, loss 9.898
step: 700, loss 11.485
step: 800, loss 11.365
step: 900, loss 12.872
step: 1000, loss 12.924
step: 1100, loss 15.054
step: 1200, loss 11.928
step: 1300, loss 8.899
step: 1400, loss 12.161
step: 1500, loss 10.461
epoch: 24
step: 0, loss 11.994
step: 100, loss 12.291
step: 200, loss 10.369
step: 300, loss 10.872
step: 400, loss 13.274
step: 500, loss 11.220
step: 600, loss 10.898
step: 700, loss 11.023
step: 800, loss 13.220
step: 900, loss 12.185
step: 1000, loss 13.303
step: 1100, loss 12.264
step: 1200, loss 14.936
step: 1300, loss 10.668
step: 1400, loss 12.902
step: 1500, loss 13.424
epoch: 25
step: 0, loss 11.995
step: 100, loss 10.536
step: 200, loss 13.436
step: 300, loss 11.569
step: 400, loss 11.740
step: 500, loss 12.443
step: 600, loss 11.225
step: 700, loss 12.675
step: 800, loss 9.780
step: 900, loss 14.592
step: 1000, loss 11.955
step: 1100, loss 11.018
step: 1200, loss 14.354
step: 1300, loss 12.411
step: 1400, loss 10.825
step: 1500, loss 10.554
epoch: 26
step: 0, loss 13.555
step: 100, loss 13.538
step: 200, loss 12.156
step: 300, loss 13.692
step: 400, loss 10.347
step: 500, loss 12.032
step: 600, loss 12.945
step: 700, loss 13.522
step: 800, loss 12.441
step: 900, loss 11.920
step: 1000, loss 10.125
step: 1100, loss 10.732
step: 1200, loss 12.153
step: 1300, loss 10.229
step: 1400, loss 11.701
step: 1500, loss 11.966
epoch: 27
step: 0, loss 11.756
step: 100, loss 11.469
step: 200, loss 13.875
step: 300, loss 10.721
step: 400, loss 13.461
step: 500, loss 11.555
step: 600, loss 9.322
step: 700, loss 13.457
step: 800, loss 10.061
step: 900, loss 9.976
step: 1000, loss 9.699
step: 1100, loss 11.976
step: 1200, loss 9.672
step: 1300, loss 11.218
step: 1400, loss 11.567
step: 1500, loss 11.444
epoch: 28
step: 0, loss 9.773
step: 100, loss 12.606
step: 200, loss 12.542
step: 300, loss 11.923
step: 400, loss 12.686
step: 500, loss 12.723
step: 600, loss 12.044
step: 700, loss 12.951
step: 800, loss 16.613
step: 900, loss 13.028
step: 1000, loss 11.405
step: 1100, loss 12.684
step: 1200, loss 11.524
step: 1300, loss 9.521
step: 1400, loss 13.780
step: 1500, loss 11.176
epoch: 29
step: 0, loss 14.869
step: 100, loss 13.660
step: 200, loss 13.486
step: 300, loss 12.292
step: 400, loss 11.252
step: 500, loss 13.244
step: 600, loss 11.277
step: 700, loss 11.378
step: 800, loss 13.826
step: 900, loss 10.285
step: 1000, loss 11.167
step: 1100, loss 10.541
step: 1200, loss 12.349
step: 1300, loss 10.263
step: 1400, loss 12.070
step: 1500, loss 11.983
epoch: 30
step: 0, loss 11.794
step: 100, loss 13.633
step: 200, loss 10.979
step: 300, loss 12.118
step: 400, loss 10.229
step: 500, loss 12.698
step: 600, loss 12.766
step: 700, loss 11.783
step: 800, loss 12.928
step: 900, loss 11.957
step: 1000, loss 10.636
step: 1100, loss 10.792
step: 1200, loss 10.740
step: 1300, loss 11.520
step: 1400, loss 12.126
step: 1500, loss 12.589
epoch: 31
step: 0, loss 13.768
step: 100, loss 11.160
step: 200, loss 10.658
step: 300, loss 10.582
step: 400, loss 10.922
step: 500, loss 11.942
step: 600, loss 10.609
step: 700, loss 11.391
step: 800, loss 10.912
step: 900, loss 8.641
step: 1000, loss 12.011
step: 1100, loss 13.071
step: 1200, loss 11.296
step: 1300, loss 8.783
step: 1400, loss 10.467
step: 1500, loss 12.169
epoch: 32
step: 0, loss 11.314
step: 100, loss 13.336
step: 200, loss 11.002
step: 300, loss 12.179
step: 400, loss 12.053
step: 500, loss 12.653
step: 600, loss 10.889
step: 700, loss 11.579
step: 800, loss 12.454
step: 900, loss 9.390
step: 1000, loss 12.081
step: 1100, loss 11.617
step: 1200, loss 10.592
step: 1300, loss 11.804
step: 1400, loss 9.649
step: 1500, loss 12.092
epoch: 33
step: 0, loss 12.465
step: 100, loss 11.259
step: 200, loss 11.748
step: 300, loss 13.698
step: 400, loss 10.660
step: 500, loss 11.300
step: 600, loss 13.133
step: 700, loss 9.795
step: 800, loss 10.740
step: 900, loss 10.761
step: 1000, loss 11.027
step: 1100, loss 12.899
step: 1200, loss 11.581
step: 1300, loss 11.826
step: 1400, loss 13.200
step: 1500, loss 13.572
epoch: 34
step: 0, loss 15.411
step: 100, loss 9.949
step: 200, loss 12.100
step: 300, loss 12.216
step: 400, loss 12.657
step: 500, loss 12.091
step: 600, loss 10.767
step: 700, loss 9.786
step: 800, loss 11.117
step: 900, loss 12.540
step: 1000, loss 12.532
step: 1100, loss 13.185
step: 1200, loss 11.220
step: 1300, loss 11.583
step: 1400, loss 10.290
step: 1500, loss 12.918
epoch: 35
step: 0, loss 11.382
step: 100, loss 11.804
step: 200, loss 11.912
step: 300, loss 9.894
step: 400, loss 12.462
step: 500, loss 12.945
step: 600, loss 8.883
step: 700, loss 9.839
step: 800, loss 11.870
step: 900, loss 11.056
step: 1000, loss 10.083
step: 1100, loss 12.609
step: 1200, loss 11.472
step: 1300, loss 9.909
step: 1400, loss 10.870
step: 1500, loss 11.133
epoch: 36
step: 0, loss 10.995
step: 100, loss 12.745
step: 200, loss 11.025
step: 300, loss 12.465
step: 400, loss 12.772
step: 500, loss 10.981
step: 600, loss 11.755
step: 700, loss 11.226
step: 800, loss 10.401
step: 900, loss 13.151
step: 1000, loss 11.113
step: 1100, loss 12.014
step: 1200, loss 8.606
step: 1300, loss 10.457
step: 1400, loss 9.686
step: 1500, loss 12.426
epoch: 37
step: 0, loss 10.184
step: 100, loss 13.192
step: 200, loss 10.250
step: 300, loss 12.833
step: 400, loss 12.232
step: 500, loss 11.055
step: 600, loss 13.005
step: 700, loss 10.901
step: 800, loss 13.887
step: 900, loss 8.782
step: 1000, loss 10.852
step: 1100, loss 14.683
step: 1200, loss 11.159
step: 1300, loss 12.672
step: 1400, loss 12.637
step: 1500, loss 11.500
epoch: 38
step: 0, loss 13.074
step: 100, loss 8.390
step: 200, loss 10.036
step: 300, loss 11.704
step: 400, loss 9.599
step: 500, loss 9.135
step: 600, loss 11.918
step: 700, loss 9.996
step: 800, loss 15.324
step: 900, loss 10.687
step: 1000, loss 13.662
step: 1100, loss 9.578
step: 1200, loss 10.494
step: 1300, loss 11.338
step: 1400, loss 12.971
step: 1500, loss 10.606
epoch: 39
step: 0, loss 11.620
step: 100, loss 12.043
step: 200, loss 11.172
step: 300, loss 11.776
step: 400, loss 11.243
step: 500, loss 11.478
step: 600, loss 11.110
step: 700, loss 12.437
step: 800, loss 10.525
step: 900, loss 11.192
step: 1000, loss 10.092
step: 1100, loss 9.262
step: 1200, loss 9.120
step: 1300, loss 10.396
step: 1400, loss 10.796
step: 1500, loss 11.199
epoch: 40
step: 0, loss 12.246
step: 100, loss 11.810
step: 200, loss 11.375
step: 300, loss 12.058
step: 400, loss 11.360
step: 500, loss 12.277
step: 600, loss 11.436
step: 700, loss 10.090
step: 800, loss 9.351
step: 900, loss 10.686
step: 1000, loss 9.692
step: 1100, loss 12.149
step: 1200, loss 8.996
step: 1300, loss 10.811
step: 1400, loss 10.791
step: 1500, loss 13.815
epoch: 41
step: 0, loss 12.654
step: 100, loss 10.607
step: 200, loss 13.359
step: 300, loss 11.536
step: 400, loss 15.978
step: 500, loss 11.277
step: 600, loss 11.999
step: 700, loss 10.855
step: 800, loss 11.402
step: 900, loss 10.183
step: 1000, loss 10.850
step: 1100, loss 9.057
step: 1200, loss 10.061
step: 1300, loss 10.856
step: 1400, loss 11.408
step: 1500, loss 10.773
epoch: 42
step: 0, loss 12.743
step: 100, loss 10.810
step: 200, loss 8.775
step: 300, loss 10.821
step: 400, loss 10.026
step: 500, loss 12.899
step: 600, loss 10.971
step: 700, loss 12.527
step: 800, loss 12.990
step: 900, loss 11.844
step: 1000, loss 12.445
step: 1100, loss 9.776
step: 1200, loss 10.741
step: 1300, loss 10.287
step: 1400, loss 12.393
step: 1500, loss 10.214
epoch: 43
step: 0, loss 10.275
step: 100, loss 11.553
step: 200, loss 11.797
step: 300, loss 11.006
step: 400, loss 11.421
step: 500, loss 9.434
step: 600, loss 11.812
step: 700, loss 11.009
step: 800, loss 11.742
step: 900, loss 10.314
step: 1000, loss 11.347
step: 1100, loss 10.638
step: 1200, loss 12.881
step: 1300, loss 13.422
step: 1400, loss 11.103
step: 1500, loss 10.330
epoch: 44
step: 0, loss 11.354
step: 100, loss 9.452
step: 200, loss 10.452
step: 300, loss 10.163
step: 400, loss 11.797
step: 500, loss 9.674
step: 600, loss 10.220
step: 700, loss 13.174
step: 800, loss 8.724
step: 900, loss 11.060
step: 1000, loss 9.853
step: 1100, loss 12.886
step: 1200, loss 10.763
step: 1300, loss 11.292
step: 1400, loss 10.565
step: 1500, loss 9.722
epoch: 45
step: 0, loss 11.014
step: 100, loss 11.085
step: 200, loss 9.993
step: 300, loss 11.545
step: 400, loss 10.767
step: 500, loss 9.588
step: 600, loss 11.150
step: 700, loss 10.771
step: 800, loss 10.893
step: 900, loss 11.504
step: 1000, loss 10.528
step: 1100, loss 14.902
step: 1200, loss 8.739
step: 1300, loss 11.967
step: 1400, loss 12.100
step: 1500, loss 10.745
epoch: 46
step: 0, loss 10.979
step: 100, loss 10.514
step: 200, loss 12.961
step: 300, loss 10.349
step: 400, loss 9.974
step: 500, loss 10.633
step: 600, loss 9.386
step: 700, loss 10.420
step: 800, loss 12.447
step: 900, loss 9.913
step: 1000, loss 11.462
step: 1100, loss 10.885
step: 1200, loss 10.570
step: 1300, loss 10.197
step: 1400, loss 9.220
step: 1500, loss 11.641
epoch: 47
step: 0, loss 10.438
step: 100, loss 13.241
step: 200, loss 11.856
step: 300, loss 10.935
step: 400, loss 12.943
step: 500, loss 11.307
step: 600, loss 10.110
step: 700, loss 14.247
step: 800, loss 10.245
step: 900, loss 9.636
step: 1000, loss 10.582
step: 1100, loss 10.635
step: 1200, loss 10.445
step: 1300, loss 11.883
step: 1400, loss 10.099
step: 1500, loss 8.242
epoch: 48
step: 0, loss 10.300
step: 100, loss 12.932
step: 200, loss 12.410
step: 300, loss 11.583
step: 400, loss 11.457
step: 500, loss 12.955
step: 600, loss 10.739
step: 700, loss 11.199
step: 800, loss 11.100
step: 900, loss 11.649
step: 1000, loss 12.415
step: 1100, loss 11.208
step: 1200, loss 10.828
step: 1300, loss 12.336
step: 1400, loss 10.172
step: 1500, loss 9.977
epoch: 49
step: 0, loss 11.014
step: 100, loss 12.719
step: 200, loss 10.238
step: 300, loss 9.282
step: 400, loss 9.294
step: 500, loss 11.548
step: 600, loss 8.634
step: 700, loss 10.047
step: 800, loss 10.333
step: 900, loss 10.252
step: 1000, loss 10.726
step: 1100, loss 8.657
step: 1200, loss 10.564
step: 1300, loss 11.435
step: 1400, loss 9.428
step: 1500, loss 10.643
epoch: 50
step: 0, loss 10.579
step: 100, loss 11.964
step: 200, loss 10.311
step: 300, loss 9.964
step: 400, loss 11.102
step: 500, loss 9.911
step: 600, loss 8.797
step: 700, loss 9.726
step: 800, loss 9.786
step: 900, loss 12.367
step: 1000, loss 11.031
step: 1100, loss 10.993
step: 1200, loss 10.089
step: 1300, loss 10.648
step: 1400, loss 9.244
step: 1500, loss 11.738
epoch: 51
step: 0, loss 9.097
step: 100, loss 9.971
step: 200, loss 11.452
step: 300, loss 11.367
step: 400, loss 10.654
step: 500, loss 10.516
step: 600, loss 11.429
step: 700, loss 12.122
step: 800, loss 12.459
step: 900, loss 10.994
step: 1000, loss 9.036
step: 1100, loss 13.025
step: 1200, loss 11.267
step: 1300, loss 11.386
step: 1400, loss 10.459
step: 1500, loss 10.417
epoch: 52
step: 0, loss 10.481
step: 100, loss 12.127
step: 200, loss 11.229
step: 300, loss 11.060
step: 400, loss 11.214
step: 500, loss 11.682
step: 600, loss 10.907
step: 700, loss 11.342
step: 800, loss 11.808
step: 900, loss 9.861
step: 1000, loss 11.507
step: 1100, loss 12.142
step: 1200, loss 7.649
step: 1300, loss 11.684
step: 1400, loss 8.959
step: 1500, loss 9.712
epoch: 53
step: 0, loss 10.544
step: 100, loss 11.665
step: 200, loss 10.743
step: 300, loss 11.129
step: 400, loss 10.997
step: 500, loss 11.031
step: 600, loss 11.021
step: 700, loss 10.108
step: 800, loss 12.343
step: 900, loss 8.897
step: 1000, loss 12.107
step: 1100, loss 10.527
step: 1200, loss 11.270
step: 1300, loss 9.075
step: 1400, loss 12.121
step: 1500, loss 11.110
epoch: 54
step: 0, loss 10.616
step: 100, loss 10.208
step: 200, loss 10.041
step: 300, loss 9.091
step: 400, loss 9.946
step: 500, loss 14.119
step: 600, loss 8.790
step: 700, loss 10.358
step: 800, loss 9.101
step: 900, loss 10.805
step: 1000, loss 9.683
step: 1100, loss 9.358
step: 1200, loss 11.631
step: 1300, loss 12.960
step: 1400, loss 10.159
step: 1500, loss 12.273
epoch: 55
step: 0, loss 11.450
step: 100, loss 10.857
step: 200, loss 12.525
step: 300, loss 10.945
step: 400, loss 14.030
step: 500, loss 10.455
step: 600, loss 9.287
step: 700, loss 10.102
step: 800, loss 10.615
step: 900, loss 10.003
step: 1000, loss 9.452
step: 1100, loss 9.401
step: 1200, loss 11.871
step: 1300, loss 11.141
step: 1400, loss 10.839
step: 1500, loss 9.534
epoch: 56
step: 0, loss 9.562
step: 100, loss 11.424
step: 200, loss 10.165
step: 300, loss 10.001
step: 400, loss 11.380
step: 500, loss 11.804
step: 600, loss 11.279
step: 700, loss 9.306
step: 800, loss 11.349
step: 900, loss 10.448
step: 1000, loss 9.928
step: 1100, loss 9.678
step: 1200, loss 11.282
step: 1300, loss 10.842
step: 1400, loss 10.917
step: 1500, loss 10.266
epoch: 57
step: 0, loss 9.875
step: 100, loss 13.182
step: 200, loss 10.604
step: 300, loss 8.723
step: 400, loss 10.447
step: 500, loss 9.756
step: 600, loss 9.660
step: 700, loss 10.359
step: 800, loss 10.634
step: 900, loss 9.009
step: 1000, loss 12.361
step: 1100, loss 10.576
step: 1200, loss 10.748
step: 1300, loss 9.303
step: 1400, loss 9.419
step: 1500, loss 8.945
epoch: 58
step: 0, loss 10.806
step: 100, loss 9.300
step: 200, loss 10.721
step: 300, loss 8.963
step: 400, loss 11.696
step: 500, loss 9.091
step: 600, loss 9.836
step: 700, loss 14.059
step: 800, loss 10.698
step: 900, loss 11.965
step: 1000, loss 10.607
step: 1100, loss 11.258
step: 1200, loss 8.471
step: 1300, loss 11.054
step: 1400, loss 12.460
step: 1500, loss 11.108
epoch: 59
step: 0, loss 11.171
step: 100, loss 10.277
step: 200, loss 10.474
step: 300, loss 12.531
step: 400, loss 11.813
step: 500, loss 9.937
step: 600, loss 10.254
step: 700, loss 11.357
step: 800, loss 11.415
step: 900, loss 10.520
step: 1000, loss 12.452
step: 1100, loss 10.109
step: 1200, loss 10.576
step: 1300, loss 9.579
step: 1400, loss 10.213
step: 1500, loss 11.570
epoch: 60
step: 0, loss 10.562
step: 100, loss 11.348
step: 200, loss 10.497
step: 300, loss 11.749
step: 400, loss 8.849
step: 500, loss 10.163
step: 600, loss 10.944
step: 700, loss 11.668
step: 800, loss 9.135
step: 900, loss 9.138
step: 1000, loss 13.824
step: 1100, loss 11.823
step: 1200, loss 12.076
step: 1300, loss 10.296
step: 1400, loss 9.723
step: 1500, loss 10.548
epoch: 61
step: 0, loss 9.722
step: 100, loss 9.288
step: 200, loss 9.908
step: 300, loss 13.538
step: 400, loss 9.781
step: 500, loss 11.446
step: 600, loss 8.938
step: 700, loss 10.114
step: 800, loss 9.574
step: 900, loss 10.771
step: 1000, loss 9.860
step: 1100, loss 11.259
step: 1200, loss 10.059
step: 1300, loss 11.470
step: 1400, loss 12.076
step: 1500, loss 9.580
epoch: 62
step: 0, loss 12.520
step: 100, loss 8.560
step: 200, loss 9.920
step: 300, loss 8.304
step: 400, loss 11.496
step: 500, loss 9.765
step: 600, loss 11.285
step: 700, loss 8.641
step: 800, loss 8.618
step: 900, loss 9.880
step: 1000, loss 10.117
step: 1100, loss 11.252
step: 1200, loss 9.412
step: 1300, loss 11.803
step: 1400, loss 10.189
step: 1500, loss 9.386
epoch: 63
step: 0, loss 9.529
step: 100, loss 11.208
step: 200, loss 11.363
step: 300, loss 12.547
step: 400, loss 10.823
step: 500, loss 10.468
step: 600, loss 10.865
step: 700, loss 10.743
step: 800, loss 9.023
step: 900, loss 9.898
step: 1000, loss 9.659
step: 1100, loss 10.300
step: 1200, loss 8.841
step: 1300, loss 9.554
step: 1400, loss 7.468
step: 1500, loss 8.962
epoch: 64
step: 0, loss 10.787
step: 100, loss 11.803
step: 200, loss 10.477
step: 300, loss 10.653
step: 400, loss 10.413
step: 500, loss 10.784
step: 600, loss 10.039
step: 700, loss 11.666
step: 800, loss 9.414
step: 900, loss 10.126
step: 1000, loss 12.927
step: 1100, loss 9.617
step: 1200, loss 11.472
step: 1300, loss 10.854
step: 1400, loss 12.499
step: 1500, loss 10.223
epoch: 65
step: 0, loss 9.606
step: 100, loss 11.021
step: 200, loss 10.159
step: 300, loss 8.708
step: 400, loss 12.291
step: 500, loss 9.231
step: 600, loss 8.886
step: 700, loss 11.631
step: 800, loss 8.760
step: 900, loss 10.020
step: 1000, loss 8.731
step: 1100, loss 10.793
step: 1200, loss 11.168
step: 1300, loss 10.705
step: 1400, loss 9.408
step: 1500, loss 9.167
epoch: 66
step: 0, loss 11.197
step: 100, loss 12.956
step: 200, loss 12.949
step: 300, loss 9.874
step: 400, loss 13.144
step: 500, loss 13.957
step: 600, loss 10.329
step: 700, loss 12.701
step: 800, loss 10.901
step: 900, loss 12.793
step: 1000, loss 10.424
step: 1100, loss 10.707
step: 1200, loss 9.658
step: 1300, loss 11.623
step: 1400, loss 12.383
step: 1500, loss 9.771
epoch: 67
step: 0, loss 12.507
step: 100, loss 11.710
step: 200, loss 10.274
step: 300, loss 12.158
step: 400, loss 11.243
step: 500, loss 9.816
step: 600, loss 10.854
step: 700, loss 10.754
step: 800, loss 11.632
step: 900, loss 9.976
step: 1000, loss 10.653
step: 1100, loss 9.904
step: 1200, loss 9.692
step: 1300, loss 11.201
step: 1400, loss 12.314
step: 1500, loss 9.266
epoch: 68
step: 0, loss 9.878
step: 100, loss 9.867
step: 200, loss 12.355
step: 300, loss 11.723
step: 400, loss 9.991
step: 500, loss 10.256
step: 600, loss 9.475
step: 700, loss 10.215
step: 800, loss 9.664
step: 900, loss 9.806
step: 1000, loss 11.723
step: 1100, loss 11.791
step: 1200, loss 9.622
step: 1300, loss 9.322
step: 1400, loss 9.900
step: 1500, loss 12.377
epoch: 69
step: 0, loss 13.043
step: 100, loss 9.445
step: 200, loss 13.447
step: 300, loss 10.735
step: 400, loss 10.036
step: 500, loss 12.331
step: 600, loss 10.701
step: 700, loss 8.310
step: 800, loss 8.229
step: 900, loss 10.198
step: 1000, loss 11.866
step: 1100, loss 9.838
step: 1200, loss 10.535
step: 1300, loss 12.082
step: 1400, loss 10.892
step: 1500, loss 10.875
epoch: 70
step: 0, loss 10.280
step: 100, loss 12.095
step: 200, loss 10.707
step: 300, loss 8.545
step: 400, loss 12.028
step: 500, loss 9.386
step: 600, loss 11.544
step: 700, loss 11.946
step: 800, loss 9.232
step: 900, loss 9.873
step: 1000, loss 13.161
step: 1100, loss 10.343
step: 1200, loss 12.572
step: 1300, loss 10.044
step: 1400, loss 10.395
step: 1500, loss 10.430
epoch: 71
step: 0, loss 8.440
step: 100, loss 13.186
step: 200, loss 10.551
step: 300, loss 9.241
step: 400, loss 9.619
step: 500, loss 9.923
step: 600, loss 10.093
step: 700, loss 9.047
step: 800, loss 9.505
step: 900, loss 10.178
step: 1000, loss 13.263
step: 1100, loss 11.216
step: 1200, loss 11.435
step: 1300, loss 9.612
step: 1400, loss 12.173
step: 1500, loss 12.463
epoch: 72
step: 0, loss 10.902
step: 100, loss 9.237
step: 200, loss 10.830
step: 300, loss 12.055
step: 400, loss 9.740
step: 500, loss 9.062
step: 600, loss 10.015
step: 700, loss 10.452
step: 800, loss 10.201
step: 900, loss 10.070
step: 1000, loss 10.348
step: 1100, loss 12.285
step: 1200, loss 9.855
step: 1300, loss 12.119
step: 1400, loss 10.411
step: 1500, loss 10.371
epoch: 73
step: 0, loss 10.617
step: 100, loss 9.846
step: 200, loss 10.356
step: 300, loss 9.193
step: 400, loss 9.878
step: 500, loss 9.176
step: 600, loss 12.052
step: 700, loss 9.249
step: 800, loss 10.854
step: 900, loss 10.762
step: 1000, loss 10.827
step: 1100, loss 8.671
step: 1200, loss 10.920
step: 1300, loss 13.003
step: 1400, loss 10.980
step: 1500, loss 10.419
epoch: 74
step: 0, loss 8.346
step: 100, loss 11.050
step: 200, loss 11.003
step: 300, loss 12.826
step: 400, loss 12.324
step: 500, loss 10.728
step: 600, loss 12.529
step: 700, loss 12.851
step: 800, loss 10.093
step: 900, loss 9.533
step: 1000, loss 10.507
step: 1100, loss 10.333
step: 1200, loss 9.287
step: 1300, loss 9.342
step: 1400, loss 8.180
step: 1500, loss 10.425
epoch: 75
step: 0, loss 10.085
step: 100, loss 10.451
step: 200, loss 12.948
step: 300, loss 11.183
step: 400, loss 8.502
step: 500, loss 8.658
step: 600, loss 10.256
step: 700, loss 9.791
step: 800, loss 10.373
step: 900, loss 10.374
step: 1000, loss 10.061
step: 1100, loss 9.312
step: 1200, loss 9.948
step: 1300, loss 10.457
step: 1400, loss 10.827
step: 1500, loss 9.908
epoch: 76
step: 0, loss 10.573
step: 100, loss 8.623
step: 200, loss 10.216
step: 300, loss 9.584
step: 400, loss 10.724
step: 500, loss 9.957
step: 600, loss 11.794
step: 700, loss 13.091
step: 800, loss 10.367
step: 900, loss 9.758
step: 1000, loss 10.594
step: 1100, loss 11.272
step: 1200, loss 8.887
step: 1300, loss 10.416
step: 1400, loss 8.582
step: 1500, loss 10.542
epoch: 77
step: 0, loss 11.463
step: 100, loss 9.773
step: 200, loss 10.944
step: 300, loss 10.939
step: 400, loss 11.296
step: 500, loss 9.669
step: 600, loss 10.200
step: 700, loss 8.745
step: 800, loss 11.417
step: 900, loss 8.982
step: 1000, loss 9.572
step: 1100, loss 12.224
step: 1200, loss 9.289
step: 1300, loss 9.522
step: 1400, loss 10.211
step: 1500, loss 9.238
epoch: 78
step: 0, loss 9.675
step: 100, loss 11.107
step: 200, loss 11.207
step: 300, loss 9.081
step: 400, loss 9.255
step: 500, loss 8.934
step: 600, loss 9.842
step: 700, loss 11.107
step: 800, loss 9.855
step: 900, loss 10.975
step: 1000, loss 10.096
step: 1100, loss 12.475
step: 1200, loss 9.911
step: 1300, loss 10.529
step: 1400, loss 9.343
step: 1500, loss 10.150
epoch: 79
step: 0, loss 11.193
step: 100, loss 9.807
step: 200, loss 10.096
step: 300, loss 10.526
step: 400, loss 9.337
step: 500, loss 11.149
step: 600, loss 10.350
step: 700, loss 10.466
step: 800, loss 11.186
step: 900, loss 9.403
step: 1000, loss 9.697
step: 1100, loss 11.542
step: 1200, loss 8.346
step: 1300, loss 12.077
step: 1400, loss 9.037
step: 1500, loss 10.052
epoch: 80
step: 0, loss 11.776
step: 100, loss 10.459
step: 200, loss 11.642
step: 300, loss 12.602
step: 400, loss 12.122
step: 500, loss 7.945
step: 600, loss 10.684
step: 700, loss 10.153
step: 800, loss 11.512
step: 900, loss 9.485
step: 1000, loss 10.646
step: 1100, loss 8.988
step: 1200, loss 11.207
step: 1300, loss 10.472
step: 1400, loss 10.179
step: 1500, loss 10.513
epoch: 81
step: 0, loss 7.851
step: 100, loss 10.954
step: 200, loss 9.824
step: 300, loss 12.949
step: 400, loss 10.196
step: 500, loss 9.016
step: 600, loss 9.560
step: 700, loss 10.244
step: 800, loss 10.157
step: 900, loss 11.532
step: 1000, loss 10.823
step: 1100, loss 11.475
step: 1200, loss 11.964
step: 1300, loss 8.648
step: 1400, loss 11.968
step: 1500, loss 10.690
epoch: 82
step: 0, loss 9.482
step: 100, loss 8.930
step: 200, loss 8.306
step: 300, loss 9.427
step: 400, loss 10.040
step: 500, loss 11.480
step: 600, loss 11.217
step: 700, loss 11.762
step: 800, loss 14.278
step: 900, loss 9.013
step: 1000, loss 10.704
step: 1100, loss 9.490
step: 1200, loss 10.525
step: 1300, loss 10.620
step: 1400, loss 10.365
step: 1500, loss 12.026
epoch: 83
step: 0, loss 11.795
step: 100, loss 10.192
step: 200, loss 11.488
step: 300, loss 10.513
step: 400, loss 10.349
step: 500, loss 10.189
step: 600, loss 10.362
step: 700, loss 13.311
step: 800, loss 11.047
step: 900, loss 9.671
step: 1000, loss 13.180
step: 1100, loss 10.869
step: 1200, loss 12.962
step: 1300, loss 10.177
slurmstepd: error: *** JOB 1395590 ON gpu-b9-5 CANCELLED AT 2023-03-28T23:37:14 ***
