Loading cuda/11.6.2/gcc/9.4.0/zen2
  Loading requirement: gcc/9.4.0
modules imported
step: 0, loss 46.721
step: 100, loss 33.198
step: 200, loss 49.785
step: 300, loss 37.977
step: 400, loss 30.723
step: 500, loss 66.972
step: 600, loss 38.801
step: 700, loss 42.551
step: 800, loss 33.686
step: 900, loss 67.669
step: 1000, loss 40.441
step: 1100, loss 52.064
step: 1200, loss 35.726
step: 1300, loss 37.881
step: 1400, loss 47.216
step: 1500, loss 42.477
epoch: 0
step: 0, loss 39.933
step: 100, loss 33.978
step: 200, loss 36.374
step: 300, loss 37.631
step: 400, loss 51.766
step: 500, loss 23.203
step: 600, loss 43.423
step: 700, loss 82.287
step: 800, loss 32.818
step: 900, loss 36.185
step: 1000, loss 33.191
step: 1100, loss 59.939
step: 1200, loss 36.191
step: 1300, loss 33.702
step: 1400, loss 32.605
step: 1500, loss 28.905
epoch: 1
step: 0, loss 39.808
step: 100, loss 26.996
step: 200, loss 50.957
step: 300, loss 51.290
step: 400, loss 37.070
step: 500, loss 42.098
step: 600, loss 30.383
step: 700, loss 31.556
step: 800, loss 32.005
step: 900, loss 29.389
step: 1000, loss 46.551
step: 1100, loss 28.028
step: 1200, loss 25.022
step: 1300, loss 44.935
step: 1400, loss 31.328
step: 1500, loss 39.752
epoch: 2
step: 0, loss 27.929
step: 100, loss 36.079
step: 200, loss 19.099
step: 300, loss 30.631
step: 400, loss 21.734
step: 500, loss 34.143
step: 600, loss 39.296
step: 700, loss 28.253
step: 800, loss 32.889
step: 900, loss 25.657
step: 1000, loss 42.678
step: 1100, loss 37.095
step: 1200, loss 24.937
step: 1300, loss 28.830
step: 1400, loss 34.078
step: 1500, loss 37.100
epoch: 3
step: 0, loss 21.686
step: 100, loss 23.423
step: 200, loss 35.625
step: 300, loss 30.816
step: 400, loss 33.331
step: 500, loss 31.961
step: 600, loss 19.975
step: 700, loss 42.326
step: 800, loss 28.717
step: 900, loss 40.221
step: 1000, loss 30.237
step: 1100, loss 21.527
step: 1200, loss 29.590
step: 1300, loss 29.008
step: 1400, loss 32.000
step: 1500, loss 19.923
epoch: 4
step: 0, loss 19.643
step: 100, loss 40.861
step: 200, loss 18.695
step: 300, loss 27.076
step: 400, loss 32.142
step: 500, loss 19.404
step: 600, loss 22.414
step: 700, loss 29.649
step: 800, loss 32.536
step: 900, loss 31.929
step: 1000, loss 21.260
step: 1100, loss 29.912
step: 1200, loss 29.150
step: 1300, loss 43.755
step: 1400, loss 32.334
step: 1500, loss 26.002
epoch: 5
step: 0, loss 34.343
step: 100, loss 39.955
step: 200, loss 27.627
step: 300, loss 33.024
step: 400, loss 26.823
step: 500, loss 16.948
step: 600, loss 23.204
step: 700, loss 19.848
step: 800, loss 43.507
step: 900, loss 21.658
step: 1000, loss 26.793
step: 1100, loss 23.804
step: 1200, loss 18.604
step: 1300, loss 31.800
step: 1400, loss 24.490
step: 1500, loss 46.450
epoch: 6
step: 0, loss 40.319
step: 100, loss 22.073
step: 200, loss 25.289
step: 300, loss 19.691
step: 400, loss 39.718
step: 500, loss 16.026
step: 600, loss 35.496
step: 700, loss 38.100
step: 800, loss 21.856
step: 900, loss 26.165
step: 1000, loss 16.974
step: 1100, loss 37.352
step: 1200, loss 36.409
step: 1300, loss 23.353
step: 1400, loss 34.625
step: 1500, loss 33.394
epoch: 7
step: 0, loss 32.089
step: 100, loss 18.381
step: 200, loss 16.742
step: 300, loss 22.485
step: 400, loss 22.995
step: 500, loss 27.971
step: 600, loss 37.219
step: 700, loss 23.183
step: 800, loss 36.530
step: 900, loss 18.486
step: 1000, loss 19.167
step: 1100, loss 33.862
step: 1200, loss 27.697
step: 1300, loss 33.771
step: 1400, loss 34.613
step: 1500, loss 34.831
epoch: 8
step: 0, loss 37.776
step: 100, loss 32.200
step: 200, loss 31.181
step: 300, loss 46.595
step: 400, loss 28.822
step: 500, loss 28.755
step: 600, loss 16.717
step: 700, loss 29.261
step: 800, loss 30.094
step: 900, loss 15.467
step: 1000, loss 14.842
step: 1100, loss 35.744
step: 1200, loss 53.904
step: 1300, loss 14.793
step: 1400, loss 17.357
step: 1500, loss 19.086
epoch: 9
step: 0, loss 33.866
step: 100, loss 19.510
step: 200, loss 38.516
step: 300, loss 31.406
step: 400, loss 41.405
step: 500, loss 25.420
step: 600, loss 35.157
step: 700, loss 25.091
step: 800, loss 25.188
step: 900, loss 41.149
step: 1000, loss 25.818
step: 1100, loss 21.554
step: 1200, loss 20.581
step: 1300, loss 23.519
step: 1400, loss 18.375
step: 1500, loss 40.609
epoch: 10
step: 0, loss 44.940
step: 100, loss 16.915
step: 200, loss 30.991
step: 300, loss 29.901
step: 400, loss 30.370
step: 500, loss 25.615
step: 600, loss 34.489
step: 700, loss 15.719
step: 800, loss 14.694
step: 900, loss 31.865
step: 1000, loss 18.204
step: 1100, loss 25.740
step: 1200, loss 20.155
step: 1300, loss 27.718
step: 1400, loss 18.168
step: 1500, loss 19.701
epoch: 11
step: 0, loss 18.216
step: 100, loss 18.211
step: 200, loss 24.878
step: 300, loss 24.061
step: 400, loss 18.988
step: 500, loss 21.729
step: 600, loss 25.032
step: 700, loss 23.124
step: 800, loss 19.133
step: 900, loss 17.246
step: 1000, loss 24.952
step: 1100, loss 26.177
step: 1200, loss 25.670
step: 1300, loss 22.355
step: 1400, loss 15.660
step: 1500, loss 17.707
epoch: 12
step: 0, loss 33.263
step: 100, loss 21.262
step: 200, loss 29.443
step: 300, loss 22.583
step: 400, loss 19.590
step: 500, loss 23.381
step: 600, loss 17.351
step: 700, loss 22.860
step: 800, loss 18.090
step: 900, loss 36.269
step: 1000, loss 28.846
step: 1100, loss 19.799
step: 1200, loss 21.516
step: 1300, loss 25.857
step: 1400, loss 29.741
step: 1500, loss 22.446
epoch: 13
step: 0, loss 30.507
step: 100, loss 38.656
step: 200, loss 45.678
step: 300, loss 24.331
step: 400, loss 26.335
step: 500, loss 20.209
step: 600, loss 20.629
step: 700, loss 16.030
step: 800, loss 36.906
step: 900, loss 25.910
step: 1000, loss 21.963
step: 1100, loss 17.637
step: 1200, loss 30.261
step: 1300, loss 21.556
step: 1400, loss 28.500
step: 1500, loss 30.443
epoch: 14
step: 0, loss 14.686
step: 100, loss 22.759
step: 200, loss 32.227
step: 300, loss 24.363
step: 400, loss 23.023
step: 500, loss 21.968
step: 600, loss 21.802
step: 700, loss 17.502
step: 800, loss 20.743
step: 900, loss 17.330
step: 1000, loss 31.146
step: 1100, loss 27.136
step: 1200, loss 15.301
step: 1300, loss 24.982
step: 1400, loss 28.907
step: 1500, loss 22.059
epoch: 15
step: 0, loss 21.211
step: 100, loss 13.030
step: 200, loss 27.222
step: 300, loss 26.169
step: 400, loss 17.878
step: 500, loss 15.400
step: 600, loss 22.489
step: 700, loss 20.966
step: 800, loss 25.762
step: 900, loss 22.735
step: 1000, loss 12.455
step: 1100, loss 17.454
step: 1200, loss 29.662
step: 1300, loss 24.463
step: 1400, loss 28.911
step: 1500, loss 19.534
epoch: 16
step: 0, loss 18.141
step: 100, loss 31.170
step: 200, loss 20.004
step: 300, loss 14.180
step: 400, loss 13.566
step: 500, loss 16.995
step: 600, loss 21.586
step: 700, loss 22.326
step: 800, loss 10.134
step: 900, loss 32.480
step: 1000, loss 26.286
step: 1100, loss 21.584
step: 1200, loss 13.949
step: 1300, loss 18.435
step: 1400, loss 25.024
step: 1500, loss 22.612
epoch: 17
step: 0, loss 24.708
step: 100, loss 18.371
step: 200, loss 26.471
step: 300, loss 17.205
step: 400, loss 42.167
step: 500, loss 21.024
step: 600, loss 21.426
step: 700, loss 19.758
step: 800, loss 24.534
step: 900, loss 15.537
step: 1000, loss 22.801
step: 1100, loss 22.283
step: 1200, loss 16.147
step: 1300, loss 24.979
step: 1400, loss 22.264
step: 1500, loss 28.162
epoch: 18
step: 0, loss 33.261
step: 100, loss 21.269
step: 200, loss 35.367
step: 300, loss 13.342
step: 400, loss 27.793
step: 500, loss 29.700
step: 600, loss 15.641
step: 700, loss 29.055
step: 800, loss 27.096
step: 900, loss 17.184
step: 1000, loss 15.770
step: 1100, loss 20.395
step: 1200, loss 33.975
step: 1300, loss 21.540
step: 1400, loss 18.028
step: 1500, loss 19.969
epoch: 19
step: 0, loss 19.192
step: 100, loss 32.485
step: 200, loss 17.053
step: 300, loss 19.561
step: 400, loss 24.505
step: 500, loss 21.427
step: 600, loss 26.317
step: 700, loss 24.493
step: 800, loss 17.798
step: 900, loss 19.409
step: 1000, loss 15.545
step: 1100, loss 24.818
step: 1200, loss 18.462
step: 1300, loss 15.019
step: 1400, loss 18.022
step: 1500, loss 26.999
epoch: 20
step: 0, loss 25.201
step: 100, loss 27.897
step: 200, loss 20.246
step: 300, loss 25.180
step: 400, loss 21.851
step: 500, loss 24.316
step: 600, loss 18.661
step: 700, loss 28.230
step: 800, loss 22.186
step: 900, loss 24.846
step: 1000, loss 19.240
step: 1100, loss 19.088
step: 1200, loss 27.579
step: 1300, loss 19.671
step: 1400, loss 14.706
step: 1500, loss 22.219
epoch: 21
step: 0, loss 23.541
step: 100, loss 14.035
step: 200, loss 19.839
step: 300, loss 23.024
step: 400, loss 25.711
step: 500, loss 18.151
step: 600, loss 29.982
step: 700, loss 34.360
step: 800, loss 23.238
step: 900, loss 24.029
step: 1000, loss 17.144
step: 1100, loss 15.964
step: 1200, loss 31.168
step: 1300, loss 24.858
step: 1400, loss 30.278
step: 1500, loss 19.543
epoch: 22
step: 0, loss 16.255
step: 100, loss 31.346
step: 200, loss 29.423
step: 300, loss 27.861
step: 400, loss 19.245
step: 500, loss 29.575
step: 600, loss 20.379
step: 700, loss 28.664
step: 800, loss 14.528
step: 900, loss 20.471
step: 1000, loss 27.938
step: 1100, loss 16.450
step: 1200, loss 22.006
step: 1300, loss 18.349
step: 1400, loss 17.243
step: 1500, loss 17.056
epoch: 23
step: 0, loss 31.032
step: 100, loss 15.080
step: 200, loss 22.693
step: 300, loss 21.828
step: 400, loss 19.712
step: 500, loss 18.341
step: 600, loss 20.975
step: 700, loss 21.422
step: 800, loss 25.781
step: 900, loss 22.827
step: 1000, loss 21.978
step: 1100, loss 16.727
step: 1200, loss 18.694
step: 1300, loss 25.100
step: 1400, loss 13.772
step: 1500, loss 12.824
epoch: 24
step: 0, loss 19.981
step: 100, loss 15.081
step: 200, loss 14.733
step: 300, loss 15.472
step: 400, loss 16.627
step: 500, loss 27.279
step: 600, loss 20.280
step: 700, loss 28.586
step: 800, loss 22.374
step: 900, loss 24.492
step: 1000, loss 24.433
step: 1100, loss 22.993
step: 1200, loss 19.350
step: 1300, loss 20.730
step: 1400, loss 25.212
step: 1500, loss 15.984
epoch: 25
step: 0, loss 12.250
step: 100, loss 19.886
step: 200, loss 20.862
step: 300, loss 17.896
step: 400, loss 15.497
step: 500, loss 19.593
step: 600, loss 15.718
step: 700, loss 18.211
step: 800, loss 23.630
step: 900, loss 19.262
step: 1000, loss 15.479
step: 1100, loss 21.142
step: 1200, loss 18.490
step: 1300, loss 32.567
step: 1400, loss 20.010
step: 1500, loss 20.598
epoch: 26
step: 0, loss 23.488
step: 100, loss 16.845
step: 200, loss 14.920
step: 300, loss 26.586
step: 400, loss 21.022
step: 500, loss 28.604
step: 600, loss 15.322
step: 700, loss 37.153
step: 800, loss 18.198
step: 900, loss 22.558
step: 1000, loss 17.774
step: 1100, loss 21.418
step: 1200, loss 21.765
step: 1300, loss 20.108
step: 1400, loss 17.003
step: 1500, loss 33.526
epoch: 27
step: 0, loss 21.761
step: 100, loss 25.587
step: 200, loss 16.774
step: 300, loss 19.015
step: 400, loss 19.122
step: 500, loss 18.295
step: 600, loss 17.234
step: 700, loss 14.657
step: 800, loss 26.683
step: 900, loss 26.419
step: 1000, loss 19.009
step: 1100, loss 28.288
step: 1200, loss 21.542
step: 1300, loss 23.707
step: 1400, loss 22.562
step: 1500, loss 23.722
epoch: 28
step: 0, loss 14.443
step: 100, loss 16.183
step: 200, loss 20.054
step: 300, loss 15.909
step: 400, loss 30.259
step: 500, loss 12.688
step: 600, loss 19.083
step: 700, loss 12.009
step: 800, loss 12.494
step: 900, loss 19.584
step: 1000, loss 15.344
step: 1100, loss 14.060
step: 1200, loss 17.870
step: 1300, loss 15.223
step: 1400, loss 22.058
step: 1500, loss 20.808
epoch: 29
step: 0, loss 14.040
step: 100, loss 15.832
step: 200, loss 27.066
step: 300, loss 17.169
step: 400, loss 13.045
step: 500, loss 11.981
step: 600, loss 17.922
step: 700, loss 12.456
step: 800, loss 13.420
step: 900, loss 20.831
step: 1000, loss 14.134
step: 1100, loss 17.381
step: 1200, loss 18.463
step: 1300, loss 21.291
step: 1400, loss 23.705
step: 1500, loss 23.364
epoch: 30
step: 0, loss 21.088
step: 100, loss 25.120
step: 200, loss 19.152
step: 300, loss 13.340
step: 400, loss 16.808
step: 500, loss 26.681
step: 600, loss 27.254
step: 700, loss 17.173
step: 800, loss 17.175
step: 900, loss 18.557
step: 1000, loss 19.015
step: 1100, loss 22.545
step: 1200, loss 19.225
step: 1300, loss 25.467
step: 1400, loss 37.663
step: 1500, loss 11.453
epoch: 31
step: 0, loss 12.407
step: 100, loss 24.178
step: 200, loss 13.323
step: 300, loss 16.384
step: 400, loss 16.686
step: 500, loss 18.663
step: 600, loss 19.795
step: 700, loss 17.176
step: 800, loss 14.263
step: 900, loss 16.385
step: 1000, loss 20.200
step: 1100, loss 10.291
step: 1200, loss 19.309
step: 1300, loss 11.519
step: 1400, loss 13.492
step: 1500, loss 13.129
epoch: 32
step: 0, loss 17.926
step: 100, loss 11.987
step: 200, loss 20.756
step: 300, loss 14.461
step: 400, loss 18.993
step: 500, loss 18.598
step: 600, loss 19.560
step: 700, loss 15.262
step: 800, loss 13.431
step: 900, loss 12.802
step: 1000, loss 15.810
step: 1100, loss 14.801
step: 1200, loss 13.688
step: 1300, loss 20.078
step: 1400, loss 28.902
step: 1500, loss 16.349
epoch: 33
step: 0, loss 13.595
step: 100, loss 13.479
step: 200, loss 15.237
step: 300, loss 21.731
step: 400, loss 13.665
step: 500, loss 17.143
step: 600, loss 23.139
step: 700, loss 23.849
step: 800, loss 12.514
step: 900, loss 17.055
step: 1000, loss 15.473
step: 1100, loss 11.306
step: 1200, loss 21.496
step: 1300, loss 18.338
step: 1400, loss 18.732
step: 1500, loss 13.945
epoch: 34
step: 0, loss 12.915
step: 100, loss 15.864
step: 200, loss 17.309
step: 300, loss 13.025
step: 400, loss 29.639
step: 500, loss 15.882
step: 600, loss 15.795
step: 700, loss 19.010
step: 800, loss 28.945
step: 900, loss 18.804
step: 1000, loss 18.920
step: 1100, loss 37.093
step: 1200, loss 14.136
step: 1300, loss 16.258
step: 1400, loss 18.729
step: 1500, loss 13.423
epoch: 35
step: 0, loss 22.647
step: 100, loss 19.816
step: 200, loss 13.046
step: 300, loss 11.475
step: 400, loss 12.926
step: 500, loss 20.359
step: 600, loss 13.158
step: 700, loss 14.869
step: 800, loss 19.265
step: 900, loss 16.434
step: 1000, loss 17.410
step: 1100, loss 17.560
step: 1200, loss 18.697
step: 1300, loss 20.467
step: 1400, loss 16.236
step: 1500, loss 23.954
epoch: 36
step: 0, loss 16.446
step: 100, loss 16.727
step: 200, loss 15.677
step: 300, loss 22.002
step: 400, loss 28.480
step: 500, loss 15.781
step: 600, loss 15.172
step: 700, loss 24.124
step: 800, loss 14.392
step: 900, loss 15.522
step: 1000, loss 13.358
step: 1100, loss 21.589
step: 1200, loss 15.006
step: 1300, loss 14.787
step: 1400, loss 16.646
step: 1500, loss 14.307
epoch: 37
step: 0, loss 18.828
step: 100, loss 14.066
step: 200, loss 19.625
step: 300, loss 14.732
step: 400, loss 11.444
step: 500, loss 19.022
step: 600, loss 23.641
step: 700, loss 14.481
step: 800, loss 19.694
step: 900, loss 14.488
step: 1000, loss 13.720
step: 1100, loss 17.367
step: 1200, loss 13.087
step: 1300, loss 12.118
step: 1400, loss 15.403
step: 1500, loss 14.415
epoch: 38
step: 0, loss 12.386
step: 100, loss 12.821
step: 200, loss 13.525
step: 300, loss 15.142
step: 400, loss 12.499
step: 500, loss 20.903
step: 600, loss 10.908
step: 700, loss 15.208
step: 800, loss 19.381
step: 900, loss 18.922
step: 1000, loss 13.198
step: 1100, loss 16.021
step: 1200, loss 17.192
step: 1300, loss 17.887
step: 1400, loss 11.807
step: 1500, loss 21.369
epoch: 39
step: 0, loss 14.412
step: 100, loss 23.351
step: 200, loss 14.208
step: 300, loss 11.832
step: 400, loss 15.753
step: 500, loss 21.625
step: 600, loss 16.251
step: 700, loss 15.689
step: 800, loss 22.393
step: 900, loss 12.402
step: 1000, loss 26.797
step: 1100, loss 18.409
step: 1200, loss 15.154
step: 1300, loss 16.392
step: 1400, loss 13.708
step: 1500, loss 16.095
epoch: 40
step: 0, loss 12.844
step: 100, loss 19.139
step: 200, loss 16.229
step: 300, loss 14.291
step: 400, loss 13.373
step: 500, loss 16.421
step: 600, loss 14.909
step: 700, loss 14.638
step: 800, loss 13.305
step: 900, loss 22.182
step: 1000, loss 11.016
step: 1100, loss 12.307
step: 1200, loss 9.790
step: 1300, loss 11.664
step: 1400, loss 19.515
step: 1500, loss 13.953
epoch: 41
step: 0, loss 15.798
step: 100, loss 13.985
step: 200, loss 9.014
step: 300, loss 11.631
step: 400, loss 15.077
step: 500, loss 12.934
step: 600, loss 15.396
step: 700, loss 10.930
step: 800, loss 13.459
step: 900, loss 13.872
step: 1000, loss 12.876
step: 1100, loss 17.251
step: 1200, loss 10.087
step: 1300, loss 23.151
step: 1400, loss 18.131
step: 1500, loss 14.370
epoch: 42
step: 0, loss 18.365
step: 100, loss 20.015
step: 200, loss 14.350
step: 300, loss 23.515
step: 400, loss 12.142
step: 500, loss 16.169
step: 600, loss 12.386
step: 700, loss 13.517
step: 800, loss 10.434
step: 900, loss 15.019
step: 1000, loss 11.094
step: 1100, loss 17.800
step: 1200, loss 10.520
step: 1300, loss 18.104
step: 1400, loss 21.505
step: 1500, loss 19.411
epoch: 43
step: 0, loss 12.902
step: 100, loss 12.425
step: 200, loss 13.479
step: 300, loss 11.204
step: 400, loss 15.916
step: 500, loss 17.135
step: 600, loss 13.358
step: 700, loss 26.122
step: 800, loss 21.705
step: 900, loss 15.124
step: 1000, loss 10.924
step: 1100, loss 14.459
step: 1200, loss 22.180
step: 1300, loss 16.253
step: 1400, loss 21.776
step: 1500, loss 14.714
epoch: 44
step: 0, loss 19.741
step: 100, loss 12.795
step: 200, loss 18.329
step: 300, loss 10.732
step: 400, loss 10.357
step: 500, loss 16.986
step: 600, loss 16.466
step: 700, loss 22.640
step: 800, loss 12.354
step: 900, loss 16.106
step: 1000, loss 12.557
step: 1100, loss 14.820
step: 1200, loss 11.870
step: 1300, loss 18.894
step: 1400, loss 16.667
step: 1500, loss 22.246
epoch: 45
step: 0, loss 12.060
step: 100, loss 11.979
step: 200, loss 13.329
step: 300, loss 15.713
step: 400, loss 10.474
step: 500, loss 10.157
step: 600, loss 12.632
step: 700, loss 10.302
step: 800, loss 14.932
step: 900, loss 20.193
step: 1000, loss 20.116
step: 1100, loss 9.977
step: 1200, loss 12.477
step: 1300, loss 14.800
step: 1400, loss 11.844
step: 1500, loss 13.770
epoch: 46
step: 0, loss 13.092
step: 100, loss 18.814
step: 200, loss 16.112
step: 300, loss 12.183
step: 400, loss 11.953
step: 500, loss 15.432
step: 600, loss 25.893
step: 700, loss 15.683
step: 800, loss 19.375
step: 900, loss 17.219
step: 1000, loss 10.861
step: 1100, loss 12.106
step: 1200, loss 17.740
step: 1300, loss 21.890
step: 1400, loss 18.673
step: 1500, loss 10.906
epoch: 47
step: 0, loss 20.501
step: 100, loss 12.434
step: 200, loss 14.703
step: 300, loss 9.408
step: 400, loss 18.592
step: 500, loss 9.380
step: 600, loss 19.680
step: 700, loss 15.596
step: 800, loss 13.905
step: 900, loss 17.295
step: 1000, loss 11.306
step: 1100, loss 18.106
step: 1200, loss 19.655
step: 1300, loss 9.182
step: 1400, loss 19.860
step: 1500, loss 15.560
epoch: 48
step: 0, loss 13.329
step: 100, loss 11.578
step: 200, loss 15.293
step: 300, loss 15.720
step: 400, loss 15.067
step: 500, loss 17.101
step: 600, loss 15.882
step: 700, loss 12.719
step: 800, loss 14.361
step: 900, loss 12.839
step: 1000, loss 13.372
step: 1100, loss 13.984
step: 1200, loss 14.191
step: 1300, loss 18.631
step: 1400, loss 14.749
step: 1500, loss 10.861
epoch: 49
step: 0, loss 15.146
step: 100, loss 18.176
step: 200, loss 12.468
step: 300, loss 13.056
step: 400, loss 12.445
step: 500, loss 15.297
step: 600, loss 12.304
step: 700, loss 21.512
step: 800, loss 10.615
step: 900, loss 14.606
step: 1000, loss 13.320
step: 1100, loss 14.165
step: 1200, loss 14.606
step: 1300, loss 10.898
step: 1400, loss 18.824
step: 1500, loss 16.331
epoch: 50
step: 0, loss 8.992
step: 100, loss 12.176
step: 200, loss 11.959
step: 300, loss 10.461
step: 400, loss 14.293
step: 500, loss 12.627
step: 600, loss 19.285
step: 700, loss 15.813
step: 800, loss 9.352
step: 900, loss 11.437
step: 1000, loss 14.319
step: 1100, loss 16.114
step: 1200, loss 16.874
step: 1300, loss 16.717
step: 1400, loss 8.981
step: 1500, loss 13.815
epoch: 51
step: 0, loss 13.847
step: 100, loss 11.855
step: 200, loss 14.945
step: 300, loss 18.346
step: 400, loss 14.203
step: 500, loss 17.457
step: 600, loss 11.390
step: 700, loss 14.190
step: 800, loss 20.974
step: 900, loss 28.749
step: 1000, loss 13.918
step: 1100, loss 13.562
step: 1200, loss 12.366
step: 1300, loss 17.182
step: 1400, loss 10.612
step: 1500, loss 10.116
epoch: 52
step: 0, loss 17.291
step: 100, loss 14.319
step: 200, loss 16.028
step: 300, loss 13.483
step: 400, loss 13.502
step: 500, loss 14.788
step: 600, loss 16.808
step: 700, loss 16.869
step: 800, loss 15.117
step: 900, loss 12.181
step: 1000, loss 12.584
step: 1100, loss 10.748
step: 1200, loss 12.136
step: 1300, loss 10.133
step: 1400, loss 15.136
step: 1500, loss 16.963
epoch: 53
step: 0, loss 13.046
step: 100, loss 18.100
step: 200, loss 15.317
step: 300, loss 13.549
step: 400, loss 17.059
step: 500, loss 12.244
step: 600, loss 9.291
step: 700, loss 13.219
step: 800, loss 13.326
step: 900, loss 12.150
step: 1000, loss 18.019
step: 1100, loss 12.082
step: 1200, loss 12.842
step: 1300, loss 9.327
step: 1400, loss 15.142
step: 1500, loss 18.966
epoch: 54
step: 0, loss 17.710
step: 100, loss 13.689
step: 200, loss 13.334
step: 300, loss 15.762
step: 400, loss 16.301
step: 500, loss 14.786
step: 600, loss 8.672
step: 700, loss 14.169
step: 800, loss 14.660
step: 900, loss 14.119
step: 1000, loss 13.665
step: 1100, loss 21.093
step: 1200, loss 10.528
step: 1300, loss 12.693
step: 1400, loss 15.168
step: 1500, loss 13.013
epoch: 55
step: 0, loss 16.495
step: 100, loss 22.452
step: 200, loss 15.739
step: 300, loss 10.026
step: 400, loss 13.843
step: 500, loss 8.514
step: 600, loss 16.792
step: 700, loss 8.061
step: 800, loss 8.360
step: 900, loss 11.956
step: 1000, loss 13.662
step: 1100, loss 13.631
step: 1200, loss 10.870
step: 1300, loss 13.186
step: 1400, loss 11.815
step: 1500, loss 12.150
epoch: 56
step: 0, loss 21.660
step: 100, loss 13.561
step: 200, loss 16.106
step: 300, loss 12.107
step: 400, loss 11.501
step: 500, loss 11.970
step: 600, loss 12.453
step: 700, loss 12.150
step: 800, loss 17.962
step: 900, loss 14.172
step: 1000, loss 16.768
step: 1100, loss 9.486
step: 1200, loss 16.567
step: 1300, loss 14.060
step: 1400, loss 12.891
step: 1500, loss 16.702
epoch: 57
step: 0, loss 17.918
step: 100, loss 9.731
step: 200, loss 11.735
step: 300, loss 16.607
step: 400, loss 10.312
step: 500, loss 16.569
step: 600, loss 13.063
step: 700, loss 10.491
step: 800, loss 12.956
step: 900, loss 10.747
step: 1000, loss 14.645
step: 1100, loss 13.982
step: 1200, loss 11.867
step: 1300, loss 15.352
step: 1400, loss 11.541
step: 1500, loss 13.148
epoch: 58
step: 0, loss 12.150
step: 100, loss 14.017
step: 200, loss 14.222
step: 300, loss 13.505
step: 400, loss 12.402
step: 500, loss 12.267
step: 600, loss 9.830
step: 700, loss 15.361
step: 800, loss 14.976
step: 900, loss 11.812
step: 1000, loss 18.929
step: 1100, loss 14.281
step: 1200, loss 10.505
step: 1300, loss 9.748
step: 1400, loss 11.926
step: 1500, loss 11.484
epoch: 59
step: 0, loss 10.390
step: 100, loss 14.753
step: 200, loss 14.850
step: 300, loss 10.245
step: 400, loss 12.737
step: 500, loss 9.827
step: 600, loss 9.070
step: 700, loss 12.940
step: 800, loss 10.981
step: 900, loss 13.124
step: 1000, loss 16.299
step: 1100, loss 14.256
step: 1200, loss 15.155
step: 1300, loss 15.755
step: 1400, loss 17.196
step: 1500, loss 11.394
epoch: 60
step: 0, loss 10.440
step: 100, loss 11.323
step: 200, loss 13.876
step: 300, loss 16.962
step: 400, loss 10.672
step: 500, loss 10.997
step: 600, loss 12.956
step: 700, loss 13.450
step: 800, loss 13.471
step: 900, loss 18.103
step: 1000, loss 10.129
step: 1100, loss 12.794
step: 1200, loss 12.651
step: 1300, loss 13.034
step: 1400, loss 11.255
step: 1500, loss 20.803
epoch: 61
step: 0, loss 18.439
step: 100, loss 10.978
step: 200, loss 12.399
step: 300, loss 10.090
step: 400, loss 16.130
step: 500, loss 14.354
step: 600, loss 12.030
step: 700, loss 12.794
step: 800, loss 10.064
step: 900, loss 14.744
step: 1000, loss 13.540
step: 1100, loss 15.283
step: 1200, loss 14.518
step: 1300, loss 13.312
step: 1400, loss 10.992
step: 1500, loss 14.670
epoch: 62
step: 0, loss 16.347
step: 100, loss 16.272
step: 200, loss 25.624
step: 300, loss 13.103
step: 400, loss 11.157
step: 500, loss 8.586
step: 600, loss 12.819
step: 700, loss 11.508
step: 800, loss 12.176
step: 900, loss 14.185
step: 1000, loss 12.515
step: 1100, loss 12.195
step: 1200, loss 17.631
step: 1300, loss 12.200
step: 1400, loss 13.265
step: 1500, loss 11.868
epoch: 63
step: 0, loss 14.359
step: 100, loss 14.725
step: 200, loss 11.743
step: 300, loss 14.147
step: 400, loss 12.248
step: 500, loss 12.287
step: 600, loss 12.766
step: 700, loss 18.850
step: 800, loss 10.067
step: 900, loss 11.063
step: 1000, loss 16.294
step: 1100, loss 9.721
step: 1200, loss 14.186
step: 1300, loss 12.708
step: 1400, loss 10.421
step: 1500, loss 13.121
epoch: 64
step: 0, loss 14.227
step: 100, loss 10.792
step: 200, loss 11.438
step: 300, loss 21.719
step: 400, loss 15.378
step: 500, loss 13.251
step: 600, loss 13.308
step: 700, loss 17.086
step: 800, loss 11.463
step: 900, loss 9.623
step: 1000, loss 9.532
step: 1100, loss 13.991
step: 1200, loss 13.775
step: 1300, loss 13.288
step: 1400, loss 18.150
step: 1500, loss 8.940
epoch: 65
step: 0, loss 11.778
step: 100, loss 15.237
step: 200, loss 14.084
step: 300, loss 14.915
step: 400, loss 14.671
step: 500, loss 17.709
step: 600, loss 12.503
step: 700, loss 11.187
step: 800, loss 8.761
step: 900, loss 14.096
step: 1000, loss 13.181
step: 1100, loss 13.018
step: 1200, loss 11.240
step: 1300, loss 13.469
step: 1400, loss 20.746
step: 1500, loss 17.834
epoch: 66
step: 0, loss 9.073
step: 100, loss 9.568
step: 200, loss 14.715
step: 300, loss 12.730
step: 400, loss 15.993
step: 500, loss 9.927
step: 600, loss 14.586
step: 700, loss 9.642
step: 800, loss 18.270
step: 900, loss 21.422
step: 1000, loss 12.502
step: 1100, loss 15.411
step: 1200, loss 11.361
step: 1300, loss 11.569
step: 1400, loss 9.135
step: 1500, loss 12.478
epoch: 67
step: 0, loss 12.164
step: 100, loss 11.705
step: 200, loss 10.730
step: 300, loss 20.751
step: 400, loss 10.643
step: 500, loss 16.393
step: 600, loss 14.963
step: 700, loss 13.091
step: 800, loss 11.762
step: 900, loss 15.161
step: 1000, loss 9.785
step: 1100, loss 10.046
step: 1200, loss 10.737
step: 1300, loss 16.111
step: 1400, loss 15.970
step: 1500, loss 15.005
epoch: 68
step: 0, loss 16.154
step: 100, loss 10.031
step: 200, loss 13.862
step: 300, loss 10.249
step: 400, loss 11.303
step: 500, loss 9.322
step: 600, loss 9.491
step: 700, loss 12.439
step: 800, loss 14.367
step: 900, loss 9.128
step: 1000, loss 18.050
step: 1100, loss 10.732
step: 1200, loss 11.766
step: 1300, loss 14.802
step: 1400, loss 11.899
step: 1500, loss 14.235
epoch: 69
step: 0, loss 11.861
step: 100, loss 13.871
step: 200, loss 11.698
step: 300, loss 10.378
step: 400, loss 15.872
step: 500, loss 10.084
step: 600, loss 9.961
step: 700, loss 12.604
step: 800, loss 13.112
step: 900, loss 11.801
step: 1000, loss 10.182
step: 1100, loss 11.928
step: 1200, loss 14.859
step: 1300, loss 16.865
step: 1400, loss 12.964
step: 1500, loss 13.845
epoch: 70
step: 0, loss 16.224
step: 100, loss 11.332
step: 200, loss 13.166
step: 300, loss 11.994
step: 400, loss 9.438
step: 500, loss 9.406
step: 600, loss 20.913
step: 700, loss 9.145
step: 800, loss 16.503
step: 900, loss 13.464
step: 1000, loss 9.414
step: 1100, loss 8.503
step: 1200, loss 16.227
step: 1300, loss 16.557
step: 1400, loss 10.066
step: 1500, loss 10.844
epoch: 71
step: 0, loss 12.621
step: 100, loss 12.655
step: 200, loss 13.921
step: 300, loss 13.035
step: 400, loss 9.648
step: 500, loss 9.708
step: 600, loss 13.222
step: 700, loss 13.141
step: 800, loss 18.089
step: 900, loss 11.207
step: 1000, loss 10.401
step: 1100, loss 10.798
step: 1200, loss 11.822
step: 1300, loss 14.040
step: 1400, loss 13.392
step: 1500, loss 18.381
epoch: 72
step: 0, loss 13.676
step: 100, loss 9.336
step: 200, loss 8.885
step: 300, loss 14.237
step: 400, loss 9.583
step: 500, loss 17.086
step: 600, loss 14.051
step: 700, loss 12.215
step: 800, loss 11.102
step: 900, loss 10.978
step: 1000, loss 12.645
step: 1100, loss 14.339
step: 1200, loss 11.758
step: 1300, loss 13.545
step: 1400, loss 11.334
step: 1500, loss 11.277
epoch: 73
step: 0, loss 10.916
step: 100, loss 12.149
step: 200, loss 10.018
step: 300, loss 15.893
step: 400, loss 15.659
step: 500, loss 13.906
step: 600, loss 13.497
step: 700, loss 10.914
step: 800, loss 17.433
step: 900, loss 16.498
step: 1000, loss 12.404
step: 1100, loss 12.964
step: 1200, loss 17.169
step: 1300, loss 15.426
step: 1400, loss 11.244
step: 1500, loss 11.340
epoch: 74
step: 0, loss 10.672
step: 100, loss 12.849
step: 200, loss 14.835
step: 300, loss 11.306
step: 400, loss 15.763
step: 500, loss 14.824
step: 600, loss 22.097
step: 700, loss 20.731
step: 800, loss 11.651
step: 900, loss 14.124
step: 1000, loss 10.476
step: 1100, loss 9.775
step: 1200, loss 9.591
step: 1300, loss 13.415
step: 1400, loss 10.659
step: 1500, loss 20.672
epoch: 75
step: 0, loss 13.815
step: 100, loss 10.796
step: 200, loss 13.489
step: 300, loss 10.569
step: 400, loss 12.670
step: 500, loss 11.024
step: 600, loss 12.982
step: 700, loss 10.948
step: 800, loss 19.057
step: 900, loss 8.046
step: 1000, loss 21.561
step: 1100, loss 12.328
step: 1200, loss 12.115
step: 1300, loss 15.243
step: 1400, loss 12.302
step: 1500, loss 13.711
epoch: 76
step: 0, loss 12.858
step: 100, loss 16.704
step: 200, loss 13.776
step: 300, loss 18.375
step: 400, loss 15.509
step: 500, loss 10.084
step: 600, loss 8.238
step: 700, loss 9.384
step: 800, loss 9.531
step: 900, loss 10.176
step: 1000, loss 16.909
step: 1100, loss 8.912
step: 1200, loss 7.808
step: 1300, loss 11.424
step: 1400, loss 13.153
step: 1500, loss 12.035
epoch: 77
step: 0, loss 15.387
step: 100, loss 15.400
step: 200, loss 12.331
step: 300, loss 13.022
step: 400, loss 15.060
step: 500, loss 15.476
step: 600, loss 12.586
step: 700, loss 10.523
step: 800, loss 9.272
step: 900, loss 13.417
step: 1000, loss 9.230
step: 1100, loss 10.958
step: 1200, loss 16.248
step: 1300, loss 14.277
step: 1400, loss 10.833
step: 1500, loss 10.791
epoch: 78
step: 0, loss 19.507
step: 100, loss 13.575
step: 200, loss 18.885
step: 300, loss 14.829
step: 400, loss 13.458
step: 500, loss 12.708
step: 600, loss 11.070
step: 700, loss 12.367
step: 800, loss 12.070
step: 900, loss 17.752
step: 1000, loss 10.311
step: 1100, loss 11.644
step: 1200, loss 10.309
step: 1300, loss 9.608
step: 1400, loss 11.574
step: 1500, loss 11.362
epoch: 79
step: 0, loss 13.805
step: 100, loss 18.040
step: 200, loss 10.090
step: 300, loss 9.506
step: 400, loss 13.924
step: 500, loss 11.178
step: 600, loss 14.269
step: 700, loss 9.681
step: 800, loss 11.314
step: 900, loss 10.099
step: 1000, loss 14.001
step: 1100, loss 14.414
step: 1200, loss 13.424
step: 1300, loss 9.975
step: 1400, loss 11.201
step: 1500, loss 11.302
epoch: 80
step: 0, loss 10.536
step: 100, loss 11.571
step: 200, loss 15.718
step: 300, loss 14.814
step: 400, loss 12.429
step: 500, loss 12.384
step: 600, loss 11.916
step: 700, loss 8.147
step: 800, loss 14.613
step: 900, loss 10.671
step: 1000, loss 11.200
step: 1100, loss 12.075
step: 1200, loss 9.545
step: 1300, loss 10.471
step: 1400, loss 17.032
step: 1500, loss 16.238
epoch: 81
step: 0, loss 14.336
step: 100, loss 10.412
step: 200, loss 13.099
step: 300, loss 11.013
step: 400, loss 10.031
step: 500, loss 19.282
step: 600, loss 8.232
step: 700, loss 15.163
step: 800, loss 16.231
step: 900, loss 10.449
step: 1000, loss 12.075
step: 1100, loss 11.188
step: 1200, loss 10.872
step: 1300, loss 12.628
step: 1400, loss 13.970
step: 1500, loss 9.955
epoch: 82
step: 0, loss 10.815
step: 100, loss 16.372
step: 200, loss 18.073
step: 300, loss 18.264
step: 400, loss 12.400
step: 500, loss 10.369
step: 600, loss 8.968
step: 700, loss 11.232
step: 800, loss 11.541
step: 900, loss 19.132
step: 1000, loss 17.016
step: 1100, loss 13.730
step: 1200, loss 14.256
step: 1300, loss 15.443
step: 1400, loss 11.004
step: 1500, loss 11.010
epoch: 83
step: 0, loss 9.512
step: 100, loss 16.770
step: 200, loss 9.474
step: 300, loss 11.370
step: 400, loss 18.255
step: 500, loss 9.974
step: 600, loss 22.483
step: 700, loss 9.509
step: 800, loss 11.920
step: 900, loss 12.162
step: 1000, loss 7.881
step: 1100, loss 14.273
step: 1200, loss 13.727
step: 1300, loss 11.436
step: 1400, loss 9.042
step: 1500, loss 18.063
epoch: 84
step: 0, loss 12.894
step: 100, loss 14.200
step: 200, loss 8.388
step: 300, loss 10.079
step: 400, loss 15.355
step: 500, loss 12.197
step: 600, loss 12.161
step: 700, loss 13.596
step: 800, loss 11.303
step: 900, loss 8.851
step: 1000, loss 11.095
step: 1100, loss 10.360
step: 1200, loss 13.226
step: 1300, loss 14.355
step: 1400, loss 10.719
step: 1500, loss 13.927
epoch: 85
step: 0, loss 16.984
step: 100, loss 12.922
step: 200, loss 10.644
step: 300, loss 16.806
step: 400, loss 8.555
step: 500, loss 14.717
step: 600, loss 14.476
step: 700, loss 12.001
step: 800, loss 15.804
step: 900, loss 9.275
step: 1000, loss 13.269
step: 1100, loss 19.290
step: 1200, loss 11.023
step: 1300, loss 9.489
step: 1400, loss 11.096
step: 1500, loss 8.269
epoch: 86
step: 0, loss 10.443
step: 100, loss 9.516
step: 200, loss 18.179
step: 300, loss 13.103
step: 400, loss 14.187
step: 500, loss 12.459
step: 600, loss 11.595
step: 700, loss 9.667
step: 800, loss 12.729
step: 900, loss 11.737
step: 1000, loss 8.856
step: 1100, loss 10.751
step: 1200, loss 10.682
step: 1300, loss 8.853
step: 1400, loss 11.294
step: 1500, loss 12.706
epoch: 87
step: 0, loss 9.145
step: 100, loss 9.396
step: 200, loss 11.812
step: 300, loss 19.015
step: 400, loss 12.918
step: 500, loss 16.574
step: 600, loss 10.461
step: 700, loss 16.983
step: 800, loss 16.505
step: 900, loss 23.105
step: 1000, loss 13.527
step: 1100, loss 11.955
step: 1200, loss 8.627
step: 1300, loss 8.361
step: 1400, loss 7.983
step: 1500, loss 13.060
epoch: 88
step: 0, loss 11.508
step: 100, loss 10.820
step: 200, loss 9.857
step: 300, loss 9.907
step: 400, loss 12.114
step: 500, loss 12.423
step: 600, loss 16.116
step: 700, loss 10.593
step: 800, loss 9.619
step: 900, loss 14.877
step: 1000, loss 9.574
step: 1100, loss 15.545
step: 1200, loss 11.212
step: 1300, loss 9.987
step: 1400, loss 11.112
step: 1500, loss 10.177
epoch: 89
step: 0, loss 8.722
step: 100, loss 13.702
step: 200, loss 13.466
step: 300, loss 15.328
step: 400, loss 8.776
step: 500, loss 9.868
step: 600, loss 10.055
step: 700, loss 8.474
step: 800, loss 9.853
step: 900, loss 14.606
step: 1000, loss 14.486
step: 1100, loss 13.054
step: 1200, loss 9.991
step: 1300, loss 9.787
step: 1400, loss 12.458
step: 1500, loss 11.064
epoch: 90
step: 0, loss 12.374
step: 100, loss 14.322
step: 200, loss 12.128
step: 300, loss 11.753
step: 400, loss 11.124
step: 500, loss 8.863
step: 600, loss 13.256
step: 700, loss 13.162
step: 800, loss 20.797
step: 900, loss 10.732
step: 1000, loss 10.145
step: 1100, loss 8.937
step: 1200, loss 17.734
step: 1300, loss 8.075
step: 1400, loss 11.666
step: 1500, loss 13.277
epoch: 91
step: 0, loss 11.012
step: 100, loss 11.634
step: 200, loss 9.431
step: 300, loss 16.589
step: 400, loss 10.776
step: 500, loss 16.733
step: 600, loss 12.292
step: 700, loss 10.929
step: 800, loss 15.018
step: 900, loss 10.908
step: 1000, loss 14.934
step: 1100, loss 12.795
step: 1200, loss 12.963
step: 1300, loss 11.889
step: 1400, loss 14.153
step: 1500, loss 15.611
epoch: 92
step: 0, loss 13.717
step: 100, loss 9.331
step: 200, loss 12.255
step: 300, loss 10.535
step: 400, loss 12.853
step: 500, loss 10.412
step: 600, loss 13.354
step: 700, loss 12.166
step: 800, loss 11.332
step: 900, loss 12.743
step: 1000, loss 11.059
step: 1100, loss 8.980
step: 1200, loss 10.491
step: 1300, loss 10.113
step: 1400, loss 9.385
step: 1500, loss 14.119
epoch: 93
step: 0, loss 17.204
step: 100, loss 10.352
step: 200, loss 10.400
step: 300, loss 11.941
step: 400, loss 8.608
step: 500, loss 11.433
step: 600, loss 13.290
step: 700, loss 15.204
step: 800, loss 14.506
step: 900, loss 14.580
step: 1000, loss 10.545
step: 1100, loss 14.805
step: 1200, loss 10.998
step: 1300, loss 13.633
step: 1400, loss 18.268
step: 1500, loss 11.070
epoch: 94
step: 0, loss 9.873
step: 100, loss 15.973
step: 200, loss 16.377
step: 300, loss 10.297
step: 400, loss 8.797
step: 500, loss 9.935
step: 600, loss 17.335
step: 700, loss 10.912
step: 800, loss 10.727
step: 900, loss 14.794
step: 1000, loss 13.047
step: 1100, loss 11.792
step: 1200, loss 8.762
step: 1300, loss 13.862
step: 1400, loss 10.914
step: 1500, loss 14.394
epoch: 95
step: 0, loss 10.159
step: 100, loss 12.363
step: 200, loss 9.429
step: 300, loss 9.626
step: 400, loss 11.115
step: 500, loss 15.235
step: 600, loss 12.736
step: 700, loss 12.815
step: 800, loss 12.704
step: 900, loss 8.487
step: 1000, loss 18.612
step: 1100, loss 16.240
step: 1200, loss 11.833
step: 1300, loss 8.937
step: 1400, loss 8.256
step: 1500, loss 13.369
epoch: 96
step: 0, loss 11.988
step: 100, loss 13.543
step: 200, loss 15.614
step: 300, loss 12.408
step: 400, loss 9.074
step: 500, loss 13.094
step: 600, loss 11.512
step: 700, loss 8.091
step: 800, loss 22.695
step: 900, loss 11.468
step: 1000, loss 15.836
step: 1100, loss 9.150
step: 1200, loss 9.762
step: 1300, loss 13.314
step: 1400, loss 9.230
step: 1500, loss 14.713
epoch: 97
step: 0, loss 10.592
step: 100, loss 11.036
step: 200, loss 8.938
step: 300, loss 17.131
step: 400, loss 11.954
step: 500, loss 10.404
step: 600, loss 13.306
step: 700, loss 12.805
step: 800, loss 9.060
step: 900, loss 8.920
step: 1000, loss 16.892
step: 1100, loss 17.373
step: 1200, loss 10.748
step: 1300, loss 11.953
step: 1400, loss 11.204
step: 1500, loss 16.933
epoch: 98
step: 0, loss 8.592
step: 100, loss 8.605
step: 200, loss 8.909
step: 300, loss 8.725
step: 400, loss 11.873
step: 500, loss 12.821
step: 600, loss 8.352
step: 700, loss 8.014
step: 800, loss 10.198
step: 900, loss 11.827
step: 1000, loss 12.589
step: 1100, loss 16.825
step: 1200, loss 13.167
step: 1300, loss 14.302
step: 1400, loss 9.242
step: 1500, loss 9.856
epoch: 99
