Loading cuda/11.6.2/gcc/9.4.0/zen2
  Loading requirement: gcc/9.4.0
modules imported
step: 0, loss 36.620
step: 100, loss 31.709
step: 200, loss 30.513
step: 300, loss 31.739
step: 400, loss 31.479
step: 500, loss 30.597
step: 600, loss 31.993
step: 700, loss 30.977
step: 800, loss 31.393
step: 900, loss 31.678
step: 1000, loss 31.107
step: 1100, loss 30.932
step: 1200, loss 30.581
step: 1300, loss 30.454
step: 1400, loss 31.444
step: 1500, loss 31.508
epoch: 0
step: 0, loss 29.889
step: 100, loss 30.658
step: 200, loss 30.384
step: 300, loss 30.718
step: 400, loss 30.904
step: 500, loss 31.654
step: 600, loss 30.988
step: 700, loss 30.361
step: 800, loss 30.666
step: 900, loss 30.252
step: 1000, loss 30.031
step: 1100, loss 30.802
step: 1200, loss 30.678
step: 1300, loss 28.995
step: 1400, loss 30.528
step: 1500, loss 30.683
epoch: 1
step: 0, loss 30.323
step: 100, loss 31.351
step: 200, loss 30.604
step: 300, loss 30.690
step: 400, loss 31.580
step: 500, loss 29.505
step: 600, loss 29.469
step: 700, loss 30.247
step: 800, loss 29.410
step: 900, loss 29.902
step: 1000, loss 30.077
step: 1100, loss 30.296
step: 1200, loss 29.306
step: 1300, loss 29.144
step: 1400, loss 29.678
step: 1500, loss 30.359
epoch: 2
step: 0, loss 29.888
step: 100, loss 30.091
step: 200, loss 29.416
step: 300, loss 29.042
step: 400, loss 29.915
step: 500, loss 30.266
step: 600, loss 29.272
step: 700, loss 30.172
step: 800, loss 30.589
step: 900, loss 29.161
step: 1000, loss 30.026
step: 1100, loss 29.617
step: 1200, loss 29.778
step: 1300, loss 29.422
step: 1400, loss 29.984
step: 1500, loss 29.040
epoch: 3
step: 0, loss 29.429
step: 100, loss 28.610
step: 200, loss 30.160
step: 300, loss 28.953
step: 400, loss 29.914
step: 500, loss 29.855
step: 600, loss 29.344
step: 700, loss 28.953
step: 800, loss 29.041
step: 900, loss 29.487
step: 1000, loss 28.883
step: 1100, loss 29.503
step: 1200, loss 28.523
step: 1300, loss 28.616
step: 1400, loss 28.624
step: 1500, loss 28.768
epoch: 4
step: 0, loss 29.050
step: 100, loss 29.037
step: 200, loss 28.669
step: 300, loss 29.098
step: 400, loss 28.486
step: 500, loss 28.329
step: 600, loss 29.273
step: 700, loss 29.084
step: 800, loss 28.965
step: 900, loss 28.143
step: 1000, loss 28.562
step: 1100, loss 28.962
step: 1200, loss 28.749
step: 1300, loss 28.921
step: 1400, loss 29.415
step: 1500, loss 27.623
epoch: 5
step: 0, loss 27.991
step: 100, loss 28.998
step: 200, loss 28.101
step: 300, loss 27.339
step: 400, loss 28.958
step: 500, loss 27.759
step: 600, loss 28.340
step: 700, loss 28.566
step: 800, loss 27.728
step: 900, loss 27.652
step: 1000, loss 27.814
step: 1100, loss 27.772
step: 1200, loss 27.002
step: 1300, loss 28.093
step: 1400, loss 27.743
step: 1500, loss 27.991
epoch: 6
step: 0, loss 28.898
step: 100, loss 27.589
step: 200, loss 27.978
step: 300, loss 26.759
step: 400, loss 28.050
step: 500, loss 27.546
step: 600, loss 27.514
step: 700, loss 27.907
step: 800, loss 28.559
step: 900, loss 27.527
step: 1000, loss 28.113
step: 1100, loss 26.507
step: 1200, loss 26.964
step: 1300, loss 27.046
step: 1400, loss 28.015
step: 1500, loss 27.697
epoch: 7
step: 0, loss 27.028
step: 100, loss 27.866
step: 200, loss 27.365
step: 300, loss 27.430
step: 400, loss 28.014
step: 500, loss 27.758
step: 600, loss 27.454
step: 700, loss 28.146
step: 800, loss 27.195
step: 900, loss 27.030
step: 1000, loss 27.938
step: 1100, loss 27.426
step: 1200, loss 28.478
step: 1300, loss 27.111
step: 1400, loss 28.771
step: 1500, loss 27.267
epoch: 8
step: 0, loss 27.395
step: 100, loss 27.537
step: 200, loss 26.471
step: 300, loss 27.239
step: 400, loss 26.519
step: 500, loss 28.220
step: 600, loss 26.472
step: 700, loss 27.108
step: 800, loss 26.753
step: 900, loss 26.629
step: 1000, loss 26.402
step: 1100, loss 26.054
step: 1200, loss 26.493
step: 1300, loss 27.142
step: 1400, loss 25.883
step: 1500, loss 27.233
epoch: 9
step: 0, loss 27.174
step: 100, loss 28.025
step: 200, loss 26.330
step: 300, loss 26.968
step: 400, loss 27.048
step: 500, loss 26.935
step: 600, loss 27.725
step: 700, loss 27.041
step: 800, loss 26.995
step: 900, loss 25.677
step: 1000, loss 26.089
step: 1100, loss 26.684
step: 1200, loss 27.219
step: 1300, loss 26.854
step: 1400, loss 27.049
step: 1500, loss 27.303
epoch: 10
step: 0, loss 26.411
step: 100, loss 27.076
step: 200, loss 27.217
step: 300, loss 27.600
step: 400, loss 25.351
step: 500, loss 27.806
step: 600, loss 26.875
step: 700, loss 27.287
step: 800, loss 26.449
step: 900, loss 26.557
step: 1000, loss 27.071
step: 1100, loss 26.244
step: 1200, loss 26.871
step: 1300, loss 27.105
step: 1400, loss 26.604
step: 1500, loss 26.821
epoch: 11
step: 0, loss 26.968
step: 100, loss 26.334
step: 200, loss 25.296
step: 300, loss 26.254
step: 400, loss 26.891
step: 500, loss 26.428
step: 600, loss 27.099
step: 700, loss 25.422
step: 800, loss 25.795
step: 900, loss 25.859
step: 1000, loss 26.050
step: 1100, loss 25.619
step: 1200, loss 25.404
step: 1300, loss 25.923
step: 1400, loss 24.888
step: 1500, loss 26.621
epoch: 12
step: 0, loss 25.369
step: 100, loss 25.839
step: 200, loss 26.151
step: 300, loss 25.217
step: 400, loss 25.648
step: 500, loss 25.507
step: 600, loss 25.479
step: 700, loss 25.597
step: 800, loss 24.648
step: 900, loss 26.155
step: 1000, loss 25.929
step: 1100, loss 25.670
step: 1200, loss 25.665
step: 1300, loss 26.103
step: 1400, loss 25.394
step: 1500, loss 24.861
epoch: 13
step: 0, loss 24.605
step: 100, loss 25.343
step: 200, loss 25.476
step: 300, loss 25.567
step: 400, loss 24.633
step: 500, loss 24.447
step: 600, loss 25.178
step: 700, loss 25.048
step: 800, loss 24.501
step: 900, loss 25.230
step: 1000, loss 26.227
step: 1100, loss 24.739
step: 1200, loss 24.488
step: 1300, loss 25.032
step: 1400, loss 24.833
step: 1500, loss 24.764
epoch: 14
step: 0, loss 24.375
step: 100, loss 25.336
step: 200, loss 24.370
step: 300, loss 25.195
step: 400, loss 24.812
step: 500, loss 25.183
step: 600, loss 24.140
step: 700, loss 25.065
step: 800, loss 24.639
step: 900, loss 24.682
step: 1000, loss 24.841
step: 1100, loss 24.296
step: 1200, loss 25.012
step: 1300, loss 24.970
step: 1400, loss 24.482
step: 1500, loss 24.800
epoch: 15
step: 0, loss 25.464
step: 100, loss 24.614
step: 200, loss 24.915
step: 300, loss 24.791
step: 400, loss 24.476
step: 500, loss 25.122
step: 600, loss 24.441
step: 700, loss 23.983
step: 800, loss 24.990
step: 900, loss 24.752
step: 1000, loss 24.355
step: 1100, loss 23.868
step: 1200, loss 23.485
step: 1300, loss 24.528
step: 1400, loss 23.994
step: 1500, loss 23.993
epoch: 16
step: 0, loss 23.712
step: 100, loss 23.370
step: 200, loss 25.150
step: 300, loss 23.018
step: 400, loss 26.239
step: 500, loss 24.294
step: 600, loss 23.246
step: 700, loss 24.443
step: 800, loss 23.667
step: 900, loss 24.314
step: 1000, loss 24.413
step: 1100, loss 23.919
step: 1200, loss 23.726
step: 1300, loss 23.848
step: 1400, loss 23.222
step: 1500, loss 24.663
epoch: 17
step: 0, loss 25.081
step: 100, loss 23.346
step: 200, loss 23.287
step: 300, loss 24.179
step: 400, loss 23.625
step: 500, loss 24.363
step: 600, loss 23.965
step: 700, loss 23.733
step: 800, loss 23.784
step: 900, loss 24.400
step: 1000, loss 23.490
step: 1100, loss 24.306
step: 1200, loss 23.662
step: 1300, loss 24.442
step: 1400, loss 22.812
step: 1500, loss 23.700
epoch: 18
step: 0, loss 23.090
step: 100, loss 22.777
step: 200, loss 23.097
step: 300, loss 23.109
step: 400, loss 23.548
step: 500, loss 23.093
step: 600, loss 22.614
step: 700, loss 23.247
step: 800, loss 22.914
step: 900, loss 22.383
step: 1000, loss 23.744
step: 1100, loss 22.818
step: 1200, loss 24.222
step: 1300, loss 23.577
step: 1400, loss 22.483
step: 1500, loss 22.705
epoch: 19
step: 0, loss 22.831
step: 100, loss 22.779
step: 200, loss 24.124
step: 300, loss 23.224
step: 400, loss 23.370
step: 500, loss 22.522
step: 600, loss 23.160
step: 700, loss 22.752
step: 800, loss 23.547
step: 900, loss 23.419
step: 1000, loss 22.950
step: 1100, loss 22.825
step: 1200, loss 23.245
step: 1300, loss 22.633
step: 1400, loss 22.506
step: 1500, loss 22.461
epoch: 20
step: 0, loss 22.933
step: 100, loss 22.209
step: 200, loss 22.705
step: 300, loss 21.848
step: 400, loss 22.097
step: 500, loss 22.629
step: 600, loss 22.297
step: 700, loss 23.149
step: 800, loss 21.859
step: 900, loss 22.038
step: 1000, loss 23.021
step: 1100, loss 21.766
step: 1200, loss 22.017
step: 1300, loss 22.166
step: 1400, loss 22.164
step: 1500, loss 22.680
epoch: 21
step: 0, loss 22.119
step: 100, loss 23.185
step: 200, loss 22.457
step: 300, loss 21.531
step: 400, loss 22.278
step: 500, loss 21.363
step: 600, loss 22.712
step: 700, loss 22.638
step: 800, loss 21.604
step: 900, loss 22.289
step: 1000, loss 22.580
step: 1100, loss 21.692
step: 1200, loss 21.831
step: 1300, loss 21.842
step: 1400, loss 22.667
step: 1500, loss 22.302
epoch: 22
step: 0, loss 22.418
step: 100, loss 22.320
step: 200, loss 21.202
step: 300, loss 21.710
step: 400, loss 21.226
step: 500, loss 21.718
step: 600, loss 20.935
step: 700, loss 22.954
step: 800, loss 23.821
step: 900, loss 22.491
step: 1000, loss 21.974
step: 1100, loss 21.011
step: 1200, loss 20.985
step: 1300, loss 22.155
step: 1400, loss 23.079
step: 1500, loss 21.718
epoch: 23
step: 0, loss 21.880
step: 100, loss 22.276
step: 200, loss 21.600
step: 300, loss 21.587
step: 400, loss 21.146
step: 500, loss 21.307
step: 600, loss 21.976
step: 700, loss 22.059
step: 800, loss 23.342
step: 900, loss 21.085
step: 1000, loss 20.977
step: 1100, loss 21.317
step: 1200, loss 21.650
step: 1300, loss 21.089
step: 1400, loss 20.329
step: 1500, loss 21.805
epoch: 24
step: 0, loss 20.923
step: 100, loss 21.024
step: 200, loss 20.317
step: 300, loss 22.121
step: 400, loss 21.551
step: 500, loss 21.408
step: 600, loss 21.359
step: 700, loss 21.359
step: 800, loss 21.746
step: 900, loss 21.161
step: 1000, loss 20.298
step: 1100, loss 21.500
step: 1200, loss 20.955
step: 1300, loss 21.967
step: 1400, loss 20.688
step: 1500, loss 20.779
epoch: 25
step: 0, loss 21.142
step: 100, loss 21.705
step: 200, loss 21.162
step: 300, loss 20.363
step: 400, loss 20.637
step: 500, loss 21.500
step: 600, loss 20.802
step: 700, loss 20.695
step: 800, loss 20.728
step: 900, loss 20.257
step: 1000, loss 21.263
step: 1100, loss 20.071
step: 1200, loss 19.797
step: 1300, loss 19.849
step: 1400, loss 21.119
step: 1500, loss 21.379
epoch: 26
step: 0, loss 20.898
step: 100, loss 21.393
step: 200, loss 21.525
step: 300, loss 19.477
step: 400, loss 21.062
step: 500, loss 20.722
step: 600, loss 20.340
step: 700, loss 20.825
step: 800, loss 19.998
step: 900, loss 19.984
step: 1000, loss 20.322
step: 1100, loss 20.103
step: 1200, loss 20.000
step: 1300, loss 19.324
step: 1400, loss 19.249
step: 1500, loss 20.215
epoch: 27
step: 0, loss 20.578
step: 100, loss 21.431
step: 200, loss 19.953
step: 300, loss 19.945
step: 400, loss 20.243
step: 500, loss 19.589
step: 600, loss 20.222
step: 700, loss 20.556
step: 800, loss 19.098
step: 900, loss 19.177
step: 1000, loss 20.617
step: 1100, loss 20.062
step: 1200, loss 20.008
step: 1300, loss 18.761
step: 1400, loss 19.366
step: 1500, loss 20.344
epoch: 28
step: 0, loss 19.806
step: 100, loss 19.654
step: 200, loss 21.194
step: 300, loss 19.915
step: 400, loss 21.450
step: 500, loss 20.361
step: 600, loss 20.172
step: 700, loss 20.025
step: 800, loss 19.549
step: 900, loss 19.535
step: 1000, loss 19.768
step: 1100, loss 19.346
step: 1200, loss 18.744
step: 1300, loss 20.270
step: 1400, loss 19.352
step: 1500, loss 19.764
epoch: 29
step: 0, loss 19.278
step: 100, loss 19.039
step: 200, loss 20.165
step: 300, loss 18.738
step: 400, loss 20.584
step: 500, loss 18.158
step: 600, loss 18.843
step: 700, loss 19.126
step: 800, loss 20.624
step: 900, loss 19.213
step: 1000, loss 20.107
step: 1100, loss 19.159
step: 1200, loss 19.264
step: 1300, loss 18.834
step: 1400, loss 18.362
step: 1500, loss 18.451
epoch: 30
step: 0, loss 20.208
step: 100, loss 19.112
step: 200, loss 18.484
step: 300, loss 18.659
step: 400, loss 20.325
step: 500, loss 19.550
step: 600, loss 17.590
step: 700, loss 19.353
step: 800, loss 18.757
step: 900, loss 19.468
step: 1000, loss 18.853
step: 1100, loss 19.618
step: 1200, loss 18.825
step: 1300, loss 18.048
step: 1400, loss 19.472
step: 1500, loss 18.380
epoch: 31
step: 0, loss 18.151
step: 100, loss 18.853
step: 200, loss 18.590
step: 300, loss 18.368
step: 400, loss 19.435
step: 500, loss 20.861
step: 600, loss 18.727
step: 700, loss 17.959
step: 800, loss 19.317
step: 900, loss 19.020
step: 1000, loss 18.718
step: 1100, loss 17.666
step: 1200, loss 19.006
step: 1300, loss 17.700
step: 1400, loss 18.955
step: 1500, loss 17.848
epoch: 32
step: 0, loss 18.764
step: 100, loss 18.243
step: 200, loss 18.660
step: 300, loss 19.144
step: 400, loss 18.391
step: 500, loss 18.966
step: 600, loss 17.963
step: 700, loss 19.044
step: 800, loss 18.871
step: 900, loss 18.725
step: 1000, loss 19.695
step: 1100, loss 17.926
step: 1200, loss 18.911
step: 1300, loss 17.830
step: 1400, loss 17.764
step: 1500, loss 17.485
epoch: 33
step: 0, loss 18.558
step: 100, loss 18.150
step: 200, loss 18.916
step: 300, loss 17.636
step: 400, loss 18.279
step: 500, loss 17.649
step: 600, loss 18.115
step: 700, loss 18.711
step: 800, loss 18.558
step: 900, loss 17.828
step: 1000, loss 18.221
step: 1100, loss 17.410
step: 1200, loss 18.555
step: 1300, loss 17.156
step: 1400, loss 17.632
step: 1500, loss 17.899
epoch: 34
step: 0, loss 18.446
step: 100, loss 17.212
step: 200, loss 19.537
step: 300, loss 17.640
step: 400, loss 16.967
step: 500, loss 18.396
step: 600, loss 17.397
step: 700, loss 18.286
step: 800, loss 17.170
step: 900, loss 16.035
step: 1000, loss 18.145
step: 1100, loss 16.762
step: 1200, loss 18.024
step: 1300, loss 18.047
step: 1400, loss 17.366
step: 1500, loss 17.266
epoch: 35
step: 0, loss 17.874
step: 100, loss 17.122
step: 200, loss 16.103
step: 300, loss 16.932
step: 400, loss 17.518
step: 500, loss 16.647
step: 600, loss 17.838
step: 700, loss 17.275
step: 800, loss 16.498
step: 900, loss 19.619
step: 1000, loss 17.731
step: 1100, loss 17.390
step: 1200, loss 17.345
step: 1300, loss 17.364
step: 1400, loss 17.349
step: 1500, loss 19.884
epoch: 36
step: 0, loss 16.971
step: 100, loss 18.110
step: 200, loss 17.372
step: 300, loss 17.457
step: 400, loss 17.296
step: 500, loss 18.591
step: 600, loss 17.440
step: 700, loss 18.515
step: 800, loss 16.521
step: 900, loss 17.143
step: 1000, loss 18.088
step: 1100, loss 16.031
step: 1200, loss 17.229
step: 1300, loss 17.995
step: 1400, loss 16.494
step: 1500, loss 16.564
epoch: 37
step: 0, loss 16.683
step: 100, loss 17.007
step: 200, loss 17.394
step: 300, loss 18.135
step: 400, loss 15.424
step: 500, loss 17.416
step: 600, loss 17.600
step: 700, loss 15.285
step: 800, loss 17.869
step: 900, loss 16.424
step: 1000, loss 17.523
step: 1100, loss 16.876
step: 1200, loss 19.099
step: 1300, loss 16.669
step: 1400, loss 16.452
step: 1500, loss 16.905
epoch: 38
step: 0, loss 17.924
step: 100, loss 16.263
step: 200, loss 16.470
step: 300, loss 16.519
step: 400, loss 16.882
step: 500, loss 16.229
step: 600, loss 16.726
step: 700, loss 16.635
step: 800, loss 17.399
step: 900, loss 18.253
step: 1000, loss 16.460
step: 1100, loss 16.894
step: 1200, loss 17.801
step: 1300, loss 17.166
step: 1400, loss 15.060
step: 1500, loss 15.772
epoch: 39
step: 0, loss 15.809
step: 100, loss 15.121
step: 200, loss 15.889
step: 300, loss 15.899
step: 400, loss 15.853
step: 500, loss 16.176
step: 600, loss 16.219
step: 700, loss 16.867
step: 800, loss 17.742
step: 900, loss 17.152
step: 1000, loss 17.628
step: 1100, loss 16.911
step: 1200, loss 16.725
step: 1300, loss 17.259
step: 1400, loss 15.004
step: 1500, loss 15.871
epoch: 40
step: 0, loss 16.737
step: 100, loss 17.174
step: 200, loss 16.291
step: 300, loss 15.016
step: 400, loss 15.223
step: 500, loss 17.890
step: 600, loss 15.088
step: 700, loss 16.819
step: 800, loss 16.415
step: 900, loss 15.446
step: 1000, loss 16.906
step: 1100, loss 16.550
step: 1200, loss 16.004
step: 1300, loss 16.494
step: 1400, loss 14.816
step: 1500, loss 16.095
epoch: 41
step: 0, loss 16.048
step: 100, loss 15.690
step: 200, loss 16.130
step: 300, loss 17.616
step: 400, loss 16.307
step: 500, loss 16.297
step: 600, loss 15.265
step: 700, loss 15.864
step: 800, loss 15.079
step: 900, loss 15.631
step: 1000, loss 15.960
step: 1100, loss 15.916
step: 1200, loss 15.309
step: 1300, loss 14.167
step: 1400, loss 16.224
step: 1500, loss 15.138
epoch: 42
step: 0, loss 14.434
step: 100, loss 16.135
step: 200, loss 16.795
step: 300, loss 15.679
step: 400, loss 16.413
step: 500, loss 15.937
step: 600, loss 16.332
step: 700, loss 16.040
step: 800, loss 15.208
step: 900, loss 15.564
step: 1000, loss 16.583
step: 1100, loss 14.704
step: 1200, loss 17.301
step: 1300, loss 15.662
step: 1400, loss 16.224
step: 1500, loss 15.269
epoch: 43
step: 0, loss 15.558
step: 100, loss 15.025
step: 200, loss 15.530
step: 300, loss 15.192
step: 400, loss 14.265
step: 500, loss 15.442
step: 600, loss 15.146
step: 700, loss 16.001
step: 800, loss 16.788
step: 900, loss 14.059
step: 1000, loss 14.883
step: 1100, loss 13.976
step: 1200, loss 15.889
step: 1300, loss 15.968
step: 1400, loss 16.534
step: 1500, loss 14.569
epoch: 44
step: 0, loss 16.496
step: 100, loss 14.598
step: 200, loss 15.711
step: 300, loss 14.577
step: 400, loss 15.860
step: 500, loss 14.656
step: 600, loss 16.777
step: 700, loss 16.023
step: 800, loss 14.723
step: 900, loss 13.539
step: 1000, loss 15.019
step: 1100, loss 15.167
step: 1200, loss 14.365
step: 1300, loss 14.224
step: 1400, loss 15.477
step: 1500, loss 14.857
epoch: 45
step: 0, loss 15.165
step: 100, loss 13.878
step: 200, loss 14.183
step: 300, loss 15.717
step: 400, loss 15.975
step: 500, loss 14.863
step: 600, loss 16.233
step: 700, loss 13.016
step: 800, loss 13.259
step: 900, loss 15.089
step: 1000, loss 15.950
step: 1100, loss 13.885
step: 1200, loss 14.297
step: 1300, loss 14.384
step: 1400, loss 14.146
step: 1500, loss 14.966
epoch: 46
step: 0, loss 14.423
step: 100, loss 15.367
step: 200, loss 13.691
step: 300, loss 14.197
step: 400, loss 16.705
step: 500, loss 14.914
step: 600, loss 14.167
step: 700, loss 14.280
step: 800, loss 13.611
step: 900, loss 13.800
step: 1000, loss 13.394
step: 1100, loss 13.735
step: 1200, loss 14.977
step: 1300, loss 13.958
step: 1400, loss 15.681
step: 1500, loss 13.505
epoch: 47
step: 0, loss 15.915
step: 100, loss 16.123
step: 200, loss 13.415
step: 300, loss 15.476
step: 400, loss 15.400
step: 500, loss 13.306
step: 600, loss 14.213
step: 700, loss 15.039
step: 800, loss 14.925
step: 900, loss 14.780
step: 1000, loss 14.105
step: 1100, loss 15.443
step: 1200, loss 15.019
step: 1300, loss 13.321
step: 1400, loss 15.011
step: 1500, loss 16.015
epoch: 48
step: 0, loss 14.229
step: 100, loss 14.008
step: 200, loss 13.789
step: 300, loss 14.135
step: 400, loss 14.918
step: 500, loss 13.876
step: 600, loss 13.830
step: 700, loss 13.387
step: 800, loss 14.107
step: 900, loss 14.585
step: 1000, loss 14.043
step: 1100, loss 13.517
step: 1200, loss 13.982
step: 1300, loss 14.794
step: 1400, loss 13.601
step: 1500, loss 14.517
epoch: 49
step: 0, loss 14.671
step: 100, loss 14.230
step: 200, loss 14.009
step: 300, loss 14.111
step: 400, loss 16.386
step: 500, loss 14.720
step: 600, loss 14.095
step: 700, loss 14.179
step: 800, loss 13.231
step: 900, loss 14.474
step: 1000, loss 15.504
step: 1100, loss 13.814
step: 1200, loss 13.812
step: 1300, loss 14.254
step: 1400, loss 15.349
step: 1500, loss 12.448
epoch: 50
step: 0, loss 15.009
step: 100, loss 13.848
step: 200, loss 13.122
step: 300, loss 13.226
step: 400, loss 14.210
step: 500, loss 15.133
step: 600, loss 13.101
step: 700, loss 14.026
step: 800, loss 13.558
step: 900, loss 14.172
step: 1000, loss 14.633
step: 1100, loss 13.904
step: 1200, loss 14.878
step: 1300, loss 12.731
step: 1400, loss 14.709
step: 1500, loss 13.674
epoch: 51
step: 0, loss 13.628
step: 100, loss 13.255
step: 200, loss 13.531
step: 300, loss 12.985
step: 400, loss 12.717
step: 500, loss 13.605
step: 600, loss 14.318
step: 700, loss 13.177
step: 800, loss 14.375
step: 900, loss 12.885
step: 1000, loss 13.293
step: 1100, loss 14.126
step: 1200, loss 13.290
step: 1300, loss 12.901
step: 1400, loss 14.635
step: 1500, loss 13.352
epoch: 52
step: 0, loss 13.648
step: 100, loss 13.326
step: 200, loss 13.278
step: 300, loss 14.417
step: 400, loss 13.695
step: 500, loss 13.886
step: 600, loss 13.456
step: 700, loss 14.381
step: 800, loss 12.895
step: 900, loss 12.121
step: 1000, loss 12.665
step: 1100, loss 13.501
step: 1200, loss 13.438
step: 1300, loss 12.583
step: 1400, loss 13.063
step: 1500, loss 13.580
epoch: 53
step: 0, loss 12.166
step: 100, loss 13.393
step: 200, loss 14.270
step: 300, loss 14.237
step: 400, loss 13.793
step: 500, loss 13.476
step: 600, loss 12.090
step: 700, loss 15.095
step: 800, loss 15.456
step: 900, loss 12.796
step: 1000, loss 13.438
step: 1100, loss 12.853
step: 1200, loss 15.400
step: 1300, loss 13.159
step: 1400, loss 12.961
step: 1500, loss 14.120
epoch: 54
step: 0, loss 13.825
step: 100, loss 13.368
step: 200, loss 12.587
step: 300, loss 15.213
step: 400, loss 12.573
step: 500, loss 12.435
step: 600, loss 12.908
step: 700, loss 12.507
step: 800, loss 12.585
step: 900, loss 13.952
step: 1000, loss 13.799
step: 1100, loss 13.567
step: 1200, loss 12.455
step: 1300, loss 13.797
step: 1400, loss 11.810
step: 1500, loss 14.355
epoch: 55
step: 0, loss 11.841
step: 100, loss 12.866
step: 200, loss 12.999
step: 300, loss 12.738
step: 400, loss 14.110
step: 500, loss 13.797
step: 600, loss 11.591
step: 700, loss 11.672
step: 800, loss 13.518
step: 900, loss 14.169
step: 1000, loss 12.657
step: 1100, loss 11.420
step: 1200, loss 12.528
step: 1300, loss 13.433
step: 1400, loss 13.415
step: 1500, loss 11.805
epoch: 56
step: 0, loss 13.875
step: 100, loss 12.585
step: 200, loss 12.250
step: 300, loss 11.711
step: 400, loss 12.400
step: 500, loss 12.897
step: 600, loss 13.545
step: 700, loss 13.312
step: 800, loss 13.738
step: 900, loss 13.818
step: 1000, loss 11.540
step: 1100, loss 11.628
step: 1200, loss 12.437
step: 1300, loss 12.896
step: 1400, loss 12.897
step: 1500, loss 13.508
epoch: 57
step: 0, loss 11.350
step: 100, loss 12.703
step: 200, loss 12.651
step: 300, loss 13.646
step: 400, loss 13.475
step: 500, loss 13.369
step: 600, loss 12.692
step: 700, loss 12.509
step: 800, loss 12.117
step: 900, loss 13.276
step: 1000, loss 13.019
step: 1100, loss 12.012
step: 1200, loss 12.788
step: 1300, loss 12.227
step: 1400, loss 12.316
step: 1500, loss 11.923
epoch: 58
step: 0, loss 11.469
step: 100, loss 12.683
step: 200, loss 12.736
step: 300, loss 12.734
step: 400, loss 11.862
step: 500, loss 12.381
step: 600, loss 13.233
step: 700, loss 11.388
step: 800, loss 12.175
step: 900, loss 13.297
step: 1000, loss 13.025
step: 1100, loss 13.109
step: 1200, loss 13.344
step: 1300, loss 11.136
step: 1400, loss 12.808
step: 1500, loss 13.088
epoch: 59
step: 0, loss 12.157
step: 100, loss 12.097
step: 200, loss 10.968
step: 300, loss 14.980
step: 400, loss 11.104
step: 500, loss 12.244
step: 600, loss 13.038
step: 700, loss 12.813
step: 800, loss 11.147
step: 900, loss 11.373
step: 1000, loss 13.553
step: 1100, loss 12.768
step: 1200, loss 14.531
step: 1300, loss 12.680
step: 1400, loss 12.760
step: 1500, loss 11.142
epoch: 60
step: 0, loss 12.848
step: 100, loss 11.539
step: 200, loss 12.131
step: 300, loss 12.139
step: 400, loss 12.420
step: 500, loss 11.497
step: 600, loss 11.880
step: 700, loss 11.366
step: 800, loss 12.212
step: 900, loss 11.568
step: 1000, loss 12.466
step: 1100, loss 11.410
step: 1200, loss 12.158
step: 1300, loss 11.598
step: 1400, loss 11.797
step: 1500, loss 11.470
epoch: 61
step: 0, loss 11.869
step: 100, loss 11.171
step: 200, loss 12.625
step: 300, loss 11.592
step: 400, loss 11.003
step: 500, loss 12.042
step: 600, loss 12.192
step: 700, loss 10.441
step: 800, loss 11.884
step: 900, loss 12.126
step: 1000, loss 12.254
step: 1100, loss 12.331
step: 1200, loss 11.449
step: 1300, loss 10.868
step: 1400, loss 12.709
step: 1500, loss 10.588
epoch: 62
step: 0, loss 10.472
step: 100, loss 10.984
step: 200, loss 12.300
step: 300, loss 11.127
step: 400, loss 10.707
step: 500, loss 11.920
step: 600, loss 9.841
step: 700, loss 11.883
step: 800, loss 12.145
step: 900, loss 12.431
step: 1000, loss 12.114
step: 1100, loss 11.605
step: 1200, loss 11.672
step: 1300, loss 13.097
step: 1400, loss 11.785
step: 1500, loss 10.342
epoch: 63
step: 0, loss 13.888
step: 100, loss 13.059
step: 200, loss 11.953
step: 300, loss 10.744
step: 400, loss 12.041
step: 500, loss 13.097
step: 600, loss 11.631
step: 700, loss 10.502
step: 800, loss 11.111
step: 900, loss 12.409
step: 1000, loss 11.492
step: 1100, loss 10.543
step: 1200, loss 11.584
step: 1300, loss 11.783
step: 1400, loss 10.587
step: 1500, loss 12.015
epoch: 64
step: 0, loss 11.438
step: 100, loss 11.048
step: 200, loss 10.985
step: 300, loss 12.647
step: 400, loss 11.915
step: 500, loss 12.235
step: 600, loss 12.103
step: 700, loss 11.182
step: 800, loss 10.077
step: 900, loss 12.630
step: 1000, loss 10.507
step: 1100, loss 11.504
step: 1200, loss 11.157
step: 1300, loss 10.864
step: 1400, loss 11.622
step: 1500, loss 11.319
epoch: 65
step: 0, loss 12.589
step: 100, loss 12.391
step: 200, loss 11.007
step: 300, loss 10.717
step: 400, loss 11.046
step: 500, loss 11.639
step: 600, loss 11.446
step: 700, loss 13.002
step: 800, loss 11.616
step: 900, loss 11.123
step: 1000, loss 11.230
step: 1100, loss 10.841
step: 1200, loss 11.735
step: 1300, loss 11.670
step: 1400, loss 11.360
step: 1500, loss 10.453
epoch: 66
step: 0, loss 13.618
step: 100, loss 12.388
step: 200, loss 11.578
step: 300, loss 12.355
step: 400, loss 11.543
step: 500, loss 12.519
step: 600, loss 11.555
step: 700, loss 11.773
step: 800, loss 11.764
step: 900, loss 11.789
step: 1000, loss 11.655
step: 1100, loss 11.745
step: 1200, loss 12.519
step: 1300, loss 10.259
step: 1400, loss 11.462
step: 1500, loss 10.812
epoch: 67
step: 0, loss 11.235
step: 100, loss 11.240
step: 200, loss 12.627
step: 300, loss 11.012
step: 400, loss 11.126
step: 500, loss 12.782
step: 600, loss 12.969
step: 700, loss 14.172
step: 800, loss 10.816
step: 900, loss 10.372
step: 1000, loss 11.485
step: 1100, loss 9.723
step: 1200, loss 12.154
step: 1300, loss 11.615
step: 1400, loss 11.123
step: 1500, loss 10.798
epoch: 68
step: 0, loss 11.330
step: 100, loss 11.590
step: 200, loss 11.474
step: 300, loss 13.145
step: 400, loss 11.789
step: 500, loss 10.889
step: 600, loss 9.848
step: 700, loss 11.838
step: 800, loss 10.296
step: 900, loss 10.034
step: 1000, loss 11.189
step: 1100, loss 11.525
step: 1200, loss 10.937
step: 1300, loss 10.611
step: 1400, loss 12.037
step: 1500, loss 10.992
epoch: 69
step: 0, loss 10.281
step: 100, loss 11.665
step: 200, loss 10.490
step: 300, loss 11.496
step: 400, loss 9.630
step: 500, loss 11.067
step: 600, loss 10.836
step: 700, loss 11.640
step: 800, loss 11.532
step: 900, loss 10.999
step: 1000, loss 10.692
step: 1100, loss 10.668
step: 1200, loss 11.335
step: 1300, loss 10.619
step: 1400, loss 11.761
step: 1500, loss 10.001
epoch: 70
step: 0, loss 11.204
step: 100, loss 11.328
step: 200, loss 10.182
step: 300, loss 12.533
step: 400, loss 11.544
step: 500, loss 10.148
step: 600, loss 10.798
step: 700, loss 9.231
step: 800, loss 10.857
step: 900, loss 12.432
step: 1000, loss 10.027
step: 1100, loss 10.998
step: 1200, loss 11.336
step: 1300, loss 11.370
step: 1400, loss 11.353
step: 1500, loss 10.899
epoch: 71
step: 0, loss 12.019
step: 100, loss 11.935
step: 200, loss 11.428
step: 300, loss 12.512
step: 400, loss 10.445
step: 500, loss 11.752
step: 600, loss 11.064
step: 700, loss 10.679
step: 800, loss 11.312
step: 900, loss 11.431
step: 1000, loss 10.767
step: 1100, loss 11.389
step: 1200, loss 11.280
step: 1300, loss 11.001
step: 1400, loss 9.757
step: 1500, loss 10.783
epoch: 72
step: 0, loss 11.577
step: 100, loss 10.670
step: 200, loss 12.272
step: 300, loss 9.691
step: 400, loss 12.045
step: 500, loss 9.764
step: 600, loss 10.592
step: 700, loss 10.169
step: 800, loss 10.701
step: 900, loss 10.913
step: 1000, loss 10.625
step: 1100, loss 10.969
step: 1200, loss 9.960
step: 1300, loss 9.392
step: 1400, loss 11.454
step: 1500, loss 9.568
epoch: 73
step: 0, loss 11.051
step: 100, loss 10.140
step: 200, loss 9.084
step: 300, loss 11.044
step: 400, loss 11.822
step: 500, loss 10.591
step: 600, loss 10.607
step: 700, loss 11.021
step: 800, loss 11.878
step: 900, loss 11.242
step: 1000, loss 12.209
step: 1100, loss 10.173
step: 1200, loss 10.746
step: 1300, loss 10.939
step: 1400, loss 11.073
step: 1500, loss 10.838
epoch: 74
step: 0, loss 10.520
step: 100, loss 10.877
step: 200, loss 10.825
step: 300, loss 10.291
step: 400, loss 11.476
step: 500, loss 11.174
step: 600, loss 10.301
step: 700, loss 11.360
step: 800, loss 11.601
step: 900, loss 11.123
step: 1000, loss 12.325
step: 1100, loss 10.736
step: 1200, loss 10.760
step: 1300, loss 11.888
step: 1400, loss 10.260
step: 1500, loss 11.285
epoch: 75
step: 0, loss 10.266
step: 100, loss 12.821
step: 200, loss 12.525
step: 300, loss 11.568
step: 400, loss 8.903
step: 500, loss 9.354
step: 600, loss 10.713
step: 700, loss 10.997
step: 800, loss 11.234
step: 900, loss 10.043
step: 1000, loss 11.174
step: 1100, loss 10.021
step: 1200, loss 9.504
step: 1300, loss 12.027
step: 1400, loss 11.126
step: 1500, loss 9.914
epoch: 76
step: 0, loss 10.533
step: 100, loss 9.608
step: 200, loss 11.096
step: 300, loss 10.752
step: 400, loss 10.192
step: 500, loss 10.356
step: 600, loss 10.504
step: 700, loss 11.374
step: 800, loss 10.851
step: 900, loss 8.807
step: 1000, loss 10.645
step: 1100, loss 11.163
step: 1200, loss 10.214
step: 1300, loss 11.108
step: 1400, loss 10.067
step: 1500, loss 10.783
epoch: 77
step: 0, loss 10.313
step: 100, loss 10.427
step: 200, loss 10.354
step: 300, loss 10.120
step: 400, loss 10.293
step: 500, loss 11.495
step: 600, loss 9.719
step: 700, loss 8.903
step: 800, loss 9.120
step: 900, loss 11.245
step: 1000, loss 8.863
step: 1100, loss 10.321
step: 1200, loss 11.136
step: 1300, loss 10.179
step: 1400, loss 9.010
step: 1500, loss 11.885
epoch: 78
step: 0, loss 11.891
step: 100, loss 9.765
step: 200, loss 11.977
step: 300, loss 10.414
step: 400, loss 10.038
step: 500, loss 9.372
step: 600, loss 10.531
step: 700, loss 10.773
step: 800, loss 9.110
step: 900, loss 9.184
step: 1000, loss 10.495
step: 1100, loss 10.392
step: 1200, loss 11.563
step: 1300, loss 8.871
step: 1400, loss 9.527
step: 1500, loss 11.130
epoch: 79
step: 0, loss 10.208
step: 100, loss 11.665
step: 200, loss 10.911
step: 300, loss 8.829
step: 400, loss 10.233
step: 500, loss 9.448
step: 600, loss 11.488
step: 700, loss 10.644
step: 800, loss 9.804
step: 900, loss 9.979
step: 1000, loss 11.326
step: 1100, loss 10.277
step: 1200, loss 9.842
step: 1300, loss 9.857
step: 1400, loss 8.957
step: 1500, loss 10.216
epoch: 80
step: 0, loss 10.497
step: 100, loss 11.096
step: 200, loss 11.085
step: 300, loss 9.709
step: 400, loss 12.504
step: 500, loss 9.955
step: 600, loss 10.313
step: 700, loss 10.733
step: 800, loss 10.880
step: 900, loss 11.623
step: 1000, loss 11.106
step: 1100, loss 11.499
step: 1200, loss 11.957
step: 1300, loss 12.777
step: 1400, loss 9.820
step: 1500, loss 9.612
epoch: 81
step: 0, loss 10.328
step: 100, loss 9.328
step: 200, loss 10.047
step: 300, loss 10.554
step: 400, loss 10.963
step: 500, loss 10.212
step: 600, loss 9.582
step: 700, loss 9.731
step: 800, loss 8.772
step: 900, loss 10.259
step: 1000, loss 9.405
step: 1100, loss 9.440
step: 1200, loss 10.448
step: 1300, loss 9.973
step: 1400, loss 12.559
step: 1500, loss 10.515
epoch: 82
step: 0, loss 9.684
step: 100, loss 10.758
step: 200, loss 10.281
step: 300, loss 10.132
step: 400, loss 10.180
step: 500, loss 10.480
step: 600, loss 10.033
step: 700, loss 10.305
step: 800, loss 10.668
step: 900, loss 10.094
step: 1000, loss 9.643
step: 1100, loss 10.489
step: 1200, loss 9.982
step: 1300, loss 10.118
step: 1400, loss 9.576
step: 1500, loss 9.158
epoch: 83
step: 0, loss 9.341
step: 100, loss 9.138
step: 200, loss 9.103
step: 300, loss 9.554
step: 400, loss 9.272
step: 500, loss 10.968
step: 600, loss 10.372
step: 700, loss 9.789
step: 800, loss 10.550
step: 900, loss 10.005
step: 1000, loss 10.483
step: 1100, loss 9.772
step: 1200, loss 9.300
step: 1300, loss 11.530
step: 1400, loss 8.105
step: 1500, loss 10.418
epoch: 84
step: 0, loss 9.944
step: 100, loss 10.097
step: 200, loss 10.580
step: 300, loss 10.780
step: 400, loss 11.358
step: 500, loss 8.544
step: 600, loss 9.916
step: 700, loss 9.583
step: 800, loss 9.802
step: 900, loss 10.271
step: 1000, loss 10.679
step: 1100, loss 10.361
step: 1200, loss 11.374
step: 1300, loss 9.441
step: 1400, loss 9.855
step: 1500, loss 9.686
epoch: 85
step: 0, loss 10.139
step: 100, loss 10.048
step: 200, loss 10.663
step: 300, loss 10.546
step: 400, loss 9.529
step: 500, loss 9.489
step: 600, loss 10.521
step: 700, loss 8.751
step: 800, loss 8.666
step: 900, loss 11.457
step: 1000, loss 10.446
step: 1100, loss 9.828
step: 1200, loss 9.830
step: 1300, loss 9.240
step: 1400, loss 9.790
step: 1500, loss 10.445
epoch: 86
step: 0, loss 10.351
step: 100, loss 9.998
step: 200, loss 8.484
step: 300, loss 10.512
step: 400, loss 7.441
step: 500, loss 10.700
step: 600, loss 9.827
step: 700, loss 8.722
step: 800, loss 9.744
step: 900, loss 9.396
step: 1000, loss 9.194
step: 1100, loss 9.650
step: 1200, loss 10.193
step: 1300, loss 9.505
step: 1400, loss 9.926
step: 1500, loss 12.300
epoch: 87
step: 0, loss 9.637
step: 100, loss 9.840
step: 200, loss 10.297
step: 300, loss 9.717
step: 400, loss 8.645
step: 500, loss 8.737
step: 600, loss 10.113
step: 700, loss 8.980
step: 800, loss 9.795
step: 900, loss 9.007
step: 1000, loss 11.230
step: 1100, loss 10.772
step: 1200, loss 9.126
step: 1300, loss 9.163
step: 1400, loss 10.600
step: 1500, loss 8.479
epoch: 88
step: 0, loss 11.690
step: 100, loss 8.781
step: 200, loss 9.265
step: 300, loss 9.205
step: 400, loss 9.667
step: 500, loss 9.515
step: 600, loss 8.875
step: 700, loss 10.249
step: 800, loss 9.576
step: 900, loss 10.144
step: 1000, loss 10.676
step: 1100, loss 10.255
step: 1200, loss 9.744
step: 1300, loss 9.252
step: 1400, loss 9.891
step: 1500, loss 9.387
epoch: 89
step: 0, loss 9.756
step: 100, loss 9.148
step: 200, loss 8.740
step: 300, loss 9.291
step: 400, loss 9.846
step: 500, loss 10.066
step: 600, loss 9.551
step: 700, loss 9.841
step: 800, loss 9.146
step: 900, loss 9.619
step: 1000, loss 9.201
step: 1100, loss 11.558
step: 1200, loss 8.720
step: 1300, loss 8.088
step: 1400, loss 10.722
step: 1500, loss 8.427
epoch: 90
step: 0, loss 8.908
step: 100, loss 9.507
step: 200, loss 9.448
step: 300, loss 8.031
step: 400, loss 10.269
step: 500, loss 11.483
step: 600, loss 9.971
step: 700, loss 9.719
step: 800, loss 9.989
step: 900, loss 9.085
step: 1000, loss 10.850
step: 1100, loss 10.264
step: 1200, loss 8.210
step: 1300, loss 9.486
step: 1400, loss 9.636
step: 1500, loss 8.530
epoch: 91
step: 0, loss 10.595
step: 100, loss 12.333
step: 200, loss 9.063
step: 300, loss 10.476
step: 400, loss 10.622
step: 500, loss 9.835
step: 600, loss 9.722
step: 700, loss 10.004
step: 800, loss 10.480
step: 900, loss 9.200
step: 1000, loss 8.608
step: 1100, loss 9.258
step: 1200, loss 8.649
step: 1300, loss 8.451
step: 1400, loss 9.363
step: 1500, loss 10.150
epoch: 92
step: 0, loss 9.807
step: 100, loss 9.421
step: 200, loss 7.545
step: 300, loss 9.686
step: 400, loss 9.696
step: 500, loss 9.885
step: 600, loss 8.359
step: 700, loss 9.077
step: 800, loss 8.636
step: 900, loss 8.125
step: 1000, loss 10.793
step: 1100, loss 9.309
step: 1200, loss 9.478
step: 1300, loss 9.559
step: 1400, loss 8.657
step: 1500, loss 9.093
epoch: 93
step: 0, loss 10.175
step: 100, loss 9.693
step: 200, loss 8.581
step: 300, loss 10.859
step: 400, loss 11.111
step: 500, loss 10.357
step: 600, loss 9.953
step: 700, loss 9.038
step: 800, loss 10.062
step: 900, loss 10.475
step: 1000, loss 9.213
step: 1100, loss 8.352
step: 1200, loss 11.206
step: 1300, loss 8.472
step: 1400, loss 8.363
step: 1500, loss 8.276
epoch: 94
step: 0, loss 9.903
step: 100, loss 7.961
step: 200, loss 9.007
step: 300, loss 9.455
step: 400, loss 9.163
step: 500, loss 10.594
step: 600, loss 9.805
step: 700, loss 10.682
step: 800, loss 10.105
step: 900, loss 9.086
step: 1000, loss 10.348
step: 1100, loss 9.021
step: 1200, loss 9.846
step: 1300, loss 9.538
step: 1400, loss 7.606
step: 1500, loss 9.160
epoch: 95
step: 0, loss 9.128
step: 100, loss 9.690
step: 200, loss 10.390
step: 300, loss 9.345
step: 400, loss 8.694
step: 500, loss 9.506
step: 600, loss 10.810
step: 700, loss 10.497
step: 800, loss 9.932
step: 900, loss 10.232
step: 1000, loss 10.222
step: 1100, loss 9.593
step: 1200, loss 9.273
step: 1300, loss 8.271
step: 1400, loss 10.925
step: 1500, loss 8.098
epoch: 96
step: 0, loss 10.800
step: 100, loss 10.191
step: 200, loss 10.626
step: 300, loss 9.694
step: 400, loss 8.110
step: 500, loss 9.120
step: 600, loss 9.897
step: 700, loss 8.014
step: 800, loss 10.036
step: 900, loss 9.453
step: 1000, loss 9.389
step: 1100, loss 10.126
step: 1200, loss 8.789
step: 1300, loss 8.744
step: 1400, loss 8.993
step: 1500, loss 9.066
epoch: 97
step: 0, loss 7.606
step: 100, loss 10.104
step: 200, loss 8.685
step: 300, loss 9.259
step: 400, loss 9.197
step: 500, loss 10.375
step: 600, loss 9.852
step: 700, loss 9.548
step: 800, loss 9.273
step: 900, loss 8.147
step: 1000, loss 9.928
step: 1100, loss 8.892
step: 1200, loss 8.875
step: 1300, loss 8.348
step: 1400, loss 11.215
step: 1500, loss 8.803
epoch: 98
step: 0, loss 9.722
step: 100, loss 8.337
step: 200, loss 9.970
step: 300, loss 9.557
step: 400, loss 8.064
step: 500, loss 9.431
step: 600, loss 10.656
step: 700, loss 8.202
step: 800, loss 7.748
step: 900, loss 10.474
step: 1000, loss 8.956
step: 1100, loss 9.229
step: 1200, loss 9.015
step: 1300, loss 10.378
step: 1400, loss 8.633
step: 1500, loss 9.502
epoch: 99
