Loading cuda/11.6.2/gcc/9.4.0/zen2
  Loading requirement: gcc/9.4.0
modules imported
step: 0, loss 34.941
step: 100, loss 11.057
step: 200, loss 10.659
step: 300, loss 8.726
step: 400, loss 9.085
step: 500, loss 6.933
step: 600, loss 7.270
step: 700, loss 6.391
step: 800, loss 7.167
step: 900, loss 5.854
step: 1000, loss 6.656
step: 1100, loss 5.874
step: 1200, loss 5.816
step: 1300, loss 4.817
step: 1400, loss 5.840
step: 1500, loss 6.166
epoch: 0
step: 0, loss 5.245
step: 100, loss 5.559
step: 200, loss 7.072
step: 300, loss 6.861
step: 400, loss 5.781
step: 500, loss 5.181
step: 600, loss 4.783
step: 700, loss 4.727
step: 800, loss 4.856
step: 900, loss 5.694
step: 1000, loss 5.368
step: 1100, loss 5.213
step: 1200, loss 5.573
step: 1300, loss 4.990
step: 1400, loss 4.372
step: 1500, loss 5.012
epoch: 1
step: 0, loss 6.492
step: 100, loss 4.839
step: 200, loss 5.199
step: 300, loss 4.123
step: 400, loss 4.523
step: 500, loss 4.671
step: 600, loss 5.757
step: 700, loss 5.960
step: 800, loss 4.185
step: 900, loss 5.933
step: 1000, loss 5.587
step: 1100, loss 5.004
step: 1200, loss 5.382
step: 1300, loss 6.745
step: 1400, loss 5.349
step: 1500, loss 5.718
epoch: 2
step: 0, loss 6.648
step: 100, loss 4.478
step: 200, loss 5.337
step: 300, loss 4.950
step: 400, loss 5.054
step: 500, loss 5.053
step: 600, loss 4.242
step: 700, loss 5.710
step: 800, loss 4.549
step: 900, loss 5.705
step: 1000, loss 5.881
step: 1100, loss 5.280
step: 1200, loss 5.026
step: 1300, loss 4.516
step: 1400, loss 3.958
step: 1500, loss 4.162
epoch: 3
step: 0, loss 4.668
step: 100, loss 5.347
step: 200, loss 4.872
step: 300, loss 4.763
step: 400, loss 4.677
step: 500, loss 4.860
step: 600, loss 5.242
step: 700, loss 5.062
step: 800, loss 4.459
step: 900, loss 5.567
step: 1000, loss 5.803
step: 1100, loss 4.838
step: 1200, loss 5.872
step: 1300, loss 4.704
step: 1400, loss 4.651
step: 1500, loss 5.926
epoch: 4
step: 0, loss 5.166
step: 100, loss 4.883
step: 200, loss 4.368
step: 300, loss 4.280
step: 400, loss 4.161
step: 500, loss 4.872
step: 600, loss 4.673
step: 700, loss 4.587
step: 800, loss 4.849
step: 900, loss 5.881
step: 1000, loss 4.376
step: 1100, loss 4.344
step: 1200, loss 4.842
step: 1300, loss 4.451
step: 1400, loss 3.784
step: 1500, loss 4.327
epoch: 5
step: 0, loss 4.076
step: 100, loss 4.316
step: 200, loss 4.498
step: 300, loss 3.926
step: 400, loss 4.876
step: 500, loss 4.281
step: 600, loss 4.459
step: 700, loss 4.025
step: 800, loss 5.068
step: 900, loss 4.309
step: 1000, loss 5.544
step: 1100, loss 4.935
step: 1200, loss 5.927
step: 1300, loss 5.198
step: 1400, loss 3.461
step: 1500, loss 4.606
epoch: 6
step: 0, loss 4.803
step: 100, loss 4.652
step: 200, loss 5.107
step: 300, loss 3.838
step: 400, loss 5.008
step: 500, loss 5.478
step: 600, loss 3.723
step: 700, loss 4.325
step: 800, loss 4.411
step: 900, loss 4.589
step: 1000, loss 4.343
step: 1100, loss 3.945
step: 1200, loss 5.082
step: 1300, loss 4.653
step: 1400, loss 3.732
step: 1500, loss 3.497
epoch: 7
step: 0, loss 4.682
step: 100, loss 4.113
step: 200, loss 4.572
step: 300, loss 5.454
step: 400, loss 4.256
step: 500, loss 3.911
step: 600, loss 5.229
step: 700, loss 4.747
step: 800, loss 3.792
step: 900, loss 4.764
step: 1000, loss 5.042
step: 1100, loss 5.593
step: 1200, loss 5.313
step: 1300, loss 5.089
step: 1400, loss 3.843
step: 1500, loss 4.434
epoch: 8
step: 0, loss 4.646
step: 100, loss 4.587
step: 200, loss 3.956
step: 300, loss 4.084
step: 400, loss 4.539
step: 500, loss 3.944
step: 600, loss 4.823
step: 700, loss 4.490
step: 800, loss 3.714
step: 900, loss 4.590
step: 1000, loss 4.031
step: 1100, loss 4.273
step: 1200, loss 4.154
step: 1300, loss 4.641
step: 1400, loss 4.523
step: 1500, loss 4.484
epoch: 9
step: 0, loss 3.950
step: 100, loss 4.254
step: 200, loss 3.777
step: 300, loss 3.564
step: 400, loss 5.645
step: 500, loss 4.562
step: 600, loss 4.803
step: 700, loss 4.633
step: 800, loss 4.148
step: 900, loss 4.052
step: 1000, loss 5.707
step: 1100, loss 3.567
step: 1200, loss 3.646
step: 1300, loss 4.489
step: 1400, loss 3.515
step: 1500, loss 4.427
epoch: 10
step: 0, loss 4.868
step: 100, loss 4.866
step: 200, loss 4.662
step: 300, loss 5.312
step: 400, loss 5.114
step: 500, loss 4.807
step: 600, loss 5.564
step: 700, loss 3.359
step: 800, loss 4.275
step: 900, loss 4.401
step: 1000, loss 4.946
step: 1100, loss 5.081
step: 1200, loss 4.797
step: 1300, loss 4.859
step: 1400, loss 4.370
step: 1500, loss 4.301
epoch: 11
step: 0, loss 5.495
step: 100, loss 4.176
step: 200, loss 5.189
step: 300, loss 5.621
step: 400, loss 4.502
step: 500, loss 4.216
step: 600, loss 4.085
step: 700, loss 4.282
step: 800, loss 4.413
step: 900, loss 4.251
step: 1000, loss 4.212
step: 1100, loss 3.690
step: 1200, loss 3.753
step: 1300, loss 6.603
step: 1400, loss 4.102
step: 1500, loss 4.843
epoch: 12
step: 0, loss 3.336
step: 100, loss 3.822
step: 200, loss 3.919
step: 300, loss 4.801
step: 400, loss 5.336
step: 500, loss 4.707
step: 600, loss 4.349
step: 700, loss 5.117
step: 800, loss 4.745
step: 900, loss 4.957
step: 1000, loss 4.568
step: 1100, loss 4.161
step: 1200, loss 4.383
step: 1300, loss 5.196
step: 1400, loss 4.258
step: 1500, loss 4.070
epoch: 13
step: 0, loss 4.954
step: 100, loss 3.868
step: 200, loss 4.005
step: 300, loss 4.515
step: 400, loss 3.952
step: 500, loss 4.363
step: 600, loss 4.384
step: 700, loss 5.009
step: 800, loss 4.218
step: 900, loss 5.084
step: 1000, loss 4.864
step: 1100, loss 4.586
step: 1200, loss 4.475
step: 1300, loss 5.141
step: 1400, loss 4.692
step: 1500, loss 4.381
epoch: 14
step: 0, loss 4.704
step: 100, loss 3.977
step: 200, loss 4.777
step: 300, loss 4.264
step: 400, loss 4.545
step: 500, loss 3.967
step: 600, loss 4.510
step: 700, loss 5.271
step: 800, loss 5.024
step: 900, loss 3.817
step: 1000, loss 5.680
step: 1100, loss 3.841
step: 1200, loss 4.507
step: 1300, loss 4.786
step: 1400, loss 3.708
step: 1500, loss 4.311
epoch: 15
step: 0, loss 4.752
step: 100, loss 4.314
step: 200, loss 5.278
step: 300, loss 3.594
step: 400, loss 4.524
step: 500, loss 4.287
step: 600, loss 4.261
step: 700, loss 4.245
step: 800, loss 4.964
step: 900, loss 4.689
step: 1000, loss 4.033
step: 1100, loss 4.247
step: 1200, loss 4.875
step: 1300, loss 3.831
step: 1400, loss 4.307
step: 1500, loss 4.507
epoch: 16
step: 0, loss 4.359
step: 100, loss 5.035
step: 200, loss 3.468
step: 300, loss 4.726
step: 400, loss 3.947
step: 500, loss 3.285
step: 600, loss 3.868
step: 700, loss 4.095
step: 800, loss 5.033
step: 900, loss 3.392
step: 1000, loss 3.099
step: 1100, loss 4.464
step: 1200, loss 4.650
step: 1300, loss 4.239
step: 1400, loss 4.089
step: 1500, loss 4.688
epoch: 17
step: 0, loss 4.083
step: 100, loss 3.703
step: 200, loss 4.382
step: 300, loss 4.085
step: 400, loss 4.878
step: 500, loss 4.928
step: 600, loss 3.492
step: 700, loss 4.602
step: 800, loss 4.741
step: 900, loss 3.850
step: 1000, loss 4.155
step: 1100, loss 4.411
step: 1200, loss 4.829
step: 1300, loss 4.045
step: 1400, loss 4.581
step: 1500, loss 4.485
epoch: 18
step: 0, loss 5.307
step: 100, loss 4.897
step: 200, loss 4.326
step: 300, loss 4.501
step: 400, loss 4.022
step: 500, loss 4.250
step: 600, loss 3.699
step: 700, loss 3.732
step: 800, loss 3.895
step: 900, loss 5.220
step: 1000, loss 4.042
step: 1100, loss 4.011
step: 1200, loss 4.781
step: 1300, loss 4.023
step: 1400, loss 4.778
step: 1500, loss 3.713
epoch: 19
step: 0, loss 4.272
step: 100, loss 3.954
step: 200, loss 4.674
step: 300, loss 4.392
step: 400, loss 5.695
step: 500, loss 4.422
step: 600, loss 3.693
step: 700, loss 3.957
step: 800, loss 3.301
step: 900, loss 4.656
step: 1000, loss 4.494
step: 1100, loss 5.355
step: 1200, loss 4.920
step: 1300, loss 4.613
step: 1400, loss 5.104
step: 1500, loss 5.236
epoch: 20
step: 0, loss 4.142
step: 100, loss 4.922
step: 200, loss 3.433
step: 300, loss 4.893
step: 400, loss 3.801
step: 500, loss 4.145
step: 600, loss 4.714
step: 700, loss 4.315
step: 800, loss 4.275
step: 900, loss 4.004
step: 1000, loss 4.858
step: 1100, loss 4.427
step: 1200, loss 4.674
step: 1300, loss 3.831
step: 1400, loss 4.082
step: 1500, loss 4.348
epoch: 21
step: 0, loss 4.447
step: 100, loss 4.441
step: 200, loss 4.739
step: 300, loss 3.758
step: 400, loss 3.852
step: 500, loss 4.094
step: 600, loss 3.412
step: 700, loss 4.668
step: 800, loss 3.413
step: 900, loss 4.592
step: 1000, loss 3.385
step: 1100, loss 3.578
step: 1200, loss 4.117
step: 1300, loss 4.088
step: 1400, loss 5.443
step: 1500, loss 4.214
epoch: 22
step: 0, loss 3.781
step: 100, loss 4.124
step: 200, loss 3.675
step: 300, loss 3.686
step: 400, loss 4.071
step: 500, loss 4.446
step: 600, loss 4.217
step: 700, loss 4.734
step: 800, loss 4.084
step: 900, loss 4.708
step: 1000, loss 5.062
step: 1100, loss 5.082
step: 1200, loss 4.709
step: 1300, loss 4.368
step: 1400, loss 4.670
step: 1500, loss 4.744
epoch: 23
step: 0, loss 4.295
step: 100, loss 3.916
step: 200, loss 3.903
step: 300, loss 4.020
step: 400, loss 4.705
step: 500, loss 4.550
step: 600, loss 3.195
step: 700, loss 5.429
step: 800, loss 4.399
step: 900, loss 4.092
step: 1000, loss 3.521
step: 1100, loss 4.397
step: 1200, loss 4.790
step: 1300, loss 4.433
step: 1400, loss 5.030
step: 1500, loss 4.369
epoch: 24
step: 0, loss 3.351
step: 100, loss 3.986
step: 200, loss 4.190
step: 300, loss 4.181
step: 400, loss 4.267
step: 500, loss 3.428
step: 600, loss 4.534
step: 700, loss 3.512
step: 800, loss 4.064
step: 900, loss 4.610
step: 1000, loss 4.938
step: 1100, loss 4.677
step: 1200, loss 4.730
step: 1300, loss 3.300
step: 1400, loss 3.994
step: 1500, loss 3.715
epoch: 25
step: 0, loss 4.136
step: 100, loss 4.024
step: 200, loss 4.152
step: 300, loss 4.000
step: 400, loss 4.289
step: 500, loss 4.472
step: 600, loss 3.474
step: 700, loss 3.633
step: 800, loss 5.162
step: 900, loss 3.629
step: 1000, loss 4.250
step: 1100, loss 4.139
step: 1200, loss 3.776
step: 1300, loss 4.624
step: 1400, loss 4.318
step: 1500, loss 4.147
epoch: 26
step: 0, loss 4.464
step: 100, loss 3.936
step: 200, loss 4.163
step: 300, loss 4.382
step: 400, loss 3.958
step: 500, loss 4.112
step: 600, loss 4.898
step: 700, loss 4.591
step: 800, loss 3.377
step: 900, loss 3.312
step: 1000, loss 4.111
step: 1100, loss 3.525
step: 1200, loss 4.585
step: 1300, loss 4.375
step: 1400, loss 3.589
step: 1500, loss 4.677
epoch: 27
step: 0, loss 4.832
step: 100, loss 4.318
step: 200, loss 4.536
step: 300, loss 3.947
step: 400, loss 4.616
step: 500, loss 4.100
step: 600, loss 3.776
step: 700, loss 4.465
step: 800, loss 4.633
step: 900, loss 5.226
step: 1000, loss 3.783
step: 1100, loss 4.658
step: 1200, loss 3.938
step: 1300, loss 4.185
step: 1400, loss 4.723
step: 1500, loss 4.053
epoch: 28
step: 0, loss 3.753
step: 100, loss 3.244
step: 200, loss 4.416
step: 300, loss 4.208
step: 400, loss 4.851
step: 500, loss 4.902
step: 600, loss 4.345
step: 700, loss 4.598
step: 800, loss 4.643
step: 900, loss 5.427
step: 1000, loss 3.771
step: 1100, loss 4.943
step: 1200, loss 4.791
step: 1300, loss 3.463
step: 1400, loss 5.237
step: 1500, loss 4.452
epoch: 29
step: 0, loss 3.818
step: 100, loss 3.917
step: 200, loss 4.250
step: 300, loss 5.583
step: 400, loss 4.791
step: 500, loss 4.824
step: 600, loss 4.142
step: 700, loss 4.143
step: 800, loss 3.111
step: 900, loss 3.810
step: 1000, loss 3.586
step: 1100, loss 3.981
step: 1200, loss 4.786
step: 1300, loss 4.639
step: 1400, loss 4.480
step: 1500, loss 4.761
epoch: 30
step: 0, loss 3.757
step: 100, loss 4.245
step: 200, loss 4.521
step: 300, loss 4.096
step: 400, loss 3.989
step: 500, loss 3.433
step: 600, loss 4.330
step: 700, loss 4.724
step: 800, loss 4.318
step: 900, loss 5.123
step: 1000, loss 4.650
step: 1100, loss 3.657
step: 1200, loss 3.493
step: 1300, loss 3.919
step: 1400, loss 4.414
step: 1500, loss 4.878
epoch: 31
step: 0, loss 3.865
step: 100, loss 4.519
step: 200, loss 4.846
step: 300, loss 4.468
step: 400, loss 4.983
step: 500, loss 3.828
step: 600, loss 4.763
step: 700, loss 3.708
step: 800, loss 3.746
step: 900, loss 3.646
step: 1000, loss 3.926
step: 1100, loss 3.786
step: 1200, loss 4.680
step: 1300, loss 3.705
step: 1400, loss 3.899
step: 1500, loss 4.246
epoch: 32
step: 0, loss 4.645
step: 100, loss 4.287
step: 200, loss 4.034
step: 300, loss 4.201
step: 400, loss 4.230
step: 500, loss 4.377
step: 600, loss 3.709
step: 700, loss 3.899
step: 800, loss 3.541
step: 900, loss 4.417
step: 1000, loss 3.765
step: 1100, loss 3.536
step: 1200, loss 4.161
step: 1300, loss 4.739
step: 1400, loss 4.355
step: 1500, loss 4.147
epoch: 33
step: 0, loss 3.692
step: 100, loss 3.266
step: 200, loss 3.851
step: 300, loss 4.037
step: 400, loss 4.440
step: 500, loss 3.977
step: 600, loss 3.750
step: 700, loss 3.796
step: 800, loss 3.990
step: 900, loss 3.616
step: 1000, loss 4.880
step: 1100, loss 4.043
step: 1200, loss 4.810
step: 1300, loss 3.864
step: 1400, loss 4.299
step: 1500, loss 5.226
epoch: 34
step: 0, loss 3.543
step: 100, loss 4.192
step: 200, loss 3.687
step: 300, loss 4.144
step: 400, loss 3.264
step: 500, loss 4.978
step: 600, loss 4.033
step: 700, loss 4.478
step: 800, loss 5.968
step: 900, loss 5.060
step: 1000, loss 4.347
step: 1100, loss 3.864
step: 1200, loss 3.779
step: 1300, loss 4.118
step: 1400, loss 3.400
step: 1500, loss 4.556
epoch: 35
step: 0, loss 4.348
step: 100, loss 3.635
step: 200, loss 3.464
step: 300, loss 3.982
step: 400, loss 3.553
step: 500, loss 3.826
step: 600, loss 3.994
step: 700, loss 4.310
step: 800, loss 4.442
step: 900, loss 4.566
step: 1000, loss 3.227
step: 1100, loss 3.991
step: 1200, loss 4.274
step: 1300, loss 4.344
step: 1400, loss 5.188
step: 1500, loss 3.997
epoch: 36
step: 0, loss 3.918
step: 100, loss 4.801
step: 200, loss 4.390
step: 300, loss 4.647
step: 400, loss 4.124
step: 500, loss 4.069
step: 600, loss 4.460
step: 700, loss 4.241
step: 800, loss 4.202
step: 900, loss 3.954
step: 1000, loss 4.606
step: 1100, loss 4.524
step: 1200, loss 3.418
step: 1300, loss 4.646
step: 1400, loss 4.819
step: 1500, loss 3.523
epoch: 37
step: 0, loss 3.641
step: 100, loss 4.069
step: 200, loss 4.507
step: 300, loss 4.565
step: 400, loss 4.612
step: 500, loss 4.705
step: 600, loss 3.734
step: 700, loss 3.859
step: 800, loss 4.533
step: 900, loss 4.241
step: 1000, loss 4.311
step: 1100, loss 4.147
step: 1200, loss 4.102
step: 1300, loss 5.228
step: 1400, loss 3.763
step: 1500, loss 4.497
epoch: 38
step: 0, loss 4.651
step: 100, loss 4.869
step: 200, loss 3.903
step: 300, loss 4.240
step: 400, loss 5.036
step: 500, loss 3.807
step: 600, loss 4.845
step: 700, loss 4.540
step: 800, loss 3.829
step: 900, loss 4.880
step: 1000, loss 4.983
step: 1100, loss 5.537
step: 1200, loss 4.517
step: 1300, loss 3.644
step: 1400, loss 4.339
step: 1500, loss 3.945
epoch: 39
step: 0, loss 5.200
step: 100, loss 4.155
step: 200, loss 3.610
step: 300, loss 3.708
step: 400, loss 3.922
step: 500, loss 4.359
step: 600, loss 3.550
step: 700, loss 4.318
step: 800, loss 4.103
step: 900, loss 5.083
step: 1000, loss 3.996
step: 1100, loss 3.529
step: 1200, loss 4.052
step: 1300, loss 4.678
step: 1400, loss 4.159
step: 1500, loss 3.998
epoch: 40
step: 0, loss 4.691
step: 100, loss 5.473
step: 200, loss 4.195
step: 300, loss 3.608
step: 400, loss 4.221
step: 500, loss 4.362
step: 600, loss 4.309
step: 700, loss 4.937
step: 800, loss 3.846
step: 900, loss 3.665
step: 1000, loss 4.702
step: 1100, loss 3.296
step: 1200, loss 4.418
step: 1300, loss 3.890
step: 1400, loss 3.869
step: 1500, loss 4.210
epoch: 41
step: 0, loss 4.601
step: 100, loss 3.562
step: 200, loss 4.366
step: 300, loss 4.125
step: 400, loss 3.950
step: 500, loss 3.571
step: 600, loss 4.026
step: 700, loss 4.218
step: 800, loss 3.429
step: 900, loss 3.365
step: 1000, loss 3.350
step: 1100, loss 3.601
step: 1200, loss 3.665
step: 1300, loss 5.078
step: 1400, loss 4.241
step: 1500, loss 3.660
epoch: 42
step: 0, loss 3.874
step: 100, loss 4.564
step: 200, loss 3.825
step: 300, loss 4.807
step: 400, loss 5.127
step: 500, loss 4.374
step: 600, loss 3.502
step: 700, loss 3.460
step: 800, loss 5.410
step: 900, loss 4.718
step: 1000, loss 4.557
step: 1100, loss 3.840
step: 1200, loss 4.267
step: 1300, loss 4.673
step: 1400, loss 4.287
step: 1500, loss 4.696
epoch: 43
step: 0, loss 4.386
step: 100, loss 4.128
step: 200, loss 4.074
step: 300, loss 4.374
step: 400, loss 3.870
step: 500, loss 4.438
step: 600, loss 4.956
step: 700, loss 4.271
step: 800, loss 3.169
step: 900, loss 4.187
step: 1000, loss 3.929
step: 1100, loss 4.294
step: 1200, loss 4.118
step: 1300, loss 3.969
step: 1400, loss 4.065
step: 1500, loss 3.836
epoch: 44
step: 0, loss 3.429
step: 100, loss 3.544
step: 200, loss 4.112
step: 300, loss 3.322
step: 400, loss 3.844
step: 500, loss 4.111
step: 600, loss 4.514
step: 700, loss 4.506
step: 800, loss 3.963
step: 900, loss 3.132
step: 1000, loss 4.160
step: 1100, loss 4.255
step: 1200, loss 4.762
step: 1300, loss 3.981
step: 1400, loss 4.637
step: 1500, loss 4.014
epoch: 45
step: 0, loss 3.512
step: 100, loss 4.062
step: 200, loss 5.373
step: 300, loss 4.629
step: 400, loss 4.373
step: 500, loss 4.498
step: 600, loss 4.615
step: 700, loss 3.790
step: 800, loss 3.632
step: 900, loss 3.445
step: 1000, loss 3.443
step: 1100, loss 5.512
step: 1200, loss 4.126
step: 1300, loss 3.451
step: 1400, loss 4.308
step: 1500, loss 3.850
epoch: 46
step: 0, loss 3.549
step: 100, loss 4.567
step: 200, loss 5.124
step: 300, loss 3.982
step: 400, loss 4.127
step: 500, loss 4.105
step: 600, loss 3.358
step: 700, loss 4.621
step: 800, loss 3.536
step: 900, loss 4.537
step: 1000, loss 4.199
step: 1100, loss 4.311
step: 1200, loss 5.154
step: 1300, loss 3.861
step: 1400, loss 4.265
step: 1500, loss 4.833
epoch: 47
step: 0, loss 3.730
step: 100, loss 4.719
step: 200, loss 4.461
step: 300, loss 3.844
step: 400, loss 4.409
step: 500, loss 3.916
step: 600, loss 4.059
step: 700, loss 3.530
step: 800, loss 3.630
step: 900, loss 4.235
step: 1000, loss 4.411
step: 1100, loss 3.941
step: 1200, loss 4.910
step: 1300, loss 4.162
step: 1400, loss 3.803
step: 1500, loss 4.328
epoch: 48
step: 0, loss 4.111
step: 100, loss 4.491
step: 200, loss 4.753
step: 300, loss 3.861
step: 400, loss 3.687
step: 500, loss 3.449
step: 600, loss 4.297
step: 700, loss 4.294
step: 800, loss 3.625
step: 900, loss 3.088
step: 1000, loss 4.098
step: 1100, loss 4.980
step: 1200, loss 3.922
step: 1300, loss 4.091
step: 1400, loss 4.115
step: 1500, loss 3.659
epoch: 49
step: 0, loss 4.359
step: 100, loss 4.556
step: 200, loss 3.751
step: 300, loss 4.031
step: 400, loss 3.948
step: 500, loss 4.142
step: 600, loss 3.712
step: 700, loss 4.105
step: 800, loss 3.534
step: 900, loss 3.890
step: 1000, loss 4.012
step: 1100, loss 3.859
step: 1200, loss 4.045
step: 1300, loss 4.386
step: 1400, loss 4.461
step: 1500, loss 4.179
epoch: 50
step: 0, loss 4.362
step: 100, loss 4.426
step: 200, loss 4.050
step: 300, loss 3.476
step: 400, loss 4.520
step: 500, loss 4.172
step: 600, loss 4.082
step: 700, loss 4.372
step: 800, loss 4.835
step: 900, loss 3.969
step: 1000, loss 4.238
step: 1100, loss 4.142
step: 1200, loss 4.200
step: 1300, loss 4.229
step: 1400, loss 3.256
step: 1500, loss 5.036
epoch: 51
step: 0, loss 4.431
step: 100, loss 4.798
step: 200, loss 3.471
step: 300, loss 3.730
step: 400, loss 3.345
step: 500, loss 4.078
step: 600, loss 3.325
step: 700, loss 3.688
step: 800, loss 4.007
step: 900, loss 4.795
step: 1000, loss 3.536
step: 1100, loss 3.661
step: 1200, loss 4.246
step: 1300, loss 3.903
step: 1400, loss 4.240
step: 1500, loss 5.213
epoch: 52
step: 0, loss 4.198
step: 100, loss 3.235
step: 200, loss 3.442
step: 300, loss 4.174
step: 400, loss 4.444
step: 500, loss 3.741
step: 600, loss 3.253
step: 700, loss 4.170
step: 800, loss 3.978
step: 900, loss 3.960
step: 1000, loss 4.827
step: 1100, loss 4.641
step: 1200, loss 3.439
step: 1300, loss 3.784
step: 1400, loss 4.237
step: 1500, loss 4.545
epoch: 53
step: 0, loss 4.821
step: 100, loss 5.468
step: 200, loss 3.235
step: 300, loss 3.999
step: 400, loss 3.538
step: 500, loss 3.689
step: 600, loss 4.441
step: 700, loss 4.335
step: 800, loss 4.168
step: 900, loss 3.569
step: 1000, loss 4.082
step: 1100, loss 4.123
step: 1200, loss 3.763
step: 1300, loss 3.868
step: 1400, loss 3.165
step: 1500, loss 3.900
epoch: 54
step: 0, loss 4.549
step: 100, loss 4.355
step: 200, loss 4.910
step: 300, loss 4.083
step: 400, loss 3.883
step: 500, loss 4.155
step: 600, loss 4.552
step: 700, loss 3.614
step: 800, loss 4.414
step: 900, loss 4.670
step: 1000, loss 4.024
step: 1100, loss 4.305
step: 1200, loss 4.542
step: 1300, loss 3.542
step: 1400, loss 4.180
step: 1500, loss 4.039
epoch: 55
step: 0, loss 4.439
step: 100, loss 3.476
step: 200, loss 3.998
step: 300, loss 4.667
step: 400, loss 4.471
step: 500, loss 3.656
step: 600, loss 4.062
step: 700, loss 5.081
step: 800, loss 3.755
step: 900, loss 3.681
step: 1000, loss 4.086
step: 1100, loss 4.091
step: 1200, loss 3.692
step: 1300, loss 4.324
step: 1400, loss 3.617
step: 1500, loss 4.153
epoch: 56
step: 0, loss 3.443
step: 100, loss 3.955
step: 200, loss 3.694
step: 300, loss 4.271
step: 400, loss 3.774
step: 500, loss 4.964
step: 600, loss 3.717
step: 700, loss 4.439
step: 800, loss 3.607
step: 900, loss 3.856
step: 1000, loss 3.894
step: 1100, loss 3.767
step: 1200, loss 3.682
step: 1300, loss 4.252
step: 1400, loss 4.829
step: 1500, loss 3.986
epoch: 57
step: 0, loss 3.761
step: 100, loss 3.966
step: 200, loss 4.549
step: 300, loss 4.084
step: 400, loss 4.424
step: 500, loss 4.212
step: 600, loss 3.997
step: 700, loss 4.745
step: 800, loss 3.355
step: 900, loss 4.581
step: 1000, loss 3.770
step: 1100, loss 4.433
step: 1200, loss 4.002
step: 1300, loss 3.780
step: 1400, loss 3.453
step: 1500, loss 3.706
epoch: 58
step: 0, loss 3.418
step: 100, loss 5.417
step: 200, loss 4.475
step: 300, loss 4.492
step: 400, loss 3.644
step: 500, loss 4.790
step: 600, loss 3.530
step: 700, loss 3.850
step: 800, loss 4.417
step: 900, loss 4.587
step: 1000, loss 4.686
step: 1100, loss 4.064
step: 1200, loss 3.148
step: 1300, loss 4.286
step: 1400, loss 3.608
step: 1500, loss 3.950
epoch: 59
step: 0, loss 3.453
step: 100, loss 3.975
step: 200, loss 3.702
step: 300, loss 4.179
step: 400, loss 3.493
step: 500, loss 3.756
step: 600, loss 4.197
step: 700, loss 4.967
step: 800, loss 3.182
step: 900, loss 4.997
step: 1000, loss 4.074
step: 1100, loss 3.574
step: 1200, loss 4.093
step: 1300, loss 4.011
step: 1400, loss 4.422
step: 1500, loss 4.388
epoch: 60
step: 0, loss 4.464
step: 100, loss 3.937
step: 200, loss 3.969
step: 300, loss 3.889
step: 400, loss 3.935
step: 500, loss 3.311
step: 600, loss 3.967
step: 700, loss 4.380
step: 800, loss 3.883
step: 900, loss 3.521
step: 1000, loss 3.411
step: 1100, loss 4.047
step: 1200, loss 4.399
step: 1300, loss 3.801
step: 1400, loss 3.643
step: 1500, loss 3.858
epoch: 61
step: 0, loss 3.903
step: 100, loss 4.131
step: 200, loss 3.710
step: 300, loss 3.589
step: 400, loss 3.502
step: 500, loss 4.277
step: 600, loss 4.596
step: 700, loss 4.871
step: 800, loss 3.860
step: 900, loss 3.652
step: 1000, loss 3.559
step: 1100, loss 4.452
step: 1200, loss 4.420
step: 1300, loss 3.541
step: 1400, loss 3.300
step: 1500, loss 3.533
epoch: 62
step: 0, loss 3.679
step: 100, loss 4.772
step: 200, loss 3.844
step: 300, loss 3.379
step: 400, loss 4.359
step: 500, loss 3.591
step: 600, loss 3.830
step: 700, loss 3.230
step: 800, loss 4.268
step: 900, loss 4.349
step: 1000, loss 4.568
step: 1100, loss 4.449
step: 1200, loss 4.692
step: 1300, loss 3.512
step: 1400, loss 4.046
step: 1500, loss 4.059
epoch: 63
step: 0, loss 3.839
step: 100, loss 4.354
step: 200, loss 3.364
step: 300, loss 3.785
step: 400, loss 3.913
step: 500, loss 3.878
step: 600, loss 4.737
step: 700, loss 4.562
step: 800, loss 4.077
step: 900, loss 3.017
step: 1000, loss 3.445
step: 1100, loss 3.894
step: 1200, loss 4.122
step: 1300, loss 3.338
step: 1400, loss 3.603
step: 1500, loss 3.643
epoch: 64
step: 0, loss 4.321
step: 100, loss 3.387
step: 200, loss 4.300
step: 300, loss 4.602
step: 400, loss 4.718
step: 500, loss 4.538
step: 600, loss 4.114
step: 700, loss 3.329
step: 800, loss 4.164
step: 900, loss 4.264
step: 1000, loss 4.387
step: 1100, loss 3.640
step: 1200, loss 4.078
step: 1300, loss 3.719
step: 1400, loss 4.264
step: 1500, loss 3.932
epoch: 65
step: 0, loss 3.661
step: 100, loss 3.460
step: 200, loss 4.586
step: 300, loss 4.582
step: 400, loss 4.204
step: 500, loss 3.968
step: 600, loss 4.521
step: 700, loss 4.180
step: 800, loss 4.448
step: 900, loss 3.450
step: 1000, loss 4.644
step: 1100, loss 3.755
step: 1200, loss 4.695
step: 1300, loss 4.604
step: 1400, loss 3.434
step: 1500, loss 3.746
epoch: 66
step: 0, loss 3.787
step: 100, loss 4.690
step: 200, loss 4.297
step: 300, loss 5.676
step: 400, loss 3.843
step: 500, loss 3.403
step: 600, loss 3.704
step: 700, loss 4.663
step: 800, loss 3.267
step: 900, loss 3.604
step: 1000, loss 3.656
step: 1100, loss 4.307
step: 1200, loss 5.463
step: 1300, loss 3.586
step: 1400, loss 4.685
step: 1500, loss 4.567
epoch: 67
step: 0, loss 3.993
step: 100, loss 4.603
step: 200, loss 3.655
step: 300, loss 2.792
step: 400, loss 4.727
step: 500, loss 3.969
step: 600, loss 4.920
step: 700, loss 3.968
step: 800, loss 3.933
step: 900, loss 3.506
step: 1000, loss 3.686
step: 1100, loss 3.865
step: 1200, loss 4.852
step: 1300, loss 3.787
step: 1400, loss 3.945
step: 1500, loss 4.919
epoch: 68
step: 0, loss 4.305
step: 100, loss 3.824
step: 200, loss 4.153
step: 300, loss 4.573
step: 400, loss 3.763
step: 500, loss 4.943
step: 600, loss 3.770
step: 700, loss 4.037
step: 800, loss 3.734
step: 900, loss 4.161
step: 1000, loss 4.394
step: 1100, loss 3.363
step: 1200, loss 4.979
step: 1300, loss 3.795
step: 1400, loss 3.257
step: 1500, loss 4.591
epoch: 69
step: 0, loss 4.543
step: 100, loss 5.345
step: 200, loss 4.749
step: 300, loss 3.523
step: 400, loss 4.062
step: 500, loss 3.631
step: 600, loss 4.232
step: 700, loss 4.575
step: 800, loss 4.207
step: 900, loss 3.422
step: 1000, loss 3.479
step: 1100, loss 4.442
step: 1200, loss 4.318
step: 1300, loss 3.736
step: 1400, loss 3.653
step: 1500, loss 3.959
epoch: 70
step: 0, loss 3.664
step: 100, loss 3.666
step: 200, loss 4.804
step: 300, loss 2.909
step: 400, loss 4.297
step: 500, loss 4.463
step: 600, loss 3.953
step: 700, loss 4.157
step: 800, loss 4.095
step: 900, loss 4.473
step: 1000, loss 3.908
step: 1100, loss 3.856
step: 1200, loss 3.408
step: 1300, loss 4.060
step: 1400, loss 4.161
step: 1500, loss 3.596
epoch: 71
step: 0, loss 4.266
step: 100, loss 3.809
step: 200, loss 3.901
step: 300, loss 3.369
step: 400, loss 4.007
step: 500, loss 3.564
step: 600, loss 4.606
step: 700, loss 3.626
step: 800, loss 4.299
step: 900, loss 4.175
step: 1000, loss 3.882
step: 1100, loss 5.040
step: 1200, loss 3.762
step: 1300, loss 4.725
step: 1400, loss 3.752
step: 1500, loss 3.377
epoch: 72
step: 0, loss 4.074
step: 100, loss 3.923
step: 200, loss 3.314
step: 300, loss 4.252
step: 400, loss 3.891
step: 500, loss 4.315
step: 600, loss 4.843
step: 700, loss 3.809
step: 800, loss 4.967
step: 900, loss 3.110
step: 1000, loss 4.054
step: 1100, loss 5.753
step: 1200, loss 4.131
step: 1300, loss 4.069
step: 1400, loss 4.758
step: 1500, loss 3.945
epoch: 73
step: 0, loss 4.935
step: 100, loss 4.726
step: 200, loss 3.934
step: 300, loss 3.578
step: 400, loss 4.359
step: 500, loss 4.986
step: 600, loss 3.927
step: 700, loss 3.742
step: 800, loss 4.576
step: 900, loss 3.025
step: 1000, loss 3.325
step: 1100, loss 3.409
step: 1200, loss 3.468
step: 1300, loss 4.168
step: 1400, loss 3.968
step: 1500, loss 4.174
epoch: 74
step: 0, loss 3.899
step: 100, loss 4.677
step: 200, loss 3.859
step: 300, loss 3.750
step: 400, loss 3.750
step: 500, loss 3.409
step: 600, loss 3.999
step: 700, loss 3.514
step: 800, loss 3.299
step: 900, loss 4.161
step: 1000, loss 4.049
step: 1100, loss 4.292
step: 1200, loss 4.896
step: 1300, loss 4.515
step: 1400, loss 4.153
step: 1500, loss 3.429
epoch: 75
step: 0, loss 3.843
step: 100, loss 3.781
step: 200, loss 3.780
step: 300, loss 4.658
step: 400, loss 3.282
step: 500, loss 4.504
step: 600, loss 3.844
step: 700, loss 3.197
step: 800, loss 3.865
step: 900, loss 4.490
step: 1000, loss 3.685
step: 1100, loss 4.985
step: 1200, loss 3.567
step: 1300, loss 3.808
step: 1400, loss 4.583
step: 1500, loss 3.750
epoch: 76
step: 0, loss 3.713
step: 100, loss 4.742
step: 200, loss 3.495
step: 300, loss 5.001
step: 400, loss 3.915
step: 500, loss 4.099
step: 600, loss 3.704
step: 700, loss 3.450
step: 800, loss 3.592
step: 900, loss 4.580
step: 1000, loss 3.618
step: 1100, loss 4.121
step: 1200, loss 4.287
step: 1300, loss 3.557
step: 1400, loss 4.133
step: 1500, loss 4.193
epoch: 77
step: 0, loss 3.737
step: 100, loss 4.210
step: 200, loss 4.420
step: 300, loss 4.098
step: 400, loss 4.748
step: 500, loss 3.578
step: 600, loss 4.023
step: 700, loss 3.233
step: 800, loss 3.397
step: 900, loss 4.829
step: 1000, loss 4.358
step: 1100, loss 3.200
step: 1200, loss 4.611
step: 1300, loss 3.960
step: 1400, loss 4.015
step: 1500, loss 3.913
epoch: 78
step: 0, loss 3.115
step: 100, loss 3.813
step: 200, loss 3.575
step: 300, loss 4.559
step: 400, loss 3.227
step: 500, loss 3.541
step: 600, loss 4.314
step: 700, loss 2.992
step: 800, loss 4.321
step: 900, loss 3.125
step: 1000, loss 4.477
step: 1100, loss 4.348
step: 1200, loss 3.161
step: 1300, loss 3.839
step: 1400, loss 3.692
step: 1500, loss 4.005
epoch: 79
step: 0, loss 4.368
step: 100, loss 4.116
step: 200, loss 5.400
step: 300, loss 4.147
step: 400, loss 3.521
step: 500, loss 5.007
step: 600, loss 4.591
step: 700, loss 3.725
step: 800, loss 4.125
step: 900, loss 4.109
step: 1000, loss 4.292
step: 1100, loss 3.942
step: 1200, loss 3.686
step: 1300, loss 3.990
step: 1400, loss 4.740
step: 1500, loss 3.301
epoch: 80
step: 0, loss 3.508
step: 100, loss 4.094
step: 200, loss 3.792
step: 300, loss 4.997
step: 400, loss 3.779
step: 500, loss 4.019
step: 600, loss 3.342
step: 700, loss 3.574
step: 800, loss 3.873
step: 900, loss 4.322
step: 1000, loss 3.848
step: 1100, loss 4.385
step: 1200, loss 3.343
step: 1300, loss 4.279
step: 1400, loss 3.615
step: 1500, loss 3.190
epoch: 81
step: 0, loss 4.023
step: 100, loss 3.518
step: 200, loss 3.481
step: 300, loss 3.321
step: 400, loss 3.067
step: 500, loss 3.690
step: 600, loss 4.129
step: 700, loss 4.042
step: 800, loss 3.891
step: 900, loss 4.216
step: 1000, loss 4.199
step: 1100, loss 3.472
step: 1200, loss 4.543
step: 1300, loss 3.142
step: 1400, loss 3.759
step: 1500, loss 3.395
epoch: 82
step: 0, loss 4.622
step: 100, loss 3.893
step: 200, loss 3.287
step: 300, loss 3.920
step: 400, loss 4.200
step: 500, loss 4.859
step: 600, loss 3.827
step: 700, loss 3.031
step: 800, loss 3.942
step: 900, loss 3.600
step: 1000, loss 3.462
step: 1100, loss 3.408
step: 1200, loss 3.905
step: 1300, loss 3.908
step: 1400, loss 4.023
step: 1500, loss 3.238
epoch: 83
step: 0, loss 3.878
step: 100, loss 4.091
step: 200, loss 3.613
step: 300, loss 3.995
step: 400, loss 4.282
step: 500, loss 4.038
step: 600, loss 3.749
step: 700, loss 3.585
step: 800, loss 3.213
step: 900, loss 4.279
step: 1000, loss 3.828
step: 1100, loss 4.409
step: 1200, loss 4.960
step: 1300, loss 4.480
step: 1400, loss 4.453
step: 1500, loss 4.283
epoch: 84
step: 0, loss 3.707
step: 100, loss 4.008
step: 200, loss 2.952
step: 300, loss 2.942
step: 400, loss 3.989
step: 500, loss 3.856
step: 600, loss 4.240
step: 700, loss 4.464
step: 800, loss 4.172
step: 900, loss 3.773
step: 1000, loss 3.145
step: 1100, loss 3.848
step: 1200, loss 3.747
step: 1300, loss 4.121
step: 1400, loss 3.761
step: 1500, loss 3.473
epoch: 85
step: 0, loss 3.721
step: 100, loss 3.791
step: 200, loss 4.046
step: 300, loss 3.871
step: 400, loss 3.301
step: 500, loss 3.714
step: 600, loss 3.447
step: 700, loss 4.878
step: 800, loss 3.465
step: 900, loss 3.685
step: 1000, loss 4.662
step: 1100, loss 4.051
step: 1200, loss 4.435
step: 1300, loss 4.335
step: 1400, loss 3.959
step: 1500, loss 4.078
epoch: 86
step: 0, loss 3.254
step: 100, loss 3.711
step: 200, loss 3.877
step: 300, loss 3.178
step: 400, loss 4.082
step: 500, loss 4.651
step: 600, loss 3.364
step: 700, loss 4.548
step: 800, loss 3.802
step: 900, loss 4.073
step: 1000, loss 4.312
step: 1100, loss 3.698
step: 1200, loss 3.793
step: 1300, loss 3.883
step: 1400, loss 4.078
step: 1500, loss 3.890
epoch: 87
step: 0, loss 3.774
step: 100, loss 4.082
step: 200, loss 3.596
step: 300, loss 4.320
step: 400, loss 4.050
step: 500, loss 3.396
step: 600, loss 4.805
step: 700, loss 3.897
step: 800, loss 4.264
step: 900, loss 4.462
step: 1000, loss 4.164
step: 1100, loss 3.365
step: 1200, loss 4.447
step: 1300, loss 3.418
step: 1400, loss 3.356
step: 1500, loss 4.796
epoch: 88
step: 0, loss 3.650
step: 100, loss 3.804
step: 200, loss 4.139
step: 300, loss 4.267
step: 400, loss 4.293
step: 500, loss 4.055
step: 600, loss 4.299
step: 700, loss 4.335
step: 800, loss 3.729
step: 900, loss 3.806
step: 1000, loss 4.132
step: 1100, loss 3.995
step: 1200, loss 4.114
step: 1300, loss 4.041
step: 1400, loss 3.712
step: 1500, loss 4.275
epoch: 89
step: 0, loss 3.730
step: 100, loss 3.738
step: 200, loss 4.539
step: 300, loss 3.508
step: 400, loss 3.601
step: 500, loss 4.659
step: 600, loss 3.674
step: 700, loss 3.793
step: 800, loss 4.836
step: 900, loss 4.054
step: 1000, loss 3.354
step: 1100, loss 3.194
step: 1200, loss 4.637
step: 1300, loss 4.244
step: 1400, loss 3.887
step: 1500, loss 3.985
epoch: 90
step: 0, loss 3.072
step: 100, loss 4.060
step: 200, loss 3.980
step: 300, loss 3.877
step: 400, loss 3.870
step: 500, loss 3.763
step: 600, loss 3.282
step: 700, loss 4.047
step: 800, loss 4.316
step: 900, loss 4.758
step: 1000, loss 4.089
step: 1100, loss 5.213
step: 1200, loss 5.005
step: 1300, loss 3.473
step: 1400, loss 3.912
step: 1500, loss 4.222
epoch: 91
step: 0, loss 5.229
step: 100, loss 3.870
step: 200, loss 4.456
step: 300, loss 4.200
step: 400, loss 3.585
step: 500, loss 3.909
step: 600, loss 3.722
step: 700, loss 4.425
step: 800, loss 5.142
step: 900, loss 3.046
step: 1000, loss 3.716
step: 1100, loss 4.312
step: 1200, loss 3.707
step: 1300, loss 5.050
step: 1400, loss 3.942
step: 1500, loss 4.874
epoch: 92
step: 0, loss 3.607
step: 100, loss 3.685
step: 200, loss 4.201
step: 300, loss 4.547
step: 400, loss 4.277
step: 500, loss 4.727
step: 600, loss 3.902
step: 700, loss 3.560
step: 800, loss 3.594
step: 900, loss 4.181
step: 1000, loss 4.332
step: 1100, loss 3.606
step: 1200, loss 3.449
step: 1300, loss 3.515
step: 1400, loss 3.877
step: 1500, loss 4.260
epoch: 93
step: 0, loss 4.329
step: 100, loss 2.761
step: 200, loss 3.777
step: 300, loss 4.254
step: 400, loss 3.417
step: 500, loss 3.460
step: 600, loss 4.251
step: 700, loss 4.416
step: 800, loss 5.153
step: 900, loss 3.606
step: 1000, loss 4.427
step: 1100, loss 3.668
slurmstepd: error: *** JOB 1395593 ON gpu-b9-7 CANCELLED AT 2023-03-28T23:37:14 ***
