Loading cuda/11.6.2/gcc/9.4.0/zen2
  Loading requirement: gcc/9.4.0
modules imported
step: 0, loss 35.589
step: 100, loss 30.167
step: 200, loss 30.159
step: 300, loss 30.852
step: 400, loss 30.683
step: 500, loss 29.475
step: 600, loss 30.700
step: 700, loss 30.821
step: 800, loss 30.000
step: 900, loss 30.092
step: 1000, loss 30.313
step: 1100, loss 30.551
step: 1200, loss 29.815
step: 1300, loss 30.241
step: 1400, loss 29.404
step: 1500, loss 29.113
epoch: 0
step: 0, loss 29.463
step: 100, loss 29.753
step: 200, loss 29.368
step: 300, loss 29.508
step: 400, loss 29.242
step: 500, loss 29.656
step: 600, loss 29.586
step: 700, loss 30.239
step: 800, loss 28.556
step: 900, loss 29.529
step: 1000, loss 28.952
step: 1100, loss 28.441
step: 1200, loss 29.805
step: 1300, loss 29.562
step: 1400, loss 28.625
step: 1500, loss 28.656
epoch: 1
step: 0, loss 29.810
step: 100, loss 29.139
step: 200, loss 28.976
step: 300, loss 28.691
step: 400, loss 28.677
step: 500, loss 27.964
step: 600, loss 28.422
step: 700, loss 28.860
step: 800, loss 28.769
step: 900, loss 28.335
step: 1000, loss 28.717
step: 1100, loss 28.207
step: 1200, loss 28.835
step: 1300, loss 28.678
step: 1400, loss 28.630
step: 1500, loss 29.398
epoch: 2
step: 0, loss 28.822
step: 100, loss 28.846
step: 200, loss 26.766
step: 300, loss 27.978
step: 400, loss 28.783
step: 500, loss 27.886
step: 600, loss 28.094
step: 700, loss 28.023
step: 800, loss 28.423
step: 900, loss 27.996
step: 1000, loss 28.251
step: 1100, loss 28.030
step: 1200, loss 28.089
step: 1300, loss 28.735
step: 1400, loss 27.683
step: 1500, loss 29.100
epoch: 3
step: 0, loss 27.901
step: 100, loss 28.276
step: 200, loss 28.118
step: 300, loss 28.021
step: 400, loss 28.388
step: 500, loss 28.821
step: 600, loss 27.345
step: 700, loss 27.869
step: 800, loss 27.464
step: 900, loss 28.273
step: 1000, loss 27.969
step: 1100, loss 27.692
step: 1200, loss 27.439
step: 1300, loss 28.921
step: 1400, loss 26.848
step: 1500, loss 27.863
epoch: 4
step: 0, loss 26.812
step: 100, loss 26.778
step: 200, loss 28.612
step: 300, loss 27.001
step: 400, loss 27.526
step: 500, loss 27.180
step: 600, loss 27.134
step: 700, loss 27.278
step: 800, loss 27.427
step: 900, loss 26.803
step: 1000, loss 27.300
step: 1100, loss 28.215
step: 1200, loss 26.052
step: 1300, loss 27.621
step: 1400, loss 27.620
step: 1500, loss 27.482
epoch: 5
step: 0, loss 28.208
step: 100, loss 27.217
step: 200, loss 27.284
step: 300, loss 26.202
step: 400, loss 26.963
step: 500, loss 26.772
step: 600, loss 25.972
step: 700, loss 27.394
step: 800, loss 26.825
step: 900, loss 26.154
step: 1000, loss 26.608
step: 1100, loss 26.618
step: 1200, loss 25.651
step: 1300, loss 26.890
step: 1400, loss 26.826
step: 1500, loss 26.578
epoch: 6
step: 0, loss 26.899
step: 100, loss 26.465
step: 200, loss 27.103
step: 300, loss 26.155
step: 400, loss 26.647
step: 500, loss 27.036
step: 600, loss 25.853
step: 700, loss 26.362
step: 800, loss 26.702
step: 900, loss 26.814
step: 1000, loss 25.776
step: 1100, loss 25.879
step: 1200, loss 27.173
step: 1300, loss 25.907
step: 1400, loss 25.857
step: 1500, loss 26.436
epoch: 7
step: 0, loss 25.980
step: 100, loss 25.825
step: 200, loss 25.938
step: 300, loss 26.209
step: 400, loss 26.190
step: 500, loss 25.839
step: 600, loss 26.736
step: 700, loss 26.424
step: 800, loss 26.678
step: 900, loss 25.140
step: 1000, loss 25.593
step: 1100, loss 26.062
step: 1200, loss 24.730
step: 1300, loss 25.996
step: 1400, loss 25.432
step: 1500, loss 25.998
epoch: 8
step: 0, loss 25.777
step: 100, loss 25.453
step: 200, loss 26.006
step: 300, loss 25.557
step: 400, loss 24.610
step: 500, loss 24.873
step: 600, loss 25.464
step: 700, loss 25.937
step: 800, loss 25.324
step: 900, loss 25.845
step: 1000, loss 26.244
step: 1100, loss 25.365
step: 1200, loss 25.169
step: 1300, loss 25.448
step: 1400, loss 25.907
step: 1500, loss 25.502
epoch: 9
step: 0, loss 25.698
step: 100, loss 24.705
step: 200, loss 26.001
step: 300, loss 25.015
step: 400, loss 25.612
step: 500, loss 25.515
step: 600, loss 25.361
step: 700, loss 24.936
step: 800, loss 25.171
step: 900, loss 24.993
step: 1000, loss 25.609
step: 1100, loss 24.868
step: 1200, loss 24.746
step: 1300, loss 24.063
step: 1400, loss 24.745
step: 1500, loss 24.402
epoch: 10
step: 0, loss 24.971
step: 100, loss 24.983
step: 200, loss 24.380
step: 300, loss 24.783
step: 400, loss 25.037
step: 500, loss 25.156
step: 600, loss 24.440
step: 700, loss 24.240
step: 800, loss 25.126
step: 900, loss 25.647
step: 1000, loss 25.153
step: 1100, loss 24.315
step: 1200, loss 25.322
step: 1300, loss 24.453
step: 1400, loss 24.496
step: 1500, loss 24.404
epoch: 11
step: 0, loss 24.469
step: 100, loss 25.175
step: 200, loss 24.985
step: 300, loss 24.540
step: 400, loss 25.338
step: 500, loss 24.683
step: 600, loss 23.757
step: 700, loss 24.651
step: 800, loss 24.595
step: 900, loss 24.096
step: 1000, loss 24.848
step: 1100, loss 24.755
step: 1200, loss 23.354
step: 1300, loss 24.658
step: 1400, loss 24.712
step: 1500, loss 23.215
epoch: 12
step: 0, loss 25.467
step: 100, loss 23.845
step: 200, loss 23.804
step: 300, loss 24.410
step: 400, loss 23.437
step: 500, loss 24.183
step: 600, loss 24.136
step: 700, loss 24.461
step: 800, loss 23.629
step: 900, loss 24.911
step: 1000, loss 23.822
step: 1100, loss 22.679
step: 1200, loss 24.537
step: 1300, loss 22.608
step: 1400, loss 24.152
step: 1500, loss 23.812
epoch: 13
step: 0, loss 23.822
step: 100, loss 23.928
step: 200, loss 23.753
step: 300, loss 22.862
step: 400, loss 24.176
step: 500, loss 23.646
step: 600, loss 22.784
step: 700, loss 22.923
step: 800, loss 23.704
step: 900, loss 24.258
step: 1000, loss 23.954
step: 1100, loss 22.696
step: 1200, loss 22.874
step: 1300, loss 22.725
step: 1400, loss 22.604
step: 1500, loss 23.279
epoch: 14
step: 0, loss 23.747
step: 100, loss 23.239
step: 200, loss 22.845
step: 300, loss 22.259
step: 400, loss 23.447
step: 500, loss 23.011
step: 600, loss 21.601
step: 700, loss 23.434
step: 800, loss 23.419
step: 900, loss 22.596
step: 1000, loss 22.701
step: 1100, loss 22.309
step: 1200, loss 23.076
step: 1300, loss 23.765
step: 1400, loss 22.886
step: 1500, loss 22.818
epoch: 15
step: 0, loss 23.068
step: 100, loss 23.342
step: 200, loss 23.342
step: 300, loss 21.939
step: 400, loss 22.550
step: 500, loss 22.485
step: 600, loss 22.766
step: 700, loss 22.377
step: 800, loss 21.585
step: 900, loss 22.725
step: 1000, loss 23.130
step: 1100, loss 22.656
step: 1200, loss 22.306
step: 1300, loss 21.656
step: 1400, loss 22.245
step: 1500, loss 23.136
epoch: 16
step: 0, loss 22.139
step: 100, loss 21.903
step: 200, loss 22.420
step: 300, loss 21.707
step: 400, loss 21.656
step: 500, loss 21.696
step: 600, loss 21.876
step: 700, loss 21.641
step: 800, loss 21.946
step: 900, loss 20.236
step: 1000, loss 22.357
step: 1100, loss 23.053
step: 1200, loss 22.639
step: 1300, loss 22.117
step: 1400, loss 23.350
step: 1500, loss 21.382
epoch: 17
step: 0, loss 22.603
step: 100, loss 21.787
step: 200, loss 21.541
step: 300, loss 21.337
step: 400, loss 19.815
step: 500, loss 21.932
step: 600, loss 21.556
step: 700, loss 22.380
step: 800, loss 21.225
step: 900, loss 22.629
step: 1000, loss 21.099
step: 1100, loss 21.431
step: 1200, loss 22.400
step: 1300, loss 22.426
step: 1400, loss 21.418
step: 1500, loss 21.441
epoch: 18
step: 0, loss 21.262
step: 100, loss 21.613
step: 200, loss 20.699
step: 300, loss 22.293
step: 400, loss 22.136
step: 500, loss 20.004
step: 600, loss 21.387
step: 700, loss 21.984
step: 800, loss 21.018
step: 900, loss 20.569
step: 1000, loss 21.619
step: 1100, loss 22.058
step: 1200, loss 21.796
step: 1300, loss 21.042
step: 1400, loss 21.734
step: 1500, loss 21.542
epoch: 19
step: 0, loss 20.385
step: 100, loss 20.748
step: 200, loss 20.660
step: 300, loss 20.669
step: 400, loss 22.349
step: 500, loss 19.970
step: 600, loss 21.103
step: 700, loss 21.471
step: 800, loss 20.162
step: 900, loss 21.291
step: 1000, loss 20.474
step: 1100, loss 19.093
step: 1200, loss 20.870
step: 1300, loss 20.976
step: 1400, loss 20.077
step: 1500, loss 21.614
epoch: 20
step: 0, loss 20.885
step: 100, loss 19.126
step: 200, loss 19.767
step: 300, loss 20.315
step: 400, loss 19.763
step: 500, loss 19.252
step: 600, loss 19.958
step: 700, loss 20.376
step: 800, loss 20.567
step: 900, loss 20.162
step: 1000, loss 20.235
step: 1100, loss 20.171
step: 1200, loss 21.700
step: 1300, loss 20.521
step: 1400, loss 20.700
step: 1500, loss 19.848
epoch: 21
step: 0, loss 21.103
step: 100, loss 18.901
step: 200, loss 19.914
step: 300, loss 19.667
step: 400, loss 20.372
step: 500, loss 18.619
step: 600, loss 19.741
step: 700, loss 20.004
step: 800, loss 18.979
step: 900, loss 19.987
step: 1000, loss 18.170
step: 1100, loss 18.960
step: 1200, loss 18.875
step: 1300, loss 19.611
step: 1400, loss 19.717
step: 1500, loss 20.368
epoch: 22
step: 0, loss 19.352
step: 100, loss 19.748
step: 200, loss 19.575
step: 300, loss 20.711
step: 400, loss 18.509
step: 500, loss 20.853
step: 600, loss 19.655
step: 700, loss 19.936
step: 800, loss 20.617
step: 900, loss 19.017
step: 1000, loss 19.329
step: 1100, loss 18.867
step: 1200, loss 19.312
step: 1300, loss 19.174
step: 1400, loss 18.990
step: 1500, loss 18.814
epoch: 23
step: 0, loss 19.888
step: 100, loss 18.341
step: 200, loss 19.181
step: 300, loss 19.281
step: 400, loss 19.824
step: 500, loss 19.632
step: 600, loss 18.611
step: 700, loss 18.769
step: 800, loss 18.789
step: 900, loss 18.355
step: 1000, loss 17.735
step: 1100, loss 19.015
step: 1200, loss 19.036
step: 1300, loss 17.660
step: 1400, loss 18.490
step: 1500, loss 19.341
epoch: 24
step: 0, loss 18.094
step: 100, loss 18.163
step: 200, loss 18.105
step: 300, loss 18.453
step: 400, loss 18.848
step: 500, loss 18.060
step: 600, loss 17.216
step: 700, loss 18.066
step: 800, loss 19.172
step: 900, loss 16.860
step: 1000, loss 19.264
step: 1100, loss 19.997
step: 1200, loss 17.719
step: 1300, loss 18.021
step: 1400, loss 18.310
step: 1500, loss 19.151
epoch: 25
step: 0, loss 18.911
step: 100, loss 17.895
step: 200, loss 16.923
step: 300, loss 17.857
step: 400, loss 17.811
step: 500, loss 18.473
step: 600, loss 18.984
step: 700, loss 18.301
step: 800, loss 18.084
step: 900, loss 19.046
step: 1000, loss 18.293
step: 1100, loss 17.604
step: 1200, loss 18.322
step: 1300, loss 18.157
step: 1400, loss 18.101
step: 1500, loss 17.888
epoch: 26
step: 0, loss 17.698
step: 100, loss 18.705
step: 200, loss 17.759
step: 300, loss 17.997
step: 400, loss 17.475
step: 500, loss 18.422
step: 600, loss 17.715
step: 700, loss 16.978
step: 800, loss 17.201
step: 900, loss 16.902
step: 1000, loss 17.417
step: 1100, loss 17.681
step: 1200, loss 16.577
step: 1300, loss 17.890
step: 1400, loss 18.320
step: 1500, loss 19.004
epoch: 27
step: 0, loss 15.967
step: 100, loss 17.875
step: 200, loss 16.835
step: 300, loss 16.975
step: 400, loss 17.540
step: 500, loss 17.012
step: 600, loss 16.107
step: 700, loss 17.682
step: 800, loss 17.904
step: 900, loss 17.799
step: 1000, loss 17.407
step: 1100, loss 18.164
step: 1200, loss 17.235
step: 1300, loss 18.155
step: 1400, loss 16.821
step: 1500, loss 17.040
epoch: 28
step: 0, loss 18.279
step: 100, loss 16.977
step: 200, loss 17.566
step: 300, loss 19.194
step: 400, loss 16.192
step: 500, loss 17.611
step: 600, loss 17.613
step: 700, loss 16.723
step: 800, loss 17.349
step: 900, loss 16.832
step: 1000, loss 15.403
step: 1100, loss 16.311
step: 1200, loss 17.491
step: 1300, loss 16.977
step: 1400, loss 16.721
step: 1500, loss 16.821
epoch: 29
step: 0, loss 18.639
step: 100, loss 17.148
step: 200, loss 17.628
step: 300, loss 16.527
step: 400, loss 17.902
step: 500, loss 16.235
step: 600, loss 17.030
step: 700, loss 17.426
step: 800, loss 17.245
step: 900, loss 17.725
step: 1000, loss 16.422
step: 1100, loss 16.141
step: 1200, loss 16.109
step: 1300, loss 17.206
step: 1400, loss 16.474
step: 1500, loss 16.618
epoch: 30
step: 0, loss 16.699
step: 100, loss 16.080
step: 200, loss 15.615
step: 300, loss 16.707
step: 400, loss 15.969
step: 500, loss 16.134
step: 600, loss 16.551
step: 700, loss 16.864
step: 800, loss 14.650
step: 900, loss 16.374
step: 1000, loss 16.253
step: 1100, loss 15.480
step: 1200, loss 15.968
step: 1300, loss 16.250
step: 1400, loss 16.472
step: 1500, loss 17.933
epoch: 31
step: 0, loss 15.902
step: 100, loss 17.583
step: 200, loss 16.888
step: 300, loss 15.653
step: 400, loss 15.545
step: 500, loss 16.945
step: 600, loss 15.612
step: 700, loss 15.011
step: 800, loss 16.070
step: 900, loss 16.789
step: 1000, loss 15.440
step: 1100, loss 15.735
step: 1200, loss 16.215
step: 1300, loss 16.802
step: 1400, loss 16.662
step: 1500, loss 15.089
epoch: 32
step: 0, loss 14.674
step: 100, loss 15.824
step: 200, loss 16.503
step: 300, loss 14.526
step: 400, loss 16.913
step: 500, loss 15.103
step: 600, loss 15.851
step: 700, loss 15.835
step: 800, loss 15.500
step: 900, loss 16.465
step: 1000, loss 15.879
step: 1100, loss 15.268
step: 1200, loss 16.552
step: 1300, loss 15.989
step: 1400, loss 16.150
step: 1500, loss 18.008
epoch: 33
step: 0, loss 15.824
step: 100, loss 16.436
step: 200, loss 14.420
step: 300, loss 16.405
step: 400, loss 15.352
step: 500, loss 15.622
step: 600, loss 15.504
step: 700, loss 15.082
step: 800, loss 15.934
step: 900, loss 15.483
step: 1000, loss 14.166
step: 1100, loss 16.358
step: 1200, loss 15.192
step: 1300, loss 16.994
step: 1400, loss 14.529
step: 1500, loss 15.400
epoch: 34
step: 0, loss 16.352
step: 100, loss 15.844
step: 200, loss 15.357
step: 300, loss 14.815
step: 400, loss 14.325
step: 500, loss 16.001
step: 600, loss 14.548
step: 700, loss 14.693
step: 800, loss 15.874
step: 900, loss 15.253
step: 1000, loss 14.726
step: 1100, loss 15.723
step: 1200, loss 15.924
step: 1300, loss 13.709
step: 1400, loss 14.532
step: 1500, loss 16.179
epoch: 35
step: 0, loss 14.755
step: 100, loss 14.727
step: 200, loss 14.673
step: 300, loss 14.941
step: 400, loss 13.484
step: 500, loss 14.933
step: 600, loss 14.338
step: 700, loss 15.250
step: 800, loss 15.049
step: 900, loss 14.097
step: 1000, loss 15.348
step: 1100, loss 15.334
step: 1200, loss 15.228
step: 1300, loss 13.786
step: 1400, loss 16.464
step: 1500, loss 14.035
epoch: 36
step: 0, loss 14.395
step: 100, loss 14.497
step: 200, loss 15.052
step: 300, loss 13.999
step: 400, loss 14.740
step: 500, loss 13.846
step: 600, loss 14.325
step: 700, loss 14.680
step: 800, loss 15.532
step: 900, loss 13.816
step: 1000, loss 15.895
step: 1100, loss 15.037
step: 1200, loss 14.793
step: 1300, loss 14.839
step: 1400, loss 13.558
step: 1500, loss 14.216
epoch: 37
step: 0, loss 13.865
step: 100, loss 14.582
step: 200, loss 13.816
step: 300, loss 15.395
step: 400, loss 16.227
step: 500, loss 14.442
step: 600, loss 13.662
step: 700, loss 14.026
step: 800, loss 15.420
step: 900, loss 14.034
step: 1000, loss 12.659
step: 1100, loss 15.174
step: 1200, loss 14.384
step: 1300, loss 13.774
step: 1400, loss 13.869
step: 1500, loss 13.908
epoch: 38
step: 0, loss 14.310
step: 100, loss 14.682
step: 200, loss 14.453
step: 300, loss 13.609
step: 400, loss 14.999
step: 500, loss 15.289
step: 600, loss 12.539
step: 700, loss 15.059
step: 800, loss 13.082
step: 900, loss 13.966
step: 1000, loss 14.083
step: 1100, loss 13.208
step: 1200, loss 13.828
step: 1300, loss 14.672
step: 1400, loss 13.179
step: 1500, loss 13.800
epoch: 39
step: 0, loss 15.016
step: 100, loss 13.998
step: 200, loss 14.402
step: 300, loss 14.149
step: 400, loss 13.482
step: 500, loss 13.586
step: 600, loss 13.498
step: 700, loss 13.845
step: 800, loss 15.643
step: 900, loss 13.326
step: 1000, loss 12.310
step: 1100, loss 15.065
step: 1200, loss 13.546
step: 1300, loss 14.111
step: 1400, loss 13.481
step: 1500, loss 14.886
epoch: 40
step: 0, loss 13.240
step: 100, loss 13.705
step: 200, loss 12.624
step: 300, loss 13.611
step: 400, loss 14.121
step: 500, loss 14.054
step: 600, loss 13.675
step: 700, loss 12.406
step: 800, loss 14.072
step: 900, loss 13.017
step: 1000, loss 12.568
step: 1100, loss 13.347
step: 1200, loss 14.888
step: 1300, loss 14.648
step: 1400, loss 13.806
step: 1500, loss 13.142
epoch: 41
step: 0, loss 13.399
step: 100, loss 14.058
step: 200, loss 13.456
step: 300, loss 14.533
step: 400, loss 13.267
step: 500, loss 14.277
step: 600, loss 12.354
step: 700, loss 14.208
step: 800, loss 14.187
step: 900, loss 12.340
step: 1000, loss 13.508
step: 1100, loss 13.585
step: 1200, loss 12.089
step: 1300, loss 12.445
step: 1400, loss 13.641
step: 1500, loss 13.088
epoch: 42
step: 0, loss 13.739
step: 100, loss 13.868
step: 200, loss 14.014
step: 300, loss 14.154
step: 400, loss 13.165
step: 500, loss 13.427
step: 600, loss 12.322
step: 700, loss 14.161
step: 800, loss 14.072
step: 900, loss 13.114
step: 1000, loss 13.896
step: 1100, loss 13.532
step: 1200, loss 12.827
step: 1300, loss 13.736
step: 1400, loss 12.795
step: 1500, loss 12.930
epoch: 43
step: 0, loss 11.857
step: 100, loss 13.233
step: 200, loss 13.611
step: 300, loss 12.839
step: 400, loss 13.690
step: 500, loss 12.546
step: 600, loss 13.210
step: 700, loss 13.087
step: 800, loss 14.661
step: 900, loss 13.795
step: 1000, loss 13.595
step: 1100, loss 13.199
step: 1200, loss 12.398
step: 1300, loss 13.367
step: 1400, loss 13.822
step: 1500, loss 12.375
epoch: 44
step: 0, loss 12.537
step: 100, loss 13.332
step: 200, loss 13.707
step: 300, loss 13.912
step: 400, loss 13.377
step: 500, loss 12.947
step: 600, loss 12.505
step: 700, loss 12.685
step: 800, loss 12.292
step: 900, loss 12.672
step: 1000, loss 14.089
step: 1100, loss 11.108
step: 1200, loss 12.137
step: 1300, loss 12.332
step: 1400, loss 14.114
step: 1500, loss 12.944
epoch: 45
step: 0, loss 12.390
step: 100, loss 11.054
step: 200, loss 11.662
step: 300, loss 11.911
step: 400, loss 12.769
step: 500, loss 10.731
step: 600, loss 13.004
step: 700, loss 12.241
step: 800, loss 11.171
step: 900, loss 14.104
step: 1000, loss 13.183
step: 1100, loss 12.265
step: 1200, loss 12.628
step: 1300, loss 14.445
step: 1400, loss 12.683
step: 1500, loss 13.055
epoch: 46
step: 0, loss 12.559
step: 100, loss 11.907
step: 200, loss 13.682
step: 300, loss 12.380
step: 400, loss 12.215
step: 500, loss 13.010
step: 600, loss 11.794
step: 700, loss 12.129
step: 800, loss 13.076
step: 900, loss 12.895
step: 1000, loss 13.034
step: 1100, loss 13.818
step: 1200, loss 12.503
step: 1300, loss 12.562
step: 1400, loss 13.557
step: 1500, loss 12.524
epoch: 47
step: 0, loss 11.706
step: 100, loss 12.522
step: 200, loss 11.357
step: 300, loss 13.685
step: 400, loss 12.219
step: 500, loss 10.672
step: 600, loss 12.754
step: 700, loss 12.612
step: 800, loss 11.028
step: 900, loss 12.012
step: 1000, loss 12.458
step: 1100, loss 12.317
step: 1200, loss 13.398
step: 1300, loss 12.492
step: 1400, loss 12.900
step: 1500, loss 11.342
epoch: 48
step: 0, loss 14.171
step: 100, loss 13.012
step: 200, loss 12.273
step: 300, loss 12.193
step: 400, loss 13.207
step: 500, loss 12.398
step: 600, loss 10.486
step: 700, loss 11.761
step: 800, loss 11.487
step: 900, loss 12.004
step: 1000, loss 11.225
step: 1100, loss 12.950
step: 1200, loss 12.902
step: 1300, loss 11.907
step: 1400, loss 12.550
step: 1500, loss 12.770
epoch: 49
step: 0, loss 12.863
step: 100, loss 10.955
step: 200, loss 13.371
step: 300, loss 12.079
step: 400, loss 13.256
step: 500, loss 11.121
step: 600, loss 12.556
step: 700, loss 11.890
step: 800, loss 10.411
step: 900, loss 10.872
step: 1000, loss 11.872
step: 1100, loss 11.911
step: 1200, loss 12.233
step: 1300, loss 11.087
step: 1400, loss 12.720
step: 1500, loss 12.434
epoch: 50
step: 0, loss 11.931
step: 100, loss 11.134
step: 200, loss 11.043
step: 300, loss 11.767
step: 400, loss 13.135
step: 500, loss 13.228
step: 600, loss 11.900
step: 700, loss 13.267
step: 800, loss 11.238
step: 900, loss 11.004
step: 1000, loss 14.336
step: 1100, loss 11.514
step: 1200, loss 12.293
step: 1300, loss 13.101
step: 1400, loss 11.898
step: 1500, loss 12.849
epoch: 51
step: 0, loss 11.096
step: 100, loss 12.397
step: 200, loss 11.373
step: 300, loss 12.932
step: 400, loss 12.716
step: 500, loss 11.642
step: 600, loss 10.579
step: 700, loss 13.366
step: 800, loss 10.990
step: 900, loss 12.107
step: 1000, loss 11.146
step: 1100, loss 11.228
step: 1200, loss 9.718
step: 1300, loss 11.755
step: 1400, loss 11.600
step: 1500, loss 11.005
epoch: 52
step: 0, loss 9.813
step: 100, loss 11.673
step: 200, loss 11.620
step: 300, loss 11.394
step: 400, loss 12.344
step: 500, loss 11.932
step: 600, loss 11.461
step: 700, loss 12.443
step: 800, loss 10.557
step: 900, loss 11.687
step: 1000, loss 11.274
step: 1100, loss 11.739
step: 1200, loss 10.848
step: 1300, loss 12.362
step: 1400, loss 12.731
step: 1500, loss 11.802
epoch: 53
step: 0, loss 12.480
step: 100, loss 10.846
step: 200, loss 12.449
step: 300, loss 10.614
step: 400, loss 13.440
step: 500, loss 11.125
step: 600, loss 10.750
step: 700, loss 11.635
step: 800, loss 11.949
step: 900, loss 10.748
step: 1000, loss 12.123
step: 1100, loss 11.589
step: 1200, loss 11.175
step: 1300, loss 10.867
step: 1400, loss 10.592
step: 1500, loss 12.403
epoch: 54
step: 0, loss 10.753
step: 100, loss 10.936
step: 200, loss 13.406
step: 300, loss 11.274
step: 400, loss 11.284
step: 500, loss 10.862
step: 600, loss 12.144
step: 700, loss 11.750
step: 800, loss 11.091
step: 900, loss 10.597
step: 1000, loss 10.830
step: 1100, loss 11.710
step: 1200, loss 11.098
step: 1300, loss 13.311
step: 1400, loss 11.747
step: 1500, loss 11.917
epoch: 55
step: 0, loss 11.622
step: 100, loss 10.743
step: 200, loss 12.308
step: 300, loss 12.699
step: 400, loss 11.229
step: 500, loss 11.696
step: 600, loss 11.372
step: 700, loss 11.154
step: 800, loss 10.990
step: 900, loss 12.544
step: 1000, loss 11.656
step: 1100, loss 9.927
step: 1200, loss 10.189
step: 1300, loss 12.251
step: 1400, loss 12.260
step: 1500, loss 11.052
epoch: 56
step: 0, loss 12.914
step: 100, loss 11.918
step: 200, loss 10.884
step: 300, loss 11.327
step: 400, loss 9.827
step: 500, loss 11.833
step: 600, loss 11.172
step: 700, loss 11.820
step: 800, loss 10.869
step: 900, loss 11.644
step: 1000, loss 9.791
step: 1100, loss 10.710
step: 1200, loss 12.341
step: 1300, loss 10.646
step: 1400, loss 11.109
step: 1500, loss 13.105
epoch: 57
step: 0, loss 11.187
step: 100, loss 12.183
step: 200, loss 11.103
step: 300, loss 10.641
step: 400, loss 10.508
step: 500, loss 10.475
step: 600, loss 10.619
step: 700, loss 9.388
step: 800, loss 11.646
step: 900, loss 11.022
step: 1000, loss 10.728
step: 1100, loss 10.377
step: 1200, loss 10.623
step: 1300, loss 11.516
step: 1400, loss 9.364
step: 1500, loss 12.075
epoch: 58
step: 0, loss 10.454
step: 100, loss 9.126
step: 200, loss 10.135
step: 300, loss 9.969
step: 400, loss 10.690
step: 500, loss 11.370
step: 600, loss 11.380
step: 700, loss 11.875
step: 800, loss 9.298
step: 900, loss 9.751
step: 1000, loss 9.974
step: 1100, loss 11.129
step: 1200, loss 11.001
step: 1300, loss 9.866
step: 1400, loss 10.083
step: 1500, loss 11.092
epoch: 59
step: 0, loss 11.234
step: 100, loss 10.118
step: 200, loss 11.820
step: 300, loss 10.063
step: 400, loss 10.663
step: 500, loss 10.866
step: 600, loss 11.471
step: 700, loss 11.276
step: 800, loss 9.797
step: 900, loss 9.402
step: 1000, loss 9.947
step: 1100, loss 10.326
step: 1200, loss 11.706
step: 1300, loss 11.179
step: 1400, loss 9.845
step: 1500, loss 10.903
epoch: 60
step: 0, loss 10.275
step: 100, loss 12.185
step: 200, loss 9.469
step: 300, loss 10.578
step: 400, loss 9.659
step: 500, loss 11.212
step: 600, loss 11.797
step: 700, loss 10.251
step: 800, loss 10.850
step: 900, loss 8.984
step: 1000, loss 10.791
step: 1100, loss 11.527
step: 1200, loss 10.470
step: 1300, loss 10.086
step: 1400, loss 10.723
step: 1500, loss 9.884
epoch: 61
step: 0, loss 10.749
step: 100, loss 10.474
step: 200, loss 9.984
step: 300, loss 10.653
step: 400, loss 10.959
step: 500, loss 10.371
step: 600, loss 9.747
step: 700, loss 9.720
step: 800, loss 10.116
step: 900, loss 9.522
step: 1000, loss 11.099
step: 1100, loss 11.136
step: 1200, loss 9.987
step: 1300, loss 11.378
step: 1400, loss 11.608
step: 1500, loss 10.580
epoch: 62
step: 0, loss 10.026
step: 100, loss 10.548
step: 200, loss 9.538
step: 300, loss 11.080
step: 400, loss 10.721
step: 500, loss 9.158
step: 600, loss 10.391
step: 700, loss 9.909
step: 800, loss 9.738
step: 900, loss 10.225
step: 1000, loss 10.298
step: 1100, loss 10.599
step: 1200, loss 11.253
step: 1300, loss 11.062
step: 1400, loss 9.846
step: 1500, loss 10.917
epoch: 63
step: 0, loss 10.792
step: 100, loss 11.407
step: 200, loss 10.793
step: 300, loss 10.790
step: 400, loss 9.082
step: 500, loss 10.273
step: 600, loss 9.117
step: 700, loss 11.213
step: 800, loss 10.096
step: 900, loss 9.890
step: 1000, loss 10.849
step: 1100, loss 10.973
step: 1200, loss 9.449
step: 1300, loss 11.757
step: 1400, loss 10.352
step: 1500, loss 10.057
epoch: 64
step: 0, loss 10.755
step: 100, loss 12.086
step: 200, loss 9.471
step: 300, loss 9.685
step: 400, loss 10.004
step: 500, loss 9.960
step: 600, loss 10.134
step: 700, loss 10.488
step: 800, loss 11.495
step: 900, loss 12.016
step: 1000, loss 9.453
step: 1100, loss 9.331
step: 1200, loss 10.095
step: 1300, loss 10.060
step: 1400, loss 10.299
step: 1500, loss 10.594
epoch: 65
step: 0, loss 11.088
step: 100, loss 11.753
step: 200, loss 10.075
step: 300, loss 9.864
step: 400, loss 10.796
step: 500, loss 10.433
step: 600, loss 9.641
step: 700, loss 10.479
step: 800, loss 10.117
step: 900, loss 9.967
step: 1000, loss 10.861
step: 1100, loss 8.458
step: 1200, loss 10.459
step: 1300, loss 10.509
step: 1400, loss 9.523
step: 1500, loss 9.737
epoch: 66
step: 0, loss 11.323
step: 100, loss 10.441
step: 200, loss 10.539
step: 300, loss 11.068
step: 400, loss 9.043
step: 500, loss 10.642
step: 600, loss 10.513
step: 700, loss 11.279
step: 800, loss 10.182
step: 900, loss 10.976
step: 1000, loss 10.268
step: 1100, loss 10.815
step: 1200, loss 9.892
step: 1300, loss 9.741
step: 1400, loss 10.574
step: 1500, loss 9.918
epoch: 67
step: 0, loss 9.345
step: 100, loss 10.931
step: 200, loss 8.922
step: 300, loss 11.106
step: 400, loss 9.816
step: 500, loss 8.748
step: 600, loss 8.708
step: 700, loss 11.113
step: 800, loss 10.701
step: 900, loss 12.365
step: 1000, loss 11.734
step: 1100, loss 11.426
step: 1200, loss 9.479
step: 1300, loss 10.248
step: 1400, loss 9.800
step: 1500, loss 11.053
epoch: 68
step: 0, loss 10.144
step: 100, loss 8.585
step: 200, loss 11.025
step: 300, loss 10.518
step: 400, loss 12.344
step: 500, loss 10.211
step: 600, loss 10.129
step: 700, loss 8.827
step: 800, loss 10.817
step: 900, loss 10.736
step: 1000, loss 9.845
step: 1100, loss 9.802
step: 1200, loss 9.838
step: 1300, loss 8.475
step: 1400, loss 11.433
step: 1500, loss 10.436
epoch: 69
step: 0, loss 10.608
step: 100, loss 8.861
step: 200, loss 10.261
step: 300, loss 9.817
step: 400, loss 8.605
step: 500, loss 11.213
step: 600, loss 10.517
step: 700, loss 9.884
step: 800, loss 11.220
step: 900, loss 10.586
step: 1000, loss 11.385
step: 1100, loss 9.990
step: 1200, loss 9.930
step: 1300, loss 9.685
step: 1400, loss 8.461
step: 1500, loss 10.972
epoch: 70
step: 0, loss 9.106
step: 100, loss 8.642
step: 200, loss 11.019
step: 300, loss 8.971
step: 400, loss 10.363
step: 500, loss 9.504
step: 600, loss 10.022
step: 700, loss 9.397
step: 800, loss 9.444
step: 900, loss 9.905
step: 1000, loss 10.738
step: 1100, loss 10.136
step: 1200, loss 9.630
step: 1300, loss 10.001
step: 1400, loss 8.303
step: 1500, loss 9.595
epoch: 71
step: 0, loss 10.072
step: 100, loss 9.046
step: 200, loss 9.351
step: 300, loss 9.368
step: 400, loss 9.117
step: 500, loss 9.674
step: 600, loss 11.050
step: 700, loss 8.880
step: 800, loss 10.690
step: 900, loss 8.947
step: 1000, loss 10.071
step: 1100, loss 10.430
step: 1200, loss 11.934
step: 1300, loss 9.092
step: 1400, loss 9.002
step: 1500, loss 11.022
epoch: 72
step: 0, loss 9.979
step: 100, loss 10.474
step: 200, loss 7.712
step: 300, loss 11.150
step: 400, loss 9.626
step: 500, loss 9.373
step: 600, loss 10.502
step: 700, loss 9.769
step: 800, loss 12.357
step: 900, loss 10.838
step: 1000, loss 9.828
step: 1100, loss 9.368
step: 1200, loss 9.835
step: 1300, loss 10.033
step: 1400, loss 9.831
step: 1500, loss 10.032
epoch: 73
step: 0, loss 10.981
step: 100, loss 9.232
step: 200, loss 10.327
step: 300, loss 9.073
step: 400, loss 9.524
step: 500, loss 9.141
step: 600, loss 8.671
step: 700, loss 9.593
step: 800, loss 9.059
step: 900, loss 8.506
step: 1000, loss 9.678
step: 1100, loss 8.931
step: 1200, loss 9.413
step: 1300, loss 8.994
step: 1400, loss 11.177
step: 1500, loss 9.100
epoch: 74
step: 0, loss 9.301
step: 100, loss 10.406
step: 200, loss 10.851
step: 300, loss 8.135
step: 400, loss 9.196
step: 500, loss 10.517
step: 600, loss 10.101
step: 700, loss 8.531
step: 800, loss 8.604
step: 900, loss 10.807
step: 1000, loss 10.451
step: 1100, loss 10.675
step: 1200, loss 8.983
step: 1300, loss 9.913
step: 1400, loss 9.793
step: 1500, loss 10.208
epoch: 75
step: 0, loss 10.626
step: 100, loss 9.723
step: 200, loss 8.658
step: 300, loss 8.922
step: 400, loss 9.646
step: 500, loss 9.404
step: 600, loss 9.667
step: 700, loss 10.092
step: 800, loss 10.077
step: 900, loss 9.305
step: 1000, loss 10.901
step: 1100, loss 9.039
step: 1200, loss 8.621
step: 1300, loss 7.726
step: 1400, loss 9.271
step: 1500, loss 10.240
epoch: 76
step: 0, loss 9.570
step: 100, loss 9.713
step: 200, loss 9.323
step: 300, loss 9.280
step: 400, loss 10.979
step: 500, loss 9.366
step: 600, loss 8.565
step: 700, loss 8.105
step: 800, loss 9.105
step: 900, loss 10.642
step: 1000, loss 8.655
step: 1100, loss 10.020
step: 1200, loss 8.063
step: 1300, loss 11.138
step: 1400, loss 8.998
step: 1500, loss 7.967
epoch: 77
step: 0, loss 9.948
step: 100, loss 9.193
step: 200, loss 8.607
step: 300, loss 8.075
step: 400, loss 9.663
step: 500, loss 7.739
step: 600, loss 9.199
step: 700, loss 11.361
step: 800, loss 9.351
step: 900, loss 8.924
step: 1000, loss 10.000
step: 1100, loss 10.451
step: 1200, loss 8.779
step: 1300, loss 8.082
step: 1400, loss 9.783
step: 1500, loss 9.705
epoch: 78
step: 0, loss 10.668
step: 100, loss 7.303
step: 200, loss 9.250
step: 300, loss 9.294
step: 400, loss 9.668
step: 500, loss 10.001
step: 600, loss 10.471
step: 700, loss 8.946
step: 800, loss 8.744
step: 900, loss 9.660
step: 1000, loss 9.569
step: 1100, loss 9.063
step: 1200, loss 10.365
step: 1300, loss 9.805
step: 1400, loss 8.579
step: 1500, loss 10.292
epoch: 79
step: 0, loss 9.028
step: 100, loss 10.508
step: 200, loss 8.283
step: 300, loss 9.474
step: 400, loss 9.469
step: 500, loss 8.630
step: 600, loss 8.277
step: 700, loss 9.019
step: 800, loss 9.441
step: 900, loss 8.670
step: 1000, loss 8.415
step: 1100, loss 8.785
step: 1200, loss 9.113
step: 1300, loss 7.931
step: 1400, loss 8.955
step: 1500, loss 8.139
epoch: 80
step: 0, loss 8.855
step: 100, loss 9.748
step: 200, loss 9.587
step: 300, loss 9.455
step: 400, loss 8.343
step: 500, loss 9.872
step: 600, loss 9.278
step: 700, loss 9.392
step: 800, loss 8.607
step: 900, loss 9.006
step: 1000, loss 9.042
step: 1100, loss 8.632
step: 1200, loss 8.576
step: 1300, loss 8.598
step: 1400, loss 9.498
step: 1500, loss 10.599
epoch: 81
step: 0, loss 9.819
step: 100, loss 8.325
step: 200, loss 8.449
step: 300, loss 9.135
step: 400, loss 9.321
step: 500, loss 10.161
step: 600, loss 10.906
step: 700, loss 9.695
step: 800, loss 8.796
step: 900, loss 8.564
step: 1000, loss 8.874
step: 1100, loss 8.418
step: 1200, loss 10.218
step: 1300, loss 8.236
step: 1400, loss 9.198
step: 1500, loss 9.637
epoch: 82
step: 0, loss 7.803
step: 100, loss 8.183
step: 200, loss 8.695
step: 300, loss 10.244
step: 400, loss 8.831
step: 500, loss 9.254
step: 600, loss 9.116
step: 700, loss 8.930
step: 800, loss 9.445
step: 900, loss 8.076
step: 1000, loss 8.695
step: 1100, loss 9.404
step: 1200, loss 8.371
step: 1300, loss 8.382
step: 1400, loss 8.430
step: 1500, loss 8.045
epoch: 83
step: 0, loss 8.139
step: 100, loss 8.667
step: 200, loss 8.590
step: 300, loss 8.537
step: 400, loss 9.869
step: 500, loss 7.719
step: 600, loss 9.192
step: 700, loss 9.742
step: 800, loss 9.017
step: 900, loss 8.265
step: 1000, loss 9.657
step: 1100, loss 9.802
step: 1200, loss 9.343
step: 1300, loss 8.685
step: 1400, loss 10.439
step: 1500, loss 9.283
epoch: 84
step: 0, loss 8.465
step: 100, loss 7.911
step: 200, loss 9.032
step: 300, loss 7.987
step: 400, loss 10.032
step: 500, loss 8.676
step: 600, loss 10.255
step: 700, loss 8.697
step: 800, loss 8.693
step: 900, loss 9.383
step: 1000, loss 9.041
step: 1100, loss 9.438
step: 1200, loss 8.716
step: 1300, loss 8.931
step: 1400, loss 8.170
step: 1500, loss 8.931
epoch: 85
step: 0, loss 7.521
step: 100, loss 8.878
step: 200, loss 10.853
step: 300, loss 8.553
step: 400, loss 8.221
step: 500, loss 9.050
step: 600, loss 9.079
step: 700, loss 8.482
step: 800, loss 8.014
step: 900, loss 8.381
step: 1000, loss 8.314
step: 1100, loss 8.434
step: 1200, loss 8.625
step: 1300, loss 9.361
step: 1400, loss 10.570
step: 1500, loss 8.775
epoch: 86
step: 0, loss 8.985
step: 100, loss 8.769
step: 200, loss 8.121
step: 300, loss 8.571
step: 400, loss 9.401
step: 500, loss 8.467
step: 600, loss 8.285
step: 700, loss 9.082
step: 800, loss 9.349
step: 900, loss 9.185
step: 1000, loss 7.854
step: 1100, loss 7.377
step: 1200, loss 8.180
step: 1300, loss 9.321
step: 1400, loss 8.771
step: 1500, loss 10.154
epoch: 87
step: 0, loss 9.389
step: 100, loss 9.871
step: 200, loss 8.950
step: 300, loss 9.883
step: 400, loss 7.433
step: 500, loss 8.370
step: 600, loss 8.517
step: 700, loss 8.437
step: 800, loss 7.932
step: 900, loss 8.883
step: 1000, loss 9.229
step: 1100, loss 8.203
step: 1200, loss 7.656
step: 1300, loss 9.894
step: 1400, loss 8.723
step: 1500, loss 8.291
epoch: 88
step: 0, loss 8.071
step: 100, loss 9.651
step: 200, loss 9.380
step: 300, loss 7.416
step: 400, loss 9.211
step: 500, loss 8.712
step: 600, loss 9.439
step: 700, loss 7.799
step: 800, loss 8.457
step: 900, loss 9.869
step: 1000, loss 8.805
step: 1100, loss 7.871
step: 1200, loss 9.066
step: 1300, loss 8.839
step: 1400, loss 8.347
step: 1500, loss 7.833
epoch: 89
step: 0, loss 10.872
step: 100, loss 7.862
step: 200, loss 8.848
step: 300, loss 7.687
step: 400, loss 9.556
step: 500, loss 8.566
step: 600, loss 9.063
step: 700, loss 8.462
step: 800, loss 8.149
step: 900, loss 9.451
step: 1000, loss 8.976
step: 1100, loss 9.812
step: 1200, loss 8.556
step: 1300, loss 7.882
step: 1400, loss 8.298
step: 1500, loss 9.052
epoch: 90
step: 0, loss 8.239
step: 100, loss 8.735
step: 200, loss 8.066
step: 300, loss 8.981
step: 400, loss 8.034
step: 500, loss 8.575
step: 600, loss 9.255
step: 700, loss 10.588
step: 800, loss 10.042
step: 900, loss 9.037
step: 1000, loss 7.815
step: 1100, loss 7.634
step: 1200, loss 8.395
step: 1300, loss 8.003
step: 1400, loss 9.319
step: 1500, loss 7.850
epoch: 91
step: 0, loss 8.847
step: 100, loss 7.296
step: 200, loss 7.314
step: 300, loss 9.033
step: 400, loss 8.521
step: 500, loss 8.013
step: 600, loss 9.611
step: 700, loss 9.744
step: 800, loss 8.884
step: 900, loss 7.442
step: 1000, loss 8.514
step: 1100, loss 8.304
step: 1200, loss 7.871
step: 1300, loss 8.551
step: 1400, loss 8.660
step: 1500, loss 8.644
epoch: 92
step: 0, loss 7.644
step: 100, loss 9.763
step: 200, loss 8.283
step: 300, loss 8.189
step: 400, loss 8.115
step: 500, loss 7.393
step: 600, loss 10.112
step: 700, loss 8.125
step: 800, loss 8.855
step: 900, loss 8.964
step: 1000, loss 8.174
step: 1100, loss 9.073
step: 1200, loss 9.364
step: 1300, loss 7.714
step: 1400, loss 8.579
step: 1500, loss 8.367
epoch: 93
step: 0, loss 9.082
step: 100, loss 7.479
step: 200, loss 7.940
step: 300, loss 8.888
step: 400, loss 10.240
step: 500, loss 8.207
step: 600, loss 9.241
step: 700, loss 8.338
step: 800, loss 10.384
step: 900, loss 8.544
step: 1000, loss 7.353
step: 1100, loss 9.928
step: 1200, loss 8.251
step: 1300, loss 10.252
step: 1400, loss 9.289
step: 1500, loss 8.319
epoch: 94
step: 0, loss 6.792
step: 100, loss 7.587
step: 200, loss 9.873
step: 300, loss 10.026
step: 400, loss 10.037
step: 500, loss 7.710
step: 600, loss 6.875
step: 700, loss 6.883
step: 800, loss 7.301
step: 900, loss 9.314
step: 1000, loss 9.918
step: 1100, loss 7.876
step: 1200, loss 9.599
step: 1300, loss 9.547
step: 1400, loss 5.717
step: 1500, loss 8.446
epoch: 95
step: 0, loss 7.797
step: 100, loss 9.092
step: 200, loss 9.047
step: 300, loss 6.913
step: 400, loss 9.648
step: 500, loss 8.415
step: 600, loss 9.260
step: 700, loss 8.737
step: 800, loss 8.671
step: 900, loss 10.189
step: 1000, loss 8.391
step: 1100, loss 7.299
step: 1200, loss 8.542
step: 1300, loss 8.773
step: 1400, loss 8.135
step: 1500, loss 7.320
epoch: 96
step: 0, loss 8.126
step: 100, loss 7.076
step: 200, loss 8.501
step: 300, loss 8.615
step: 400, loss 7.413
step: 500, loss 7.005
step: 600, loss 8.502
step: 700, loss 8.404
step: 800, loss 7.750
step: 900, loss 9.028
step: 1000, loss 9.190
step: 1100, loss 7.842
step: 1200, loss 7.879
step: 1300, loss 7.355
step: 1400, loss 7.884
step: 1500, loss 8.029
epoch: 97
step: 0, loss 7.647
step: 100, loss 7.600
step: 200, loss 8.354
step: 300, loss 8.146
step: 400, loss 8.178
step: 500, loss 9.394
step: 600, loss 8.454
step: 700, loss 7.635
step: 800, loss 8.953
step: 900, loss 7.699
step: 1000, loss 9.664
step: 1100, loss 7.977
step: 1200, loss 8.999
step: 1300, loss 7.193
step: 1400, loss 8.297
step: 1500, loss 9.462
epoch: 98
step: 0, loss 8.601
step: 100, loss 8.223
step: 200, loss 7.969
step: 300, loss 7.380
step: 400, loss 6.771
step: 500, loss 8.063
step: 600, loss 9.396
step: 700, loss 8.673
step: 800, loss 6.817
step: 900, loss 9.608
step: 1000, loss 8.325
step: 1100, loss 7.746
step: 1200, loss 7.884
step: 1300, loss 8.744
step: 1400, loss 8.975
step: 1500, loss 7.424
epoch: 99
