Loading cuda/11.6.2/gcc/9.4.0/zen2
  Loading requirement: gcc/9.4.0
modules imported
step: 0, loss 87.165
step: 100, loss 55.186
step: 200, loss 64.830
step: 300, loss 57.473
step: 400, loss 40.098
step: 500, loss 54.559
step: 600, loss 28.066
step: 700, loss 43.827
step: 800, loss 44.226
step: 900, loss 40.671
step: 1000, loss 24.560
step: 1100, loss 25.973
step: 1200, loss 38.282
step: 1300, loss 44.325
step: 1400, loss 47.777
step: 1500, loss 41.911
epoch: 0
step: 0, loss 29.182
step: 100, loss 41.994
step: 200, loss 47.953
step: 300, loss 26.982
step: 400, loss 39.365
step: 500, loss 49.404
step: 600, loss 39.503
step: 700, loss 37.746
step: 800, loss 30.783
step: 900, loss 18.776
step: 1000, loss 40.524
step: 1100, loss 23.827
step: 1200, loss 28.177
step: 1300, loss 42.888
step: 1400, loss 40.034
step: 1500, loss 20.327
epoch: 1
step: 0, loss 39.388
step: 100, loss 33.505
step: 200, loss 38.480
step: 300, loss 36.745
step: 400, loss 36.567
step: 500, loss 24.567
step: 600, loss 18.089
step: 700, loss 29.002
step: 800, loss 60.474
step: 900, loss 33.719
step: 1000, loss 33.126
step: 1100, loss 25.696
step: 1200, loss 20.853
step: 1300, loss 27.242
step: 1400, loss 37.072
step: 1500, loss 37.103
epoch: 2
step: 0, loss 21.523
step: 100, loss 18.925
step: 200, loss 26.617
step: 300, loss 19.261
step: 400, loss 36.208
step: 500, loss 24.362
step: 600, loss 38.648
step: 700, loss 45.192
step: 800, loss 37.521
step: 900, loss 31.648
step: 1000, loss 21.221
step: 1100, loss 32.530
step: 1200, loss 34.283
step: 1300, loss 35.946
step: 1400, loss 32.521
step: 1500, loss 42.443
epoch: 3
step: 0, loss 34.567
step: 100, loss 52.943
step: 200, loss 19.761
step: 300, loss 33.107
step: 400, loss 45.835
step: 500, loss 28.264
step: 600, loss 36.253
step: 700, loss 45.147
step: 800, loss 29.150
step: 900, loss 18.809
step: 1000, loss 32.157
step: 1100, loss 29.391
step: 1200, loss 36.106
step: 1300, loss 32.355
step: 1400, loss 31.161
step: 1500, loss 24.287
epoch: 4
step: 0, loss 23.843
step: 100, loss 27.526
step: 200, loss 27.028
step: 300, loss 64.854
step: 400, loss 50.830
step: 500, loss 47.266
step: 600, loss 41.201
step: 700, loss 36.851
step: 800, loss 32.916
step: 900, loss 37.908
step: 1000, loss 37.654
step: 1100, loss 27.600
step: 1200, loss 29.678
step: 1300, loss 25.641
step: 1400, loss 46.492
step: 1500, loss 20.254
epoch: 5
step: 0, loss 31.944
step: 100, loss 22.184
step: 200, loss 30.462
step: 300, loss 13.954
step: 400, loss 32.013
step: 500, loss 33.175
step: 600, loss 31.959
step: 700, loss 29.812
step: 800, loss 25.785
step: 900, loss 25.053
step: 1000, loss 18.158
step: 1100, loss 47.313
step: 1200, loss 28.024
step: 1300, loss 27.487
step: 1400, loss 32.731
step: 1500, loss 36.590
epoch: 6
step: 0, loss 31.637
step: 100, loss 31.425
step: 200, loss 45.822
step: 300, loss 32.709
step: 400, loss 21.731
step: 500, loss 25.328
step: 600, loss 23.639
step: 700, loss 32.578
step: 800, loss 29.667
step: 900, loss 32.503
step: 1000, loss 19.048
step: 1100, loss 27.911
step: 1200, loss 36.143
step: 1300, loss 22.148
step: 1400, loss 28.289
step: 1500, loss 35.185
epoch: 7
step: 0, loss 18.510
step: 100, loss 21.667
step: 200, loss 25.017
step: 300, loss 22.271
step: 400, loss 34.533
step: 500, loss 30.414
step: 600, loss 44.168
step: 700, loss 16.049
step: 800, loss 20.476
step: 900, loss 12.636
step: 1000, loss 22.038
step: 1100, loss 18.206
step: 1200, loss 33.459
step: 1300, loss 15.937
step: 1400, loss 26.878
step: 1500, loss 24.908
epoch: 8
step: 0, loss 22.548
step: 100, loss 34.479
step: 200, loss 21.881
step: 300, loss 30.520
step: 400, loss 24.652
step: 500, loss 19.172
step: 600, loss 16.136
step: 700, loss 21.061
step: 800, loss 27.811
step: 900, loss 27.008
step: 1000, loss 14.242
step: 1100, loss 26.235
step: 1200, loss 16.547
step: 1300, loss 33.485
step: 1400, loss 24.307
step: 1500, loss 31.789
epoch: 9
step: 0, loss 30.197
step: 100, loss 21.658
step: 200, loss 40.506
step: 300, loss 29.620
step: 400, loss 22.020
step: 500, loss 18.625
step: 600, loss 18.162
step: 700, loss 17.269
step: 800, loss 26.621
step: 900, loss 31.054
step: 1000, loss 21.601
step: 1100, loss 25.137
step: 1200, loss 26.712
step: 1300, loss 34.857
step: 1400, loss 25.846
step: 1500, loss 23.272
epoch: 10
step: 0, loss 17.979
step: 100, loss 23.942
step: 200, loss 15.644
step: 300, loss 19.888
step: 400, loss 20.451
step: 500, loss 21.500
step: 600, loss 28.425
step: 700, loss 27.464
step: 800, loss 30.549
step: 900, loss 34.724
step: 1000, loss 22.939
step: 1100, loss 19.734
step: 1200, loss 28.726
step: 1300, loss 27.133
step: 1400, loss 20.287
step: 1500, loss 25.801
epoch: 11
step: 0, loss 25.203
step: 100, loss 17.667
step: 200, loss 26.317
step: 300, loss 24.887
step: 400, loss 18.421
step: 500, loss 24.919
step: 600, loss 29.350
step: 700, loss 33.443
step: 800, loss 31.523
step: 900, loss 29.347
step: 1000, loss 31.411
step: 1100, loss 21.292
step: 1200, loss 31.896
step: 1300, loss 33.210
step: 1400, loss 29.828
step: 1500, loss 17.459
epoch: 12
step: 0, loss 25.104
step: 100, loss 29.623
step: 200, loss 14.488
step: 300, loss 14.243
step: 400, loss 18.659
step: 500, loss 30.436
step: 600, loss 29.713
step: 700, loss 25.104
step: 800, loss 16.205
step: 900, loss 19.457
step: 1000, loss 17.357
step: 1100, loss 30.834
step: 1200, loss 20.673
step: 1300, loss 19.846
step: 1400, loss 28.050
step: 1500, loss 13.739
epoch: 13
step: 0, loss 35.550
step: 100, loss 13.654
step: 200, loss 16.116
step: 300, loss 22.326
step: 400, loss 17.136
step: 500, loss 17.587
step: 600, loss 39.717
step: 700, loss 19.755
step: 800, loss 16.110
step: 900, loss 18.319
step: 1000, loss 21.027
step: 1100, loss 28.077
step: 1200, loss 16.665
step: 1300, loss 31.291
step: 1400, loss 17.534
step: 1500, loss 20.464
epoch: 14
step: 0, loss 36.989
step: 100, loss 32.540
step: 200, loss 21.743
step: 300, loss 28.248
step: 400, loss 11.834
step: 500, loss 24.551
step: 600, loss 25.797
step: 700, loss 33.246
step: 800, loss 19.873
step: 900, loss 19.464
step: 1000, loss 16.298
step: 1100, loss 29.873
step: 1200, loss 23.101
step: 1300, loss 18.835
step: 1400, loss 20.715
step: 1500, loss 19.844
epoch: 15
step: 0, loss 24.669
step: 100, loss 28.292
step: 200, loss 18.048
step: 300, loss 11.519
step: 400, loss 34.101
step: 500, loss 26.374
step: 600, loss 13.926
step: 700, loss 22.275
step: 800, loss 28.380
step: 900, loss 26.254
step: 1000, loss 22.879
step: 1100, loss 13.851
step: 1200, loss 19.536
step: 1300, loss 20.761
step: 1400, loss 17.474
step: 1500, loss 17.359
epoch: 16
step: 0, loss 34.737
step: 100, loss 30.181
step: 200, loss 33.213
step: 300, loss 15.115
step: 400, loss 24.566
step: 500, loss 18.360
step: 600, loss 18.103
step: 700, loss 34.304
step: 800, loss 25.732
step: 900, loss 24.772
step: 1000, loss 15.435
step: 1100, loss 25.306
step: 1200, loss 21.398
step: 1300, loss 18.093
step: 1400, loss 21.867
step: 1500, loss 38.397
epoch: 17
step: 0, loss 24.582
step: 100, loss 21.928
step: 200, loss 12.657
step: 300, loss 12.158
step: 400, loss 41.497
step: 500, loss 20.069
step: 600, loss 19.168
step: 700, loss 21.615
step: 800, loss 14.761
step: 900, loss 22.273
step: 1000, loss 24.824
step: 1100, loss 22.455
step: 1200, loss 26.157
step: 1300, loss 28.894
step: 1400, loss 16.896
step: 1500, loss 40.555
epoch: 18
step: 0, loss 26.257
step: 100, loss 15.323
step: 200, loss 19.311
step: 300, loss 24.084
step: 400, loss 30.045
step: 500, loss 11.771
step: 600, loss 14.488
step: 700, loss 23.122
step: 800, loss 16.192
step: 900, loss 29.542
step: 1000, loss 19.177
step: 1100, loss 14.336
step: 1200, loss 24.045
step: 1300, loss 30.837
step: 1400, loss 17.427
step: 1500, loss 14.004
epoch: 19
step: 0, loss 21.866
step: 100, loss 27.253
step: 200, loss 15.803
step: 300, loss 20.581
step: 400, loss 16.928
step: 500, loss 25.399
step: 600, loss 19.933
step: 700, loss 23.351
step: 800, loss 19.920
step: 900, loss 25.600
step: 1000, loss 18.884
step: 1100, loss 17.167
step: 1200, loss 17.069
step: 1300, loss 19.320
step: 1400, loss 21.942
step: 1500, loss 15.310
epoch: 20
step: 0, loss 17.354
step: 100, loss 16.298
step: 200, loss 20.044
step: 300, loss 24.585
step: 400, loss 15.301
step: 500, loss 30.830
step: 600, loss 20.986
step: 700, loss 16.167
step: 800, loss 12.651
step: 900, loss 19.884
step: 1000, loss 17.591
step: 1100, loss 14.245
step: 1200, loss 30.299
step: 1300, loss 29.791
step: 1400, loss 19.426
step: 1500, loss 40.391
epoch: 21
step: 0, loss 18.201
step: 100, loss 14.636
step: 200, loss 18.468
step: 300, loss 18.110
step: 400, loss 20.577
step: 500, loss 27.180
step: 600, loss 19.600
step: 700, loss 24.562
step: 800, loss 24.806
step: 900, loss 11.408
step: 1000, loss 26.901
step: 1100, loss 20.438
step: 1200, loss 15.452
step: 1300, loss 23.364
step: 1400, loss 23.918
step: 1500, loss 24.139
epoch: 22
step: 0, loss 19.088
step: 100, loss 20.577
step: 200, loss 19.831
step: 300, loss 15.948
step: 400, loss 30.727
step: 500, loss 18.732
step: 600, loss 16.862
step: 700, loss 15.667
step: 800, loss 12.404
step: 900, loss 11.131
step: 1000, loss 13.797
step: 1100, loss 12.147
step: 1200, loss 20.401
step: 1300, loss 18.811
step: 1400, loss 15.932
step: 1500, loss 11.231
epoch: 23
step: 0, loss 15.376
step: 100, loss 19.352
step: 200, loss 15.740
step: 300, loss 19.374
step: 400, loss 21.950
step: 500, loss 31.654
step: 600, loss 11.417
step: 700, loss 18.929
step: 800, loss 19.475
step: 900, loss 14.854
step: 1000, loss 19.593
step: 1100, loss 18.263
step: 1200, loss 15.522
step: 1300, loss 14.812
step: 1400, loss 17.707
step: 1500, loss 16.634
epoch: 24
step: 0, loss 15.144
step: 100, loss 18.327
step: 200, loss 25.674
step: 300, loss 17.307
step: 400, loss 18.784
step: 500, loss 27.868
step: 600, loss 23.295
step: 700, loss 14.519
step: 800, loss 19.363
step: 900, loss 19.085
step: 1000, loss 17.921
step: 1100, loss 10.965
step: 1200, loss 21.157
step: 1300, loss 14.870
step: 1400, loss 16.364
step: 1500, loss 14.482
epoch: 25
step: 0, loss 13.595
step: 100, loss 14.818
step: 200, loss 19.006
step: 300, loss 17.163
step: 400, loss 14.620
step: 500, loss 18.155
step: 600, loss 16.587
step: 700, loss 12.437
step: 800, loss 11.008
step: 900, loss 13.595
step: 1000, loss 19.171
step: 1100, loss 14.401
step: 1200, loss 14.596
step: 1300, loss 14.123
step: 1400, loss 15.110
step: 1500, loss 22.783
epoch: 26
step: 0, loss 23.957
step: 100, loss 15.247
step: 200, loss 26.545
step: 300, loss 16.197
step: 400, loss 15.423
step: 500, loss 18.307
step: 600, loss 13.295
step: 700, loss 18.312
step: 800, loss 23.026
step: 900, loss 14.533
step: 1000, loss 18.076
step: 1100, loss 16.876
step: 1200, loss 19.967
step: 1300, loss 21.344
step: 1400, loss 11.714
step: 1500, loss 15.910
epoch: 27
step: 0, loss 13.187
step: 100, loss 25.948
step: 200, loss 18.472
step: 300, loss 19.673
step: 400, loss 21.124
step: 500, loss 12.635
step: 600, loss 15.939
step: 700, loss 22.626
step: 800, loss 21.977
step: 900, loss 17.603
step: 1000, loss 17.396
step: 1100, loss 13.124
step: 1200, loss 21.667
step: 1300, loss 25.618
step: 1400, loss 13.710
step: 1500, loss 14.706
epoch: 28
step: 0, loss 20.377
step: 100, loss 31.296
step: 200, loss 13.412
step: 300, loss 22.501
step: 400, loss 12.521
step: 500, loss 12.952
step: 600, loss 38.458
step: 700, loss 23.498
step: 800, loss 11.891
step: 900, loss 13.771
step: 1000, loss 20.522
step: 1100, loss 16.231
step: 1200, loss 20.881
step: 1300, loss 11.153
step: 1400, loss 15.264
step: 1500, loss 18.168
epoch: 29
step: 0, loss 12.776
step: 100, loss 19.833
step: 200, loss 25.199
step: 300, loss 20.835
step: 400, loss 17.904
step: 500, loss 14.084
step: 600, loss 16.930
step: 700, loss 14.245
step: 800, loss 21.679
step: 900, loss 22.099
step: 1000, loss 30.617
step: 1100, loss 22.429
step: 1200, loss 29.052
step: 1300, loss 14.264
step: 1400, loss 10.630
step: 1500, loss 19.504
epoch: 30
step: 0, loss 13.100
step: 100, loss 12.158
step: 200, loss 15.980
step: 300, loss 16.927
step: 400, loss 21.155
step: 500, loss 16.145
step: 600, loss 19.397
step: 700, loss 14.498
step: 800, loss 15.446
step: 900, loss 11.392
step: 1000, loss 15.262
step: 1100, loss 21.188
step: 1200, loss 20.100
step: 1300, loss 18.321
step: 1400, loss 26.340
step: 1500, loss 12.924
epoch: 31
step: 0, loss 20.774
step: 100, loss 12.888
step: 200, loss 14.640
step: 300, loss 16.800
step: 400, loss 18.016
step: 500, loss 13.678
step: 600, loss 12.152
step: 700, loss 22.198
step: 800, loss 25.672
step: 900, loss 16.122
step: 1000, loss 15.637
step: 1100, loss 21.523
step: 1200, loss 18.341
step: 1300, loss 13.800
step: 1400, loss 18.508
step: 1500, loss 13.869
epoch: 32
step: 0, loss 15.205
step: 100, loss 14.762
step: 200, loss 18.604
step: 300, loss 10.663
step: 400, loss 14.412
step: 500, loss 19.506
step: 600, loss 20.226
step: 700, loss 19.310
step: 800, loss 10.179
step: 900, loss 10.185
step: 1000, loss 20.384
step: 1100, loss 13.349
step: 1200, loss 15.168
step: 1300, loss 12.364
step: 1400, loss 23.841
step: 1500, loss 19.702
epoch: 33
step: 0, loss 16.061
step: 100, loss 17.074
step: 200, loss 27.449
step: 300, loss 17.104
step: 400, loss 16.775
step: 500, loss 17.229
step: 600, loss 11.600
step: 700, loss 13.205
step: 800, loss 15.708
step: 900, loss 15.013
step: 1000, loss 24.997
step: 1100, loss 10.773
step: 1200, loss 18.174
step: 1300, loss 21.700
step: 1400, loss 16.905
step: 1500, loss 18.864
epoch: 34
step: 0, loss 20.928
step: 100, loss 17.945
step: 200, loss 11.482
step: 300, loss 14.201
step: 400, loss 13.370
step: 500, loss 17.255
step: 600, loss 15.468
step: 700, loss 22.254
step: 800, loss 20.002
step: 900, loss 16.498
step: 1000, loss 13.709
step: 1100, loss 15.726
step: 1200, loss 11.321
step: 1300, loss 19.152
step: 1400, loss 11.144
step: 1500, loss 10.036
epoch: 35
step: 0, loss 27.411
step: 100, loss 23.227
step: 200, loss 17.195
step: 300, loss 19.011
step: 400, loss 16.336
step: 500, loss 14.335
step: 600, loss 11.107
step: 700, loss 15.266
step: 800, loss 15.791
step: 900, loss 22.838
step: 1000, loss 11.461
step: 1100, loss 21.513
step: 1200, loss 19.285
step: 1300, loss 16.637
step: 1400, loss 14.393
step: 1500, loss 20.738
epoch: 36
step: 0, loss 14.956
step: 100, loss 18.493
step: 200, loss 13.033
step: 300, loss 10.002
step: 400, loss 13.578
step: 500, loss 14.987
step: 600, loss 14.185
step: 700, loss 10.833
step: 800, loss 17.548
step: 900, loss 10.397
step: 1000, loss 19.096
step: 1100, loss 17.222
step: 1200, loss 14.952
step: 1300, loss 15.767
step: 1400, loss 12.442
step: 1500, loss 17.097
epoch: 37
step: 0, loss 22.061
step: 100, loss 19.001
step: 200, loss 10.109
step: 300, loss 21.476
step: 400, loss 11.732
step: 500, loss 19.274
step: 600, loss 11.271
step: 700, loss 13.027
step: 800, loss 13.230
step: 900, loss 12.401
step: 1000, loss 11.176
step: 1100, loss 12.803
step: 1200, loss 10.338
step: 1300, loss 14.447
step: 1400, loss 11.168
step: 1500, loss 17.003
epoch: 38
step: 0, loss 15.268
step: 100, loss 17.442
step: 200, loss 27.893
step: 300, loss 9.673
step: 400, loss 16.302
step: 500, loss 16.479
step: 600, loss 13.786
step: 700, loss 11.245
step: 800, loss 16.742
step: 900, loss 15.920
step: 1000, loss 10.676
step: 1100, loss 12.898
step: 1200, loss 12.344
step: 1300, loss 12.487
step: 1400, loss 14.874
step: 1500, loss 12.818
epoch: 39
step: 0, loss 12.890
step: 100, loss 12.318
step: 200, loss 11.814
step: 300, loss 12.546
step: 400, loss 14.597
step: 500, loss 17.502
step: 600, loss 10.925
step: 700, loss 13.994
step: 800, loss 15.137
step: 900, loss 12.072
step: 1000, loss 15.870
step: 1100, loss 17.990
step: 1200, loss 11.860
step: 1300, loss 11.700
step: 1400, loss 14.622
step: 1500, loss 13.105
epoch: 40
step: 0, loss 12.915
step: 100, loss 9.532
step: 200, loss 14.510
step: 300, loss 11.855
step: 400, loss 14.239
step: 500, loss 12.921
step: 600, loss 10.534
step: 700, loss 12.967
step: 800, loss 13.453
step: 900, loss 21.661
step: 1000, loss 27.861
step: 1100, loss 12.410
step: 1200, loss 13.616
step: 1300, loss 13.258
step: 1400, loss 14.052
step: 1500, loss 21.273
epoch: 41
step: 0, loss 12.377
step: 100, loss 19.019
step: 200, loss 14.188
step: 300, loss 19.989
step: 400, loss 13.023
step: 500, loss 13.127
step: 600, loss 17.359
step: 700, loss 15.283
step: 800, loss 12.863
step: 900, loss 12.801
step: 1000, loss 15.145
step: 1100, loss 16.036
step: 1200, loss 14.323
step: 1300, loss 10.557
step: 1400, loss 10.129
step: 1500, loss 12.725
epoch: 42
step: 0, loss 10.386
step: 100, loss 15.949
step: 200, loss 16.269
step: 300, loss 10.020
step: 400, loss 13.437
step: 500, loss 15.409
step: 600, loss 9.759
step: 700, loss 24.316
step: 800, loss 17.601
step: 900, loss 12.615
step: 1000, loss 15.649
step: 1100, loss 15.306
step: 1200, loss 15.228
step: 1300, loss 11.056
step: 1400, loss 10.684
step: 1500, loss 10.683
epoch: 43
step: 0, loss 16.741
step: 100, loss 13.146
step: 200, loss 15.585
step: 300, loss 25.892
step: 400, loss 15.640
step: 500, loss 11.508
step: 600, loss 24.535
step: 700, loss 14.443
step: 800, loss 14.588
step: 900, loss 11.961
step: 1000, loss 12.280
step: 1100, loss 25.976
step: 1200, loss 14.494
step: 1300, loss 11.575
step: 1400, loss 15.667
step: 1500, loss 9.769
epoch: 44
step: 0, loss 15.063
step: 100, loss 15.835
step: 200, loss 11.633
step: 300, loss 15.620
step: 400, loss 14.379
step: 500, loss 14.920
step: 600, loss 20.249
step: 700, loss 21.714
step: 800, loss 12.629
step: 900, loss 16.633
step: 1000, loss 14.266
step: 1100, loss 18.377
step: 1200, loss 10.262
step: 1300, loss 12.348
step: 1400, loss 21.378
step: 1500, loss 13.277
epoch: 45
step: 0, loss 16.088
step: 100, loss 12.158
step: 200, loss 13.212
step: 300, loss 14.891
step: 400, loss 18.306
step: 500, loss 12.491
step: 600, loss 12.813
step: 700, loss 12.580
step: 800, loss 11.749
step: 900, loss 11.745
step: 1000, loss 10.278
step: 1100, loss 12.421
step: 1200, loss 11.701
step: 1300, loss 12.094
step: 1400, loss 13.268
step: 1500, loss 19.958
epoch: 46
step: 0, loss 17.211
step: 100, loss 16.410
step: 200, loss 11.124
step: 300, loss 8.629
step: 400, loss 17.441
step: 500, loss 12.436
step: 600, loss 17.416
step: 700, loss 9.735
step: 800, loss 15.898
step: 900, loss 13.608
step: 1000, loss 14.331
step: 1100, loss 11.792
step: 1200, loss 11.958
step: 1300, loss 13.559
step: 1400, loss 10.723
step: 1500, loss 17.329
epoch: 47
step: 0, loss 11.269
step: 100, loss 12.396
step: 200, loss 14.651
step: 300, loss 10.607
step: 400, loss 11.709
step: 500, loss 15.229
step: 600, loss 11.132
step: 700, loss 10.054
step: 800, loss 10.103
step: 900, loss 18.084
step: 1000, loss 12.807
step: 1100, loss 11.000
step: 1200, loss 12.280
step: 1300, loss 15.597
step: 1400, loss 17.036
step: 1500, loss 15.365
epoch: 48
step: 0, loss 11.979
step: 100, loss 11.067
step: 200, loss 10.557
step: 300, loss 16.554
step: 400, loss 11.273
step: 500, loss 12.498
step: 600, loss 12.135
step: 700, loss 13.765
step: 800, loss 10.737
step: 900, loss 11.933
step: 1000, loss 11.700
step: 1100, loss 13.941
step: 1200, loss 10.331
step: 1300, loss 14.163
step: 1400, loss 12.237
step: 1500, loss 16.598
epoch: 49
step: 0, loss 19.178
step: 100, loss 10.963
step: 200, loss 19.873
step: 300, loss 16.422
step: 400, loss 12.395
step: 500, loss 20.739
step: 600, loss 17.526
step: 700, loss 16.763
step: 800, loss 11.201
step: 900, loss 12.424
step: 1000, loss 17.891
step: 1100, loss 10.273
step: 1200, loss 14.939
step: 1300, loss 12.737
step: 1400, loss 12.510
step: 1500, loss 11.279
epoch: 50
step: 0, loss 22.508
step: 100, loss 10.600
step: 200, loss 24.606
step: 300, loss 12.700
step: 400, loss 12.781
step: 500, loss 15.137
step: 600, loss 8.235
step: 700, loss 17.609
step: 800, loss 10.980
step: 900, loss 14.463
step: 1000, loss 13.572
step: 1100, loss 12.824
step: 1200, loss 23.171
step: 1300, loss 13.521
step: 1400, loss 11.215
step: 1500, loss 12.652
epoch: 51
step: 0, loss 8.267
step: 100, loss 11.034
step: 200, loss 10.884
step: 300, loss 11.922
step: 400, loss 11.394
step: 500, loss 18.169
step: 600, loss 12.178
step: 700, loss 18.250
step: 800, loss 11.442
step: 900, loss 10.127
step: 1000, loss 10.315
step: 1100, loss 14.339
step: 1200, loss 10.943
step: 1300, loss 16.992
step: 1400, loss 13.518
step: 1500, loss 10.065
epoch: 52
step: 0, loss 18.731
step: 100, loss 12.106
step: 200, loss 11.564
step: 300, loss 12.059
step: 400, loss 12.526
step: 500, loss 11.829
step: 600, loss 11.319
step: 700, loss 12.358
step: 800, loss 15.046
step: 900, loss 10.492
step: 1000, loss 12.838
step: 1100, loss 12.872
step: 1200, loss 9.347
step: 1300, loss 19.937
step: 1400, loss 9.732
step: 1500, loss 13.075
epoch: 53
step: 0, loss 14.802
step: 100, loss 20.489
step: 200, loss 11.860
step: 300, loss 12.105
step: 400, loss 13.134
step: 500, loss 12.259
step: 600, loss 10.240
step: 700, loss 12.337
step: 800, loss 12.955
step: 900, loss 10.858
step: 1000, loss 18.529
step: 1100, loss 14.222
step: 1200, loss 14.148
step: 1300, loss 11.751
step: 1400, loss 8.063
step: 1500, loss 14.700
epoch: 54
step: 0, loss 14.455
step: 100, loss 13.141
step: 200, loss 11.842
step: 300, loss 9.232
step: 400, loss 14.003
step: 500, loss 14.297
step: 600, loss 13.766
step: 700, loss 10.455
step: 800, loss 8.013
step: 900, loss 10.082
step: 1000, loss 13.040
step: 1100, loss 16.355
step: 1200, loss 10.038
step: 1300, loss 12.539
step: 1400, loss 19.398
step: 1500, loss 14.353
epoch: 55
step: 0, loss 11.886
step: 100, loss 16.902
step: 200, loss 14.515
step: 300, loss 12.737
step: 400, loss 10.702
step: 500, loss 10.784
step: 600, loss 14.069
step: 700, loss 13.381
step: 800, loss 22.444
step: 900, loss 18.661
step: 1000, loss 13.344
step: 1100, loss 16.893
step: 1200, loss 14.027
step: 1300, loss 10.302
step: 1400, loss 10.273
step: 1500, loss 14.115
epoch: 56
step: 0, loss 11.989
step: 100, loss 9.661
step: 200, loss 16.474
step: 300, loss 11.109
step: 400, loss 9.539
step: 500, loss 11.977
step: 600, loss 13.295
step: 700, loss 17.343
step: 800, loss 16.723
step: 900, loss 13.565
step: 1000, loss 11.476
step: 1100, loss 10.521
step: 1200, loss 10.716
step: 1300, loss 11.894
step: 1400, loss 13.670
step: 1500, loss 10.844
epoch: 57
step: 0, loss 12.151
step: 100, loss 11.540
step: 200, loss 16.245
step: 300, loss 12.591
step: 400, loss 15.946
step: 500, loss 15.047
step: 600, loss 10.941
step: 700, loss 14.534
step: 800, loss 15.701
step: 900, loss 12.479
step: 1000, loss 22.588
step: 1100, loss 18.480
step: 1200, loss 11.037
step: 1300, loss 8.620
step: 1400, loss 9.412
step: 1500, loss 15.396
epoch: 58
step: 0, loss 22.791
step: 100, loss 10.814
step: 200, loss 12.450
step: 300, loss 10.154
step: 400, loss 13.736
step: 500, loss 11.333
step: 600, loss 18.608
step: 700, loss 11.059
step: 800, loss 11.417
step: 900, loss 8.921
step: 1000, loss 24.763
step: 1100, loss 14.673
step: 1200, loss 14.756
step: 1300, loss 13.417
step: 1400, loss 13.864
step: 1500, loss 13.302
epoch: 59
step: 0, loss 17.517
step: 100, loss 16.947
step: 200, loss 15.210
step: 300, loss 9.166
step: 400, loss 14.753
step: 500, loss 10.644
step: 600, loss 14.753
step: 700, loss 18.859
step: 800, loss 17.911
step: 900, loss 12.487
step: 1000, loss 13.857
step: 1100, loss 14.803
step: 1200, loss 11.785
step: 1300, loss 13.006
step: 1400, loss 11.360
step: 1500, loss 13.705
epoch: 60
step: 0, loss 9.242
step: 100, loss 20.399
step: 200, loss 10.069
step: 300, loss 13.271
step: 400, loss 10.156
step: 500, loss 14.477
step: 600, loss 11.455
step: 700, loss 10.185
step: 800, loss 15.585
step: 900, loss 9.139
step: 1000, loss 15.795
step: 1100, loss 13.538
step: 1200, loss 17.832
step: 1300, loss 14.727
step: 1400, loss 10.326
step: 1500, loss 11.459
epoch: 61
step: 0, loss 11.041
step: 100, loss 11.372
step: 200, loss 9.784
step: 300, loss 12.113
step: 400, loss 9.651
step: 500, loss 12.823
step: 600, loss 12.175
step: 700, loss 11.862
step: 800, loss 11.346
step: 900, loss 11.327
step: 1000, loss 12.103
step: 1100, loss 11.040
step: 1200, loss 19.821
step: 1300, loss 13.715
step: 1400, loss 8.851
step: 1500, loss 10.039
epoch: 62
step: 0, loss 15.163
step: 100, loss 12.091
step: 200, loss 14.213
step: 300, loss 8.107
step: 400, loss 10.763
step: 500, loss 19.096
step: 600, loss 13.005
step: 700, loss 8.857
step: 800, loss 11.329
step: 900, loss 10.472
step: 1000, loss 14.169
step: 1100, loss 10.369
step: 1200, loss 12.862
step: 1300, loss 14.025
step: 1400, loss 9.392
step: 1500, loss 18.328
epoch: 63
step: 0, loss 12.758
step: 100, loss 11.454
step: 200, loss 10.330
step: 300, loss 16.026
step: 400, loss 9.900
step: 500, loss 13.043
step: 600, loss 13.480
step: 700, loss 10.392
step: 800, loss 22.860
step: 900, loss 8.402
step: 1000, loss 10.276
step: 1100, loss 10.340
step: 1200, loss 10.342
step: 1300, loss 11.060
step: 1400, loss 10.330
step: 1500, loss 11.584
epoch: 64
step: 0, loss 11.908
step: 100, loss 16.753
step: 200, loss 9.839
step: 300, loss 16.109
step: 400, loss 8.121
step: 500, loss 10.884
step: 600, loss 16.730
step: 700, loss 10.910
step: 800, loss 10.554
step: 900, loss 8.898
step: 1000, loss 8.961
step: 1100, loss 10.306
step: 1200, loss 9.571
step: 1300, loss 11.506
step: 1400, loss 13.443
step: 1500, loss 15.399
epoch: 65
step: 0, loss 11.959
step: 100, loss 16.956
step: 200, loss 10.608
step: 300, loss 9.575
step: 400, loss 14.446
step: 500, loss 12.265
step: 600, loss 12.378
step: 700, loss 15.163
step: 800, loss 17.020
step: 900, loss 7.469
step: 1000, loss 11.867
step: 1100, loss 17.141
step: 1200, loss 13.275
step: 1300, loss 14.588
step: 1400, loss 18.212
step: 1500, loss 20.023
epoch: 66
step: 0, loss 20.519
step: 100, loss 10.697
step: 200, loss 8.623
step: 300, loss 11.288
step: 400, loss 11.512
step: 500, loss 11.299
step: 600, loss 16.572
step: 700, loss 13.535
step: 800, loss 11.000
step: 900, loss 16.584
step: 1000, loss 9.285
step: 1100, loss 9.207
step: 1200, loss 11.289
step: 1300, loss 13.958
step: 1400, loss 14.486
step: 1500, loss 12.938
epoch: 67
step: 0, loss 10.181
step: 100, loss 12.374
step: 200, loss 8.829
step: 300, loss 18.856
step: 400, loss 14.433
step: 500, loss 8.866
step: 600, loss 11.402
step: 700, loss 10.077
step: 800, loss 15.243
step: 900, loss 7.576
step: 1000, loss 10.087
step: 1100, loss 13.906
step: 1200, loss 10.392
step: 1300, loss 14.366
step: 1400, loss 9.892
step: 1500, loss 10.471
epoch: 68
step: 0, loss 10.938
step: 100, loss 14.459
step: 200, loss 15.901
step: 300, loss 9.036
step: 400, loss 14.881
step: 500, loss 10.774
step: 600, loss 9.653
step: 700, loss 22.702
step: 800, loss 10.357
step: 900, loss 18.535
step: 1000, loss 11.687
step: 1100, loss 9.948
step: 1200, loss 16.719
step: 1300, loss 11.271
step: 1400, loss 14.684
step: 1500, loss 11.788
epoch: 69
step: 0, loss 9.971
step: 100, loss 9.271
step: 200, loss 8.815
step: 300, loss 10.764
step: 400, loss 14.541
step: 500, loss 17.440
step: 600, loss 16.709
step: 700, loss 12.943
step: 800, loss 12.045
step: 900, loss 11.995
step: 1000, loss 11.295
step: 1100, loss 11.084
step: 1200, loss 13.058
step: 1300, loss 10.301
step: 1400, loss 8.303
step: 1500, loss 9.121
epoch: 70
step: 0, loss 8.293
step: 100, loss 15.018
step: 200, loss 11.345
step: 300, loss 10.533
step: 400, loss 9.358
step: 500, loss 14.600
step: 600, loss 16.333
step: 700, loss 18.277
step: 800, loss 10.732
step: 900, loss 8.323
step: 1000, loss 12.513
step: 1100, loss 15.381
step: 1200, loss 9.546
step: 1300, loss 10.575
step: 1400, loss 9.276
step: 1500, loss 12.308
epoch: 71
step: 0, loss 9.114
step: 100, loss 7.986
step: 200, loss 17.778
step: 300, loss 9.294
step: 400, loss 15.174
step: 500, loss 10.231
step: 600, loss 14.343
step: 700, loss 9.227
step: 800, loss 13.292
step: 900, loss 9.177
step: 1000, loss 25.468
step: 1100, loss 12.437
step: 1200, loss 14.559
step: 1300, loss 10.802
step: 1400, loss 13.331
step: 1500, loss 12.140
epoch: 72
step: 0, loss 11.119
step: 100, loss 10.094
step: 200, loss 17.910
step: 300, loss 9.830
step: 400, loss 15.004
step: 500, loss 13.422
step: 600, loss 10.263
step: 700, loss 11.275
step: 800, loss 13.904
step: 900, loss 14.361
step: 1000, loss 11.888
step: 1100, loss 13.564
step: 1200, loss 17.383
step: 1300, loss 14.634
step: 1400, loss 15.634
step: 1500, loss 7.879
epoch: 73
step: 0, loss 10.776
step: 100, loss 10.340
step: 200, loss 11.325
step: 300, loss 14.791
step: 400, loss 11.332
step: 500, loss 9.603
step: 600, loss 13.120
step: 700, loss 10.575
step: 800, loss 8.393
step: 900, loss 12.335
step: 1000, loss 11.728
step: 1100, loss 9.683
step: 1200, loss 8.877
step: 1300, loss 8.491
step: 1400, loss 7.539
step: 1500, loss 8.558
epoch: 74
step: 0, loss 14.633
step: 100, loss 13.287
step: 200, loss 20.006
step: 300, loss 10.725
step: 400, loss 13.975
step: 500, loss 14.642
step: 600, loss 9.816
step: 700, loss 9.415
step: 800, loss 11.814
step: 900, loss 11.767
step: 1000, loss 10.345
step: 1100, loss 10.282
step: 1200, loss 16.359
step: 1300, loss 17.821
step: 1400, loss 9.387
step: 1500, loss 14.112
epoch: 75
step: 0, loss 13.471
step: 100, loss 10.875
step: 200, loss 10.884
step: 300, loss 14.121
step: 400, loss 12.334
step: 500, loss 10.767
step: 600, loss 24.522
step: 700, loss 10.499
step: 800, loss 8.561
step: 900, loss 9.463
step: 1000, loss 7.848
step: 1100, loss 9.042
step: 1200, loss 12.462
step: 1300, loss 12.153
step: 1400, loss 9.378
step: 1500, loss 11.454
epoch: 76
step: 0, loss 9.572
step: 100, loss 19.491
step: 200, loss 17.813
step: 300, loss 12.658
step: 400, loss 9.966
step: 500, loss 9.415
step: 600, loss 16.349
step: 700, loss 18.309
step: 800, loss 9.684
step: 900, loss 15.829
step: 1000, loss 16.409
step: 1100, loss 13.770
step: 1200, loss 7.116
step: 1300, loss 10.672
step: 1400, loss 11.417
step: 1500, loss 10.795
epoch: 77
step: 0, loss 8.688
step: 100, loss 12.705
step: 200, loss 9.546
step: 300, loss 13.124
step: 400, loss 12.674
step: 500, loss 11.744
step: 600, loss 9.355
step: 700, loss 7.858
step: 800, loss 11.558
step: 900, loss 12.617
step: 1000, loss 11.775
step: 1100, loss 8.607
step: 1200, loss 11.475
step: 1300, loss 11.065
step: 1400, loss 9.431
step: 1500, loss 16.317
epoch: 78
step: 0, loss 14.007
step: 100, loss 8.586
step: 200, loss 11.509
step: 300, loss 16.876
step: 400, loss 10.993
step: 500, loss 18.601
step: 600, loss 11.578
step: 700, loss 11.955
step: 800, loss 12.832
step: 900, loss 8.208
step: 1000, loss 16.801
step: 1100, loss 9.023
step: 1200, loss 7.699
step: 1300, loss 21.897
step: 1400, loss 8.710
step: 1500, loss 10.216
epoch: 79
step: 0, loss 13.743
step: 100, loss 8.810
step: 200, loss 10.268
step: 300, loss 7.959
step: 400, loss 10.560
step: 500, loss 12.478
step: 600, loss 10.616
step: 700, loss 10.094
step: 800, loss 13.567
step: 900, loss 17.499
step: 1000, loss 18.014
step: 1100, loss 10.541
step: 1200, loss 10.283
step: 1300, loss 7.611
step: 1400, loss 12.999
step: 1500, loss 14.165
epoch: 80
step: 0, loss 8.916
step: 100, loss 9.742
step: 200, loss 11.218
step: 300, loss 9.540
step: 400, loss 12.031
step: 500, loss 18.011
step: 600, loss 10.398
step: 700, loss 15.221
step: 800, loss 6.956
step: 900, loss 8.448
step: 1000, loss 11.616
step: 1100, loss 10.801
step: 1200, loss 14.476
step: 1300, loss 7.260
step: 1400, loss 10.829
step: 1500, loss 9.455
epoch: 81
step: 0, loss 12.471
step: 100, loss 21.430
step: 200, loss 11.494
step: 300, loss 11.220
step: 400, loss 19.716
step: 500, loss 8.591
step: 600, loss 9.006
step: 700, loss 12.806
step: 800, loss 9.541
step: 900, loss 11.844
step: 1000, loss 8.924
step: 1100, loss 8.876
step: 1200, loss 11.619
step: 1300, loss 16.688
step: 1400, loss 10.564
step: 1500, loss 13.072
epoch: 82
step: 0, loss 9.048
step: 100, loss 8.633
step: 200, loss 15.154
step: 300, loss 17.597
step: 400, loss 10.679
step: 500, loss 15.715
step: 600, loss 12.707
step: 700, loss 9.718
step: 800, loss 8.712
step: 900, loss 8.376
step: 1000, loss 8.817
step: 1100, loss 11.954
step: 1200, loss 11.882
step: 1300, loss 14.324
step: 1400, loss 10.888
step: 1500, loss 13.237
epoch: 83
step: 0, loss 7.749
step: 100, loss 12.013
step: 200, loss 10.071
step: 300, loss 8.776
step: 400, loss 8.427
step: 500, loss 12.067
step: 600, loss 12.201
step: 700, loss 24.947
step: 800, loss 13.630
step: 900, loss 16.402
step: 1000, loss 10.466
step: 1100, loss 9.692
step: 1200, loss 8.732
step: 1300, loss 7.188
step: 1400, loss 8.707
step: 1500, loss 7.217
epoch: 84
step: 0, loss 18.176
step: 100, loss 8.181
step: 200, loss 10.798
step: 300, loss 18.909
step: 400, loss 8.469
step: 500, loss 12.781
step: 600, loss 13.986
step: 700, loss 7.652
step: 800, loss 17.953
step: 900, loss 14.591
step: 1000, loss 13.408
step: 1100, loss 16.971
step: 1200, loss 11.350
step: 1300, loss 9.024
step: 1400, loss 13.456
step: 1500, loss 7.974
epoch: 85
step: 0, loss 8.943
step: 100, loss 8.681
step: 200, loss 9.249
step: 300, loss 8.242
step: 400, loss 13.312
step: 500, loss 12.377
step: 600, loss 26.246
step: 700, loss 7.859
step: 800, loss 10.620
step: 900, loss 7.585
step: 1000, loss 8.702
step: 1100, loss 16.122
step: 1200, loss 9.910
step: 1300, loss 9.972
step: 1400, loss 10.180
step: 1500, loss 10.847
epoch: 86
step: 0, loss 7.618
step: 100, loss 13.486
step: 200, loss 10.951
step: 300, loss 9.005
step: 400, loss 9.013
step: 500, loss 8.633
step: 600, loss 10.379
step: 700, loss 15.015
step: 800, loss 10.756
step: 900, loss 12.620
step: 1000, loss 11.956
step: 1100, loss 14.574
step: 1200, loss 18.827
step: 1300, loss 7.617
step: 1400, loss 11.412
step: 1500, loss 10.903
epoch: 87
step: 0, loss 12.927
step: 100, loss 15.135
step: 200, loss 8.126
step: 300, loss 12.871
step: 400, loss 8.984
step: 500, loss 10.638
step: 600, loss 16.300
step: 700, loss 8.829
step: 800, loss 13.285
step: 900, loss 12.178
step: 1000, loss 12.708
step: 1100, loss 11.955
step: 1200, loss 10.418
step: 1300, loss 12.275
step: 1400, loss 9.995
step: 1500, loss 8.311
epoch: 88
step: 0, loss 16.697
step: 100, loss 12.062
step: 200, loss 12.505
step: 300, loss 12.551
step: 400, loss 14.109
step: 500, loss 7.995
step: 600, loss 11.974
step: 700, loss 11.996
step: 800, loss 13.160
step: 900, loss 9.853
step: 1000, loss 7.228
step: 1100, loss 14.424
step: 1200, loss 10.935
step: 1300, loss 13.361
step: 1400, loss 14.239
step: 1500, loss 9.612
epoch: 89
step: 0, loss 12.341
step: 100, loss 10.282
step: 200, loss 11.838
step: 300, loss 12.421
step: 400, loss 18.426
step: 500, loss 12.173
step: 600, loss 12.589
step: 700, loss 11.406
step: 800, loss 11.275
step: 900, loss 10.694
step: 1000, loss 13.298
step: 1100, loss 7.629
step: 1200, loss 7.733
step: 1300, loss 10.998
step: 1400, loss 8.323
step: 1500, loss 10.291
epoch: 90
step: 0, loss 9.310
step: 100, loss 10.582
step: 200, loss 11.530
step: 300, loss 6.844
step: 400, loss 11.185
step: 500, loss 7.979
step: 600, loss 8.638
step: 700, loss 7.411
step: 800, loss 10.215
step: 900, loss 10.367
step: 1000, loss 12.433
step: 1100, loss 9.741
step: 1200, loss 8.799
step: 1300, loss 12.087
step: 1400, loss 10.155
step: 1500, loss 11.051
epoch: 91
step: 0, loss 16.085
step: 100, loss 8.428
step: 200, loss 7.868
step: 300, loss 16.785
step: 400, loss 8.301
step: 500, loss 10.122
step: 600, loss 11.906
step: 700, loss 8.540
step: 800, loss 14.779
step: 900, loss 10.469
step: 1000, loss 11.288
step: 1100, loss 9.931
step: 1200, loss 8.528
step: 1300, loss 11.206
step: 1400, loss 14.095
step: 1500, loss 12.997
epoch: 92
step: 0, loss 8.385
step: 100, loss 10.930
step: 200, loss 10.137
step: 300, loss 11.546
step: 400, loss 9.900
step: 500, loss 7.946
step: 600, loss 7.829
step: 700, loss 9.028
step: 800, loss 12.488
step: 900, loss 8.765
step: 1000, loss 11.151
step: 1100, loss 17.118
step: 1200, loss 8.683
step: 1300, loss 14.252
step: 1400, loss 7.864
step: 1500, loss 14.584
epoch: 93
step: 0, loss 14.430
step: 100, loss 8.625
step: 200, loss 9.040
step: 300, loss 8.813
step: 400, loss 13.128
step: 500, loss 11.511
step: 600, loss 9.208
step: 700, loss 8.254
step: 800, loss 10.957
step: 900, loss 7.247
step: 1000, loss 10.496
step: 1100, loss 16.344
step: 1200, loss 7.743
step: 1300, loss 9.954
step: 1400, loss 7.754
step: 1500, loss 12.000
epoch: 94
step: 0, loss 14.857
step: 100, loss 13.094
step: 200, loss 10.340
step: 300, loss 14.502
step: 400, loss 10.228
step: 500, loss 7.058
step: 600, loss 9.571
step: 700, loss 9.948
step: 800, loss 9.143
step: 900, loss 8.495
step: 1000, loss 6.956
step: 1100, loss 10.257
step: 1200, loss 8.545
step: 1300, loss 11.433
step: 1400, loss 14.681
step: 1500, loss 18.107
epoch: 95
step: 0, loss 13.643
step: 100, loss 10.893
step: 200, loss 8.432
step: 300, loss 7.849
step: 400, loss 9.761
step: 500, loss 8.179
step: 600, loss 10.824
step: 700, loss 7.544
step: 800, loss 12.479
step: 900, loss 9.821
step: 1000, loss 8.665
step: 1100, loss 7.907
step: 1200, loss 9.310
step: 1300, loss 13.207
step: 1400, loss 6.692
step: 1500, loss 8.472
epoch: 96
step: 0, loss 7.225
step: 100, loss 16.199
step: 200, loss 8.963
step: 300, loss 14.492
step: 400, loss 12.780
step: 500, loss 8.968
step: 600, loss 15.096
step: 700, loss 16.803
step: 800, loss 11.340
step: 900, loss 13.599
step: 1000, loss 8.497
step: 1100, loss 20.402
step: 1200, loss 18.156
step: 1300, loss 10.567
step: 1400, loss 8.024
step: 1500, loss 9.912
epoch: 97
step: 0, loss 7.380
step: 100, loss 16.593
step: 200, loss 13.890
step: 300, loss 9.704
step: 400, loss 17.621
step: 500, loss 8.299
step: 600, loss 10.302
step: 700, loss 9.343
step: 800, loss 6.355
step: 900, loss 10.859
step: 1000, loss 9.722
step: 1100, loss 10.232
step: 1200, loss 8.553
step: 1300, loss 17.258
step: 1400, loss 8.223
step: 1500, loss 16.730
epoch: 98
step: 0, loss 16.193
step: 100, loss 13.586
step: 200, loss 9.626
step: 300, loss 9.423
step: 400, loss 8.564
step: 500, loss 15.899
step: 600, loss 10.416
step: 700, loss 11.709
step: 800, loss 10.559
step: 900, loss 13.175
step: 1000, loss 11.452
step: 1100, loss 15.637
step: 1200, loss 15.338
step: 1300, loss 13.680
step: 1400, loss 10.866
step: 1500, loss 8.701
epoch: 99
