Loading cuda/11.6.2/gcc/9.4.0/zen2
  Loading requirement: gcc/9.4.0
modules imported
step: 0, loss 71.698
step: 100, loss 134.106
step: 200, loss 64.061
step: 300, loss 60.548
step: 400, loss 55.361
step: 500, loss 48.517
step: 600, loss 45.242
step: 700, loss 40.352
step: 800, loss 40.158
step: 900, loss 36.246
step: 1000, loss 32.441
step: 1100, loss 28.450
step: 1200, loss 28.329
step: 1300, loss 24.443
step: 1400, loss 24.399
step: 1500, loss 26.288
epoch: 0
step: 0, loss 26.625
step: 100, loss 21.767
step: 200, loss 21.858
step: 300, loss 22.515
step: 400, loss 19.754
step: 500, loss 21.954
step: 600, loss 21.461
step: 700, loss 22.430
step: 800, loss 21.796
step: 900, loss 22.049
step: 1000, loss 22.698
step: 1100, loss 20.850
step: 1200, loss 17.321
step: 1300, loss 22.106
step: 1400, loss 18.039
step: 1500, loss 19.661
epoch: 1
step: 0, loss 19.892
step: 100, loss 19.342
step: 200, loss 20.441
step: 300, loss 19.506
step: 400, loss 14.981
step: 500, loss 16.331
step: 600, loss 19.605
step: 700, loss 16.489
step: 800, loss 18.859
step: 900, loss 20.116
step: 1000, loss 20.445
step: 1100, loss 20.010
step: 1200, loss 18.611
step: 1300, loss 19.519
step: 1400, loss 18.159
step: 1500, loss 19.909
epoch: 2
step: 0, loss 19.515
step: 100, loss 17.308
step: 200, loss 16.280
step: 300, loss 19.082
step: 400, loss 17.801
step: 500, loss 18.543
step: 600, loss 18.628
step: 700, loss 15.798
step: 800, loss 14.705
step: 900, loss 17.114
step: 1000, loss 17.068
step: 1100, loss 18.533
step: 1200, loss 16.980
step: 1300, loss 16.693
step: 1400, loss 17.540
step: 1500, loss 15.773
epoch: 3
step: 0, loss 16.933
step: 100, loss 15.742
step: 200, loss 14.855
step: 300, loss 14.059
step: 400, loss 14.222
step: 500, loss 16.685
step: 600, loss 16.197
step: 700, loss 16.833
step: 800, loss 13.996
step: 900, loss 16.770
step: 1000, loss 16.455
step: 1100, loss 20.369
step: 1200, loss 17.986
step: 1300, loss 16.782
step: 1400, loss 17.429
step: 1500, loss 17.903
epoch: 4
step: 0, loss 13.858
step: 100, loss 16.426
step: 200, loss 15.576
step: 300, loss 17.190
step: 400, loss 16.227
step: 500, loss 15.908
step: 600, loss 15.980
step: 700, loss 16.397
step: 800, loss 17.773
step: 900, loss 14.233
step: 1000, loss 20.218
step: 1100, loss 15.630
step: 1200, loss 15.727
step: 1300, loss 17.370
step: 1400, loss 18.991
step: 1500, loss 17.178
epoch: 5
step: 0, loss 16.440
step: 100, loss 13.853
step: 200, loss 15.831
step: 300, loss 15.815
step: 400, loss 14.651
step: 500, loss 16.679
step: 600, loss 14.720
step: 700, loss 15.794
step: 800, loss 16.420
step: 900, loss 18.404
step: 1000, loss 16.556
step: 1100, loss 15.195
step: 1200, loss 14.687
step: 1300, loss 16.638
step: 1400, loss 16.112
step: 1500, loss 14.372
epoch: 6
step: 0, loss 13.609
step: 100, loss 15.420
step: 200, loss 16.172
step: 300, loss 13.725
step: 400, loss 16.950
step: 500, loss 13.163
step: 600, loss 15.805
step: 700, loss 17.622
step: 800, loss 17.756
step: 900, loss 16.960
step: 1000, loss 18.649
step: 1100, loss 14.896
step: 1200, loss 13.963
step: 1300, loss 18.426
step: 1400, loss 15.102
step: 1500, loss 15.541
epoch: 7
step: 0, loss 14.350
step: 100, loss 16.191
step: 200, loss 15.427
step: 300, loss 12.442
step: 400, loss 15.958
step: 500, loss 13.337
step: 600, loss 14.375
step: 700, loss 14.109
step: 800, loss 12.265
step: 900, loss 12.705
step: 1000, loss 13.865
step: 1100, loss 12.689
step: 1200, loss 15.227
step: 1300, loss 14.205
step: 1400, loss 15.450
step: 1500, loss 12.958
epoch: 8
step: 0, loss 14.904
step: 100, loss 16.555
step: 200, loss 12.291
step: 300, loss 13.934
step: 400, loss 13.201
step: 500, loss 14.780
step: 600, loss 14.494
step: 700, loss 10.533
step: 800, loss 13.289
step: 900, loss 15.227
step: 1000, loss 15.434
step: 1100, loss 12.894
step: 1200, loss 12.764
step: 1300, loss 16.049
step: 1400, loss 15.017
step: 1500, loss 13.617
epoch: 9
step: 0, loss 14.825
step: 100, loss 14.409
step: 200, loss 13.953
step: 300, loss 13.476
step: 400, loss 15.659
step: 500, loss 14.990
step: 600, loss 13.012
step: 700, loss 14.129
step: 800, loss 13.489
step: 900, loss 13.722
step: 1000, loss 13.876
step: 1100, loss 13.102
step: 1200, loss 13.570
step: 1300, loss 13.714
step: 1400, loss 12.449
step: 1500, loss 15.564
epoch: 10
step: 0, loss 14.162
step: 100, loss 14.487
step: 200, loss 13.063
step: 300, loss 10.275
step: 400, loss 12.421
step: 500, loss 11.924
step: 600, loss 17.799
step: 700, loss 11.763
step: 800, loss 13.673
step: 900, loss 14.427
step: 1000, loss 12.546
step: 1100, loss 12.008
step: 1200, loss 10.345
step: 1300, loss 13.162
step: 1400, loss 13.105
step: 1500, loss 12.248
epoch: 11
step: 0, loss 11.813
step: 100, loss 14.775
step: 200, loss 13.322
step: 300, loss 12.253
step: 400, loss 13.286
step: 500, loss 12.670
step: 600, loss 10.661
step: 700, loss 12.120
step: 800, loss 10.945
step: 900, loss 11.922
step: 1000, loss 13.055
step: 1100, loss 12.309
step: 1200, loss 14.343
step: 1300, loss 15.081
step: 1400, loss 11.027
step: 1500, loss 12.331
epoch: 12
step: 0, loss 13.083
step: 100, loss 14.722
step: 200, loss 15.396
step: 300, loss 12.296
step: 400, loss 11.004
step: 500, loss 13.234
step: 600, loss 12.456
step: 700, loss 12.675
step: 800, loss 10.738
step: 900, loss 12.802
step: 1000, loss 12.431
step: 1100, loss 13.313
step: 1200, loss 12.146
step: 1300, loss 13.647
step: 1400, loss 12.849
step: 1500, loss 11.170
epoch: 13
step: 0, loss 14.327
step: 100, loss 13.130
step: 200, loss 11.964
step: 300, loss 13.038
step: 400, loss 12.548
step: 500, loss 12.980
step: 600, loss 12.095
step: 700, loss 14.561
step: 800, loss 11.659
step: 900, loss 11.183
step: 1000, loss 13.768
step: 1100, loss 12.250
step: 1200, loss 11.852
step: 1300, loss 11.566
step: 1400, loss 11.205
step: 1500, loss 12.430
epoch: 14
step: 0, loss 11.806
step: 100, loss 10.934
step: 200, loss 11.450
step: 300, loss 12.298
step: 400, loss 12.161
step: 500, loss 12.364
step: 600, loss 14.255
step: 700, loss 14.534
step: 800, loss 15.610
step: 900, loss 11.041
step: 1000, loss 10.452
step: 1100, loss 12.775
step: 1200, loss 13.846
step: 1300, loss 12.644
step: 1400, loss 13.617
step: 1500, loss 11.951
epoch: 15
step: 0, loss 12.032
step: 100, loss 14.982
step: 200, loss 12.805
step: 300, loss 14.762
step: 400, loss 14.013
step: 500, loss 10.658
step: 600, loss 11.748
step: 700, loss 14.240
step: 800, loss 15.833
step: 900, loss 13.881
step: 1000, loss 12.010
step: 1100, loss 11.784
step: 1200, loss 12.777
step: 1300, loss 10.127
step: 1400, loss 12.045
step: 1500, loss 11.322
epoch: 16
step: 0, loss 12.484
step: 100, loss 12.491
step: 200, loss 14.366
step: 300, loss 12.356
step: 400, loss 11.869
step: 500, loss 11.796
step: 600, loss 12.554
step: 700, loss 12.209
step: 800, loss 11.746
step: 900, loss 13.257
step: 1000, loss 14.527
step: 1100, loss 11.273
step: 1200, loss 14.000
step: 1300, loss 11.813
step: 1400, loss 13.478
step: 1500, loss 12.914
epoch: 17
step: 0, loss 12.728
step: 100, loss 11.822
step: 200, loss 11.750
step: 300, loss 10.910
step: 400, loss 13.249
step: 500, loss 13.895
step: 600, loss 14.290
step: 700, loss 13.378
step: 800, loss 10.603
step: 900, loss 10.610
step: 1000, loss 12.400
step: 1100, loss 10.638
step: 1200, loss 11.508
step: 1300, loss 11.518
step: 1400, loss 13.953
step: 1500, loss 13.579
epoch: 18
step: 0, loss 10.997
step: 100, loss 9.017
step: 200, loss 11.429
step: 300, loss 13.769
step: 400, loss 11.583
step: 500, loss 13.808
step: 600, loss 10.680
step: 700, loss 14.726
step: 800, loss 13.014
step: 900, loss 9.470
step: 1000, loss 12.020
step: 1100, loss 11.599
step: 1200, loss 14.354
step: 1300, loss 11.036
step: 1400, loss 12.759
step: 1500, loss 11.388
epoch: 19
step: 0, loss 11.713
step: 100, loss 14.180
step: 200, loss 11.145
step: 300, loss 13.505
step: 400, loss 11.562
step: 500, loss 11.574
step: 600, loss 12.683
step: 700, loss 11.066
step: 800, loss 11.937
step: 900, loss 10.010
step: 1000, loss 9.319
step: 1100, loss 12.491
step: 1200, loss 14.138
step: 1300, loss 10.067
step: 1400, loss 12.939
step: 1500, loss 12.123
epoch: 20
step: 0, loss 11.267
step: 100, loss 12.270
step: 200, loss 12.206
step: 300, loss 11.109
step: 400, loss 10.551
step: 500, loss 11.856
step: 600, loss 9.952
step: 700, loss 10.553
step: 800, loss 10.280
step: 900, loss 11.219
step: 1000, loss 12.011
step: 1100, loss 11.632
step: 1200, loss 12.813
step: 1300, loss 14.051
step: 1400, loss 12.036
step: 1500, loss 13.151
epoch: 21
step: 0, loss 11.649
step: 100, loss 13.950
step: 200, loss 12.176
step: 300, loss 12.913
step: 400, loss 12.521
step: 500, loss 10.624
step: 600, loss 12.737
step: 700, loss 11.905
step: 800, loss 8.555
step: 900, loss 11.491
step: 1000, loss 11.677
step: 1100, loss 11.764
step: 1200, loss 11.003
step: 1300, loss 11.916
step: 1400, loss 11.642
step: 1500, loss 13.283
epoch: 22
step: 0, loss 11.874
step: 100, loss 12.529
step: 200, loss 9.484
step: 300, loss 11.826
step: 400, loss 12.508
step: 500, loss 10.542
step: 600, loss 10.706
step: 700, loss 15.637
step: 800, loss 10.070
step: 900, loss 11.130
step: 1000, loss 11.267
step: 1100, loss 11.292
step: 1200, loss 11.754
step: 1300, loss 14.099
step: 1400, loss 11.155
step: 1500, loss 12.926
epoch: 23
step: 0, loss 10.527
step: 100, loss 9.801
step: 200, loss 10.980
step: 300, loss 12.301
step: 400, loss 13.432
step: 500, loss 10.796
step: 600, loss 12.809
step: 700, loss 12.126
step: 800, loss 11.215
step: 900, loss 10.593
step: 1000, loss 11.642
step: 1100, loss 10.812
step: 1200, loss 13.863
step: 1300, loss 11.511
step: 1400, loss 13.639
step: 1500, loss 10.507
epoch: 24
step: 0, loss 11.482
step: 100, loss 11.566
step: 200, loss 11.755
step: 300, loss 10.705
step: 400, loss 12.462
step: 500, loss 9.345
step: 600, loss 11.124
step: 700, loss 11.831
step: 800, loss 12.528
step: 900, loss 9.191
step: 1000, loss 9.541
step: 1100, loss 12.194
step: 1200, loss 12.524
step: 1300, loss 10.089
step: 1400, loss 10.248
step: 1500, loss 10.753
epoch: 25
step: 0, loss 9.913
step: 100, loss 10.263
step: 200, loss 9.857
step: 300, loss 11.056
step: 400, loss 11.544
step: 500, loss 11.305
step: 600, loss 10.482
step: 700, loss 12.096
step: 800, loss 12.266
step: 900, loss 11.859
step: 1000, loss 11.159
step: 1100, loss 11.505
step: 1200, loss 12.490
step: 1300, loss 11.708
step: 1400, loss 12.296
step: 1500, loss 12.325
epoch: 26
step: 0, loss 10.820
step: 100, loss 9.936
step: 200, loss 12.978
step: 300, loss 9.740
step: 400, loss 10.203
step: 500, loss 11.227
step: 600, loss 12.356
step: 700, loss 11.123
step: 800, loss 9.543
step: 900, loss 11.692
step: 1000, loss 11.019
step: 1100, loss 10.587
step: 1200, loss 11.406
step: 1300, loss 12.969
step: 1400, loss 11.709
step: 1500, loss 13.027
epoch: 27
step: 0, loss 10.291
step: 100, loss 9.544
step: 200, loss 12.582
step: 300, loss 11.790
step: 400, loss 9.726
step: 500, loss 10.631
step: 600, loss 11.652
step: 700, loss 13.003
step: 800, loss 10.432
step: 900, loss 9.957
step: 1000, loss 11.343
step: 1100, loss 11.717
step: 1200, loss 11.632
step: 1300, loss 11.971
step: 1400, loss 10.144
step: 1500, loss 10.583
epoch: 28
step: 0, loss 10.636
step: 100, loss 12.781
step: 200, loss 11.147
step: 300, loss 9.895
step: 400, loss 11.253
step: 500, loss 11.372
step: 600, loss 11.007
step: 700, loss 12.208
step: 800, loss 13.706
step: 900, loss 11.617
step: 1000, loss 13.245
step: 1100, loss 10.782
step: 1200, loss 8.607
step: 1300, loss 10.333
step: 1400, loss 10.081
step: 1500, loss 11.944
epoch: 29
step: 0, loss 10.771
step: 100, loss 12.803
step: 200, loss 11.222
step: 300, loss 10.982
step: 400, loss 11.240
step: 500, loss 10.242
step: 600, loss 10.785
step: 700, loss 10.552
step: 800, loss 13.915
step: 900, loss 10.788
step: 1000, loss 10.068
step: 1100, loss 10.122
step: 1200, loss 10.764
step: 1300, loss 11.738
step: 1400, loss 12.165
step: 1500, loss 11.155
epoch: 30
step: 0, loss 9.406
step: 100, loss 10.573
step: 200, loss 10.952
step: 300, loss 9.051
step: 400, loss 9.947
step: 500, loss 11.562
step: 600, loss 11.149
step: 700, loss 10.840
step: 800, loss 10.604
step: 900, loss 13.985
step: 1000, loss 11.399
step: 1100, loss 11.087
step: 1200, loss 12.843
step: 1300, loss 13.009
step: 1400, loss 11.172
step: 1500, loss 10.753
epoch: 31
step: 0, loss 10.643
step: 100, loss 11.116
step: 200, loss 12.415
step: 300, loss 10.508
step: 400, loss 10.335
step: 500, loss 11.335
step: 600, loss 10.717
step: 700, loss 9.839
step: 800, loss 9.738
step: 900, loss 10.819
step: 1000, loss 9.341
step: 1100, loss 11.273
step: 1200, loss 10.867
step: 1300, loss 10.452
step: 1400, loss 9.642
step: 1500, loss 11.493
epoch: 32
step: 0, loss 10.214
step: 100, loss 10.490
step: 200, loss 8.131
step: 300, loss 10.900
step: 400, loss 7.648
step: 500, loss 13.857
step: 600, loss 12.574
step: 700, loss 11.273
step: 800, loss 10.068
step: 900, loss 16.490
step: 1000, loss 10.399
step: 1100, loss 11.181
step: 1200, loss 10.899
step: 1300, loss 10.855
step: 1400, loss 10.088
step: 1500, loss 11.426
epoch: 33
step: 0, loss 10.043
step: 100, loss 10.749
step: 200, loss 10.423
step: 300, loss 10.426
step: 400, loss 9.430
step: 500, loss 12.079
step: 600, loss 9.648
step: 700, loss 11.863
step: 800, loss 11.018
step: 900, loss 11.670
step: 1000, loss 12.459
step: 1100, loss 10.630
step: 1200, loss 9.051
step: 1300, loss 10.235
step: 1400, loss 13.715
step: 1500, loss 9.841
epoch: 34
step: 0, loss 12.043
step: 100, loss 11.631
step: 200, loss 9.655
step: 300, loss 10.501
step: 400, loss 11.018
step: 500, loss 9.846
step: 600, loss 11.094
step: 700, loss 9.856
step: 800, loss 11.847
step: 900, loss 10.584
step: 1000, loss 11.832
step: 1100, loss 13.269
step: 1200, loss 10.374
step: 1300, loss 10.388
step: 1400, loss 11.030
step: 1500, loss 8.225
epoch: 35
step: 0, loss 10.886
step: 100, loss 11.469
step: 200, loss 11.602
step: 300, loss 9.591
step: 400, loss 12.326
step: 500, loss 8.534
step: 600, loss 11.070
step: 700, loss 9.135
step: 800, loss 11.955
step: 900, loss 10.406
step: 1000, loss 9.718
step: 1100, loss 11.194
step: 1200, loss 12.114
step: 1300, loss 12.164
step: 1400, loss 10.014
step: 1500, loss 12.423
epoch: 36
step: 0, loss 10.617
step: 100, loss 10.926
step: 200, loss 8.485
step: 300, loss 10.244
step: 400, loss 11.219
step: 500, loss 9.268
step: 600, loss 13.314
step: 700, loss 11.335
step: 800, loss 12.446
step: 900, loss 11.000
step: 1000, loss 11.980
step: 1100, loss 12.350
step: 1200, loss 11.360
step: 1300, loss 10.881
step: 1400, loss 10.901
step: 1500, loss 10.641
epoch: 37
step: 0, loss 13.044
step: 100, loss 8.437
step: 200, loss 8.931
step: 300, loss 10.636
step: 400, loss 10.135
step: 500, loss 12.866
step: 600, loss 9.940
step: 700, loss 11.571
step: 800, loss 10.166
step: 900, loss 9.313
step: 1000, loss 14.100
step: 1100, loss 8.800
step: 1200, loss 11.772
step: 1300, loss 11.984
step: 1400, loss 11.823
step: 1500, loss 9.598
epoch: 38
step: 0, loss 11.527
step: 100, loss 9.916
step: 200, loss 11.516
step: 300, loss 8.716
step: 400, loss 9.240
step: 500, loss 10.553
step: 600, loss 9.675
step: 700, loss 9.012
step: 800, loss 10.064
step: 900, loss 9.793
step: 1000, loss 9.096
step: 1100, loss 11.818
step: 1200, loss 10.427
step: 1300, loss 12.698
step: 1400, loss 9.886
step: 1500, loss 10.189
epoch: 39
step: 0, loss 7.942
step: 100, loss 8.593
step: 200, loss 10.331
step: 300, loss 11.150
step: 400, loss 9.772
step: 500, loss 13.069
step: 600, loss 11.275
step: 700, loss 10.854
step: 800, loss 9.177
step: 900, loss 11.191
step: 1000, loss 11.196
step: 1100, loss 10.096
step: 1200, loss 10.730
step: 1300, loss 10.271
step: 1400, loss 11.495
step: 1500, loss 8.304
epoch: 40
step: 0, loss 11.289
step: 100, loss 10.512
step: 200, loss 10.685
step: 300, loss 11.682
step: 400, loss 11.494
step: 500, loss 9.137
step: 600, loss 10.229
step: 700, loss 8.966
step: 800, loss 9.882
step: 900, loss 9.670
step: 1000, loss 9.748
step: 1100, loss 12.797
step: 1200, loss 10.914
step: 1300, loss 9.733
step: 1400, loss 8.842
step: 1500, loss 10.614
epoch: 41
step: 0, loss 11.607
step: 100, loss 10.824
step: 200, loss 10.876
step: 300, loss 12.717
step: 400, loss 10.484
step: 500, loss 10.217
step: 600, loss 11.596
step: 700, loss 12.451
step: 800, loss 11.445
step: 900, loss 10.620
step: 1000, loss 8.585
step: 1100, loss 8.522
step: 1200, loss 11.346
step: 1300, loss 12.910
step: 1400, loss 10.235
step: 1500, loss 10.843
epoch: 42
step: 0, loss 9.738
step: 100, loss 9.956
step: 200, loss 11.260
step: 300, loss 10.252
step: 400, loss 11.241
step: 500, loss 9.176
step: 600, loss 9.839
step: 700, loss 10.090
step: 800, loss 11.388
step: 900, loss 9.624
step: 1000, loss 10.281
step: 1100, loss 11.297
step: 1200, loss 10.588
step: 1300, loss 11.471
step: 1400, loss 10.298
step: 1500, loss 9.227
epoch: 43
step: 0, loss 10.096
step: 100, loss 10.221
step: 200, loss 9.851
step: 300, loss 10.437
step: 400, loss 9.286
step: 500, loss 10.478
step: 600, loss 11.358
step: 700, loss 12.228
step: 800, loss 10.326
step: 900, loss 10.821
step: 1000, loss 8.958
step: 1100, loss 12.923
step: 1200, loss 12.535
step: 1300, loss 13.338
step: 1400, loss 10.977
step: 1500, loss 9.816
epoch: 44
step: 0, loss 11.983
step: 100, loss 9.279
step: 200, loss 8.962
step: 300, loss 10.353
step: 400, loss 9.400
step: 500, loss 9.923
step: 600, loss 12.442
step: 700, loss 11.941
step: 800, loss 8.933
step: 900, loss 10.346
step: 1000, loss 10.494
step: 1100, loss 10.717
step: 1200, loss 9.347
step: 1300, loss 10.148
step: 1400, loss 8.964
step: 1500, loss 11.337
epoch: 45
step: 0, loss 9.634
step: 100, loss 10.652
step: 200, loss 9.604
step: 300, loss 11.496
step: 400, loss 9.545
step: 500, loss 9.905
step: 600, loss 9.560
step: 700, loss 8.720
step: 800, loss 10.327
step: 900, loss 9.078
step: 1000, loss 11.374
step: 1100, loss 10.515
step: 1200, loss 8.143
step: 1300, loss 9.884
step: 1400, loss 9.082
step: 1500, loss 9.495
epoch: 46
step: 0, loss 8.527
step: 100, loss 10.820
step: 200, loss 9.377
step: 300, loss 10.054
step: 400, loss 10.711
step: 500, loss 9.881
step: 600, loss 10.745
step: 700, loss 11.250
step: 800, loss 12.524
step: 900, loss 10.774
step: 1000, loss 10.489
step: 1100, loss 10.578
step: 1200, loss 9.909
step: 1300, loss 10.669
step: 1400, loss 11.603
step: 1500, loss 11.097
epoch: 47
step: 0, loss 9.931
step: 100, loss 9.868
step: 200, loss 9.696
step: 300, loss 9.329
step: 400, loss 10.070
step: 500, loss 11.324
step: 600, loss 10.459
step: 700, loss 9.315
step: 800, loss 11.063
step: 900, loss 8.905
step: 1000, loss 10.159
step: 1100, loss 10.207
step: 1200, loss 10.677
step: 1300, loss 10.292
step: 1400, loss 11.526
step: 1500, loss 12.426
epoch: 48
step: 0, loss 9.162
step: 100, loss 10.405
step: 200, loss 11.991
step: 300, loss 11.252
step: 400, loss 11.836
step: 500, loss 10.199
step: 600, loss 9.610
step: 700, loss 12.333
step: 800, loss 10.978
step: 900, loss 11.363
step: 1000, loss 11.203
step: 1100, loss 8.990
step: 1200, loss 10.914
step: 1300, loss 9.533
step: 1400, loss 9.669
step: 1500, loss 11.731
epoch: 49
step: 0, loss 11.025
step: 100, loss 11.324
step: 200, loss 11.376
step: 300, loss 11.288
step: 400, loss 11.604
step: 500, loss 11.491
step: 600, loss 9.588
step: 700, loss 9.349
step: 800, loss 11.871
step: 900, loss 10.763
step: 1000, loss 8.566
step: 1100, loss 9.752
step: 1200, loss 11.887
step: 1300, loss 8.418
step: 1400, loss 10.410
step: 1500, loss 9.409
epoch: 50
step: 0, loss 10.327
step: 100, loss 10.777
step: 200, loss 10.361
step: 300, loss 9.089
step: 400, loss 9.671
step: 500, loss 10.885
step: 600, loss 8.559
step: 700, loss 11.629
step: 800, loss 9.890
step: 900, loss 8.623
step: 1000, loss 11.842
step: 1100, loss 13.364
step: 1200, loss 9.797
step: 1300, loss 11.489
step: 1400, loss 11.100
step: 1500, loss 10.115
epoch: 51
step: 0, loss 7.583
step: 100, loss 10.646
step: 200, loss 10.592
step: 300, loss 8.906
step: 400, loss 14.195
step: 500, loss 11.385
step: 600, loss 7.693
step: 700, loss 10.291
step: 800, loss 10.506
step: 900, loss 9.318
step: 1000, loss 9.194
step: 1100, loss 9.422
step: 1200, loss 12.232
step: 1300, loss 10.230
step: 1400, loss 10.296
step: 1500, loss 10.743
epoch: 52
step: 0, loss 12.056
step: 100, loss 12.516
step: 200, loss 8.497
step: 300, loss 10.719
step: 400, loss 9.952
step: 500, loss 12.235
step: 600, loss 11.024
step: 700, loss 9.801
step: 800, loss 9.738
step: 900, loss 11.575
step: 1000, loss 10.324
step: 1100, loss 11.668
step: 1200, loss 9.936
step: 1300, loss 9.555
step: 1400, loss 8.392
step: 1500, loss 9.265
epoch: 53
step: 0, loss 9.817
step: 100, loss 11.688
step: 200, loss 10.093
step: 300, loss 10.816
step: 400, loss 9.890
step: 500, loss 10.603
step: 600, loss 10.161
step: 700, loss 11.511
step: 800, loss 10.506
step: 900, loss 10.267
step: 1000, loss 10.821
step: 1100, loss 9.985
step: 1200, loss 9.869
step: 1300, loss 9.627
step: 1400, loss 9.646
step: 1500, loss 11.837
epoch: 54
step: 0, loss 10.796
step: 100, loss 11.099
step: 200, loss 10.270
step: 300, loss 9.512
step: 400, loss 9.808
step: 500, loss 10.293
step: 600, loss 10.378
step: 700, loss 8.681
step: 800, loss 10.975
step: 900, loss 10.474
step: 1000, loss 10.767
step: 1100, loss 9.572
step: 1200, loss 11.344
step: 1300, loss 8.515
step: 1400, loss 11.019
step: 1500, loss 9.075
epoch: 55
step: 0, loss 8.890
step: 100, loss 8.830
step: 200, loss 9.752
step: 300, loss 10.944
step: 400, loss 11.429
step: 500, loss 10.016
step: 600, loss 10.440
step: 700, loss 9.823
step: 800, loss 11.851
step: 900, loss 10.598
step: 1000, loss 8.759
step: 1100, loss 10.382
step: 1200, loss 9.918
step: 1300, loss 9.749
step: 1400, loss 9.798
step: 1500, loss 8.592
epoch: 56
step: 0, loss 9.233
step: 100, loss 8.489
step: 200, loss 9.430
step: 300, loss 10.666
step: 400, loss 9.449
step: 500, loss 9.296
step: 600, loss 9.389
step: 700, loss 10.048
step: 800, loss 10.330
step: 900, loss 11.071
step: 1000, loss 10.627
step: 1100, loss 10.292
step: 1200, loss 12.763
step: 1300, loss 10.508
step: 1400, loss 10.421
step: 1500, loss 10.799
epoch: 57
step: 0, loss 10.078
step: 100, loss 11.081
step: 200, loss 10.742
step: 300, loss 10.842
step: 400, loss 10.775
step: 500, loss 11.700
step: 600, loss 8.698
step: 700, loss 9.904
step: 800, loss 9.958
step: 900, loss 9.894
step: 1000, loss 10.635
step: 1100, loss 10.602
step: 1200, loss 12.890
step: 1300, loss 9.473
step: 1400, loss 8.320
step: 1500, loss 11.048
epoch: 58
step: 0, loss 10.435
step: 100, loss 9.947
step: 200, loss 12.181
step: 300, loss 10.976
step: 400, loss 9.973
step: 500, loss 11.076
step: 600, loss 11.346
step: 700, loss 11.445
step: 800, loss 10.272
step: 900, loss 10.166
step: 1000, loss 10.356
step: 1100, loss 10.245
step: 1200, loss 9.211
step: 1300, loss 10.416
step: 1400, loss 9.990
step: 1500, loss 9.554
epoch: 59
step: 0, loss 9.535
step: 100, loss 10.985
step: 200, loss 9.421
step: 300, loss 10.546
step: 400, loss 9.476
step: 500, loss 11.566
step: 600, loss 12.623
step: 700, loss 10.434
step: 800, loss 11.972
step: 900, loss 9.364
step: 1000, loss 8.734
step: 1100, loss 9.538
step: 1200, loss 8.516
step: 1300, loss 10.797
step: 1400, loss 9.433
step: 1500, loss 11.085
epoch: 60
step: 0, loss 13.250
step: 100, loss 8.630
step: 200, loss 9.171
step: 300, loss 9.554
step: 400, loss 9.560
step: 500, loss 11.475
step: 600, loss 8.505
step: 700, loss 10.351
step: 800, loss 11.628
step: 900, loss 11.546
step: 1000, loss 10.296
step: 1100, loss 9.841
step: 1200, loss 10.166
step: 1300, loss 10.978
step: 1400, loss 8.382
step: 1500, loss 11.968
epoch: 61
step: 0, loss 11.045
step: 100, loss 9.519
step: 200, loss 9.254
step: 300, loss 9.081
step: 400, loss 10.638
step: 500, loss 10.033
step: 600, loss 9.504
step: 700, loss 10.658
step: 800, loss 11.204
step: 900, loss 9.666
step: 1000, loss 9.708
step: 1100, loss 8.295
step: 1200, loss 11.551
step: 1300, loss 9.801
step: 1400, loss 10.009
step: 1500, loss 9.393
epoch: 62
step: 0, loss 9.272
step: 100, loss 10.333
step: 200, loss 8.148
step: 300, loss 9.098
step: 400, loss 9.725
step: 500, loss 8.931
step: 600, loss 11.048
step: 700, loss 9.116
step: 800, loss 8.712
step: 900, loss 8.533
step: 1000, loss 8.804
step: 1100, loss 8.509
step: 1200, loss 10.024
step: 1300, loss 9.116
step: 1400, loss 8.683
step: 1500, loss 10.500
epoch: 63
step: 0, loss 9.998
step: 100, loss 7.981
step: 200, loss 10.039
step: 300, loss 11.308
step: 400, loss 10.850
step: 500, loss 10.633
step: 600, loss 10.417
step: 700, loss 9.852
step: 800, loss 12.047
step: 900, loss 9.811
step: 1000, loss 10.214
step: 1100, loss 10.137
step: 1200, loss 9.590
step: 1300, loss 9.671
step: 1400, loss 9.275
step: 1500, loss 9.565
epoch: 64
step: 0, loss 10.482
step: 100, loss 10.146
step: 200, loss 9.324
step: 300, loss 9.040
step: 400, loss 8.651
step: 500, loss 11.006
step: 600, loss 9.193
step: 700, loss 12.099
step: 800, loss 8.623
step: 900, loss 9.061
step: 1000, loss 7.571
step: 1100, loss 10.728
step: 1200, loss 11.260
step: 1300, loss 9.402
step: 1400, loss 11.507
step: 1500, loss 11.299
epoch: 65
step: 0, loss 10.235
step: 100, loss 9.995
step: 200, loss 8.762
step: 300, loss 11.699
step: 400, loss 8.573
step: 500, loss 9.688
step: 600, loss 8.808
step: 700, loss 9.954
step: 800, loss 10.761
step: 900, loss 10.701
step: 1000, loss 9.820
step: 1100, loss 11.734
step: 1200, loss 9.910
step: 1300, loss 9.640
step: 1400, loss 11.463
step: 1500, loss 10.834
epoch: 66
step: 0, loss 9.730
step: 100, loss 9.056
step: 200, loss 10.448
step: 300, loss 9.982
step: 400, loss 10.371
step: 500, loss 10.311
step: 600, loss 10.291
step: 700, loss 9.382
step: 800, loss 8.788
step: 900, loss 9.457
step: 1000, loss 8.732
step: 1100, loss 12.149
step: 1200, loss 11.609
step: 1300, loss 8.810
step: 1400, loss 10.614
step: 1500, loss 9.754
epoch: 67
step: 0, loss 10.520
step: 100, loss 8.501
step: 200, loss 10.411
step: 300, loss 8.636
step: 400, loss 9.942
step: 500, loss 9.992
step: 600, loss 9.703
step: 700, loss 8.726
step: 800, loss 10.639
step: 900, loss 9.199
step: 1000, loss 11.175
step: 1100, loss 10.990
step: 1200, loss 10.332
step: 1300, loss 8.791
step: 1400, loss 10.336
step: 1500, loss 10.416
epoch: 68
step: 0, loss 9.115
step: 100, loss 11.474
step: 200, loss 10.354
step: 300, loss 8.027
step: 400, loss 11.432
step: 500, loss 9.145
step: 600, loss 8.071
step: 700, loss 8.989
step: 800, loss 9.149
step: 900, loss 9.838
step: 1000, loss 9.586
step: 1100, loss 9.421
step: 1200, loss 11.886
step: 1300, loss 8.593
step: 1400, loss 10.384
step: 1500, loss 11.576
epoch: 69
step: 0, loss 11.780
step: 100, loss 9.485
step: 200, loss 10.325
step: 300, loss 12.096
step: 400, loss 11.683
step: 500, loss 9.507
step: 600, loss 10.541
step: 700, loss 11.816
step: 800, loss 8.385
step: 900, loss 10.201
step: 1000, loss 10.424
step: 1100, loss 10.651
step: 1200, loss 9.509
step: 1300, loss 9.751
step: 1400, loss 9.095
step: 1500, loss 10.729
epoch: 70
step: 0, loss 9.522
step: 100, loss 8.764
step: 200, loss 11.326
step: 300, loss 10.764
step: 400, loss 9.969
step: 500, loss 10.008
step: 600, loss 9.745
step: 700, loss 8.380
step: 800, loss 10.362
step: 900, loss 9.636
step: 1000, loss 8.470
step: 1100, loss 9.361
step: 1200, loss 8.600
step: 1300, loss 10.932
step: 1400, loss 9.198
step: 1500, loss 9.067
epoch: 71
step: 0, loss 10.938
step: 100, loss 11.930
step: 200, loss 9.883
step: 300, loss 8.901
step: 400, loss 11.400
step: 500, loss 10.167
step: 600, loss 9.136
step: 700, loss 10.374
step: 800, loss 10.051
step: 900, loss 8.792
step: 1000, loss 10.358
step: 1100, loss 10.039
step: 1200, loss 11.574
step: 1300, loss 10.150
step: 1400, loss 10.065
step: 1500, loss 12.272
epoch: 72
step: 0, loss 11.475
step: 100, loss 8.625
step: 200, loss 8.241
step: 300, loss 8.448
step: 400, loss 11.429
step: 500, loss 9.628
step: 600, loss 11.610
step: 700, loss 10.417
step: 800, loss 11.003
step: 900, loss 8.823
step: 1000, loss 8.552
step: 1100, loss 8.504
step: 1200, loss 8.745
step: 1300, loss 8.444
step: 1400, loss 11.846
step: 1500, loss 11.188
epoch: 73
step: 0, loss 8.239
step: 100, loss 9.322
step: 200, loss 10.598
step: 300, loss 8.441
step: 400, loss 8.539
step: 500, loss 9.421
step: 600, loss 10.138
step: 700, loss 9.633
step: 800, loss 9.737
step: 900, loss 9.739
step: 1000, loss 9.295
step: 1100, loss 7.599
step: 1200, loss 9.395
step: 1300, loss 8.243
step: 1400, loss 9.548
step: 1500, loss 9.681
epoch: 74
step: 0, loss 9.967
step: 100, loss 9.494
step: 200, loss 10.182
step: 300, loss 10.905
step: 400, loss 10.874
step: 500, loss 9.442
step: 600, loss 9.908
step: 700, loss 9.396
step: 800, loss 11.100
step: 900, loss 10.203
step: 1000, loss 9.205
step: 1100, loss 10.676
step: 1200, loss 10.505
step: 1300, loss 9.269
step: 1400, loss 10.410
step: 1500, loss 9.863
epoch: 75
step: 0, loss 10.100
step: 100, loss 11.363
step: 200, loss 10.574
step: 300, loss 10.296
step: 400, loss 9.221
step: 500, loss 9.640
step: 600, loss 8.548
step: 700, loss 10.865
step: 800, loss 11.922
step: 900, loss 9.629
step: 1000, loss 9.011
step: 1100, loss 9.045
step: 1200, loss 9.108
step: 1300, loss 11.422
step: 1400, loss 9.057
step: 1500, loss 9.098
epoch: 76
step: 0, loss 9.409
step: 100, loss 9.552
step: 200, loss 10.402
step: 300, loss 9.701
step: 400, loss 9.884
step: 500, loss 10.097
step: 600, loss 9.880
step: 700, loss 10.937
step: 800, loss 7.826
step: 900, loss 9.864
step: 1000, loss 8.991
step: 1100, loss 8.936
step: 1200, loss 9.880
step: 1300, loss 9.183
step: 1400, loss 7.584
step: 1500, loss 9.002
epoch: 77
step: 0, loss 9.893
step: 100, loss 9.238
step: 200, loss 9.626
step: 300, loss 10.247
step: 400, loss 8.428
step: 500, loss 8.275
step: 600, loss 9.267
step: 700, loss 9.698
step: 800, loss 10.617
step: 900, loss 8.205
step: 1000, loss 10.217
step: 1100, loss 10.379
step: 1200, loss 11.092
step: 1300, loss 9.435
step: 1400, loss 10.474
step: 1500, loss 11.219
epoch: 78
step: 0, loss 10.539
step: 100, loss 8.238
step: 200, loss 8.354
step: 300, loss 9.182
step: 400, loss 9.939
step: 500, loss 10.263
step: 600, loss 8.855
step: 700, loss 8.469
step: 800, loss 11.138
step: 900, loss 12.739
step: 1000, loss 9.018
step: 1100, loss 8.834
step: 1200, loss 8.439
step: 1300, loss 9.436
step: 1400, loss 8.933
step: 1500, loss 9.846
epoch: 79
step: 0, loss 10.340
step: 100, loss 10.981
step: 200, loss 8.785
step: 300, loss 9.556
step: 400, loss 9.400
step: 500, loss 11.350
step: 600, loss 9.636
step: 700, loss 7.590
step: 800, loss 11.648
step: 900, loss 9.778
step: 1000, loss 10.617
step: 1100, loss 10.166
step: 1200, loss 10.910
step: 1300, loss 10.406
step: 1400, loss 9.407
step: 1500, loss 10.551
epoch: 80
step: 0, loss 10.137
step: 100, loss 8.336
step: 200, loss 10.046
step: 300, loss 9.308
step: 400, loss 8.695
step: 500, loss 9.390
step: 600, loss 8.440
step: 700, loss 8.791
step: 800, loss 9.585
step: 900, loss 9.680
step: 1000, loss 8.775
step: 1100, loss 8.496
step: 1200, loss 11.491
step: 1300, loss 10.243
step: 1400, loss 7.280
step: 1500, loss 10.320
epoch: 81
step: 0, loss 9.035
step: 100, loss 10.452
step: 200, loss 9.355
step: 300, loss 11.904
step: 400, loss 8.806
step: 500, loss 10.673
step: 600, loss 10.157
step: 700, loss 9.486
step: 800, loss 10.234
step: 900, loss 7.959
step: 1000, loss 10.740
step: 1100, loss 10.814
step: 1200, loss 10.550
step: 1300, loss 9.658
step: 1400, loss 10.906
step: 1500, loss 9.384
epoch: 82
step: 0, loss 9.444
step: 100, loss 11.525
step: 200, loss 9.989
step: 300, loss 10.686
step: 400, loss 9.992
step: 500, loss 8.912
step: 600, loss 10.076
step: 700, loss 10.383
step: 800, loss 10.294
step: 900, loss 9.636
step: 1000, loss 8.304
step: 1100, loss 9.910
step: 1200, loss 8.947
step: 1300, loss 9.003
step: 1400, loss 10.288
step: 1500, loss 10.278
epoch: 83
step: 0, loss 9.819
step: 100, loss 10.229
step: 200, loss 7.715
step: 300, loss 10.741
step: 400, loss 10.279
step: 500, loss 8.440
step: 600, loss 8.546
step: 700, loss 9.370
step: 800, loss 9.646
step: 900, loss 9.143
step: 1000, loss 10.464
step: 1100, loss 10.091
step: 1200, loss 9.897
step: 1300, loss 9.478
step: 1400, loss 10.979
step: 1500, loss 8.611
epoch: 84
step: 0, loss 10.010
step: 100, loss 10.264
step: 200, loss 7.266
step: 300, loss 9.617
step: 400, loss 9.249
step: 500, loss 8.341
step: 600, loss 7.973
step: 700, loss 8.663
step: 800, loss 9.232
step: 900, loss 9.822
step: 1000, loss 9.870
step: 1100, loss 9.771
step: 1200, loss 9.195
step: 1300, loss 10.008
step: 1400, loss 12.245
step: 1500, loss 9.868
slurmstepd: error: *** JOB 1395592 ON gpu-b9-6 CANCELLED AT 2023-03-28T23:37:14 ***
